9 labeler khoward
9 label_date Wed Jul  3 14:54:37 PDT 1991
9 nlang missing nothing
9 nlang duration_sec 1.1
9 nlang dc_offset 42
9 nlang min_samp -1770
9 nlang max_samp 1902
9 nlang min_power10 12.7
9 nlang max_power90 53.8
9 clang missing nothing
9 clang duration_sec 1.7
9 clang dc_offset 42
9 clang min_samp -1622
9 clang max_samp 1610
9 clang min_power10 13.7
9 clang max_power90 50.3
9 dowk missing nothing
9 dowk duration_sec 4.4
9 dowk dc_offset 42
9 dowk min_samp -1270
9 dowk max_samp 1214
9 dowk min_power10 13.8
9 dowk max_power90 49.1
9 nums missing nothing
9 nums duration_sec 6.4
9 nums dc_offset 42
9 nums min_samp -1210
9 nums max_samp 1134
9 nums min_power10 13.7
9 nums max_power90 46.4
9 htl comments CE  
9 htl missing CS
9 htl duration_sec 8.5
9 htl dc_offset 42
9 htl min_samp -1654
9 htl max_samp 1778
9 htl min_power10 15.3
9 htl max_power90 48.4
9 htc missing nothing
9 htc duration_sec 7.2
9 htc dc_offset 42
9 htc min_samp -994
9 htc max_samp 1142
9 htc min_power10 13.9
9 htc max_power90 48.9
9 room comments CE  
9 room missing CS
9 room duration_sec 10.9
9 room dc_offset 42
9 room min_samp -1110
9 room max_samp 1694
9 room min_power10 15.0
9 room max_power90 49.6
9 meal missing nothing
9 meal duration_sec 2.1
9 meal dc_offset 42
9 meal min_samp -1426
9 meal max_samp 1730
9 meal min_power10 12.8
9 meal max_power90 50.8
9 story-bt comments SS  
9 story-bt missing nothing
9 story-bt duration_sec 45.2
9 story-bt dc_offset 42
9 story-bt min_samp -1614
9 story-bt max_samp 1826
9 story-bt min_power10 14.5
9 story-bt max_power90 49.1
9 story-at comments SS  
9 story-at missing nothing
9 story-at duration_sec 7.5
9 story-at dc_offset 42
9 story-at min_samp -1018
9 story-at max_samp 1058
9 story-at min_power10 12.6
9 story-at max_power90 46.2
9 gender female
9 age adult
9 connection average
9 intelligibility ok
