1 labeler khoward
1 label_date Wed Jul  3 11:09:53 PDT 1991
1 nlang comments ES  
1 nlang missing nothing
1 nlang duration_sec 2.0
1 nlang dc_offset 42
1 nlang min_samp -10610
1 nlang max_samp 9014
1 nlang min_power10 22.6
1 nlang max_power90 63.9
1 clang comments ES  
1 clang missing nothing
1 clang duration_sec 2.1
1 clang dc_offset 42
1 clang min_samp -8466
1 clang max_samp 7346
1 clang min_power10 22.4
1 clang max_power90 61.3
1 dowk missing nothing
1 dowk duration_sec 4.1
1 dowk dc_offset 42
1 dowk min_samp -8758
1 dowk max_samp 5470
1 dowk min_power10 21.7
1 dowk max_power90 59.7
1 nums missing nothing
1 nums duration_sec 4.6
1 nums dc_offset 42
1 nums min_samp -8670
1 nums max_samp 8242
1 nums min_power10 23.2
1 nums max_power90 60.7
1 htl comments CE  
1 htl missing CS
1 htl duration_sec 9.0
1 htl dc_offset 42
1 htl min_samp -7750
1 htl max_samp 7314
1 htl min_power10 23.4
1 htl max_power90 61.5
1 htc comments CE  
1 htc missing CS
1 htc duration_sec 9.4
1 htc dc_offset 42
1 htc min_samp -5370
1 htc max_samp 5822
1 htc min_power10 22.9
1 htc max_power90 60.7
1 room missing nothing
1 room duration_sec 8.4
1 room dc_offset 42
1 room min_samp -8490
1 room max_samp 9858
1 room min_power10 24.7
1 room max_power90 61.1
1 meal missing nothing
1 meal duration_sec 2.7
1 meal dc_offset 42
1 meal min_samp -6294
1 meal max_samp 8142
1 meal min_power10 27.1
1 meal max_power90 59.2
1 story-bt comments CE  
1 story-bt missing CS
1 story-bt duration_sec 49.2
1 story-bt dc_offset 42
1 story-bt min_samp -7462
1 story-bt max_samp 8630
1 story-bt min_power10 21.8
1 story-bt max_power90 58.2
1 story-at missing nothing
1 story-at duration_sec 8.1
1 story-at dc_offset 42
1 story-at min_samp -8294
1 story-at max_samp 7430
1 story-at min_power10 24.8
1 story-at max_power90 59.5
1 gender female
1 age adult
1 connection good
1 intelligibility ok
