6 labeler khoward
6 label_date Wed Jul  3 13:16:09 PDT 1991
6 nlang missing nothing
6 nlang duration_sec 1.1
6 nlang dc_offset 42
6 nlang min_samp -4474
6 nlang max_samp 5530
6 nlang min_power10 10.7
6 nlang max_power90 56.1
6 clang comments ES  
6 clang missing nothing
6 clang duration_sec 1.6
6 clang dc_offset 42
6 clang min_samp -1570
6 clang max_samp 3198
6 clang min_power10 11.5
6 clang max_power90 51.2
6 dowk missing nothing
6 dowk duration_sec 5.2
6 dowk dc_offset 42
6 dowk min_samp -1814
6 dowk max_samp 2274
6 dowk min_power10 14.9
6 dowk max_power90 53.5
6 nums missing nothing
6 nums duration_sec 6.8
6 nums dc_offset 42
6 nums min_samp -1322
6 nums max_samp 2070
6 nums min_power10 14.5
6 nums max_power90 51.7
6 htl comments CE  
6 htl missing CS
6 htl duration_sec 9.0
6 htl dc_offset 42
6 htl min_samp -3702
6 htl max_samp 5166
6 htl min_power10 13.5
6 htl max_power90 53.2
6 htc comments CE  
6 htc missing CS
6 htc duration_sec 9.4
6 htc dc_offset 42
6 htc min_samp -2010
6 htc max_samp 2474
6 htc min_power10 11.5
6 htc max_power90 49.3
6 room comments CE  
6 room missing CS
6 room duration_sec 11.3
6 room dc_offset 42
6 room min_samp -3010
6 room max_samp 4186
6 room min_power10 16.5
6 room max_power90 51.3
6 meal comments BN EN  
6 meal missing nothing
6 meal duration_sec 5.5
6 meal dc_offset 42
6 meal min_samp -2198
6 meal max_samp 2538
6 meal min_power10 12.0
6 meal max_power90 46.5
6 story-bt comments BN CE EN SS SNL  
6 story-bt missing CS
6 story-bt duration_sec 49.3
6 story-bt dc_offset 42
6 story-bt min_samp -3250
6 story-bt max_samp 5634
6 story-bt min_power10 16.3
6 story-bt max_power90 52.0
6 story-at comments BN CB  
6 story-at missing CS
6 story-at duration_sec 4.1
6 story-at dc_offset 42
6 story-at min_samp -2146
6 story-at max_samp 2350
6 story-at min_power10 13.6
6 story-at max_power90 53.8
6 gender female
6 age adult
6 connection average
6 intelligibility ok
