5 labeler khoward
5 label_date Wed Jul  3 13:04:09 PDT 1991
5 nlang missing nothing
5 nlang duration_sec 1.0
5 nlang dc_offset 42
5 nlang min_samp -1046
5 nlang max_samp 1266
5 nlang min_power10 11.7
5 nlang max_power90 43.4
5 clang missing nothing
5 clang duration_sec 0.9
5 clang dc_offset 42
5 clang min_samp -870
5 clang max_samp 1214
5 clang min_power10 12.5
5 clang max_power90 47.0
5 dowk comments BN  
5 dowk missing nothing
5 dowk duration_sec 5.7
5 dowk dc_offset 42
5 dowk min_samp -1006
5 dowk max_samp 1206
5 dowk min_power10 12.2
5 dowk max_power90 47.2
5 nums comments BN  
5 nums missing nothing
5 nums duration_sec 9.1
5 nums dc_offset 42
5 nums min_samp -1390
5 nums max_samp 1422
5 nums min_power10 11.3
5 nums max_power90 44.8
5 htl comments CE  
5 htl missing CS
5 htl duration_sec 8.5
5 htl dc_offset 42
5 htl min_samp -1454
5 htl max_samp 1622
5 htl min_power10 13.5
5 htl max_power90 49.0
5 htc missing nothing
5 htc duration_sec 3.0
5 htc dc_offset 42
5 htc min_samp -974
5 htc max_samp 1178
5 htc min_power10 12.0
5 htc max_power90 44.6
5 room comments BN  
5 room missing nothing
5 room duration_sec 7.2
5 room dc_offset 42
5 room min_samp -1670
5 room max_samp 1782
5 room min_power10 13.2
5 room max_power90 49.7
5 meal comments BN CE  
5 meal missing CS
5 meal duration_sec 9.3
5 meal dc_offset 42
5 meal min_samp -1982
5 meal max_samp 2118
5 meal min_power10 15.1
5 meal max_power90 48.9
5 story-bt comments CE SS  
5 story-bt missing CS
5 story-bt duration_sec 48.8
5 story-bt dc_offset 42
5 story-bt min_samp -2266
5 story-bt max_samp 2510
5 story-bt min_power10 15.3
5 story-bt max_power90 49.1
5 story-at comments BN CB SS  
5 story-at missing CS
5 story-at duration_sec 4.3
5 story-at dc_offset 42
5 story-at min_samp -1686
5 story-at max_samp 1802
5 story-at min_power10 17.9
5 story-at max_power90 51.5
5 gender female
5 age adult
5 connection average
5 intelligibility ok
