18 labeler khoward
18 label_date Tue Jul 30 15:44:48 PDT 1991
18 nlang comments CE  
18 nlang missing CS
18 nlang duration_sec 1.8
18 nlang dc_offset 42
18 nlang min_samp -2446
18 nlang max_samp 2442
18 nlang min_power10 18.4
18 nlang max_power90 58.0
18 clang comments CE  
18 clang missing CS
18 clang duration_sec 1.2
18 clang dc_offset 42
18 clang min_samp -3354
18 clang max_samp 3990
18 clang min_power10 17.8
18 clang max_power90 58.5
18 dowk missing nothing
18 dowk duration_sec 6.7
18 dowk dc_offset 42
18 dowk min_samp -2854
18 dowk max_samp 3358
18 dowk min_power10 17.7
18 dowk max_power90 56.2
18 nums missing nothing
18 nums duration_sec 6.7
18 nums dc_offset 42
18 nums min_samp -3050
18 nums max_samp 3890
18 nums min_power10 18.0
18 nums max_power90 58.2
18 htl comments BN  
18 htl missing nothing
18 htl duration_sec 8.5
18 htl dc_offset 42
18 htl min_samp -2750
18 htl max_samp 3806
18 htl min_power10 18.7
18 htl max_power90 55.7
18 htc comments BN  
18 htc missing nothing
18 htc duration_sec 4.5
18 htc dc_offset 42
18 htc min_samp -3278
18 htc max_samp 3950
18 htc min_power10 19.9
18 htc max_power90 58.6
18 room comments CE  
18 room missing CS
18 room duration_sec 11.3
18 room dc_offset 42
18 room min_samp -2022
18 room max_samp 2494
18 room min_power10 17.0
18 room max_power90 53.6
18 meal missing nothing
18 meal duration_sec 7.9
18 meal dc_offset 42
18 meal min_samp -2690
18 meal max_samp 3126
18 meal min_power10 13.6
18 meal max_power90 53.1
18 story-bt comments CE SS  
18 story-bt missing CS
18 story-bt duration_sec 48.4
18 story-bt dc_offset 42
18 story-bt min_samp -2114
18 story-bt max_samp 2438
18 story-bt min_power10 18.9
18 story-bt max_power90 48.9
18 story-at comments SS  
18 story-at missing nothing
18 story-at duration_sec 9.1
18 story-at dc_offset 42
18 story-at min_samp -1014
18 story-at max_samp 1210
18 story-at min_power10 16.0
18 story-at max_power90 46.2
18 gender male
18 age adult
18 connection average
18 intelligibility ok
