10 labeler khoward
10 label_date Thu Jul 11 10:26:11 PDT 1991
10 nlang missing nothing
10 nlang duration_sec 1.1
10 nlang dc_offset 42
10 nlang min_samp -2398
10 nlang max_samp 2030
10 nlang min_power10 13.0
10 nlang max_power90 46.3
10 clang comments BN
10 clang missing nothing
10 clang duration_sec 1.7
10 clang dc_offset 42
10 clang min_samp -1886
10 clang max_samp 2710
10 clang min_power10 13.6
10 clang max_power90 49.1
10 dowk missing nothing
10 dowk duration_sec 5.4
10 dowk dc_offset 42
10 dowk min_samp -2134
10 dowk max_samp 1622
10 dowk min_power10 14.2
10 dowk max_power90 51.1
10 nums comments BN  
10 nums missing nothing
10 nums duration_sec 8.5
10 nums dc_offset 42
10 nums min_samp -2294
10 nums max_samp 1998
10 nums min_power10 14.0
10 nums max_power90 52.1
10 htl comments BN  
10 htl missing nothing
10 htl duration_sec 7.8
10 htl dc_offset 42
10 htl min_samp -2546
10 htl max_samp 1698
10 htl min_power10 20.0
10 htl max_power90 50.3
10 htc comments BN CE  
10 htc missing CS
10 htc duration_sec 8.1
10 htc dc_offset 42
10 htc min_samp -2454
10 htc max_samp 2050
10 htc min_power10 13.9
10 htc max_power90 49.0
10 room comments CE  
10 room missing CS
10 room duration_sec 9.6
10 room dc_offset 42
10 room min_samp -2082
10 room max_samp 1662
10 room min_power10 14.5
10 room max_power90 49.5
10 meal comments CE  
10 meal missing CS
10 meal duration_sec 8.3
10 meal dc_offset 42
10 meal min_samp -2282
10 meal max_samp 2374
10 meal min_power10 13.7
10 meal max_power90 51.1
10 story-bt comments BN SS  
10 story-bt missing nothing
10 story-bt duration_sec 45.3
10 story-bt dc_offset 42
10 story-bt min_samp -2442
10 story-bt max_samp 1770
10 story-bt min_power10 14.0
10 story-bt max_power90 47.5
10 story-at comments BN CE  
10 story-at missing CS
10 story-at duration_sec 6.5
10 story-at dc_offset 42
10 story-at min_samp -1806
10 story-at max_samp 1430
10 story-at min_power10 16.2
10 story-at max_power90 48.6
10 gender female
10 age adult
10 connection good
10 intelligibility ok
