14 labeler yeshwant
14 label_date Sun Jul 28 12:50:09 PDT 1991
14 nlang comments EN  
14 nlang missing nothing
14 nlang duration_sec 0.7
14 nlang dc_offset 42
14 nlang min_samp -1618
14 nlang max_samp 1398
14 nlang min_power10 10.4
14 nlang max_power90 49.7
14 clang comments EN  
14 clang missing nothing
14 clang duration_sec 1.0
14 clang dc_offset 42
14 clang min_samp -886
14 clang max_samp 538
14 clang min_power10 10.6
14 clang max_power90 40.1
14 dowk comments BN EN  
14 dowk missing nothing
14 dowk duration_sec 5.4
14 dowk dc_offset 42
14 dowk min_samp -1006
14 dowk max_samp 846
14 dowk min_power10 13.0
14 dowk max_power90 44.8
14 nums comments BN EN  
14 nums missing nothing
14 nums duration_sec 5.6
14 nums dc_offset 42
14 nums min_samp -1158
14 nums max_samp 730
14 nums min_power10 13.2
14 nums max_power90 40.6
14 htc comments BN EN  
14 htc missing nothing
14 htc duration_sec 1.6
14 htc dc_offset 42
14 htc min_samp -1118
14 htc max_samp 1518
14 htc min_power10 11.7
14 htc max_power90 34.9
14 story-bt comments BN CE EN ES SS
14 story-bt missing CS
14 story-bt duration_sec 48.9
14 story-bt dc_offset 42
14 story-bt min_samp -998
14 story-bt max_samp 874
14 story-bt min_power10 11.0
14 story-bt max_power90 30.6
14 story-at comments BN EN ES SS 
14 story-at missing nothing
14 story-at duration_sec 4.8
14 story-at dc_offset 42
14 story-at min_samp -582
14 story-at max_samp 606
14 story-at min_power10 11.8
14 story-at max_power90 32.1
14 gender male
14 age adult
14 connection poor
14 intelligibility poor
