15 labeler yeshwant
15 label_date Sun Jul 28 13:24:28 PDT 1991
15 nlang comments EN  
15 nlang missing nothing
15 nlang duration_sec 1.0
15 nlang dc_offset 42
15 nlang min_samp -638
15 nlang max_samp 530
15 nlang min_power10 15.3
15 nlang max_power90 45.4
15 clang comments EN  
15 clang missing nothing
15 clang duration_sec 1.4
15 clang dc_offset 42
15 clang min_samp -414
15 clang max_samp 334
15 clang min_power10 16.0
15 clang max_power90 39.6
15 dowk comments EN  
15 dowk missing nothing
15 dowk duration_sec 4.0
15 dowk dc_offset 42
15 dowk min_samp -1370
15 dowk max_samp 862
15 dowk min_power10 17.2
15 dowk max_power90 46.2
15 nums comments EN  
15 nums missing nothing
15 nums duration_sec 4.9
15 nums dc_offset 42
15 nums min_samp -1474
15 nums max_samp 1626
15 nums min_power10 16.4
15 nums max_power90 47.3
15 htl comments CE EN  
15 htl missing cs
15 htl duration_sec 8.9
15 htl dc_offset 42
15 htl min_samp -1570
15 htl max_samp 1474
15 htl min_power10 16.3
15 htl max_power90 46.7
15 htc comments EN  
15 htc missing nothing
15 htc duration_sec 6.4
15 htc dc_offset 42
15 htc min_samp -3162
15 htc max_samp 3510
15 htc min_power10 20.7
15 htc max_power90 50.4
15 room comments EN SNL  
15 room missing nothing
15 room duration_sec 9.4
15 room dc_offset 42
15 room min_samp -1038
15 room max_samp 1382
15 room min_power10 16.1
15 room max_power90 43.4
15 meal comments EN  
15 meal missing nothing
15 meal duration_sec 1.9
15 meal dc_offset 42
15 meal min_samp -1214
15 meal max_samp 1698
15 meal min_power10 15.5
15 meal max_power90 44.5
15 story-bt comments BN EN SS 
15 story-bt missing cs
15 story-bt duration_sec 47.3
15 story-bt dc_offset 42
15 story-bt min_samp -2062
15 story-bt max_samp 2322
15 story-bt min_power10 16.4
15 story-bt max_power90 46.1
15 gender female
15 age adult
15 connection average
15 intelligibility ok
