24 labeler khoward
24 label_date Thu Aug  1 13:48:08 PDT 1991
24 nlang missing nothing
24 nlang duration_sec 1.2
24 nlang dc_offset 42
24 nlang min_samp -5030
24 nlang max_samp 4726
24 nlang min_power10 14.0
24 nlang max_power90 59.8
24 clang comments CE  
24 clang missing CS
24 clang duration_sec 2.6
24 clang dc_offset 42
24 clang min_samp -7782
24 clang max_samp 6866
24 clang min_power10 13.1
24 clang max_power90 57.9
24 dowk missing nothing
24 dowk duration_sec 6.7
24 dowk dc_offset 42
24 dowk min_samp -4702
24 dowk max_samp 4158
24 dowk min_power10 16.8
24 dowk max_power90 60.0
24 nums missing nothing
24 nums duration_sec 8.6
24 nums dc_offset 42
24 nums min_samp -3206
24 nums max_samp 4038
24 nums min_power10 14.5
24 nums max_power90 56.1
24 htl comments CE  
24 htl missing CS
24 htl duration_sec 8.1
24 htl dc_offset 42
24 htl min_samp -6990
24 htl max_samp 6070
24 htl min_power10 16.4
24 htl max_power90 59.1
24 htc comments CE  
24 htc missing CS
24 htc duration_sec 8.3
24 htc dc_offset 42
24 htc min_samp -5822
24 htc max_samp 5926
24 htc min_power10 16.5
24 htc max_power90 59.2
24 room comments CE  
24 room missing CS
24 room duration_sec 11.2
24 room dc_offset 42
24 room min_samp -8238
24 room max_samp 8254
24 room min_power10 25.9
24 room max_power90 62.7
24 meal comments SNL  
24 meal missing nothing
24 meal duration_sec 8.9
24 meal dc_offset 42
24 meal min_samp -9486
24 meal max_samp 8238
24 meal min_power10 17.2
24 meal max_power90 64.1
24 story-bt comments CE SS  
24 story-bt missing CS
24 story-bt duration_sec 46.6
24 story-bt dc_offset 42
24 story-bt min_samp -8110
24 story-bt max_samp 7686
24 story-bt min_power10 19.2
24 story-bt max_power90 60.5
24 story-at comments CB CE SS  
24 story-at missing nothing
24 story-at duration_sec 9.3
24 story-at dc_offset 42
24 story-at min_samp -8902
24 story-at max_samp 6134
24 story-at min_power10 14.7
24 story-at max_power90 58.9
24 gender male
24 age adult
24 connection good
24 intelligibility ok
