27 labeler khoward
27 label_date Fri Aug  2 09:10:47 PDT 1991
27 nlang missing nothing
27 nlang duration_sec 1.0
27 nlang dc_offset 42
27 nlang min_samp -4034
27 nlang max_samp 4334
27 nlang min_power10 11.7
27 nlang max_power90 59.5
27 clang missing nothing
27 clang duration_sec 1.4
27 clang dc_offset 42
27 clang min_samp -2690
27 clang max_samp 2446
27 clang min_power10 11.3
27 clang max_power90 54.9
27 dowk comments ES  
27 dowk missing nothing
27 dowk duration_sec 7.6
27 dowk dc_offset 42
27 dowk min_samp -4694
27 dowk max_samp 4434
27 dowk min_power10 13.3
27 dowk max_power90 57.6
27 nums missing nothing
27 nums duration_sec 8.3
27 nums dc_offset 42
27 nums min_samp -4434
27 nums max_samp 5990
27 nums min_power10 12.0
27 nums max_power90 54.3
27 htl missing nothing
27 htl duration_sec 9.1
27 htl dc_offset 42
27 htl min_samp -3862
27 htl max_samp 5022
27 htl min_power10 20.5
27 htl max_power90 55.1
27 htc comments CE
27 htc missing CS
27 htc duration_sec 9.6
27 htc dc_offset 42
27 htc min_samp -4286
27 htc max_samp 3854
27 htc min_power10 20.3
27 htc max_power90 56.0
27 room comments CE  
27 room missing CS
27 room duration_sec 11.2
27 room dc_offset 42
27 room min_samp -4458
27 room max_samp 3662
27 room min_power10 22.1
27 room max_power90 54.0
27 meal comments CE  
27 meal missing CS
27 meal duration_sec 9.5
27 meal dc_offset 42
27 meal min_samp -3298
27 meal max_samp 4246
27 meal min_power10 16.0
27 meal max_power90 51.0
27 story-bt comments CE SS  
27 story-bt missing CS
27 story-bt duration_sec 49.8
27 story-bt dc_offset 42
27 story-bt min_samp -3142
27 story-bt max_samp 3346
27 story-bt min_power10 21.3
27 story-bt max_power90 52.7
27 story-at comments CB SS  
27 story-at missing CS
27 story-at duration_sec 8.9
27 story-at dc_offset 42
27 story-at min_samp -3234
27 story-at max_samp 4614
27 story-at min_power10 20.1
27 story-at max_power90 52.4
27 gender male
27 age adult
27 connection good
27 intelligibility ok
