22 labeler khoward
22 label_date Thu Aug  1 11:51:04 PDT 1991
22 nlang comments BN  
22 nlang missing nothing
22 nlang duration_sec 2.0
22 nlang dc_offset 42
22 nlang min_samp -894
22 nlang max_samp 834
22 nlang min_power10 11.0
22 nlang max_power90 41.8
22 clang comments BN  
22 clang missing nothing
22 clang duration_sec 2.4
22 clang dc_offset 42
22 clang min_samp -2102
22 clang max_samp 1822
22 clang min_power10 11.9
22 clang max_power90 50.7
22 dowk missing nothing
22 dowk duration_sec 4.3
22 dowk dc_offset 42
22 dowk min_samp -962
22 dowk max_samp 998
22 dowk min_power10 11.5
22 dowk max_power90 44.9
22 nums missing nothing
22 nums duration_sec 4.8
22 nums dc_offset 42
22 nums min_samp -1178
22 nums max_samp 1374
22 nums min_power10 12.3
22 nums max_power90 44.6
22 htl comments CE  
22 htl missing CS
22 htl duration_sec 6.8
22 htl dc_offset 42
22 htl min_samp -2422
22 htl max_samp 2126
22 htl min_power10 17.7
22 htl max_power90 53.3
22 htc comments CE BN  
22 htc missing CS
22 htc duration_sec 8.6
22 htc dc_offset 42
22 htc min_samp -978
22 htc max_samp 1210
22 htc min_power10 14.9
22 htc max_power90 48.2
22 room comments CE
22 room missing CS
22 room duration_sec 10.9
22 room dc_offset 42
22 room min_samp -1446
22 room max_samp 1306
22 room min_power10 14.2
22 room max_power90 49.7
22 meal comments BN SNL CE  
22 meal missing CS
22 meal duration_sec 9.1
22 meal dc_offset 42
22 meal min_samp -1314
22 meal max_samp 1358
22 meal min_power10 15.3
22 meal max_power90 48.2
22 story-bt comments BN CE SS  
22 story-bt missing CS
22 story-bt duration_sec 47.1
22 story-bt dc_offset 42
22 story-bt min_samp -2978
22 story-bt max_samp 2466
22 story-bt min_power10 13.0
22 story-bt max_power90 49.6
22 story-at comments BN CB CE SS  
22 story-at missing CS
22 story-at duration_sec 7.4
22 story-at dc_offset 42
22 story-at min_samp -1862
22 story-at max_samp 1210
22 story-at min_power10 12.0
22 story-at max_power90 48.2
22 gender female
22 age adult
22 connection poor
22 intelligibility ok
