26 labeler khoward
26 label_date Thu Aug  1 14:02:36 PDT 1991
26 nlang missing nothing
26 nlang duration_sec 1.0
26 nlang dc_offset 42
26 nlang min_samp -8262
26 nlang max_samp 8734
26 nlang min_power10 21.3
26 nlang max_power90 67.6
26 clang comments ES  
26 clang missing nothing
26 clang duration_sec 1.8
26 clang dc_offset 42
26 clang min_samp -9554
26 clang max_samp 8382
26 clang min_power10 21.8
26 clang max_power90 66.6
26 dowk missing nothing
26 dowk duration_sec 6.4
26 dowk dc_offset 42
26 dowk min_samp -9882
26 dowk max_samp 8942
26 dowk min_power10 21.4
26 dowk max_power90 65.0
26 nums missing nothing
26 nums duration_sec 7.3
26 nums dc_offset 42
26 nums min_samp -10310
26 nums max_samp 8886
26 nums min_power10 21.0
26 nums max_power90 62.0
26 htl missing nothing
26 htl duration_sec 5.0
26 htl dc_offset 42
26 htl min_samp -9890
26 htl max_samp 9634
26 htl min_power10 22.7
26 htl max_power90 67.2
26 htc missing nothing
26 htc duration_sec 3.5
26 htc dc_offset 42
26 htc min_samp -6746
26 htc max_samp 7086
26 htc min_power10 21.6
26 htc max_power90 63.6
26 room comments NI
26 room missing nothing
26 room duration_sec 4.1
26 room dc_offset 42
26 room min_samp -9414
26 room max_samp 8738
26 room min_power10 25.2
26 room max_power90 62.8
26 meal comments CE NI 
26 meal missing CS
26 meal duration_sec 8.0
26 meal dc_offset 42
26 meal min_samp -9066
26 meal max_samp 8470
26 meal min_power10 23.2
26 meal max_power90 64.0
26 story-bt comments CE SS  
26 story-bt missing CS
26 story-bt duration_sec 48.4
26 story-bt dc_offset 42
26 story-bt min_samp -11342
26 story-bt max_samp 11718
26 story-bt min_power10 27.8
26 story-bt max_power90 67.1
26 story-at comments CB SS  
26 story-at missing CS
26 story-at duration_sec 4.7
26 story-at dc_offset 42
26 story-at min_samp -11334
26 story-at max_samp 9102
26 story-at min_power10 27.3
26 story-at max_power90 68.1
26 gender male
26 age adult
26 connection good
26 intelligibility ok
