34 labeler khoward
34 label_date Mon Aug 12 14:03:01 PDT 1991
34 nlang missing nothing
34 nlang duration_sec 0.9
34 nlang dc_offset 42
34 nlang min_samp -686
34 nlang max_samp 334
34 nlang min_power10 13.7
34 nlang max_power90 35.7
34 clang missing nothing
34 clang duration_sec 1.1
34 clang dc_offset 42
34 clang min_samp -578
34 clang max_samp 506
34 clang min_power10 13.8
34 clang max_power90 39.9
34 dowk missing nothing
34 dowk duration_sec 3.8
34 dowk dc_offset 42
34 dowk min_samp -1906
34 dowk max_samp 1526
34 dowk min_power10 18.8
34 dowk max_power90 48.5
34 nums comments EN  
34 nums missing nothing
34 nums duration_sec 3.8
34 nums dc_offset 42
34 nums min_samp -2694
34 nums max_samp 1802
34 nums min_power10 16.4
34 nums max_power90 48.2
34 htl comments CE  
34 htl missing CS
34 htl duration_sec 5.9
34 htl dc_offset 42
34 htl min_samp -2166
34 htl max_samp 1770
34 htl min_power10 15.6
34 htl max_power90 44.2
34 htc comments EN  
34 htc missing nothing
34 htc duration_sec 9.8
34 htc dc_offset 42
34 htc min_samp -1794
34 htc max_samp 2478
34 htc min_power10 17.8
34 htc max_power90 48.7
34 room comments EN  
34 room missing nothing
34 room duration_sec 6.9
34 room dc_offset 42
34 room min_samp -2210
34 room max_samp 1938
34 room min_power10 14.3
34 room max_power90 39.8
34 story-bt comments EN CE SS  
34 story-bt missing CS
34 story-bt duration_sec 46.0
34 story-bt dc_offset 42
34 story-bt min_samp -3454
34 story-bt max_samp 2610
34 story-bt min_power10 14.2
34 story-bt max_power90 37.3
34 story-at comments EN SS BN  
34 story-at missing nothing
34 story-at duration_sec 6.2
34 story-at dc_offset 42
34 story-at min_samp -378
34 story-at max_samp 398
34 story-at min_power10 14.0
34 story-at max_power90 31.0
34 gender male
34 age adult
34 connection poor
34 intelligibility poor
