38 labeler khoward
38 label_date Wed Aug 28 11:22:57 PDT 1991
38 nlang comments BN  
38 nlang missing nothing
38 nlang duration_sec 1.0
38 nlang dc_offset 42
38 nlang min_samp -2618
38 nlang max_samp 2538
38 nlang min_power10 20.1
38 nlang max_power90 55.9
38 clang missing nothing
38 clang duration_sec 1.1
38 clang dc_offset 42
38 clang min_samp -2762
38 clang max_samp 3766
38 clang min_power10 18.7
38 clang max_power90 56.9
38 dowk missing nothing
38 dowk duration_sec 6.7
38 dowk dc_offset 42
38 dowk min_samp -3998
38 dowk max_samp 4366
38 dowk min_power10 21.2
38 dowk max_power90 57.0
38 nums missing nothing
38 nums duration_sec 8.8
38 nums dc_offset 42
38 nums min_samp -4290
38 nums max_samp 7118
38 nums min_power10 20.5
38 nums max_power90 56.1
38 htl comments BN  
38 htl missing nothing
38 htl duration_sec 6.7
38 htl dc_offset 42
38 htl min_samp -5862
38 htl max_samp 6850
38 htl min_power10 20.5
38 htl max_power90 57.9
38 htc comments BN  
38 htc missing nothing
38 htc duration_sec 6.7
38 htc dc_offset 42
38 htc min_samp -4230
38 htc max_samp 4890
38 htc min_power10 19.5
38 htc max_power90 59.4
38 room comments BN  
38 room missing nothing
38 room duration_sec 5.8
38 room dc_offset 42
38 room min_samp -2830
38 room max_samp 4198
38 room min_power10 24.0
38 room max_power90 54.4
38 meal comments SNL  
38 meal missing nothing
38 meal duration_sec 2.5
38 meal dc_offset 42
38 meal min_samp -4542
38 meal max_samp 4618
38 meal min_power10 20.7
38 meal max_power90 60.2
38 story-bt comments BN SS  
38 story-bt missing nothing
38 story-bt duration_sec 47.9
38 story-bt dc_offset 42
38 story-bt min_samp -6534
38 story-bt max_samp 6882
38 story-bt min_power10 19.8
38 story-bt max_power90 56.4
38 story-at comments BN SS  
38 story-at missing nothing
38 story-at duration_sec 6.0
38 story-at dc_offset 42
38 story-at min_samp -3182
38 story-at max_samp 3610
38 story-at min_power10 24.6
38 story-at max_power90 55.0
38 gender male
38 age adult
38 connection average
38 intelligibility ok
