37 labeler khoward
37 label_date Wed Aug 28 11:09:58 PDT 1991
37 nlang comments EN  
37 nlang missing nothing
37 nlang duration_sec 1.1
37 nlang dc_offset 42
37 nlang min_samp -2990
37 nlang max_samp 1678
37 nlang min_power10 15.2
37 nlang max_power90 53.1
37 clang comments EN  
37 clang missing nothing
37 clang duration_sec 1.6
37 clang dc_offset 42
37 clang min_samp -2970
37 clang max_samp 2182
37 clang min_power10 15.3
37 clang max_power90 51.0
37 dowk missing nothing
37 dowk duration_sec 5.4
37 dowk dc_offset 42
37 dowk min_samp -3342
37 dowk max_samp 2494
37 dowk min_power10 15.7
37 dowk max_power90 49.5
37 nums missing nothing
37 nums duration_sec 7.1
37 nums dc_offset 42
37 nums min_samp -3102
37 nums max_samp 1950
37 nums min_power10 15.1
37 nums max_power90 45.7
37 htl missing nothing
37 htl duration_sec 8.1
37 htl dc_offset 42
37 htl min_samp -4214
37 htl max_samp 2366
37 htl min_power10 16.5
37 htl max_power90 49.9
37 htc comments CE EN  
37 htc missing CS
37 htc duration_sec 6.1
37 htc dc_offset 42
37 htc min_samp -2146
37 htc max_samp 2178
37 htc min_power10 15.8
37 htc max_power90 50.3
37 room missing nothing
37 room duration_sec 10.2
37 room dc_offset 42
37 room min_samp -2598
37 room max_samp 1830
37 room min_power10 15.7
37 room max_power90 49.2
37 meal comments BN SNL  
37 meal missing nothing
37 meal duration_sec 9.2
37 meal dc_offset 42
37 meal min_samp -3138
37 meal max_samp 2998
37 meal min_power10 14.9
37 meal max_power90 50.8
37 story-bt comments CE BN EN SS  
37 story-bt missing CS
37 story-bt duration_sec 49.4
37 story-bt dc_offset 42
37 story-bt min_samp -3998
37 story-bt max_samp 3486
37 story-bt min_power10 15.7
37 story-bt max_power90 48.2
37 story-at comments BN CE SS  
37 story-at missing CS
37 story-at duration_sec 9.4
37 story-at dc_offset 42
37 story-at min_samp -3234
37 story-at max_samp 2462
37 story-at min_power10 14.8
37 story-at max_power90 50.1
37 gender male
37 age adult
37 connection average
37 intelligibility ok
