36 labeler khoward
36 label_date Mon Aug 12 15:29:40 PDT 1991
36 nlang comments EN  
36 nlang missing nothing
36 nlang duration_sec 2.0
36 nlang dc_offset 42
36 nlang min_samp -2102
36 nlang max_samp 1682
36 nlang min_power10 20.5
36 nlang max_power90 50.4
36 clang comments CE ES  
36 clang missing CS
36 clang duration_sec 2.5
36 clang dc_offset 42
36 clang min_samp -1598
36 clang max_samp 1782
36 clang min_power10 15.5
36 clang max_power90 51.3
36 dowk missing nothing
36 dowk duration_sec 4.8
36 dowk dc_offset 42
36 dowk min_samp -1590
36 dowk max_samp 1446
36 dowk min_power10 14.8
36 dowk max_power90 47.3
36 nums missing nothing
36 nums duration_sec 5.5
36 nums dc_offset 42
36 nums min_samp -2426
36 nums max_samp 2470
36 nums min_power10 17.0
36 nums max_power90 55.2
36 htl comments CE  
36 htl missing CS
36 htl duration_sec 8.3
36 htl dc_offset 42
36 htl min_samp -3642
36 htl max_samp 2382
36 htl min_power10 15.6
36 htl max_power90 54.3
36 htc missing nothing
36 htc duration_sec 9.2
36 htc dc_offset 42
36 htc min_samp -1846
36 htc max_samp 1890
36 htc min_power10 21.2
36 htc max_power90 53.9
36 room comments CE SNL 
36 room missing CS
36 room duration_sec 11.2
36 room dc_offset 42
36 room min_samp -1970
36 room max_samp 1786
36 room min_power10 15.1
36 room max_power90 51.3
36 meal comments BN CE  
36 meal missing CS
36 meal duration_sec 9.2
36 meal dc_offset 42
36 meal min_samp -2526
36 meal max_samp 2110
36 meal min_power10 15.7
36 meal max_power90 49.3
36 story-bt comments BN CE SS  
36 story-bt missing CS
36 story-bt duration_sec 47.1
36 story-bt dc_offset 42
36 story-bt min_samp -12378
36 story-bt max_samp 7110
36 story-bt min_power10 18.6
36 story-bt max_power90 58.3
36 story-at comments CE SS  
36 story-at missing CS
36 story-at duration_sec 2.0
36 story-at dc_offset 42
36 story-at min_samp -1278
36 story-at max_samp 1122
36 story-at min_power10 19.1
36 story-at max_power90 50.3
36 gender female
36 age adult
36 connection average
36 intelligibility ok
