44 labeler khoward
44 label_date Thu Aug 29 12:03:57 PDT 1991
44 nlang comments CB ES  
44 nlang missing CS
44 nlang duration_sec 1.4
44 nlang dc_offset 42
44 nlang min_samp -3490
44 nlang max_samp 3042
44 nlang min_power10 18.1
44 nlang max_power90 56.5
44 clang comments CE ES  
44 clang missing CS
44 clang duration_sec 1.4
44 clang dc_offset 42
44 clang min_samp -3402
44 clang max_samp 3070
44 clang min_power10 17.4
44 clang max_power90 53.0
44 dowk missing nothing
44 dowk duration_sec 6.7
44 dowk dc_offset 42
44 dowk min_samp -2618
44 dowk max_samp 3110
44 dowk min_power10 17.6
44 dowk max_power90 51.3
44 nums missing nothing
44 nums duration_sec 6.8
44 nums dc_offset 42
44 nums min_samp -2690
44 nums max_samp 2290
44 nums min_power10 17.5
44 nums max_power90 49.5
44 htl comments CE  
44 htl missing CS
44 htl duration_sec 8.1
44 htl dc_offset 42
44 htl min_samp -2326
44 htl max_samp 2114
44 htl min_power10 18.0
44 htl max_power90 53.5
44 htc missing nothing
44 htc duration_sec 7.9
44 htc dc_offset 42
44 htc min_samp -1894
44 htc max_samp 1798
44 htc min_power10 18.5
44 htc max_power90 53.3
44 room comments CE SNL  
44 room missing CS
44 room duration_sec 11.5
44 room dc_offset 42
44 room min_samp -2990
44 room max_samp 3390
44 room min_power10 18.7
44 room max_power90 52.8
44 meal missing nothing
44 meal duration_sec 3.9
44 meal dc_offset 42
44 meal min_samp -5050
44 meal max_samp 5410
44 meal min_power10 17.8
44 meal max_power90 58.4
44 story-bt comments CE RS  
44 story-bt missing CS
44 story-bt duration_sec 31.8
44 story-bt dc_offset 42
44 story-bt min_samp -5174
44 story-bt max_samp 6254
44 story-bt min_power10 19.5
44 story-bt max_power90 54.2
44 story-at comments CE RS  
44 story-at missing CS
44 story-at duration_sec 7.4
44 story-at dc_offset 42
44 story-at min_samp -2878
44 story-at max_samp 2822
44 story-at min_power10 18.7
44 story-at max_power90 52.7
44 gender female
44 age adult
44 connection good
44 intelligibility ok
