45 labeler khoward
45 label_date Fri Oct 18 21:24:50 PDT 1991
45 nlang missing nothing
45 nlang duration_sec 0.9
45 nlang dc_offset 42
45 nlang min_samp -2150
45 nlang max_samp 2598
45 nlang min_power10 14.4
45 nlang max_power90 57.2
45 clang missing nothing
45 clang duration_sec 1.2
45 clang dc_offset 42
45 clang min_samp -2122
45 clang max_samp 2206
45 clang min_power10 14.7
45 clang max_power90 50.9
45 dowk missing nothing
45 dowk duration_sec 5.2
45 dowk dc_offset 43
45 dowk min_samp -1335
45 dowk max_samp 2025
45 dowk min_power10 14.8
45 dowk max_power90 50.5
45 nums missing nothing
45 nums duration_sec 7.0
45 nums dc_offset 42
45 nums min_samp -1458
45 nums max_samp 1998
45 nums min_power10 14.9
45 nums max_power90 50.3
45 htl comments CE  
45 htl missing CS
45 htl duration_sec 6.7
45 htl dc_offset 42
45 htl min_samp -2154
45 htl max_samp 3470
45 htl min_power10 24.6
45 htl max_power90 51.0
45 htc comments CE  
45 htc missing CS
45 htc duration_sec 8.9
45 htc dc_offset 43
45 htc min_samp -1555
45 htc max_samp 2101
45 htc min_power10 21.2
45 htc max_power90 50.7
45 room comments CE  
45 room missing CS
45 room duration_sec 10.8
45 room dc_offset 43
45 room min_samp -2651
45 room max_samp 3393
45 room min_power10 18.3
45 room max_power90 51.9
45 meal missing nothing
45 meal duration_sec 9.2
45 meal dc_offset 42
45 meal min_samp -2198
45 meal max_samp 3810
45 meal min_power10 21.4
45 meal max_power90 50.1
45 story-bt comments CE SS  
45 story-bt missing CS
45 story-bt duration_sec 47.7
45 story-bt dc_offset 42
45 story-bt min_samp -2306
45 story-bt max_samp 3162
45 story-bt min_power10 18.5
45 story-bt max_power90 49.4
45 story-at comments CE SS  
45 story-at missing CS
45 story-at duration_sec 9.3
45 story-at dc_offset 42
45 story-at min_samp -1670
45 story-at max_samp 2578
45 story-at min_power10 16.1
45 story-at max_power90 48.0
45 gender female
45 age adult
45 connection average
45 intelligibility ok
