42 labeler khoward
42 label_date Thu Aug 29 11:02:12 PDT 1991
42 nlang missing nothing
42 nlang duration_sec 0.9
42 nlang dc_offset 42
42 nlang min_samp -2026
42 nlang max_samp 2366
42 nlang min_power10 25.7
42 nlang max_power90 49.9
42 clang comments ES  
42 clang missing nothing
42 clang duration_sec 2.1
42 clang dc_offset 42
42 clang min_samp -2518
42 clang max_samp 2350
42 clang min_power10 26.7
42 clang max_power90 48.5
42 dowk missing nothing
42 dowk duration_sec 4.9
42 dowk dc_offset 42
42 dowk min_samp -1430
42 dowk max_samp 3162
42 dowk min_power10 27.4
42 dowk max_power90 50.7
42 nums comments BN  
42 nums missing nothing
42 nums duration_sec 6.9
42 nums dc_offset 42
42 nums min_samp -1690
42 nums max_samp 2458
42 nums min_power10 26.7
42 nums max_power90 52.6
42 htl comments BN CE  
42 htl missing CS
42 htl duration_sec 8.7
42 htl dc_offset 42
42 htl min_samp -2934
42 htl max_samp 3446
42 htl min_power10 27.3
42 htl max_power90 52.0
42 htc comments BN  
42 htc missing 
42 htc duration_sec 7.3
42 htc dc_offset 42
42 htc min_samp -3306
42 htc max_samp 3498
42 htc min_power10 27.8
42 htc max_power90 53.2
42 room comments BN CE  
42 room missing CS
42 room duration_sec 10.8
42 room dc_offset 42
42 room min_samp -2026
42 room max_samp 3026
42 room min_power10 27.6
42 room max_power90 51.6
42 meal comments BN  
42 meal missing nothing
42 meal duration_sec 6.1
42 meal dc_offset 42
42 meal min_samp -2834
42 meal max_samp 2478
42 meal min_power10 26.5
42 meal max_power90 49.1
42 story-bt comments BN CE SS  
42 story-bt missing CS
42 story-bt duration_sec 48.5
42 story-bt dc_offset 42
42 story-bt min_samp -3662
42 story-bt max_samp 3778
42 story-bt min_power10 27.8
42 story-bt max_power90 52.4
42 story-at comments BN SS  
42 story-at missing nothing
42 story-at duration_sec 3.1
42 story-at dc_offset 42
42 story-at min_samp -3206
42 story-at max_samp 3466
42 story-at min_power10 26.6
42 story-at max_power90 49.9
42 gender female
42 age adult
42 connection average
42 intelligibility ok
