40 labeler khoward
40 label_date Wed Aug 28 10:37:11 PDT 1991
40 nlang comments BN  
40 nlang missing nothing
40 nlang duration_sec 1.0
40 nlang dc_offset 43
40 nlang min_samp -5591
40 nlang max_samp 5405
40 nlang min_power10 16.9
40 nlang max_power90 63.1
40 clang comments CE ES BN  
40 clang missing CS
40 clang duration_sec 2.8
40 clang dc_offset 43
40 clang min_samp -4535
40 clang max_samp 4925
40 clang min_power10 16.7
40 clang max_power90 62.2
40 dowk comments CE BN ES  
40 dowk missing Sunday  Non-standard dialect
40 dowk duration_sec 7.7
40 dowk dc_offset 43
40 dowk min_samp -6719
40 dowk max_samp 6197
40 dowk min_power10 17.6
40 dowk max_power90 60.8
40 nums comments BN  
40 nums missing non-standard dialect
40 nums duration_sec 6.4
40 nums dc_offset 43
40 nums min_samp -5127
40 nums max_samp 5213
40 nums min_power10 20.6
40 nums max_power90 60.7
40 htl comments BN CE  
40 htl missing CS
40 htl duration_sec 9.1
40 htl dc_offset 43
40 htl min_samp -7407
40 htl max_samp 7605
40 htl min_power10 29.4
40 htl max_power90 64.2
40 htc comments BN CE  
40 htc missing CS
40 htc duration_sec 9.0
40 htc dc_offset 43
40 htc min_samp -9031
40 htc max_samp 8413
40 htc min_power10 30.9
40 htc max_power90 64.6
40 room comments BN CE  
40 room missing CS
40 room duration_sec 10.4
40 room dc_offset 43
40 room min_samp -6303
40 room max_samp 5933
40 room min_power10 17.2
40 room max_power90 60.0
40 meal comments CE  
40 meal missing CS
40 meal duration_sec 0.7
40 meal dc_offset 43
40 meal min_samp -5975
40 meal max_samp 4929
40 meal min_power10 23.7
40 meal max_power90 63.1
40 story-bt comments BN CE SS  
40 story-bt missing CS
40 story-bt duration_sec 48.9
40 story-bt dc_offset 43
40 story-bt min_samp -6751
40 story-bt max_samp 6777
40 story-bt min_power10 17.3
40 story-bt max_power90 58.5
40 gender male
40 age adult
40 connection average
40 intelligibility poor
