51 labeler ames
51 label_date Thu Nov 21 16:26:15 PST 1991
51 nlang missing nothing
51 nlang duration_sec 0.9
51 nlang dc_offset 43
51 nlang min_samp -3587
51 nlang max_samp 3321
51 nlang min_power10 15.1
51 nlang max_power90 59.4
51 clang missing nothing
51 clang duration_sec 0.8
51 clang dc_offset 43
51 clang min_samp -3527
51 clang max_samp 4981
51 clang min_power10 16.1
51 clang max_power90 51.4
51 dowk comments EN  
51 dowk missing nothing
51 dowk duration_sec 6.3
51 dowk dc_offset 43
51 dowk min_samp -1787
51 dowk max_samp 2349
51 dowk min_power10 17.0
51 dowk max_power90 53.8
51 nums missing nothing
51 nums duration_sec 7.7
51 nums dc_offset 43
51 nums min_samp -2699
51 nums max_samp 5189
51 nums min_power10 17.4
51 nums max_power90 53.7
51 htl comments CE ES  
51 htl missing cs
51 htl duration_sec 9.0
51 htl dc_offset 43
51 htl min_samp -3343
51 htl max_samp 4421
51 htl min_power10 20.6
51 htl max_power90 56.8
51 htc comments CB CE ES  
51 htc missing cs
51 htc duration_sec 9.2
51 htc dc_offset 43
51 htc min_samp -2671
51 htc max_samp 3485
51 htc min_power10 20.0
51 htc max_power90 56.2
51 room comments CE ES SNL  
51 room missing cs
51 room duration_sec 11.8
51 room dc_offset 43
51 room min_samp -3639
51 room max_samp 5021
51 room min_power10 22.4
51 room max_power90 55.5
51 meal comments CE ES SNL  
51 meal missing cs
51 meal duration_sec 9.3
51 meal dc_offset 43
51 meal min_samp -3671
51 meal max_samp 3713
51 meal min_power10 19.6
51 meal max_power90 56.3
51 story-bt comments SS ES SNL  
51 story-bt missing nothing
51 story-bt duration_sec 46.1
51 story-bt dc_offset 43
51 story-bt min_samp -2819
51 story-bt max_samp 4509
51 story-bt min_power10 19.5
51 story-bt max_power90 53.6
51 story-at comments CB EN SS  
51 story-at missing cs
51 story-at duration_sec 1.4
51 story-at dc_offset 43
51 story-at min_samp -935
51 story-at max_samp 1017
51 story-at min_power10 20.7
51 story-at max_power90 45.9
51 gender male
51 age adult
51 connection average
51 intelligibility ok
