77 labeler ames
77 label_date Sat Dec 21 17:20:26 PST 1991
77 nlang comments EN  
77 nlang missing nothing
77 nlang duration_sec 1.0
77 nlang dc_offset 42
77 nlang min_samp -4838
77 nlang max_samp 3230
77 nlang min_power10 17.0
77 nlang max_power90 60.2
77 clang comments EN  
77 clang missing nothing
77 clang duration_sec 1.6
77 clang dc_offset 42
77 clang min_samp -3526
77 clang max_samp 2138
77 clang min_power10 17.5
77 clang max_power90 54.9
77 dowk comments EN  
77 dowk missing nothing
77 dowk duration_sec 6.9
77 dowk dc_offset 42
77 dowk min_samp -5158
77 dowk max_samp 3038
77 dowk min_power10 16.3
77 dowk max_power90 52.4
77 nums comments EN  
77 nums missing nothing
77 nums duration_sec 7.5
77 nums dc_offset 42
77 nums min_samp -3494
77 nums max_samp 1894
77 nums min_power10 16.6
77 nums max_power90 51.4
77 htl comments CE EN ES  
77 htl missing cs
77 htl duration_sec 6.4
77 htl dc_offset 42
77 htl min_samp -2382
77 htl max_samp 1762
77 htl min_power10 17.4
77 htl max_power90 51.4
77 htc comments EN  
77 htc missing nothing
77 htc duration_sec 3.6
77 htc dc_offset 42
77 htc min_samp -2378
77 htc max_samp 1846
77 htc min_power10 17.7
77 htc max_power90 50.9
77 room comments EN  
77 room missing nothing
77 room duration_sec 11.2
77 room dc_offset 42
77 room min_samp -2766
77 room max_samp 2502
77 room min_power10 17.6
77 room max_power90 48.9
77 meal comments EN ES  
77 meal missing nothing
77 meal duration_sec 9.1
77 meal dc_offset 42
77 meal min_samp -2650
77 meal max_samp 2422
77 meal min_power10 16.1
77 meal max_power90 47.4
77 story-bt comments CE EN SS ES SNL  
77 story-bt missing cs
77 story-bt duration_sec 48.3
77 story-bt dc_offset 42
77 story-bt min_samp -2998
77 story-bt max_samp 2354
77 story-bt min_power10 17.7
77 story-bt max_power90 47.3
77 story-at comments CB EN SS  
77 story-at missing cs
77 story-at duration_sec 7.8
77 story-at dc_offset 42
77 story-at min_samp -1862
77 story-at max_samp 2134
77 story-at min_power10 17.8
77 story-at max_power90 47.2
77 gender female
77 age adult
77 connection average
77 intelligibility ok
