83 labeler khoward
83 label_date Fri Jan 31 11:22:31 PST 1992
83 nlang missing nothing
83 nlang duration_sec 0.9
83 nlang dc_offset 43
83 nlang min_samp -3683
83 nlang max_samp 3805
83 nlang min_power10 11.4
83 nlang max_power90 57.2
83 clang missing nothing
83 clang duration_sec 1.0
83 clang dc_offset 42
83 clang min_samp -3682
83 clang max_samp 4834
83 clang min_power10 12.2
83 clang max_power90 55.4
83 dowk comments CE  
83 dowk missing Saturday Sunday
83 dowk duration_sec 7.6
83 dowk dc_offset 43
83 dowk min_samp -3723
83 dowk max_samp 3429
83 dowk min_power10 12.1
83 dowk max_power90 54.4
83 nums missing nothing
83 nums duration_sec 10.0
83 nums dc_offset 42
83 nums min_samp -3590
83 nums max_samp 3750
83 nums min_power10 12.7
83 nums max_power90 47.5
83 htl comments CE  
83 htl missing CS
83 htl duration_sec 9.1
83 htl dc_offset 43
83 htl min_samp -4735
83 htl max_samp 4621
83 htl min_power10 13.7
83 htl max_power90 57.4
83 htc missing nothing
83 htc duration_sec 2.9
83 htc dc_offset 43
83 htc min_samp -3239
83 htc max_samp 4149
83 htc min_power10 12.9
83 htc max_power90 56.5
83 room missing nothing
83 room duration_sec 6.0
83 room dc_offset 42
83 room min_samp -3630
83 room max_samp 3694
83 room min_power10 13.4
83 room max_power90 54.7
83 meal comments SNL  
83 meal missing nothing
83 meal duration_sec 4.5
83 meal dc_offset 42
83 meal min_samp -3350
83 meal max_samp 2762
83 meal min_power10 15.1
83 meal max_power90 50.3
83 story-bt comments BN EN CE SS  
83 story-bt missing CS
83 story-bt duration_sec 47.6
83 story-bt dc_offset 42
83 story-bt min_samp -3950
83 story-bt max_samp 4210
83 story-bt min_power10 12.9
83 story-bt max_power90 54.1
83 gender male
83 age adult
83 connection average
83 intelligibility ok
