86 labeler khoward
86 label_date Fri Jan 31 11:56:30 PST 1992
86 nlang missing nothing
86 nlang duration_sec 1.1
86 nlang dc_offset 42
86 nlang min_samp -1106
86 nlang max_samp 1202
86 nlang min_power10 19.7
86 nlang max_power90 49.8
86 clang comments CE ES  
86 clang missing CS
86 clang duration_sec 1.4
86 clang dc_offset 42
86 clang min_samp -1526
86 clang max_samp 1682
86 clang min_power10 20.7
86 clang max_power90 50.6
86 dowk missing nothing
86 dowk duration_sec 7.3
86 dowk dc_offset 42
86 dowk min_samp -1142
86 dowk max_samp 1310
86 dowk min_power10 20.4
86 dowk max_power90 48.5
86 nums comments CE  
86 nums missing 9 10
86 nums duration_sec 9.4
86 nums dc_offset 42
86 nums min_samp -1130
86 nums max_samp 1270
86 nums min_power10 20.1
86 nums max_power90 46.8
86 htl comments CE  
86 htl missing CS
86 htl duration_sec 8.7
86 htl dc_offset 42
86 htl min_samp -1166
86 htl max_samp 1190
86 htl min_power10 20.8
86 htl max_power90 46.0
86 htc missing nothing
86 htc duration_sec 7.6
86 htc dc_offset 42
86 htc min_samp -1442
86 htc max_samp 1410
86 htc min_power10 21.2
86 htc max_power90 48.4
86 room comments CE  
86 room missing CS
86 room duration_sec 10.3
86 room dc_offset 42
86 room min_samp -1194
86 room max_samp 1458
86 room min_power10 21.0
86 room max_power90 45.5
86 meal comments CE SNL  
86 meal missing CS
86 meal duration_sec 8.3
86 meal dc_offset 42
86 meal min_samp -1118
86 meal max_samp 1186
86 meal min_power10 20.6
86 meal max_power90 45.2
86 story-bt comments CE SNL SS  
86 story-bt missing CS
86 story-bt duration_sec 48.2
86 story-bt dc_offset 42
86 story-bt min_samp -1954
86 story-bt max_samp 1882
86 story-bt min_power10 20.6
86 story-bt max_power90 44.4
86 story-at comments SS  
86 story-at missing nothing
86 story-at duration_sec 8.0
86 story-at dc_offset 42
86 story-at min_samp -1274
86 story-at max_samp 1142
86 story-at min_power10 20.0
86 story-at max_power90 40.4
86 gender male
86 age adult
86 connection average
86 intelligibility ok
