85 labeler khoward
85 label_date Fri Jan 31 11:33:21 PST 1992
85 nlang comments BN  
85 nlang missing nothing
85 nlang duration_sec 0.9
85 nlang dc_offset 42
85 nlang min_samp -1754
85 nlang max_samp 1558
85 nlang min_power10 17.3
85 nlang max_power90 52.3
85 clang comments BN  
85 clang missing nothing
85 clang duration_sec 0.8
85 clang dc_offset 42
85 clang min_samp -2646
85 clang max_samp 2822
85 clang min_power10 17.0
85 clang max_power90 58.7
85 dowk missing nothing
85 dowk duration_sec 4.4
85 dowk dc_offset 42
85 dowk min_samp -2122
85 dowk max_samp 1518
85 dowk min_power10 17.3
85 dowk max_power90 44.6
85 nums missing nothing
85 nums duration_sec 6.0
85 nums dc_offset 42
85 nums min_samp -1306
85 nums max_samp 918
85 nums min_power10 18.2
85 nums max_power90 43.3
85 htl comments CE  
85 htl missing CS
85 htl duration_sec 6.3
85 htl dc_offset 42
85 htl min_samp -2998
85 htl max_samp 2030
85 htl min_power10 17.6
85 htl max_power90 53.3
85 htc comments CE  
85 htc missing CS
85 htc duration_sec 8.1
85 htc dc_offset 42
85 htc min_samp -4926
85 htc max_samp 2978
85 htc min_power10 17.4
85 htc max_power90 52.1
85 room comments BN CE  
85 room missing CS
85 room duration_sec 7.9
85 room dc_offset 42
85 room min_samp -3886
85 room max_samp 3546
85 room min_power10 18.0
85 room max_power90 56.6
85 meal comments CE  
85 meal missing CS
85 meal duration_sec 6.4
85 meal dc_offset 42
85 meal min_samp -3526
85 meal max_samp 2850
85 meal min_power10 17.4
85 meal max_power90 54.0
85 story-bt comments BN RS SS  
85 story-bt missing nothing
85 story-bt duration_sec 46.7
85 story-bt dc_offset 42
85 story-bt min_samp -3678
85 story-bt max_samp 5218
85 story-bt min_power10 16.2
85 story-bt max_power90 52.9
85 gender female
85 age adult
85 connection average
85 intelligibility ok
