81 labeler ames
81 label_date Sun Dec 22 14:08:48 PST 1991
81 dowk comments CB  
81 dowk missing Monday
81 dowk duration_sec 4.9
81 dowk dc_offset 43
81 dowk min_samp -7515
81 dowk max_samp 8501
81 dowk min_power10 15.4
81 dowk max_power90 66.9
81 nums comments ES  
81 nums missing nothing
81 nums duration_sec 6.6
81 nums dc_offset 43
81 nums min_samp -7199
81 nums max_samp 8261
81 nums min_power10 23.3
81 nums max_power90 65.6
81 htl comments CE  
81 htl missing cs
81 htl duration_sec 7.0
81 htl dc_offset 43
81 htl min_samp -6939
81 htl max_samp 7277
81 htl min_power10 25.3
81 htl max_power90 65.7
81 htc comments CB EN  
81 htc missing cs
81 htc duration_sec 3.2
81 htc dc_offset 43
81 htc min_samp -6871
81 htc max_samp 6845
81 htc min_power10 24.1
81 htc max_power90 64.1
81 room comments EN SNL  
81 room missing nothing
81 room duration_sec 11.2
81 room dc_offset 43
81 room min_samp -6063
81 room max_samp 7405
81 room min_power10 17.0
81 room max_power90 63.1
81 meal comments EN ES SNL  
81 meal missing nothing
81 meal duration_sec 6.7
81 meal dc_offset 42
81 meal min_samp -7122
81 meal max_samp 7726
81 meal min_power10 15.2
81 meal max_power90 62.3
81 story-bt comments CE EN SS ES SNL  
81 story-bt missing cs
81 story-bt duration_sec 48.0
81 story-bt dc_offset 42
81 story-bt min_samp -8910
81 story-bt max_samp 8230
81 story-bt min_power10 14.8
81 story-bt max_power90 62.3
81 story-at comments CB EN SS ES  
81 story-at missing cs
81 story-at duration_sec 9.6
81 story-at dc_offset 42
81 story-at min_samp -4570
81 story-at max_samp 5646
81 story-at min_power10 14.4
81 story-at max_power90 59.3
81 gender male
81 age adult
81 connection average
81 intelligibility ok
