87 labeler khoward
87 label_date Fri Jan 31 12:10:29 PST 1992
87 nlang missing nothing
87 nlang duration_sec 0.9
87 nlang dc_offset 42
87 nlang min_samp -3130
87 nlang max_samp 2654
87 nlang min_power10 14.0
87 nlang max_power90 57.2
87 clang missing nothing
87 clang duration_sec 0.9
87 clang dc_offset 42
87 clang min_samp -1974
87 clang max_samp 2094
87 clang min_power10 14.7
87 clang max_power90 51.8
87 dowk comments CE  
87 dowk missing Saturday Sunday
87 dowk duration_sec 6.5
87 dowk dc_offset 42
87 dowk min_samp -3294
87 dowk max_samp 3022
87 dowk min_power10 13.2
87 dowk max_power90 55.3
87 nums missing nothing
87 nums duration_sec 8.6
87 nums dc_offset 42
87 nums min_samp -2762
87 nums max_samp 3398
87 nums min_power10 12.5
87 nums max_power90 53.6
87 htl missing nothing
87 htl duration_sec 8.2
87 htl dc_offset 42
87 htl min_samp -3078
87 htl max_samp 3394
87 htl min_power10 19.3
87 htl max_power90 54.6
87 htc missing nothing
87 htc duration_sec 7.3
87 htc dc_offset 42
87 htc min_samp -2514
87 htc max_samp 2490
87 htc min_power10 15.7
87 htc max_power90 51.1
87 room comments SNL  
87 room missing nothing
87 room duration_sec 10.1
87 room dc_offset 42
87 room min_samp -2262
87 room max_samp 2086
87 room min_power10 16.8
87 room max_power90 50.4
87 meal missing nothing
87 meal duration_sec 1.9
87 meal dc_offset 42
87 meal min_samp -1122
87 meal max_samp 1190
87 meal min_power10 19.8
87 meal max_power90 48.4
87 story-bt comments CE SNL SS BN  
87 story-bt missing CS
87 story-bt duration_sec 47.3
87 story-bt dc_offset 42
87 story-bt min_samp -3258
87 story-bt max_samp 3486
87 story-bt min_power10 15.7
87 story-bt max_power90 50.5
87 gender male
87 age adult
87 connection average
87 intelligibility ok
