93 labeler ames
93 label_date Sat Dec 28 17:20:53 PST 1991
93 nlang comments EN  
93 nlang missing nothing
93 nlang duration_sec 0.8
93 nlang dc_offset 43
93 nlang min_samp -3043
93 nlang max_samp 3233
93 nlang min_power10 16.2
93 nlang max_power90 60.9
93 clang comments EN  
93 clang missing nothing
93 clang duration_sec 0.8
93 clang dc_offset 43
93 clang min_samp -2871
93 clang max_samp 2565
93 clang min_power10 18.0
93 clang max_power90 57.5
93 dowk comments CE EN  
93 dowk missing Sunday
93 dowk duration_sec 7.3
93 dowk dc_offset 43
93 dowk min_samp -2855
93 dowk max_samp 3057
93 dowk min_power10 11.4
93 dowk max_power90 57.9
93 nums comments EN  
93 nums missing nothing
93 nums duration_sec 9.7
93 nums dc_offset 43
93 nums min_samp -3079
93 nums max_samp 3221
93 nums min_power10 10.9
93 nums max_power90 57.3
93 htl comments CE EN  
93 htl missing cs
93 htl duration_sec 6.8
93 htl dc_offset 43
93 htl min_samp -2703
93 htl max_samp 3049
93 htl min_power10 15.3
93 htl max_power90 57.2
93 htc comments BN EN  
93 htc missing nothing
93 htc duration_sec 6.1
93 htc dc_offset 43
93 htc min_samp -2515
93 htc max_samp 2829
93 htc min_power10 14.3
93 htc max_power90 56.1
93 room comments BN CE EN SNL  
93 room missing cs
93 room duration_sec 11.2
93 room dc_offset 43
93 room min_samp -2655
93 room max_samp 2497
93 room min_power10 13.7
93 room max_power90 52.9
93 meal comments EN  
93 meal missing nothing
93 meal duration_sec 4.1
93 meal dc_offset 43
93 meal min_samp -2675
93 meal max_samp 3045
93 meal min_power10 12.1
93 meal max_power90 54.0
93 story-bt comments BN CE EN ES  
93 story-bt missing cs
93 story-bt duration_sec 48.4
93 story-bt dc_offset 43
93 story-bt min_samp -2831
93 story-bt max_samp 3189
93 story-bt min_power10 13.9
93 story-bt max_power90 53.4
93 story-at comments CB EN  
93 story-at missing cs
93 story-at duration_sec 6.1
93 story-at dc_offset 43
93 story-at min_samp -2151
93 story-at max_samp 2433
93 story-at min_power10 16.0
93 story-at max_power90 51.4
93 gender male
93 age adult
93 connection average
93 intelligibility ok
