106 labeler ames
106 label_date Tue Dec 31 11:58:19 PST 1991
106 nlang comments EN  
106 nlang missing nothing
106 nlang duration_sec 0.8
106 nlang dc_offset 42
106 nlang min_samp -5334
106 nlang max_samp 4470
106 nlang min_power10 14.3
106 nlang max_power90 62.7
106 clang comments EN  
106 clang missing nothing
106 clang duration_sec 0.9
106 clang dc_offset 42
106 clang min_samp -3758
106 clang max_samp 3518
106 clang min_power10 15.0
106 clang max_power90 59.7
106 dowk comments EN  
106 dowk missing nothing
106 dowk duration_sec 5.2
106 dowk dc_offset 42
106 dowk min_samp -5574
106 dowk max_samp 6206
106 dowk min_power10 17.5
106 dowk max_power90 64.3
106 nums comments EN  
106 nums missing nothing
106 nums duration_sec 6.6
106 nums dc_offset 42
106 nums min_samp -5834
106 nums max_samp 6590
106 nums min_power10 15.7
106 nums max_power90 64.0
106 htl comments CE EN SNL  
106 htl missing cs
106 htl duration_sec 8.4
106 htl dc_offset 42
106 htl min_samp -5610
106 htl max_samp 5910
106 htl min_power10 18.4
106 htl max_power90 62.3
106 htc comments CE EN SNL  
106 htc missing cs
106 htc duration_sec 8.7
106 htc dc_offset 42
106 htc min_samp -5878
106 htc max_samp 7230
106 htc min_power10 17.1
106 htc max_power90 64.2
106 room comments CE EN SNL  
106 room missing cs
106 room duration_sec 10.9
106 room dc_offset 42
106 room min_samp -5374
106 room max_samp 5526
106 room min_power10 20.1
106 room max_power90 62.3
106 meal comments CE EN ES SNL  
106 meal missing cs
106 meal duration_sec 8.1
106 meal dc_offset 42
106 meal min_samp -4886
106 meal max_samp 5698
106 meal min_power10 18.3
106 meal max_power90 61.6
106 story-bt comments CE EN NN SS ES SNL  
106 story-bt missing cs; ?native speaker?
106 story-bt duration_sec 48.0
106 story-bt dc_offset 42
106 story-bt min_samp -7006
106 story-bt max_samp 7130
106 story-bt min_power10 17.5
106 story-bt max_power90 63.0
106 story-at comments CB CE EN ES SNL  
106 story-at missing cs
106 story-at duration_sec 9.3
106 story-at dc_offset 42
106 story-at min_samp -4002
106 story-at max_samp 4718
106 story-at min_power10 19.1
106 story-at max_power90 59.8
106 gender male
106 age adult
106 connection average
106 intelligibility ok
