100 labeler ames
100 label_date Mon Dec 30 11:07:11 PST 1991
100 nlang comments EN  
100 nlang missing nothing
100 nlang duration_sec 2.1
100 nlang dc_offset 42
100 nlang min_samp -410
100 nlang max_samp 422
100 nlang min_power10 10.7
100 nlang max_power90 36.3
100 clang comments CE EN  
100 clang missing cs
100 clang duration_sec 2.4
100 clang dc_offset 42
100 clang min_samp -1498
100 clang max_samp 1382
100 clang min_power10 11.3
100 clang max_power90 38.1
100 dowk comments EN  
100 dowk missing nothing
100 dowk duration_sec 7.0
100 dowk dc_offset 42
100 dowk min_samp -442
100 dowk max_samp 486
100 dowk min_power10 10.4
100 dowk max_power90 35.3
100 nums comments CE EN  
100 nums missing 10
100 nums duration_sec 9.2
100 nums dc_offset 42
100 nums min_samp -626
100 nums max_samp 578
100 nums min_power10 10.4
100 nums max_power90 34.2
100 htl comments BN CE EN  
100 htl missing cs
100 htl duration_sec 7.9
100 htl dc_offset 42
100 htl min_samp -1742
100 htl max_samp 2286
100 htl min_power10 11.9
100 htl max_power90 38.4
100 htc comments CE EN SNL  
100 htc missing cs
100 htc duration_sec 8.8
100 htc dc_offset 42
100 htc min_samp -590
100 htc max_samp 866
100 htc min_power10 11.8
100 htc max_power90 39.6
100 room comments BN CE EN SNL  
100 room missing cs
100 room duration_sec 10.7
100 room dc_offset 42
100 room min_samp -846
100 room max_samp 714
100 room min_power10 11.9
100 room max_power90 39.2
100 meal comments EN SNL  
100 meal missing nothing
100 meal duration_sec 7.1
100 meal dc_offset 42
100 meal min_samp -638
100 meal max_samp 698
100 meal min_power10 11.4
100 meal max_power90 37.6
100 story-bt comments BN CE EN SS ES  
100 story-bt missing cs
100 story-bt duration_sec 48.9
100 story-bt dc_offset 42
100 story-bt min_samp -2354
100 story-bt max_samp 1994
100 story-bt min_power10 11.4
100 story-bt max_power90 40.8
100 story-at comments CB CE EN SS  
100 story-at missing cs
100 story-at duration_sec 9.4
100 story-at dc_offset 42
100 story-at min_samp -742
100 story-at max_samp 902
100 story-at min_power10 11.2
100 story-at max_power90 41.7
100 gender female
100 age adult
100 connection average
100 intelligibility ok
