118 labeler ames
118 label_date Tue Jan 14 16:40:17 PST 1992
118 nlang comments EN  
118 nlang missing nothing
118 nlang duration_sec 0.9
118 nlang dc_offset 42
118 nlang min_samp -1578
118 nlang max_samp 1134
118 nlang min_power10 14.2
118 nlang max_power90 52.5
118 clang comments EN  
118 clang missing nothing
118 clang duration_sec 1.0
118 clang dc_offset 42
118 clang min_samp -1634
118 clang max_samp 782
118 clang min_power10 14.2
118 clang max_power90 48.3
118 dowk comments EN ES  
118 dowk missing nothing
118 dowk duration_sec 6.0
118 dowk dc_offset 42
118 dowk min_samp -1470
118 dowk max_samp 1170
118 dowk min_power10 14.5
118 dowk max_power90 47.7
118 nums comments EN  
118 nums missing nothing
118 nums duration_sec 7.2
118 nums dc_offset 42
118 nums min_samp -1934
118 nums max_samp 1570
118 nums min_power10 14.8
118 nums max_power90 50.0
118 htl comments CE EN  
118 htl missing cs
118 htl duration_sec 8.2
118 htl dc_offset 42
118 htl min_samp -2038
118 htl max_samp 1630
118 htl min_power10 17.2
118 htl max_power90 53.7
118 htc comments EN SNL  
118 htc missing nothing
118 htc duration_sec 4.0
118 htc dc_offset 42
118 htc min_samp -2006
118 htc max_samp 1646
118 htc min_power10 16.2
118 htc max_power90 53.9
118 room comments BN CE EN  
118 room missing cs
118 room duration_sec 10.0
118 room dc_offset 42
118 room min_samp -2266
118 room max_samp 2222
118 room min_power10 14.7
118 room max_power90 53.3
118 meal comments BN EN  
118 meal missing nothing
118 meal duration_sec 6.0
118 meal dc_offset 42
118 meal min_samp -3118
118 meal max_samp 1966
118 meal min_power10 16.8
118 meal max_power90 53.5
118 story-bt comments BN CE EN SS ES  
118 story-bt missing cs
118 story-bt duration_sec 48.8
118 story-bt dc_offset 42
118 story-bt min_samp -3170
118 story-bt max_samp 2902
118 story-bt min_power10 16.9
118 story-bt max_power90 54.8
118 story-at comments BN CB CE EN SS  
118 story-at missing cs
118 story-at duration_sec 9.7
118 story-at dc_offset 42
118 story-at min_samp -3370
118 story-at max_samp 2946
118 story-at min_power10 14.7
118 story-at max_power90 54.6
118 gender female
118 age adult
118 connection average
118 intelligibility ok
