116 labeler ames
116 label_date Tue Jan 14 16:25:06 PST 1992
116 nlang comments EN  
116 nlang missing nothing
116 nlang duration_sec 0.9
116 nlang dc_offset 42
116 nlang min_samp -4222
116 nlang max_samp 4318
116 nlang min_power10 21.4
116 nlang max_power90 61.9
116 clang comments EN  
116 clang missing nothing
116 clang duration_sec 1.0
116 clang dc_offset 42
116 clang min_samp -2778
116 clang max_samp 2490
116 clang min_power10 21.6
116 clang max_power90 54.6
116 dowk comments EN  
116 dowk missing nothing
116 dowk duration_sec 3.9
116 dowk dc_offset 42
116 dowk min_samp -2198
116 dowk max_samp 2498
116 dowk min_power10 22.1
116 dowk max_power90 50.2
116 nums comments EN  
116 nums missing 1
116 nums duration_sec 3.1
116 nums dc_offset 42
116 nums min_samp -1478
116 nums max_samp 1782
116 nums min_power10 21.9
116 nums max_power90 52.0
116 htl comments CE EN  
116 htl missing cs
116 htl duration_sec 8.2
116 htl dc_offset 42
116 htl min_samp -2786
116 htl max_samp 3598
116 htl min_power10 22.7
116 htl max_power90 56.9
116 htc comments CE EN  
116 htc missing cs
116 htc duration_sec 8.9
116 htc dc_offset 42
116 htc min_samp -4122
116 htc max_samp 5294
116 htc min_power10 21.3
116 htc max_power90 55.6
116 room comments CE EN ES  
116 room missing cs
116 room duration_sec 10.3
116 room dc_offset 42
116 room min_samp -6054
116 room max_samp 4806
116 room min_power10 27.6
116 room max_power90 61.3
116 meal comments EN  
116 meal missing nothing
116 meal duration_sec 4.3
116 meal dc_offset 42
116 meal min_samp -5298
116 meal max_samp 4750
116 meal min_power10 24.3
116 meal max_power90 60.4
116 story-bt comments CE EN SS ES  
116 story-bt missing cs
116 story-bt duration_sec 47.9
116 story-bt dc_offset 42
116 story-bt min_samp -4378
116 story-bt max_samp 5138
116 story-bt min_power10 23.2
116 story-bt max_power90 55.2
116 story-at comments CB EN SS ES  
116 story-at missing cs
116 story-at duration_sec 7.2
116 story-at dc_offset 42
116 story-at min_samp -3182
116 story-at max_samp 3342
116 story-at min_power10 23.7
116 story-at max_power90 56.4
116 gender female
116 age adult
116 connection average
116 intelligibility ok
