123 labeler ames
123 label_date Thu Jan 16 19:33:29 PST 1992
123 nlang comments BN EN  
123 nlang missing nothing
123 nlang duration_sec 1.0
123 nlang dc_offset 42
123 nlang min_samp -3702
123 nlang max_samp 4070
123 nlang min_power10 14.9
123 nlang max_power90 62.5
123 clang comments BN EN  
123 clang missing nothing
123 clang duration_sec 2.4
123 clang dc_offset 42
123 clang min_samp -4822
123 clang max_samp 3814
123 clang min_power10 17.3
123 clang max_power90 59.9
123 dowk comments BN EN  
123 dowk missing nothing
123 dowk duration_sec 4.2
123 dowk dc_offset 42
123 dowk min_samp -4342
123 dowk max_samp 4654
123 dowk min_power10 16.1
123 dowk max_power90 58.6
123 nums comments BN EN  
123 nums missing nothing
123 nums duration_sec 3.2
123 nums dc_offset 42
123 nums min_samp -3246
123 nums max_samp 3206
123 nums min_power10 18.1
123 nums max_power90 57.2
123 htl comments BN CE EN  
123 htl missing cs
123 htl duration_sec 8.0
123 htl dc_offset 42
123 htl min_samp -4678
123 htl max_samp 3810
123 htl min_power10 16.9
123 htl max_power90 60.5
123 htc comments BN CE EN  
123 htc missing cs
123 htc duration_sec 9.2
123 htc dc_offset 42
123 htc min_samp -4814
123 htc max_samp 4626
123 htc min_power10 17.5
123 htc max_power90 61.7
123 room comments BN CE EN SNL  
123 room missing cs
123 room duration_sec 9.4
123 room dc_offset 42
123 room min_samp -4086
123 room max_samp 3422
123 room min_power10 17.2
123 room max_power90 56.6
123 meal comments BN CE EN  
123 meal missing cs
123 meal duration_sec 9.5
123 meal dc_offset 42
123 meal min_samp -3062
123 meal max_samp 3646
123 meal min_power10 16.4
123 meal max_power90 57.3
123 story-bt comments BN CE EN SS ES  
123 story-bt missing cs
123 story-bt duration_sec 48.7
123 story-bt dc_offset 42
123 story-bt min_samp -4262
123 story-bt max_samp 4478
123 story-bt min_power10 16.6
123 story-bt max_power90 57.4
123 story-at comments BN CB EN SS  
123 story-at missing cs
123 story-at duration_sec 9.6
123 story-at dc_offset 42
123 story-at min_samp -3674
123 story-at max_samp 3758
123 story-at min_power10 20.3
123 story-at max_power90 58.5
123 gender male
123 age adult
123 connection average
123 intelligibility ok
