2 labeler khoward
2 label_date Wed Jul  3 15:41:53 PDT 1991
2 nlang missing nothing
2 nlang duration_sec 0.9
2 nlang dc_offset 42
2 nlang min_samp -5454
2 nlang max_samp 5358
2 nlang min_power10 15.9
2 nlang max_power90 59.5
2 clang comments BN  
2 clang missing nothing
2 clang duration_sec 3.0
2 clang dc_offset 42
2 clang min_samp -3054
2 clang max_samp 3982
2 clang min_power10 13.9
2 clang max_power90 50.3
2 dowk comments BN  
2 dowk missing nothing
2 dowk duration_sec 5.0
2 dowk dc_offset 42
2 dowk min_samp -6806
2 dowk max_samp 6790
2 dowk min_power10 18.7
2 dowk max_power90 60.7
2 nums comments BN  
2 nums missing nothing
2 nums duration_sec 7.5
2 nums dc_offset 42
2 nums min_samp -8166
2 nums max_samp 6686
2 nums min_power10 14.0
2 nums max_power90 62.6
2 htl comments BN  
2 htl missing nothing
2 htl duration_sec 9.0
2 htl dc_offset 42
2 htl min_samp -9434
2 htl max_samp 7374
2 htl min_power10 22.4
2 htl max_power90 64.2
2 htc comments BN  
2 htc missing nothing
2 htc duration_sec 8.8
2 htc dc_offset 42
2 htc min_samp -9398
2 htc max_samp 6870
2 htc min_power10 15.4
2 htc max_power90 65.2
2 room comments BN  
2 room missing nothing
2 room duration_sec 11.1
2 room dc_offset 42
2 room min_samp -8678
2 room max_samp 6894
2 room min_power10 14.8
2 room max_power90 63.2
2 meal comments BN  
2 meal missing nothing
2 meal duration_sec 6.6
2 meal dc_offset 42
2 meal min_samp -7834
2 meal max_samp 6222
2 meal min_power10 15.6
2 meal max_power90 64.8
2 story-bt comments BN SS  
2 story-bt missing nothing
2 story-bt duration_sec 47.6
2 story-bt dc_offset 42
2 story-bt min_samp -9990
2 story-bt max_samp 7678
2 story-bt min_power10 16.0
2 story-bt max_power90 63.7
2 gender male
2 age adult
2 connection poor
2 intelligibility ok
