1 labeler khoward
1 label_date Wed Jul  3 15:30:50 PDT 1991
1 nlang comments BN  
1 nlang missing nothing
1 nlang duration_sec 0.7
1 nlang dc_offset 42
1 nlang min_samp -9070
1 nlang max_samp 6982
1 nlang min_power10 19.0
1 nlang max_power90 64.5
1 clang comments BN  
1 clang missing nothing
1 clang duration_sec 1.6
1 clang dc_offset 42
1 clang min_samp -4194
1 clang max_samp 4714
1 clang min_power10 28.8
1 clang max_power90 60.6
1 dowk missing nothing
1 dowk duration_sec 6.9
1 dowk dc_offset 42
1 dowk min_samp -6190
1 dowk max_samp 6578
1 dowk min_power10 14.8
1 dowk max_power90 56.9
1 nums comments CB NI  
1 nums missing zero
1 nums duration_sec 7.8
1 nums dc_offset 42
1 nums min_samp -4038
1 nums max_samp 4374
1 nums min_power10 14.2
1 nums max_power90 48.7
1 htl comments BN CE  
1 htl missing CS
1 htl duration_sec 9.3
1 htl dc_offset 42
1 htl min_samp -5010
1 htl max_samp 5410
1 htl min_power10 13.6
1 htl max_power90 59.5
1 htc comments BN  
1 htc missing nothing
1 htc duration_sec 5.5
1 htc dc_offset 42
1 htc min_samp -8150
1 htc max_samp 7338
1 htc min_power10 16.4
1 htc max_power90 65.1
1 room comments BN  
1 room missing nothing
1 room duration_sec 10.0
1 room dc_offset 42
1 room min_samp -7982
1 room max_samp 8570
1 room min_power10 17.6
1 room max_power90 65.9
1 meal comments BN  
1 meal missing nothing
1 meal duration_sec 8.6
1 meal dc_offset 42
1 meal min_samp -4878
1 meal max_samp 5262
1 meal min_power10 14.4
1 meal max_power90 59.0
1 story-bt comments BN SS  
1 story-bt missing nothing
1 story-bt duration_sec 46.6
1 story-bt dc_offset 42
1 story-bt min_samp -9622
1 story-bt max_samp 8642
1 story-bt min_power10 14.1
1 story-bt max_power90 62.2
1 story-at comments BN  
1 story-at missing nothing
1 story-at duration_sec 1.3
1 story-at dc_offset 42
1 story-at min_samp -566
1 story-at max_samp 510
1 story-at min_power10 13.9
1 story-at max_power90 33.8
1 gender male
1 age adult
1 connection poor
1 intelligibility ok
