15 labeler khoward
15 label_date Thu Jul 11 09:30:17 PDT 1991
15 nlang missing nothing
15 nlang duration_sec 1.1
15 nlang dc_offset 42
15 nlang min_samp -1910
15 nlang max_samp 1846
15 nlang min_power10 12.3
15 nlang max_power90 48.6
15 clang missing nothing
15 clang duration_sec 1.3
15 clang dc_offset 42
15 clang min_samp -1018
15 clang max_samp 1358
15 clang min_power10 12.0
15 clang max_power90 46.5
15 dowk comments CE  
15 dowk missing Sunday
15 dowk duration_sec 7.6
15 dowk dc_offset 42
15 dowk min_samp -954
15 dowk max_samp 1674
15 dowk min_power10 11.4
15 dowk max_power90 43.2
15 nums comments CE  
15 nums missing 9 10
15 nums duration_sec 9.2
15 nums dc_offset 42
15 nums min_samp -1386
15 nums max_samp 1586
15 nums min_power10 11.5
15 nums max_power90 42.8
15 htl missing nothing
15 htl duration_sec 6.8
15 htl dc_offset 42
15 htl min_samp -1238
15 htl max_samp 1734
15 htl min_power10 11.9
15 htl max_power90 47.4
15 htc missing nothing
15 htc duration_sec 8.7
15 htc dc_offset 42
15 htc min_samp -1866
15 htc max_samp 2222
15 htc min_power10 11.5
15 htc max_power90 48.9
15 room missing nothing
15 room duration_sec 9.4
15 room dc_offset 42
15 room min_samp -1134
15 room max_samp 1250
15 room min_power10 11.3
15 room max_power90 43.6
15 meal missing nothing
15 meal duration_sec 3.4
15 meal dc_offset 42
15 meal min_samp -1278
15 meal max_samp 1518
15 meal min_power10 13.4
15 meal max_power90 46.7
15 story-bt comments SS  
15 story-bt missing nothing
15 story-bt duration_sec 42.7
15 story-bt dc_offset 42
15 story-bt min_samp -1818
15 story-bt max_samp 2010
15 story-bt min_power10 12.9
15 story-bt max_power90 44.0
15 story-at missing nothing
15 story-at duration_sec 4.0
15 story-at dc_offset 42
15 story-at min_samp -890
15 story-at max_samp 1042
15 story-at min_power10 13.6
15 story-at max_power90 43.0
15 gender male
15 age adult
15 connection good
15 intelligibility ok
