17 labeler khoward
17 label_date Mon Jul 29 10:33:10 PDT 1991
17 nlang comments BN  
17 nlang missing nothing
17 nlang duration_sec 1.2
17 nlang dc_offset 42
17 nlang min_samp -3290
17 nlang max_samp 3334
17 nlang min_power10 15.2
17 nlang max_power90 58.3
17 clang comments ES  
17 clang missing nothing
17 clang duration_sec 2.3
17 clang dc_offset 42
17 clang min_samp -2914
17 clang max_samp 4258
17 clang min_power10 15.3
17 clang max_power90 52.0
17 dowk missing nothing
17 dowk duration_sec 4.3
17 dowk dc_offset 42
17 dowk min_samp -1818
17 dowk max_samp 2178
17 dowk min_power10 16.5
17 dowk max_power90 50.1
17 nums missing nothing
17 nums duration_sec 5.7
17 nums dc_offset 42
17 nums min_samp -2230
17 nums max_samp 2014
17 nums min_power10 12.1
17 nums max_power90 51.0
17 htl comments CE  
17 htl missing CS
17 htl duration_sec 8.7
17 htl dc_offset 42
17 htl min_samp -2894
17 htl max_samp 2526
17 htl min_power10 13.9
17 htl max_power90 51.8
17 htc comments BN  
17 htc missing nothing
17 htc duration_sec 8.5
17 htc dc_offset 42
17 htc min_samp -2630
17 htc max_samp 2690
17 htc min_power10 12.5
17 htc max_power90 47.6
17 room comments CE  
17 room missing CS
17 room duration_sec 10.3
17 room dc_offset 42
17 room min_samp -2406
17 room max_samp 2226
17 room min_power10 17.0
17 room max_power90 53.5
17 meal missing nothing
17 meal duration_sec 8.0
17 meal dc_offset 42
17 meal min_samp -2534
17 meal max_samp 2270
17 meal min_power10 18.5
17 meal max_power90 56.5
17 story-bt comments SS  
17 story-bt missing nothing
17 story-bt duration_sec 49.1
17 story-bt dc_offset 42
17 story-bt min_samp -4418
17 story-bt max_samp 5014
17 story-bt min_power10 15.3
17 story-bt max_power90 54.9
17 story-at comments SS  
17 story-at missing nothing
17 story-at duration_sec 8.2
17 story-at dc_offset 42
17 story-at min_samp -2254
17 story-at max_samp 2494
17 story-at min_power10 14.2
17 story-at max_power90 53.2
17 gender male
17 age adult
17 connection average
17 intelligibility ok
