16 labeler khoward
16 label_date Mon Jul 29 10:20:59 PDT 1991
16 nlang missing nothing
16 nlang duration_sec 1.1
16 nlang dc_offset 42
16 nlang min_samp -1038
16 nlang max_samp 1686
16 nlang min_power10 13.0
16 nlang max_power90 46.5
16 clang comments ES  
16 clang missing nothing
16 clang duration_sec 2.0
16 clang dc_offset 42
16 clang min_samp -842
16 clang max_samp 1166
16 clang min_power10 11.5
16 clang max_power90 46.9
16 dowk comments EN  
16 dowk missing nothing
16 dowk duration_sec 5.5
16 dowk dc_offset 42
16 dowk min_samp -886
16 dowk max_samp 1686
16 dowk min_power10 13.5
16 dowk max_power90 43.7
16 nums missing nothing
16 nums duration_sec 8.6
16 nums dc_offset 42
16 nums min_samp -1094
16 nums max_samp 1530
16 nums min_power10 11.2
16 nums max_power90 46.4
16 htl comments EN  
16 htl missing nothing
16 htl duration_sec 6.7
16 htl dc_offset 42
16 htl min_samp -1810
16 htl max_samp 2558
16 htl min_power10 14.1
16 htl max_power90 49.5
16 htc comments BN  
16 htc missing nothing
16 htc duration_sec 4.9
16 htc dc_offset 42
16 htc min_samp -1518
16 htc max_samp 1674
16 htc min_power10 12.9
16 htc max_power90 48.7
16 room comments BN  
16 room missing nothing
16 room duration_sec 10.8
16 room dc_offset 42
16 room min_samp -1278
16 room max_samp 1282
16 room min_power10 12.8
16 room max_power90 48.0
16 meal comments BN  
16 meal missing nothing
16 meal duration_sec 8.6
16 meal dc_offset 42
16 meal min_samp -1018
16 meal max_samp 1274
16 meal min_power10 16.0
16 meal max_power90 46.4
16 story-bt comments BN SS  
16 story-bt missing nothing
16 story-bt duration_sec 47.3
16 story-bt dc_offset 42
16 story-bt min_samp -2342
16 story-bt max_samp 2534
16 story-bt min_power10 13.4
16 story-bt max_power90 46.6
16 story-at comments EN SS  
16 story-at missing nothing
16 story-at duration_sec 2.6
16 story-at dc_offset 42
16 story-at min_samp -734
16 story-at max_samp 1538
16 story-at min_power10 11.2
16 story-at max_power90 39.5
16 gender female
16 age adult
16 connection average
16 intelligibility ok
