18 labeler khoward
18 label_date Mon Jul 29 10:48:06 PDT 1991
18 nlang comments BN  
18 nlang missing nothing
18 nlang duration_sec 1.4
18 nlang dc_offset 42
18 nlang min_samp -1014
18 nlang max_samp 978
18 nlang min_power10 12.4
18 nlang max_power90 45.9
18 clang missing nothing
18 clang duration_sec 1.4
18 clang dc_offset 42
18 clang min_samp -1094
18 clang max_samp 1074
18 clang min_power10 12.1
18 clang max_power90 43.2
18 dowk missing nothing
18 dowk duration_sec 6.2
18 dowk dc_offset 42
18 dowk min_samp -1698
18 dowk max_samp 1566
18 dowk min_power10 16.2
18 dowk max_power90 47.2
18 nums missing 0
18 nums duration_sec 8.9
18 nums dc_offset 42
18 nums min_samp -1362
18 nums max_samp 1010
18 nums min_power10 12.2
18 nums max_power90 45.8
18 htl comments BN CE  
18 htl missing CS
18 htl duration_sec 5.5
18 htl dc_offset 42
18 htl min_samp -1658
18 htl max_samp 1234
18 htl min_power10 14.3
18 htl max_power90 48.7
18 htc comments BN  
18 htc missing nothing
18 htc duration_sec 8.3
18 htc dc_offset 42
18 htc min_samp -1298
18 htc max_samp 950
18 htc min_power10 13.1
18 htc max_power90 45.8
18 room comments BN  
18 room missing nothing
18 room duration_sec 9.3
18 room dc_offset 42
18 room min_samp -1014
18 room max_samp 918
18 room min_power10 13.5
18 room max_power90 44.4
18 meal comments BN  
18 meal missing nothing
18 meal duration_sec 8.2
18 meal dc_offset 42
18 meal min_samp -1166
18 meal max_samp 950
18 meal min_power10 15.1
18 meal max_power90 46.3
18 story-bt comments BN SS  
18 story-bt missing nothing
18 story-bt duration_sec 45.5
18 story-bt dc_offset 42
18 story-bt min_samp -1818
18 story-bt max_samp 1226
18 story-bt min_power10 13.5
18 story-bt max_power90 44.4
18 story-at comments SS  
18 story-at missing nothing
18 story-at duration_sec 9.8
18 story-at dc_offset 42
18 story-at min_samp -1526
18 story-at max_samp 1186
18 story-at min_power10 12.9
18 story-at max_power90 44.7
18 gender male
18 age adult
18 connection average
18 intelligibility ok
