20 labeler khoward
20 label_date Tue Jul 30 16:14:16 PDT 1991
20 nlang comments ES  
20 nlang missing nothing
20 nlang duration_sec 2.5
20 nlang dc_offset 42
20 nlang min_samp -1862
20 nlang max_samp 2062
20 nlang min_power10 15.8
20 nlang max_power90 48.4
20 clang comments ES  
20 clang missing nothing
20 clang duration_sec 2.7
20 clang dc_offset 42
20 clang min_samp -1434
20 clang max_samp 2206
20 clang min_power10 14.0
20 clang max_power90 49.6
20 dowk missing nothing
20 dowk duration_sec 6.6
20 dowk dc_offset 42
20 dowk min_samp -1570
20 dowk max_samp 2222
20 dowk min_power10 16.0
20 dowk max_power90 46.6
20 nums comments BN  
20 nums missing nothing
20 nums duration_sec 8.1
20 nums dc_offset 42
20 nums min_samp -1786
20 nums max_samp 2070
20 nums min_power10 14.0
20 nums max_power90 47.7
20 htl comments EN  
20 htl missing nothing
20 htl duration_sec 8.9
20 htl dc_offset 42
20 htl min_samp -1474
20 htl max_samp 1650
20 htl min_power10 19.2
20 htl max_power90 47.1
20 htc comments CE  
20 htc missing CS
20 htc duration_sec 9.6
20 htc dc_offset 42
20 htc min_samp -1722
20 htc max_samp 2358
20 htc min_power10 20.6
20 htc max_power90 48.8
20 room comments CE  
20 room missing CS
20 room duration_sec 9.1
20 room dc_offset 42
20 room min_samp -1362
20 room max_samp 1406
20 room min_power10 15.5
20 room max_power90 44.6
20 meal comments SNL  
20 meal missing nothing
20 meal duration_sec 9.3
20 meal dc_offset 42
20 meal min_samp -898
20 meal max_samp 1338
20 meal min_power10 14.7
20 meal max_power90 40.8
20 story-bt comments CE SS  
20 story-bt missing CS
20 story-bt duration_sec 44.8
20 story-bt dc_offset 42
20 story-bt min_samp -1018
20 story-bt max_samp 1186
20 story-bt min_power10 15.7
20 story-bt max_power90 43.0
20 story-at comments SS  
20 story-at missing nothing
20 story-at duration_sec 4.7
20 story-at dc_offset 42
20 story-at min_samp -518
20 story-at max_samp 726
20 story-at min_power10 17.1
20 story-at max_power90 43.3
20 gender male
20 age adult
20 connection average
20 intelligibility ok
