30 labeler yeshwant
30 label_date Thu Aug  1 18:55:07 PDT 1991
30 nlang missing nothing
30 nlang duration_sec 1.1
30 nlang dc_offset 43
30 nlang min_samp -2631
30 nlang max_samp 3809
30 nlang min_power10 14.6
30 nlang max_power90 51.5
30 dowk comments ES  
30 dowk missing nothing
30 dowk duration_sec 4.2
30 dowk dc_offset 43
30 dowk min_samp -1699
30 dowk max_samp 2577
30 dowk min_power10 19.5
30 dowk max_power90 47.4
30 nums missing two
30 nums duration_sec 5.9
30 nums dc_offset 43
30 nums min_samp -4015
30 nums max_samp 4785
30 nums min_power10 14.2
30 nums max_power90 47.3
30 htl comments CE  
30 htl missing cs
30 htl duration_sec 8.9
30 htl dc_offset 43
30 htl min_samp -3039
30 htl max_samp 3265
30 htl min_power10 19.8
30 htl max_power90 51.2
30 htc comments ES SNL  
30 htc missing nothing
30 htc duration_sec 7.7
30 htc dc_offset 43
30 htc min_samp -3015
30 htc max_samp 3541
30 htc min_power10 16.9
30 htc max_power90 48.3
30 room comments ES SNL  
30 room missing nothing
30 room duration_sec 10.9
30 room dc_offset 43
30 room min_samp -2483
30 room max_samp 2477
30 room min_power10 20.9
30 room max_power90 48.7
30 meal comments CE SNL  
30 meal missing cs
30 meal duration_sec 8.8
30 meal dc_offset 43
30 meal min_samp -2571
30 meal max_samp 3413
30 meal min_power10 19.4
30 meal max_power90 48.0
30 story-bt comments CE SS SNL  
30 story-bt missing cs
30 story-bt duration_sec 48.9
30 story-bt dc_offset 43
30 story-bt min_samp -2491
30 story-bt max_samp 3781
30 story-bt min_power10 17.2
30 story-bt max_power90 47.0
30 story-at comments CB SS  
30 story-at missing cs
30 story-at duration_sec 2.5
30 story-at dc_offset 43
30 story-at min_samp -1403
30 story-at max_samp 1701
30 story-at min_power10 14.4
30 story-at max_power90 44.7
30 gender male
30 age adult
30 connection good
30 intelligibility ok
