33 labeler khoward
33 label_date Wed Aug  7 11:56:20 PDT 1991
33 nlang missing nothing
33 nlang duration_sec 0.9
33 nlang dc_offset 42
33 nlang min_samp -1890
33 nlang max_samp 1902
33 nlang min_power10 21.8
33 nlang max_power90 55.9
33 clang comments CE  
33 clang missing CS
33 clang duration_sec 1.8
33 clang dc_offset 42
33 clang min_samp -2134
33 clang max_samp 3090
33 clang min_power10 21.8
33 clang max_power90 57.7
33 dowk missing nothing
33 dowk duration_sec 5.2
33 dowk dc_offset 42
33 dowk min_samp -1350
33 dowk max_samp 1502
33 dowk min_power10 22.2
33 dowk max_power90 51.3
33 nums comments EN  
33 nums missing nothing
33 nums duration_sec 4.2
33 nums dc_offset 42
33 nums min_samp -1314
33 nums max_samp 1282
33 nums min_power10 21.8
33 nums max_power90 50.7
33 htl missing nothing
33 htl duration_sec 7.9
33 htl dc_offset 42
33 htl min_samp -1666
33 htl max_samp 2082
33 htl min_power10 21.9
33 htl max_power90 52.8
33 htc missing nothing
33 htc duration_sec 3.4
33 htc dc_offset 42
33 htc min_samp -1854
33 htc max_samp 2042
33 htc min_power10 21.4
33 htc max_power90 52.3
33 room missing nothing
33 room duration_sec 9.4
33 room dc_offset 42
33 room min_samp -3082
33 room max_samp 3318
33 room min_power10 21.3
33 room max_power90 52.4
33 meal comments BN  
33 meal missing nothing
33 meal duration_sec 5.5
33 meal dc_offset 42
33 meal min_samp -1882
33 meal max_samp 1506
33 meal min_power10 20.1
33 meal max_power90 47.6
33 story-bt comments BN CE SS  
33 story-bt missing CS
33 story-bt duration_sec 48.4
33 story-bt dc_offset 42
33 story-bt min_samp -3510
33 story-bt max_samp 3534
33 story-bt min_power10 22.2
33 story-bt max_power90 52.0
33 story-at comments CB CE  
33 story-at missing CS
33 story-at duration_sec 7.6
33 story-at dc_offset 42
33 story-at min_samp -3406
33 story-at max_samp 2242
33 story-at min_power10 21.6
33 story-at max_power90 49.9
33 gender male
33 age adult
33 connection average
33 intelligibility ok
