34 labeler khoward
34 label_date Wed Aug  7 14:21:55 PDT 1991
34 nlang missing nothing
34 nlang duration_sec 1.0
34 nlang dc_offset 42
34 nlang min_samp -3578
34 nlang max_samp 4654
34 nlang min_power10 16.7
34 nlang max_power90 58.0
34 clang missing nothing
34 clang duration_sec 1.0
34 clang dc_offset 42
34 clang min_samp -2910
34 clang max_samp 3262
34 clang min_power10 18.8
34 clang max_power90 57.2
34 dowk missing nothing
34 dowk duration_sec 6.0
34 dowk dc_offset 42
34 dowk min_samp -2890
34 dowk max_samp 2934
34 dowk min_power10 18.6
34 dowk max_power90 55.2
34 nums missing nothing
34 nums duration_sec 8.6
34 nums dc_offset 42
34 nums min_samp -3462
34 nums max_samp 4086
34 nums min_power10 16.7
34 nums max_power90 54.5
34 htl comments CE BN 
34 htl missing CS
34 htl duration_sec 8.9
34 htl dc_offset 42
34 htl min_samp -8306
34 htl max_samp 12486
34 htl min_power10 25.5
34 htl max_power90 64.1
34 htc missing nothing
34 htc duration_sec 4.9
34 htc dc_offset 42
34 htc min_samp -6038
34 htc max_samp 7422
34 htc min_power10 23.9
34 htc max_power90 64.4
34 room comments CE  
34 room missing CS
34 room duration_sec 10.9
34 room dc_offset 42
34 room min_samp -5646
34 room max_samp 5882
34 room min_power10 32.4
34 room max_power90 61.8
34 meal comments SNL  
34 meal missing nothing
34 meal duration_sec 5.0
34 meal dc_offset 42
34 meal min_samp -2426
34 meal max_samp 3142
34 meal min_power10 19.3
34 meal max_power90 56.3
34 story-bt comments BN CE SS  
34 story-bt missing CS
34 story-bt duration_sec 48.1
34 story-bt dc_offset 42
34 story-bt min_samp -10242
34 story-bt max_samp 17214
34 story-bt min_power10 23.0
34 story-bt max_power90 61.0
34 story-at comments SS  
34 story-at missing nothing
34 story-at duration_sec 3.8
34 story-at dc_offset 42
34 story-at min_samp -3318
34 story-at max_samp 3214
34 story-at min_power10 20.7
34 story-at max_power90 55.8
34 gender male
34 age adult
34 connection average
intelligibility ok
