35 labeler khoward
35 label_date Thu Aug  8 10:34:07 PDT 1991
35 nlang comments CB  
35 nlang missing CS
35 nlang duration_sec 0.7
35 nlang dc_offset 42
35 nlang min_samp -3362
35 nlang max_samp 2186
35 nlang min_power10 18.5
35 nlang max_power90 58.5
35 clang missing nothing
35 clang duration_sec 1.2
35 clang dc_offset 42
35 clang min_samp -2690
35 clang max_samp 2046
35 clang min_power10 20.7
35 clang max_power90 57.0
35 dowk comments BN  
35 dowk missing nothing
35 dowk duration_sec 6.7
35 dowk dc_offset 42
35 dowk min_samp -3390
35 dowk max_samp 2778
35 dowk min_power10 19.7
35 dowk max_power90 54.2
35 nums missing nothing
35 nums duration_sec 8.5
35 nums dc_offset 42
35 nums min_samp -2802
35 nums max_samp 2338
35 nums min_power10 18.9
35 nums max_power90 52.9
35 htl comments BN CE  
35 htl missing CS
35 htl duration_sec 9.1
35 htl dc_offset 42
35 htl min_samp -1754
35 htl max_samp 2106
35 htl min_power10 20.3
35 htl max_power90 54.9
35 htc comments BN  
35 htc missing nothing
35 htc duration_sec 8.2
35 htc dc_offset 42
35 htc min_samp -2110
35 htc max_samp 1710
35 htc min_power10 19.9
35 htc max_power90 52.8
35 room comments BN CE  
35 room missing CS
35 room duration_sec 10.1
35 room dc_offset 42
35 room min_samp -2838
35 room max_samp 2766
35 room min_power10 19.7
35 room max_power90 54.5
35 meal missing nothing
35 meal duration_sec 6.2
35 meal dc_offset 42
35 meal min_samp -3366
35 meal max_samp 3046
35 meal min_power10 19.6
35 meal max_power90 56.1
35 story-bt comments BN SS  
35 story-bt missing nothing
35 story-bt duration_sec 44.6
35 story-bt dc_offset 42
35 story-bt min_samp -2162
35 story-bt max_samp 1822
35 story-bt min_power10 18.8
35 story-bt max_power90 51.2
35 story-at comments SS  
35 story-at missing nothing
35 story-at duration_sec 5.6
35 story-at dc_offset 42
35 story-at min_samp -1002
35 story-at max_samp 1090
35 story-at min_power10 20.8
35 story-at max_power90 49.3
35 gender female
35 age adult
35 connection average
35 intelligibility ok
