43 labeler khoward
43 label_date Mon Aug 26 10:04:13 PDT 1991
43 nlang missing nothing
43 nlang duration_sec 0.8
43 nlang dc_offset 42
43 nlang min_samp -3382
43 nlang max_samp 3038
43 nlang min_power10 20.0
43 nlang max_power90 59.0
43 clang comments EN  
43 clang missing nothing
43 clang duration_sec 1.0
43 clang dc_offset 42
43 clang min_samp -1830
43 clang max_samp 1918
43 clang min_power10 21.2
43 clang max_power90 54.1
43 dowk missing nothing
43 dowk duration_sec 6.6
43 dowk dc_offset 42
43 dowk min_samp -2814
43 dowk max_samp 2526
43 dowk min_power10 18.5
43 dowk max_power90 50.8
43 nums missing nothing
43 nums duration_sec 8.2
43 nums dc_offset 42
43 nums min_samp -4662
43 nums max_samp 3446
43 nums min_power10 18.8
43 nums max_power90 50.2
43 htl missing nothing
43 htl duration_sec 5.4
43 htl dc_offset 42
43 htl min_samp -4658
43 htl max_samp 3250
43 htl min_power10 19.2
43 htl max_power90 52.4
43 htc missing nothing
43 htc duration_sec 4.8
43 htc dc_offset 42
43 htc min_samp -2838
43 htc max_samp 2306
43 htc min_power10 19.4
43 htc max_power90 48.0
43 gender male
43 age adult
43 connection average
43 intelligibility ok
