51 labeler khoward
51 label_date Thu Aug 29 11:40:53 PDT 1991
51 nlang comments EN  
51 nlang missing nothing
51 nlang duration_sec 1.3
51 nlang dc_offset 42
51 nlang min_samp -1610
51 nlang max_samp 1970
51 nlang min_power10 18.2
51 nlang max_power90 50.5
51 clang comments CE ES  
51 clang missing CS
51 clang duration_sec 0.9
51 clang dc_offset 42
51 clang min_samp -1766
51 clang max_samp 3270
51 clang min_power10 16.9
51 clang max_power90 56.6
51 dowk missing nothing
51 dowk duration_sec 4.6
51 dowk dc_offset 42
51 dowk min_samp -1218
51 dowk max_samp 2278
51 dowk min_power10 21.7
51 dowk max_power90 50.5
51 nums comments EN  
51 nums missing nothing
51 nums duration_sec 4.7
51 nums dc_offset 42
51 nums min_samp -1426
51 nums max_samp 1918
51 nums min_power10 19.8
51 nums max_power90 49.8
51 htl comments CE EN  
51 htl missing CS
51 htl duration_sec 8.0
51 htl dc_offset 42
51 htl min_samp -1966
51 htl max_samp 3014
51 htl min_power10 27.1
51 htl max_power90 53.9
51 htc comments BN EN CE  
51 htc missing CS
51 htc duration_sec 8.0
51 htc dc_offset 42
51 htc min_samp -2326
51 htc max_samp 3278
51 htc min_power10 24.9
51 htc max_power90 55.0
51 room comments EN CE  
51 room missing CS
51 room duration_sec 10.6
51 room dc_offset 42
51 room min_samp -1770
51 room max_samp 2742
51 room min_power10 25.3
51 room max_power90 53.1
51 meal comments EN  
51 meal missing nothing
51 meal duration_sec 9.0
51 meal dc_offset 42
51 meal min_samp -2118
51 meal max_samp 3646
51 meal min_power10 25.5
51 meal max_power90 53.1
51 story-bt comments EN CE SS  
51 story-bt missing CS
51 story-bt duration_sec 48.0
51 story-bt dc_offset 42
51 story-bt min_samp -2554
51 story-bt max_samp 3718
51 story-bt min_power10 24.4
51 story-bt max_power90 53.6
51 story-at comments EN CB SS  
51 story-at missing CS
51 story-at duration_sec 4.0
51 story-at dc_offset 42
51 story-at min_samp -1626
51 story-at max_samp 2422
51 story-at min_power10 26.1
51 story-at max_power90 53.4
51 gender female
51 age adult
51 connection average
51 intelligibility ok
