56 labeler khoward
56 label_date Thu Aug 29 13:53:21 PDT 1991
56 nlang missing nothing
56 nlang duration_sec 1.2
56 nlang dc_offset 42
56 nlang min_samp -3670
56 nlang max_samp 3886
56 nlang min_power10 18.1
56 nlang max_power90 52.0
56 clang missing nothing
56 clang duration_sec 1.2
56 clang dc_offset 42
56 clang min_samp -1562
56 clang max_samp 1614
56 clang min_power10 17.7
56 clang max_power90 48.6
56 dowk missing nothing
56 dowk duration_sec 6.8
56 dowk dc_offset 42
56 dowk min_samp -2486
56 dowk max_samp 2354
56 dowk min_power10 20.8
56 dowk max_power90 48.9
56 nums comments CE  
56 nums missing 10
56 nums duration_sec 9.2
56 nums dc_offset 42
56 nums min_samp -1694
56 nums max_samp 1978
56 nums min_power10 15.7
56 nums max_power90 43.4
56 htl comments CE  
56 htl missing CS
56 htl duration_sec 9.3
56 htl dc_offset 42
56 htl min_samp -2618
56 htl max_samp 3302
56 htl min_power10 23.0
56 htl max_power90 51.0
56 htc missing nothing
56 htc duration_sec 4.9
56 htc dc_offset 42
56 htc min_samp -2286
56 htc max_samp 3742
56 htc min_power10 23.0
56 htc max_power90 50.7
56 room comments CE  
56 room missing CS
56 room duration_sec 11.2
56 room dc_offset 42
56 room min_samp -1882
56 room max_samp 2666
56 room min_power10 17.9
56 room max_power90 48.7
56 meal missing nothing
56 meal duration_sec 7.3
56 meal dc_offset 42
56 meal min_samp -2422
56 meal max_samp 2990
56 meal min_power10 20.1
56 meal max_power90 48.4
56 story-bt comments SS CE  
56 story-bt missing CS
56 story-bt duration_sec 49.2
56 story-bt dc_offset 42
56 story-bt min_samp -2418
56 story-bt max_samp 3274
56 story-bt min_power10 21.5
56 story-bt max_power90 47.6
56 story-at comments SS  
56 story-at missing nothing
56 story-at duration_sec 7.5
56 story-at dc_offset 42
56 story-at min_samp -1762
56 story-at max_samp 2274
56 story-at min_power10 17.5
56 story-at max_power90 44.7
56 gender male
56 age adult
56 connection good
56 intelligibility ok
