59 labeler khoward
59 label_date Sat Sep  7 11:31:39 PDT 1991
59 nlang comments ES  
59 nlang missing nothing
59 nlang duration_sec 2.0
59 nlang dc_offset 42
59 nlang min_samp -5110
59 nlang max_samp 8738
59 nlang min_power10 20.8
59 nlang max_power90 57.9
59 clang comments CE ES  
59 clang missing CS
59 clang duration_sec 2.3
59 clang dc_offset 42
59 clang min_samp -2330
59 clang max_samp 2942
59 clang min_power10 19.2
59 clang max_power90 54.4
59 dowk comments BN  
59 dowk missing nothing
59 dowk duration_sec 6.7
59 dowk dc_offset 42
59 dowk min_samp -2634
59 dowk max_samp 4694
59 dowk min_power10 19.0
59 dowk max_power90 51.9
59 nums missing nothing
59 nums duration_sec 9.8
59 nums dc_offset 42
59 nums min_samp -4770
59 nums max_samp 7710
59 nums min_power10 18.7
59 nums max_power90 52.9
59 htl comments CE  
59 htl missing CS
59 htl duration_sec 8.4
59 htl dc_offset 42
59 htl min_samp -3058
59 htl max_samp 3986
59 htl min_power10 18.6
59 htl max_power90 53.3
59 htc comments BN EN CE  
59 htc missing CS
59 htc duration_sec 8.6
59 htc dc_offset 42
59 htc min_samp -3822
59 htc max_samp 4654
59 htc min_power10 17.8
59 htc max_power90 51.3
59 room comments BN CE EN  
59 room missing CS
59 room duration_sec 9.8
59 room dc_offset 42
59 room min_samp -2726
59 room max_samp 3846
59 room min_power10 21.3
59 room max_power90 53.1
59 meal comments BN CE EN  
59 meal missing nothing
59 meal duration_sec 9.0
59 meal dc_offset 42
59 meal min_samp -3218
59 meal max_samp 4250
59 meal min_power10 22.8
59 meal max_power90 57.0
59 story-bt comments BN SS  
59 story-bt missing nothing
59 story-bt duration_sec 48.6
59 story-bt dc_offset 42
59 story-bt min_samp -4774
59 story-bt max_samp 5934
59 story-bt min_power10 20.3
59 story-bt max_power90 51.1
59 story-at comments SS  
59 story-at missing nothing
59 story-at duration_sec 10.0
59 story-at dc_offset 42
59 story-at min_samp -2426
59 story-at max_samp 2446
59 story-at min_power10 19.7
59 story-at max_power90 48.5
59 gender male
59 age adult
59 connection average
59 intelligibility ok
