52 labeler khoward
52 label_date Thu Aug 29 12:14:47 PDT 1991
52 nlang comments EN  
52 nlang missing nothing
52 nlang duration_sec 1.0
52 nlang dc_offset 42
52 nlang min_samp -4110
52 nlang max_samp 6146
52 nlang min_power10 24.2
52 nlang max_power90 58.9
52 clang comments EN  
52 clang missing nothing
52 clang duration_sec 1.1
52 clang dc_offset 42
52 clang min_samp -2502
52 clang max_samp 2058
52 clang min_power10 25.3
52 clang max_power90 56.1
52 dowk comments CB EN  
52 dowk missing Monday
52 dowk duration_sec 6.7
52 dowk dc_offset 42
52 dowk min_samp -4362
52 dowk max_samp 4510
52 dowk min_power10 24.6
52 dowk max_power90 52.2
52 nums comments CE EN  
52 nums missing 9 10
52 nums duration_sec 8.7
52 nums dc_offset 42
52 nums min_samp -3118
52 nums max_samp 3178
52 nums min_power10 24.2
52 nums max_power90 53.1
52 htl comments EN  
52 htl missing nothing
52 htl duration_sec 8.5
52 htl dc_offset 42
52 htl min_samp -4286
52 htl max_samp 4390
52 htl min_power10 26.4
52 htl max_power90 50.8
52 htc comments EN  
52 htc missing nothing
52 htc duration_sec 7.4
52 htc dc_offset 42
52 htc min_samp -2822
52 htc max_samp 3402
52 htc min_power10 28.0
52 htc max_power90 56.0
52 room comments EN  
52 room missing nothing
52 room duration_sec 9.6
52 room dc_offset 42
52 room min_samp -2390
52 room max_samp 2498
52 room min_power10 27.6
52 room max_power90 53.0
52 meal comments EN  
52 meal missing nothing
52 meal duration_sec 3.4
52 meal dc_offset 42
52 meal min_samp -6262
52 meal max_samp 6762
52 meal min_power10 27.3
52 meal max_power90 54.8
52 story-bt comments CE EN SS  
52 story-bt missing CS
52 story-bt duration_sec 46.5
52 story-bt dc_offset 42
52 story-bt min_samp -4590
52 story-bt max_samp 5278
52 story-bt min_power10 25.4
52 story-bt max_power90 53.2
52 story-at comments CB EN SS  
52 story-at missing CS
52 story-at duration_sec 1.6
52 story-at dc_offset 42
52 story-at min_samp -2438
52 story-at max_samp 2222
52 story-at min_power10 26.2
52 story-at max_power90 48.4
52 gender male
52 age adult
52 connection average
52 intelligibility ok
