64 labeler khoward
64 label_date Fri Nov 29 09:13:31 PST 1991
64 nlang missing nothing
64 nlang duration_sec 1.0
64 nlang dc_offset 43
64 nlang min_samp -1851
64 nlang max_samp 2685
64 nlang min_power10 17.2
64 nlang max_power90 52.5
64 clang comments BN  
64 clang missing nothing
64 clang duration_sec 0.7
64 clang dc_offset 43
64 clang min_samp -991
64 clang max_samp 1401
64 clang min_power10 17.6
64 clang max_power90 47.9
64 dowk missing nothing
64 dowk duration_sec 6.5
64 dowk dc_offset 43
64 dowk min_samp -1319
64 dowk max_samp 1509
64 dowk min_power10 15.9
64 dowk max_power90 46.1
64 nums missing nothing
64 nums duration_sec 9.6
64 nums dc_offset 43
64 nums min_samp -1923
64 nums max_samp 2045
64 nums min_power10 15.5
64 nums max_power90 45.0
64 htl comments EN  
64 htl missing nothing
64 htl duration_sec 4.6
64 htl dc_offset 43
64 htl min_samp -715
64 htl max_samp 801
64 htl min_power10 17.8
64 htl max_power90 46.0
64 htc comments EN  
64 htc missing nothing
64 htc duration_sec 7.1
64 htc dc_offset 43
64 htc min_samp -475
64 htc max_samp 677
64 htc min_power10 16.6
64 htc max_power90 42.7
64 room comments EN  
64 room missing nothing
64 room duration_sec 9.7
64 room dc_offset 43
64 room min_samp -731
64 room max_samp 969
64 room min_power10 16.2
64 room max_power90 43.8
64 meal comments CE  
64 meal missing CS
64 meal duration_sec 8.3
64 meal dc_offset 43
64 meal min_samp -1323
64 meal max_samp 1641
64 meal min_power10 16.2
64 meal max_power90 41.4
64 story-bt comments EN SS  
64 story-bt missing nothing
64 story-bt duration_sec 47.1
64 story-bt dc_offset 43
64 story-bt min_samp -999
64 story-bt max_samp 921
64 story-bt min_power10 16.7
64 story-bt max_power90 40.1
64 story-at comments SS  
64 story-at missing nothing
64 story-at duration_sec 1.3
64 story-at dc_offset 43
64 story-at min_samp -567
64 story-at max_samp 541
64 story-at min_power10 16.0
64 story-at max_power90 40.4
64 gender male
64 age adult
64 connection poor
64 intelligibility ok
