62 labeler khoward
62 label_date Wed Nov 27 18:39:11 PST 1991
62 nlang missing nothing
62 nlang duration_sec 1.1
62 nlang dc_offset 43
62 nlang min_samp -7803
62 nlang max_samp 8209
62 nlang min_power10 20.6
62 nlang max_power90 63.2
62 clang missing nothing
62 clang duration_sec 1.5
62 clang dc_offset 43
62 clang min_samp -11047
62 clang max_samp 10509
62 clang min_power10 26.6
62 clang max_power90 64.5
62 dowk missing nothing
62 dowk duration_sec 4.4
62 dowk dc_offset 43
62 dowk min_samp -14679
62 dowk max_samp 13441
62 dowk min_power10 28.4
62 dowk max_power90 63.3
62 nums comments BN  
62 nums missing nothing
62 nums duration_sec 5.9
62 nums dc_offset 43
62 nums min_samp -12327
62 nums max_samp 10765
62 nums min_power10 22.3
62 nums max_power90 65.4
62 htl comments CE EN  
62 htl missing CS
62 htl duration_sec 9.1
62 htl dc_offset 43
62 htl min_samp -8039
62 htl max_samp 7781
62 htl min_power10 22.9
62 htl max_power90 59.6
62 htc missing nothing
62 htc duration_sec 1.3
62 htc dc_offset 43
62 htc min_samp -6215
62 htc max_samp 6161
62 htc min_power10 21.0
62 htc max_power90 61.9
62 room comments BN  
62 room missing nothing
62 room duration_sec 5.7
62 room dc_offset 43
62 room min_samp -12559
62 room max_samp 12497
62 room min_power10 21.5
62 room max_power90 58.8
62 meal comments BN  
62 meal missing nothing
62 meal duration_sec 3.9
62 meal dc_offset 43
62 meal min_samp -4783
62 meal max_samp 5153
62 meal min_power10 21.1
62 meal max_power90 60.9
62 story-bt comments BN SNL SS  
62 story-bt missing nothing
62 story-bt duration_sec 49.1
62 story-bt dc_offset 43
62 story-bt min_samp -10407
62 story-bt max_samp 8913
62 story-bt min_power10 24.2
62 story-bt max_power90 58.2
62 story-at comments BN SS 
62 story-at missing nothing
62 story-at duration_sec 5.8
62 story-at dc_offset 43
62 story-at min_samp -2715
62 story-at max_samp 3005
62 story-at min_power10 22.9
62 story-at max_power90 50.5
62 gender male
62 age adult
62 connection average
62 intelligibility ok
