67 labeler khoward
67 label_date Fri Nov 29 12:15:59 PST 1991
67 nlang comments BN  
67 nlang missing nothing
67 nlang duration_sec 1.3
67 nlang dc_offset 43
67 nlang min_samp -5431
67 nlang max_samp 5413
67 nlang min_power10 14.0
67 nlang max_power90 61.5
67 clang missing nothing
67 clang duration_sec 1.1
67 clang dc_offset 43
67 clang min_samp -6607
67 clang max_samp 6537
67 clang min_power10 14.6
67 clang max_power90 59.6
67 dowk missing nothing
67 dowk duration_sec 7.3
67 dowk dc_offset 43
67 dowk min_samp -6167
67 dowk max_samp 5629
67 dowk min_power10 14.1
67 dowk max_power90 59.8
67 nums missing nothing
67 nums duration_sec 9.5
67 nums dc_offset 43
67 nums min_samp -4379
67 nums max_samp 5245
67 nums min_power10 13.7
67 nums max_power90 58.9
67 htl comments CE  
67 htl missing CS
67 htl duration_sec 9.0
67 htl dc_offset 43
67 htl min_samp -4847
67 htl max_samp 4925
67 htl min_power10 18.8
67 htl max_power90 60.8
67 htc comments BN CE  
67 htc missing CS
67 htc duration_sec 9.0
67 htc dc_offset 43
67 htc min_samp -5687
67 htc max_samp 5869
67 htc min_power10 15.1
67 htc max_power90 59.8
67 room missing nothing
67 room duration_sec 10.8
67 room dc_offset 43
67 room min_samp -4455
67 room max_samp 4909
67 room min_power10 24.0
67 room max_power90 59.0
67 meal missing nothing
67 meal duration_sec 3.0
67 meal dc_offset 43
67 meal min_samp -2583
67 meal max_samp 2653
67 meal min_power10 22.0
67 meal max_power90 57.9
67 story-bt comments CE SS  
67 story-bt missing CS
67 story-bt duration_sec 48.1
67 story-bt dc_offset 43
67 story-bt min_samp -5775
67 story-bt max_samp 5785
67 story-bt min_power10 22.5
67 story-bt max_power90 60.3
67 story-at comments CB SS  
67 story-at missing CS
67 story-at duration_sec 5.7
67 story-at dc_offset 43
67 story-at min_samp -4431
67 story-at max_samp 4929
67 story-at min_power10 15.9
67 story-at max_power90 60.9
67 gender male
67 age adult
67 connection good
67 intelligibility ok
