72 labeler khoward
72 label_date Fri Nov 29 13:48:47 PST 1991
72 nlang missing nothing
72 nlang duration_sec 1.3
72 nlang dc_offset 42
72 nlang min_samp -1306
72 nlang max_samp 1234
72 nlang min_power10 13.6
72 nlang max_power90 47.5
72 clang missing nothing
72 clang duration_sec 1.1
72 clang dc_offset 42
72 clang min_samp -1322
72 clang max_samp 1190
72 clang min_power10 13.5
72 clang max_power90 49.0
72 dowk missing nothing
72 dowk duration_sec 4.2
72 dowk dc_offset 42
72 dowk min_samp -1234
72 dowk max_samp 1702
72 dowk min_power10 15.6
72 dowk max_power90 45.7
72 nums missing nothing
72 nums duration_sec 6.2
72 nums dc_offset 42
72 nums min_samp -990
72 nums max_samp 1022
72 nums min_power10 14.7
72 nums max_power90 46.2
72 htl comments BN CE  
72 htl missing CS
72 htl duration_sec 8.7
72 htl dc_offset 42
72 htl min_samp -2550
72 htl max_samp 2962
72 htl min_power10 16.1
72 htl max_power90 50.2
72 htc comments CE  
72 htc missing CS
72 htc duration_sec 7.4
72 htc dc_offset 42
72 htc min_samp -2598
72 htc max_samp 2574
72 htc min_power10 14.9
72 htc max_power90 53.6
72 room missing nothing
72 room duration_sec 9.2
72 room dc_offset 42
72 room min_samp -1602
72 room max_samp 1554
72 room min_power10 18.2
72 room max_power90 48.2
72 meal comments CE  
72 meal missing CS
72 meal duration_sec 3.7
72 meal dc_offset 42
72 meal min_samp -1338
72 meal max_samp 1290
72 meal min_power10 23.8
72 meal max_power90 47.2
72 story-bt comments CE SS
72 story-bt missing CS
72 story-bt duration_sec 49.1
72 story-bt dc_offset 42
72 story-bt min_samp -3862
72 story-bt max_samp 3670
72 story-bt min_power10 22.9
72 story-bt max_power90 52.9
72 story-at comments CE SS 
72 story-at missing CS
72 story-at duration_sec 4.5
72 story-at dc_offset 42
72 story-at min_samp -2146
72 story-at max_samp 2242
72 story-at min_power10 18.6
72 story-at max_power90 53.5
72 gender male
72 age adult
72 connection average
72 intelligibility ok
