75 labeler khoward
75 label_date Fri Nov 29 15:58:25 PST 1991
75 nlang missing nothing
75 nlang duration_sec 1.4
75 nlang dc_offset 42
75 nlang min_samp -13610
75 nlang max_samp 10678
75 nlang min_power10 24.1
75 nlang max_power90 65.4
75 clang comments ES  
75 clang missing nothing
75 clang duration_sec 1.5
75 clang dc_offset 42
75 clang min_samp -7586
75 clang max_samp 8870
75 clang min_power10 19.3
75 clang max_power90 59.4
75 dowk comments BN  
75 dowk missing nothing
75 dowk duration_sec 6.2
75 dowk dc_offset 42
75 dowk min_samp -13530
75 dowk max_samp 12126
75 dowk min_power10 30.1
75 dowk max_power90 68.3
75 nums missing nothing
75 nums duration_sec 8.1
75 nums dc_offset 42
75 nums min_samp -14726
75 nums max_samp 10678
75 nums min_power10 20.1
75 nums max_power90 62.7
75 htl missing nothing
75 htl duration_sec 6.5
75 htl dc_offset 42
75 htl min_samp -15814
75 htl max_samp 14406
75 htl min_power10 22.4
75 htl max_power90 62.0
75 htc missing nothing
75 htc duration_sec 8.2
75 htc dc_offset 42
75 htc min_samp -12358
75 htc max_samp 10478
75 htc min_power10 20.4
75 htc max_power90 63.2
75 room missing nothing
75 room duration_sec 11.3
75 room dc_offset 42
75 room min_samp -11846
75 room max_samp 9766
75 room min_power10 18.2
75 room max_power90 61.8
75 meal comments CB CE  
75 meal missing CS
75 meal duration_sec 2.1
75 meal dc_offset 42
75 meal min_samp -9046
75 meal max_samp 7854
75 meal min_power10 28.4
75 meal max_power90 65.6
75 story-bt comments CE SS  
75 story-bt missing CS
75 story-bt duration_sec 28.8
75 story-bt dc_offset 42
75 story-bt min_samp -16090
75 story-bt max_samp 17634
75 story-bt min_power10 23.9
75 story-bt max_power90 62.3
75 story-at comments CB SS  
75 story-at missing CS
75 story-at duration_sec 4.1
75 story-at dc_offset 42
75 story-at min_samp -10470
75 story-at max_samp 10734
75 story-at min_power10 20.2
75 story-at max_power90 61.9
75 gender male
75 age adult
75 connection good
75 intelligibility ok
