74 labeler khoward
74 label_date Fri Nov 29 14:45:21 PST 1991
74 nlang comments BN  
74 nlang missing nothing
74 nlang duration_sec 1.1
74 nlang dc_offset 42
74 nlang min_samp -2022
74 nlang max_samp 1746
74 nlang min_power10 27.2
74 nlang max_power90 47.9
74 clang missing nothing
74 clang duration_sec 0.8
74 clang dc_offset 42
74 clang min_samp -3022
74 clang max_samp 3882
74 clang min_power10 27.2
74 clang max_power90 59.0
74 dowk missing nothing
74 dowk duration_sec 6.0
74 dowk dc_offset 42
74 dowk min_samp -4246
74 dowk max_samp 4214
74 dowk min_power10 27.8
74 dowk max_power90 58.5
74 nums missing nothing
74 nums duration_sec 9.0
74 nums dc_offset 42
74 nums min_samp -4634
74 nums max_samp 5054
74 nums min_power10 27.1
74 nums max_power90 60.2
74 htl missing nothing
74 htl duration_sec 7.7
74 htl dc_offset 42
74 htl min_samp -4290
74 htl max_samp 4326
74 htl min_power10 27.4
74 htl max_power90 59.2
74 htc missing nothing
74 htc duration_sec 5.1
74 htc dc_offset 42
74 htc min_samp -4514
74 htc max_samp 6326
74 htc min_power10 27.9
74 htc max_power90 61.4
74 room missing nothing
74 room duration_sec 7.2
74 room dc_offset 42
74 room min_samp -4082
74 room max_samp 3910
74 room min_power10 27.3
74 room max_power90 59.2
74 meal missing nothing
74 meal duration_sec 5.1
74 meal dc_offset 42
74 meal min_samp -4326
74 meal max_samp 4010
74 meal min_power10 27.8
74 meal max_power90 59.1
74 story-bt comments SS  
74 story-bt missing nothing
74 story-bt duration_sec 47.0
74 story-bt dc_offset 42
74 story-bt min_samp -5510
74 story-bt max_samp 4350
74 story-bt min_power10 27.7
74 story-bt max_power90 55.6
74 story-at comments SS  
74 story-at missing nothing
74 story-at duration_sec 4.4
74 story-at dc_offset 42
74 story-at min_samp -4946
74 story-at max_samp 5502
74 story-at min_power10 27.5
74 story-at max_power90 52.9
74 gender male
74 age adult
74 connection average
74 intelligibility ok
