71 labeler khoward
71 label_date Fri Nov 29 13:36:04 PST 1991
71 nlang missing nothing
71 nlang duration_sec 1.1
71 nlang dc_offset 42
71 nlang min_samp -1522
71 nlang max_samp 1602
71 nlang min_power10 15.9
71 nlang max_power90 48.6
71 clang missing nothing
71 clang duration_sec 0.7
71 clang dc_offset 42
71 clang min_samp -1458
71 clang max_samp 1630
71 clang min_power10 15.0
71 clang max_power90 51.9
71 dowk missing nothing
71 dowk duration_sec 4.6
71 dowk dc_offset 42
71 dowk min_samp -998
71 dowk max_samp 1106
71 dowk min_power10 15.5
71 dowk max_power90 42.8
71 nums missing nothing
71 nums duration_sec 4.7
71 nums dc_offset 42
71 nums min_samp -1162
71 nums max_samp 1094
71 nums min_power10 15.2
71 nums max_power90 43.7
71 htl comments CE  
71 htl missing CS
71 htl duration_sec 7.2
71 htl dc_offset 42
71 htl min_samp -1114
71 htl max_samp 1166
71 htl min_power10 15.8
71 htl max_power90 44.0
71 htc missing nothing
71 htc duration_sec 4.3
71 htc dc_offset 42
71 htc min_samp -1266
71 htc max_samp 1518
71 htc min_power10 14.8
71 htc max_power90 43.1
71 room missing nothing
71 room duration_sec 9.3
71 room dc_offset 42
71 room min_samp -1618
71 room max_samp 2102
71 room min_power10 14.7
71 room max_power90 46.6
71 meal comments CE  
71 meal missing CS
71 meal duration_sec 6.9
71 meal dc_offset 42
71 meal min_samp -1554
71 meal max_samp 1422
71 meal min_power10 14.5
71 meal max_power90 44.6
71 story-bt comments CE SS  
71 story-bt missing CS
71 story-bt duration_sec 49.1
71 story-bt dc_offset 42
71 story-bt min_samp -2102
71 story-bt max_samp 2990
71 story-bt min_power10 14.4
71 story-bt max_power90 41.8
71 story-at comments SS  
71 story-at missing nothing
71 story-at duration_sec 3.9
71 story-at dc_offset 42
71 story-at min_samp -658
71 story-at max_samp 802
71 story-at min_power10 17.6
71 story-at max_power90 43.4
71 gender male
71 age adult
71 connection average
71 intelligibility ok
