83 labeler ames
83 label_date Sun Dec 22 15:12:04 PST 1991
83 nlang comments EN  
83 nlang missing nothing
83 nlang duration_sec 1.0
83 nlang dc_offset 42
83 nlang min_samp -1946
83 nlang max_samp 2634
83 nlang min_power10 17.7
83 nlang max_power90 49.5
83 clang comments EN  
83 clang missing nothing
83 clang duration_sec 1.1
83 clang dc_offset 42
83 clang min_samp -2098
83 clang max_samp 3254
83 clang min_power10 18.1
83 clang max_power90 48.8
83 dowk comments EN  
83 dowk missing nothing
83 dowk duration_sec 7.4
83 dowk dc_offset 42
83 dowk min_samp -3142
83 dowk max_samp 3178
83 dowk min_power10 18.2
83 dowk max_power90 48.1
83 nums comments EN  
83 nums missing nothing
83 nums duration_sec 8.7
83 nums dc_offset 42
83 nums min_samp -1894
83 nums max_samp 2646
83 nums min_power10 17.4
83 nums max_power90 46.6
83 htl comments CE EN  
83 htl missing cs
83 htl duration_sec 9.1
83 htl dc_offset 42
83 htl min_samp -1942
83 htl max_samp 2878
83 htl min_power10 18.2
83 htl max_power90 49.2
83 htc comments CE EN  
83 htc missing cs
83 htc duration_sec 8.5
83 htc dc_offset 42
83 htc min_samp -4118
83 htc max_samp 4386
83 htc min_power10 18.3
83 htc max_power90 51.6
83 room comments EN  
83 room missing nothing
83 room duration_sec 9.8
83 room dc_offset 42
83 room min_samp -2614
83 room max_samp 3202
83 room min_power10 16.9
83 room max_power90 50.6
83 meal comments EN SNL  
83 meal missing nothing
83 meal duration_sec 7.9
83 meal dc_offset 42
83 meal min_samp -2146
83 meal max_samp 2742
83 meal min_power10 18.1
83 meal max_power90 50.6
83 story-bt comments CE EN SS  
83 story-bt missing cs
83 story-bt duration_sec 47.3
83 story-bt dc_offset 42
83 story-bt min_samp -3778
83 story-bt max_samp 4242
83 story-bt min_power10 18.0
83 story-bt max_power90 48.7
83 story-at comments EN  
83 story-at missing nothing
83 story-at duration_sec 0.9
83 story-at dc_offset 42
83 story-at min_samp -806
83 story-at max_samp 1142
83 story-at min_power10 17.1
83 story-at max_power90 41.3
83 gender male
83 age adult
83 connection poor
83 intelligibility ok
