94 labeler khoward
94 label_date Fri Jun 12 09:46:20 PDT 1992
94 nlang missing nothing
94 nlang duration_sec 1.0
94 nlang dc_offset 43
94 nlang min_samp -1303
94 nlang max_samp 1213
94 nlang min_power10 18.9
94 nlang max_power90 49.1
94 clang missing nothing
94 clang duration_sec 1.4
94 clang dc_offset 43
94 clang min_samp -2635
94 clang max_samp 2861
94 clang min_power10 17.2
94 clang max_power90 50.1
94 dowk missing nothing
94 dowk duration_sec 6.4
94 dowk dc_offset 43
94 dowk min_samp -1495
94 dowk max_samp 2041
94 dowk min_power10 20.2
94 dowk max_power90 47.8
94 nums comments CE  
94 nums missing 10
94 nums duration_sec 8.7
94 nums dc_offset 43
94 nums min_samp -1391
94 nums max_samp 1381
94 nums min_power10 17.5
94 nums max_power90 48.0
94 htl comments CE  
94 htl missing CS
94 htl duration_sec 7.9
94 htl dc_offset 43
94 htl min_samp -1359
94 htl max_samp 1981
94 htl min_power10 25.7
94 htl max_power90 48.3
94 htc missing nothing
94 htc duration_sec 5.9
94 htc dc_offset 43
94 htc min_samp -3287
94 htc max_samp 2589
94 htc min_power10 18.4
94 htc max_power90 48.1
94 room comments CE  
94 room missing CS
94 room duration_sec 6.9
94 room dc_offset 43
94 room min_samp -859
94 room max_samp 889
94 room min_power10 21.5
94 room max_power90 45.1
94 meal comments EN  
94 meal missing nothing
94 meal duration_sec 8.1
94 meal dc_offset 43
94 meal min_samp -735
94 meal max_samp 717
94 meal min_power10 21.0
94 meal max_power90 44.8
94 gender female
94 age adult
94 connection average
94 intelligibility ok
