99 labeler khoward
99 label_date Fri Jun 12 14:33:30 PDT 1992
99 nlang comments ES  
99 nlang missing nothing
99 nlang duration_sec 2.1
99 nlang dc_offset 42
99 nlang min_samp -1978
99 nlang max_samp 2274
99 nlang min_power10 18.3
99 nlang max_power90 52.5
99 clang comments ES  
99 clang missing nothing
99 clang duration_sec 2.1
99 clang dc_offset 42
99 clang min_samp -1614
99 clang max_samp 2374
99 clang min_power10 17.7
99 clang max_power90 50.9
99 dowk missing nothing
99 dowk duration_sec 4.5
99 dowk dc_offset 42
99 dowk min_samp -1178
99 dowk max_samp 1134
99 dowk min_power10 18.7
99 dowk max_power90 48.0
99 nums missing nothing
99 nums duration_sec 9.3
99 nums dc_offset 42
99 nums min_samp -2022
99 nums max_samp 2142
99 nums min_power10 16.8
99 nums max_power90 51.0
99 htl missing nothing
99 htl duration_sec 8.6
99 htl dc_offset 42
99 htl min_samp -2426
99 htl max_samp 2298
99 htl min_power10 18.9
99 htl max_power90 48.0
99 htc comments CE  
99 htc missing CS
99 htc duration_sec 8.4
99 htc dc_offset 42
99 htc min_samp -1014
99 htc max_samp 854
99 htc min_power10 17.5
99 htc max_power90 44.3
99 room comments SNL  
99 room missing nothing
99 room duration_sec 10.7
99 room dc_offset 42
99 room min_samp -910
99 room max_samp 826
99 room min_power10 17.5
99 room max_power90 44.6
99 meal missing nothing
99 meal duration_sec 8.9
99 meal dc_offset 42
99 meal min_samp -438
99 meal max_samp 438
99 meal min_power10 17.1
99 meal max_power90 39.3
99 story-bt comments SS  
99 story-bt missing nothing
99 story-bt duration_sec 46.9
99 story-bt dc_offset 42
99 story-bt min_samp -1650
99 story-bt max_samp 1646
99 story-bt min_power10 17.1
99 story-bt max_power90 41.9
99 story-at comments SS  
99 story-at missing nothing
99 story-at duration_sec 7.7
99 story-at dc_offset 42
99 story-at min_samp -614
99 story-at max_samp 666
99 story-at min_power10 19.7
99 story-at max_power90 42.5
99 gender male
99 age adult
99 connection average
99 intelligibility ok
