90 labeler khoward
90 label_date Tue Dec 24 10:57:35 PST 1991
90 nlang missing nothing
90 nlang duration_sec 0.9
90 nlang dc_offset 42
90 nlang min_samp -742
90 nlang max_samp 1014
90 nlang min_power10 13.5
90 nlang max_power90 41.6
90 clang missing nothing
90 clang duration_sec 0.7
90 clang dc_offset 42
90 clang min_samp -2318
90 clang max_samp 1850
90 clang min_power10 15.9
90 clang max_power90 49.8
90 dowk comments BN  
90 dowk missing nothing
90 dowk duration_sec 6.5
90 dowk dc_offset 42
90 dowk min_samp -1270
90 dowk max_samp 1038
90 dowk min_power10 14.4
90 dowk max_power90 42.3
90 nums comments EN  
90 nums missing nothing
90 nums duration_sec 6.2
90 nums dc_offset 42
90 nums min_samp -2774
90 nums max_samp 3594
90 nums min_power10 13.8
90 nums max_power90 47.0
90 htl comments EN CE  
90 htl missing CS
90 htl duration_sec 6.7
90 htl dc_offset 42
90 htl min_samp -2310
90 htl max_samp 1894
90 htl min_power10 14.4
90 htl max_power90 45.0
90 htc comments CE EN  
90 htc missing CS
90 htc duration_sec 8.0
90 htc dc_offset 42
90 htc min_samp -3234
90 htc max_samp 2558
90 htc min_power10 13.9
90 htc max_power90 48.5
90 room comments EN  
90 room missing nothing
90 room duration_sec 10.5
90 room dc_offset 42
90 room min_samp -1510
90 room max_samp 1586
90 room min_power10 14.9
90 room max_power90 44.4
90 meal missing nothing
90 meal duration_sec 8.4
90 meal dc_offset 42
90 meal min_samp -5126
90 meal max_samp 4338
90 meal min_power10 18.2
90 meal max_power90 49.6
90 story-bt comments CE SS  
90 story-bt missing CS
90 story-bt duration_sec 48.0
90 story-bt dc_offset 42
90 story-bt min_samp -10518
90 story-bt max_samp 8594
90 story-bt min_power10 16.5
90 story-bt max_power90 48.9
90 story-at comments CE SS  
90 story-at missing CS
90 story-at duration_sec 4.5
90 story-at dc_offset 42
90 story-at min_samp -1906
90 story-at max_samp 2038
90 story-at min_power10 16.7
90 story-at max_power90 45.9
90 gender male
90 age adult
90 connection average
90 intelligibility ok
