104 labeler ames
104 label_date Mon Jun 15 17:31:40 PDT 1992
104 nlang comments EN  
104 nlang missing nothing
104 nlang duration_sec 1.1
104 nlang dc_offset 42
104 nlang min_samp -1702
104 nlang max_samp 2022
104 nlang min_power10 14.9
104 nlang max_power90 54.6
104 clang comments EN  
104 clang missing nothing
104 clang duration_sec 1.6
104 clang dc_offset 42
104 clang min_samp -2326
104 clang max_samp 2350
104 clang min_power10 16.3
104 clang max_power90 56.0
104 dowk comments EN  
104 dowk missing nothing
104 dowk duration_sec 3.4
104 dowk dc_offset 42
104 dowk min_samp -2310
104 dowk max_samp 2486
104 dowk min_power10 19.4
104 dowk max_power90 55.9
104 nums comments EN  
104 nums missing nothing
104 nums duration_sec 5.4
104 nums dc_offset 42
104 nums min_samp -2550
104 nums max_samp 2422
104 nums min_power10 16.3
104 nums max_power90 54.1
104 htl comments CE EN ES  
104 htl missing cs
104 htl duration_sec 8.1
104 htl dc_offset 42
104 htl min_samp -3394
104 htl max_samp 2782
104 htl min_power10 16.1
104 htl max_power90 54.4
104 htc comments EN  
104 htc missing nothing
104 htc duration_sec 8.3
104 htc dc_offset 42
104 htc min_samp -3174
104 htc max_samp 2734
104 htc min_power10 15.7
104 htc max_power90 51.3
104 room comments BN CE EN ES  
104 room missing cs
104 room duration_sec 10.7
104 room dc_offset 42
104 room min_samp -3538
104 room max_samp 2630
104 room min_power10 16.2
104 room max_power90 54.6
104 meal comments EN  
104 meal missing nothing
104 meal duration_sec 6.2
104 meal dc_offset 42
104 meal min_samp -2682
104 meal max_samp 2354
104 meal min_power10 15.6
104 meal max_power90 51.6
104 story-bt comments CE EN RS  
104 story-bt missing cs
104 story-bt duration_sec 48.5
104 story-bt dc_offset 42
104 story-bt min_samp -3862
104 story-bt max_samp 3542
104 story-bt min_power10 16.3
104 story-bt max_power90 55.2
104 gender female
104 age adult
104 connection average
104 intelligibility ok
