100 labeler khoward
100 label_date Fri Jun 12 14:44:29 PDT 1992
100 nlang missing nothing
100 nlang duration_sec 1.0
100 nlang dc_offset 42
100 nlang min_samp -2694
100 nlang max_samp 2158
100 nlang min_power10 12.4
100 nlang max_power90 55.6
100 clang missing nothing
100 clang duration_sec 0.8
100 clang dc_offset 42
100 clang min_samp -3282
100 clang max_samp 3470
100 clang min_power10 13.1
100 clang max_power90 56.6
100 dowk comments EN  
100 dowk missing nothing
100 dowk duration_sec 6.1
100 dowk dc_offset 42
100 dowk min_samp -3846
100 dowk max_samp 3622
100 dowk min_power10 13.5
100 dowk max_power90 53.1
100 nums missing nothing
100 nums duration_sec 6.6
100 nums dc_offset 42
100 nums min_samp -3422
100 nums max_samp 2966
100 nums min_power10 12.0
100 nums max_power90 53.7
100 htl missing nothing
100 htl duration_sec 9.1
100 htl dc_offset 42
100 htl min_samp -2306
100 htl max_samp 3178
100 htl min_power10 14.0
100 htl max_power90 53.0
100 htc missing nothing
100 htc duration_sec 7.3
100 htc dc_offset 42
100 htc min_samp -3702
100 htc max_samp 3110
100 htc min_power10 15.9
100 htc max_power90 55.7
100 room comments BN  
100 room missing nothing
100 room duration_sec 10.9
100 room dc_offset 42
100 room min_samp -4134
100 room max_samp 3750
100 room min_power10 16.7
100 room max_power90 57.1
100 meal comments CE  
100 meal missing CS
100 meal duration_sec 8.9
100 meal dc_offset 42
100 meal min_samp -3638
100 meal max_samp 3638
100 meal min_power10 12.4
100 meal max_power90 57.7
100 story-bt comments BN CE SS  
100 story-bt missing CS
100 story-bt duration_sec 46.6
100 story-bt dc_offset 42
100 story-bt min_samp -4886
100 story-bt max_samp 3522
100 story-bt min_power10 15.5
100 story-bt max_power90 55.4
100 story-at comments CB SS  
100 story-at missing CS
100 story-at duration_sec 1.5
100 story-at dc_offset 42
100 story-at min_samp -2834
100 story-at max_samp 2390
100 story-at min_power10 11.7
100 story-at max_power90 49.6
100 gender female
100 age adult
100 connection average
100 intelligibility ok
