114 labeler ames
114 label_date Mon Jan 27 18:24:36 PST 1992
114 nlang comments EN  
114 nlang missing nothing
114 nlang duration_sec 1.5
114 nlang dc_offset 42
114 nlang min_samp -2318
114 nlang max_samp 1918
114 nlang min_power10 16.4
114 nlang max_power90 49.1
114 clang comments EN  
114 clang missing nothing
114 clang duration_sec 2.4
114 clang dc_offset 42
114 clang min_samp -4142
114 clang max_samp 3742
114 clang min_power10 16.9
114 clang max_power90 52.7
114 dowk comments EN  
114 dowk missing nothing
114 dowk duration_sec 5.9
114 dowk dc_offset 42
114 dowk min_samp -742
114 dowk max_samp 1214
114 dowk min_power10 16.8
114 dowk max_power90 40.5
114 nums comments EN  
114 nums missing nothing
114 nums duration_sec 8.4
114 nums dc_offset 42
114 nums min_samp -1394
114 nums max_samp 1218
114 nums min_power10 16.1
114 nums max_power90 36.2
114 htl comments BN CE EN  
114 htl missing cs
114 htl duration_sec 8.2
114 htl dc_offset 42
114 htl min_samp -1398
114 htl max_samp 1326
114 htl min_power10 17.0
114 htl max_power90 41.6
114 htc comments EN  
114 htc missing nothing
114 htc duration_sec 5.0
114 htc dc_offset 42
114 htc min_samp -614
114 htc max_samp 674
114 htc min_power10 16.1
114 htc max_power90 35.3
114 room comments BN CE EN ES  
114 room missing cs
114 room duration_sec 9.7
114 room dc_offset 42
114 room min_samp -1062
114 room max_samp 1242
114 room min_power10 16.7
114 room max_power90 36.0
114 meal comments BN CE EN  
114 meal missing cs
114 meal duration_sec 8.6
114 meal dc_offset 42
114 meal min_samp -1050
114 meal max_samp 1038
114 meal min_power10 16.8
114 meal max_power90 44.4
114 story-bt comments BN SS ES  
114 story-bt missing nothing
114 story-bt duration_sec 47.0
114 story-bt dc_offset 42
114 story-bt min_samp -3654
114 story-bt max_samp 3430
114 story-bt min_power10 17.1
114 story-bt max_power90 48.3
114 story-at comments BN CE SS  
114 story-at missing cs
114 story-at duration_sec 9.3
114 story-at dc_offset 42
114 story-at min_samp -2734
114 story-at max_samp 2654
114 story-at min_power10 17.5
114 story-at max_power90 48.4
114 gender female
114 age adult
114 connection average
114 intelligibility ok
