118 labeler ames
118 label_date Sun Mar  8 09:49:06 PST 1992
118 nlang comments EN  
118 nlang missing nothing
118 nlang duration_sec 1.1
118 nlang dc_offset 42
118 nlang min_samp -6686
118 nlang max_samp 6050
118 nlang min_power10 15.7
118 nlang max_power90 65.9
118 clang comments EN  
118 clang missing nothing
118 clang duration_sec 1.1
118 clang dc_offset 42
118 clang min_samp -9526
118 clang max_samp 6638
118 clang min_power10 18.0
118 clang max_power90 66.7
118 dowk comments EN  
118 dowk missing nothing
118 dowk duration_sec 4.4
118 dowk dc_offset 42
118 dowk min_samp -7586
118 dowk max_samp 5302
118 dowk min_power10 23.2
118 dowk max_power90 64.3
118 nums comments EN  
118 nums missing nothing
118 nums duration_sec 4.1
118 nums dc_offset 42
118 nums min_samp -8978
118 nums max_samp 6726
118 nums min_power10 17.2
118 nums max_power90 66.4
118 htl comments CE EN ES  
118 htl missing cs
118 htl duration_sec 8.5
118 htl dc_offset 42
118 htl min_samp -4454
118 htl max_samp 4014
118 htl min_power10 20.4
118 htl max_power90 59.4
118 htc comments BN EN ES  
118 htc missing nothing
118 htc duration_sec 9.1
118 htc dc_offset 42
118 htc min_samp -6650
118 htc max_samp 4762
118 htc min_power10 16.2
118 htc max_power90 56.6
118 room comments CE EN ES  
118 room missing cs
118 room duration_sec 11.0
118 room dc_offset 42
118 room min_samp -6390
118 room max_samp 5926
118 room min_power10 17.8
118 room max_power90 62.5
118 meal comments CE EN ES  
118 meal missing cs
118 meal duration_sec 9.4
118 meal dc_offset 42
118 meal min_samp -9158
118 meal max_samp 5542
118 meal min_power10 19.3
118 meal max_power90 61.3
118 story-bt comments BN CE EN SS ES  
118 story-bt missing cs
118 story-bt duration_sec 46.7
118 story-bt dc_offset 42
118 story-bt min_samp -6722
118 story-bt max_samp 5782
118 story-bt min_power10 19.1
118 story-bt max_power90 60.5
118 story-at comments EN  
118 story-at missing nothing
118 story-at duration_sec 7.0
118 story-at dc_offset 42
118 story-at min_samp -5814
118 story-at max_samp 4802
118 story-at min_power10 15.0
118 story-at max_power90 51.3
118 gender male
118 age adult
118 connection good
118 intelligibility ok
