2 labeler khoward
2 label_date Tue Jul  9 10:59:28 PDT 1991
2 nlang missing nothing
2 nlang duration_sec 1.3
2 nlang dc_offset 42
2 nlang min_samp -1326
2 nlang max_samp 1686
2 nlang min_power10 10.7
2 nlang max_power90 44.6
2 clang missing nothing
2 clang duration_sec 1.8
2 clang dc_offset 42
2 clang min_samp -1822
2 clang max_samp 1558
2 clang min_power10 11.2
2 clang max_power90 48.2
2 dowk comments BN  
2 dowk missing nothing
2 dowk duration_sec 5.6
2 dowk dc_offset 42
2 dowk min_samp -3394
2 dowk max_samp 2422
2 dowk min_power10 11.4
2 dowk max_power90 53.9
2 nums comments BN EN  
2 nums missing nothing
2 nums duration_sec 8.8
2 nums dc_offset 42
2 nums min_samp -3434
2 nums max_samp 2170
2 nums min_power10 11.5
2 nums max_power90 52.0
2 htl comments BN EN  
2 htl missing nothing
2 htl duration_sec 6.1
2 htl dc_offset 42
2 htl min_samp -4162
2 htl max_samp 4174
2 htl min_power10 11.9
2 htl max_power90 52.9
2 htc comments BN  
2 htc missing nothing
2 htc duration_sec 2.9
2 htc dc_offset 42
2 htc min_samp -3054
2 htc max_samp 3842
2 htc min_power10 13.0
2 htc max_power90 51.8
2 room comments BN CE  
2 room missing CS
2 room duration_sec 10.5
2 room dc_offset 42
2 room min_samp -3586
2 room max_samp 3054
2 room min_power10 12.5
2 room max_power90 52.0
2 meal comments BN SNL  
2 meal missing nothing
2 meal duration_sec 8.9
2 meal dc_offset 42
2 meal min_samp -3126
2 meal max_samp 2646
2 meal min_power10 11.8
2 meal max_power90 52.5
2 story-bt comments BN EN SS  
2 story-bt missing nothing
2 story-bt duration_sec 26.1
2 story-bt dc_offset 42
2 story-bt min_samp -3030
2 story-bt max_samp 3542
2 story-bt min_power10 11.4
2 story-bt max_power90 49.0
2 gender female
2 age adult
2 connection average
2 intelligibility ok
