1 labeler khoward
1 label_date Tue Jul  9 10:46:26 PDT 1991
1 nlang missing nothing
1 nlang duration_sec 1.1
1 nlang dc_offset 42
1 nlang min_samp -2182
1 nlang max_samp 2334
1 nlang min_power10 18.4
1 nlang max_power90 53.3
1 clang missing nothing
1 clang duration_sec 0.9
1 clang dc_offset 42
1 clang min_samp -2414
1 clang max_samp 2690
1 clang min_power10 20.3
1 clang max_power90 55.0
1 dowk missing nothing
1 dowk duration_sec 4.0
1 dowk dc_offset 42
1 dowk min_samp -3898
1 dowk max_samp 4226
1 dowk min_power10 20.3
1 dowk max_power90 56.3
1 nums missing nothing
1 nums duration_sec 4.5
1 nums dc_offset 42
1 nums min_samp -4006
1 nums max_samp 3398
1 nums min_power10 20.0
1 nums max_power90 54.9
1 htl missing nothing
1 htl duration_sec 2.8
1 htl dc_offset 42
1 htl min_samp -3510
1 htl max_samp 3758
1 htl min_power10 19.3
1 htl max_power90 54.6
1 htc comments CE  
1 htc missing CS
1 htc duration_sec 8.5
1 htc dc_offset 42
1 htc min_samp -4462
1 htc max_samp 3178
1 htc min_power10 19.0
1 htc max_power90 54.1
1 room comments BN  
1 room missing nothing
1 room duration_sec 7.8
1 room dc_offset 42
1 room min_samp -4926
1 room max_samp 3598
1 room min_power10 19.2
1 room max_power90 55.1
1 meal missing nothing
1 meal duration_sec 7.8
1 meal dc_offset 42
1 meal min_samp -3682
1 meal max_samp 4510
1 meal min_power10 19.4
1 meal max_power90 55.4
1 story-bt comments SS  
1 story-bt missing nothing
1 story-bt duration_sec 48.3
1 story-bt dc_offset 42
1 story-bt min_samp -6062
1 story-bt max_samp 5618
1 story-bt min_power10 19.3
1 story-bt max_power90 53.8
1 story-at missing nothing
1 story-at duration_sec 7.4
1 story-at dc_offset 42
1 story-at min_samp -4854
1 story-at max_samp 4142
1 story-at min_power10 19.2
1 story-at max_power90 53.2
1 gender male
1 age adult
1 connection poor
1 intelligibility ok
