16 labeler yeshwant
16 label_date Sun Jul 28 14:58:32 PDT 1991
16 nlang missing nothing
16 nlang duration_sec 1.5
16 nlang dc_offset 42
16 nlang min_samp -4370
16 nlang max_samp 3338
16 nlang min_power10 15.7
16 nlang max_power90 53.1
16 clang missing nothing
16 clang duration_sec 1.1
16 clang dc_offset 42
16 clang min_samp -4342
16 clang max_samp 3602
16 clang min_power10 15.8
16 clang max_power90 59.0
16 dowk comments BN  
16 dowk missing nothing
16 dowk duration_sec 7.5
16 dowk dc_offset 42
16 dowk min_samp -4838
16 dowk max_samp 3314
16 dowk min_power10 15.8
16 dowk max_power90 57.5
16 nums comments BN CE  
16 nums missing 9 10
16 nums duration_sec 9.3
16 nums dc_offset 42
16 nums min_samp -6790
16 nums max_samp 3926
16 nums min_power10 15.4
16 nums max_power90 56.5
16 htl comments BN CE  ES 
16 htl missing CS
16 htl duration_sec 9.3
16 htl dc_offset 42
16 htl min_samp -6886
16 htl max_samp 3814
16 htl min_power10 17.7
16 htl max_power90 59.2
16 htc comments BN ES  
16 htc missing nothing
16 htc duration_sec 8.1
16 htc dc_offset 42
16 htc min_samp -4638
16 htc max_samp 3126
16 htc min_power10 20.8
16 htc max_power90 58.1
16 gender male
16 age adult
16 connection good
16 intelligibility ok
