13 labeler khoward
13 label_date Thu Jul 11 14:15:10 PDT 1991
13 nlang missing nothing
13 nlang duration_sec 1.1
13 nlang dc_offset 42
13 nlang min_samp -2150
13 nlang max_samp 1918
13 nlang min_power10 15.2
13 nlang max_power90 53.6
13 clang comments CE  
13 clang missing CS
13 clang duration_sec 2.1
13 clang dc_offset 42
13 clang min_samp -3654
13 clang max_samp 2446
13 clang min_power10 14.8
13 clang max_power90 56.0
13 dowk missing nothing
13 dowk duration_sec 4.8
13 dowk dc_offset 42
13 dowk min_samp -2758
13 dowk max_samp 2446
13 dowk min_power10 12.9
13 dowk max_power90 54.2
13 nums missing nothing
13 nums duration_sec 4.1
13 nums dc_offset 42
13 nums min_samp -2182
13 nums max_samp 1674
13 nums min_power10 13.6
13 nums max_power90 53.4
13 htl missing nothing
13 htl duration_sec 7.9
13 htl dc_offset 42
13 htl min_samp -3770
13 htl max_samp 2902
13 htl min_power10 12.6
13 htl max_power90 54.3
13 htc comments SNL  
13 htc missing nothing
13 htc duration_sec 9.7
13 htc dc_offset 42
13 htc min_samp -2518
13 htc max_samp 2234
13 htc min_power10 12.8
13 htc max_power90 53.8
13 room comments CE  
13 room missing CS
13 room duration_sec 9.3
13 room dc_offset 42
13 room min_samp -3954
13 room max_samp 2878
13 room min_power10 11.2
13 room max_power90 58.2
13 meal comments CE  
13 meal missing CS
13 meal duration_sec 7.4
13 meal dc_offset 42
13 meal min_samp -4362
13 meal max_samp 2382
13 meal min_power10 10.7
13 meal max_power90 57.5
13 story-bt comments BN SS SNL  
13 story-bt missing nothing
13 story-bt duration_sec 48.9
13 story-bt dc_offset 42
13 story-bt min_samp -5718
13 story-bt max_samp 3214
13 story-bt min_power10 11.0
13 story-bt max_power90 56.2
13 gender male
13 age adult
13 connection average
13 intelligibility ok
