18 labeler khoward
18 label_date Mon Jul 29 15:37:20 PDT 1991
18 nlang missing nothing
18 nlang duration_sec 1.3
18 nlang dc_offset 43
18 nlang min_samp -1495
18 nlang max_samp 1813
18 nlang min_power10 16.2
18 nlang max_power90 52.0
18 clang comments SNL  
18 clang missing nothing
18 clang duration_sec 1.1
18 clang dc_offset 43
18 clang min_samp -1511
18 clang max_samp 1573
18 clang min_power10 14.7
18 clang max_power90 51.7
18 dowk missing nothing
18 dowk duration_sec 6.8
18 dowk dc_offset 43
18 dowk min_samp -2011
18 dowk max_samp 2089
18 dowk min_power10 15.6
18 dowk max_power90 54.1
18 nums missing nothing
18 nums duration_sec 7.1
18 nums dc_offset 43
18 nums min_samp -2035
18 nums max_samp 2185
18 nums min_power10 16.5
18 nums max_power90 56.1
18 htl comments CE  
18 htl missing CS
18 htl duration_sec 6.0
18 htl dc_offset 43
18 htl min_samp -1315
18 htl max_samp 1345
18 htl min_power10 15.4
18 htl max_power90 48.0
18 htc missing nothing
18 htc duration_sec 5.4
18 htc dc_offset 43
18 htc min_samp -1519
18 htc max_samp 1645
18 htc min_power10 14.6
18 htc max_power90 52.3
18 room comments SNL CE  
18 room missing CS
18 room duration_sec 10.6
18 room dc_offset 43
18 room min_samp -1623
18 room max_samp 1717
18 room min_power10 17.5
18 room max_power90 51.0
18 meal missing nothing
18 meal duration_sec 4.4
18 meal dc_offset 43
18 meal min_samp -1403
18 meal max_samp 1345
18 meal min_power10 16.6
18 meal max_power90 51.1
18 story-bt comments SS  
18 story-bt missing nothing
18 story-bt duration_sec 49.0
18 story-bt dc_offset 43
18 story-bt min_samp -2115
18 story-bt max_samp 2173
18 story-bt min_power10 17.5
18 story-bt max_power90 51.0
18 gender female
18 age adult
18 connection average
18 intelligibility ok
