14 labeler yeshwant
14 label_date Sun Jul 28 13:47:46 PDT 1991
14 nlang comments EN  
14 nlang missing nothing
14 nlang duration_sec 1.6
14 nlang dc_offset 42
14 nlang min_samp -470
14 nlang max_samp 494
14 nlang min_power10 11.8
14 nlang max_power90 41.4
14 clang comments EN SNL  
14 clang missing nothing
14 clang duration_sec 2.1
14 clang dc_offset 42
14 clang min_samp -454
14 clang max_samp 442
14 clang min_power10 12.1
14 clang max_power90 39.1
14 dowk comments EN  
14 dowk missing nothing
14 dowk duration_sec 6.2
14 dowk dc_offset 42
14 dowk min_samp -598
14 dowk max_samp 598
14 dowk min_power10 12.3
14 dowk max_power90 42.6
14 nums comments CB EN  
14 nums missing 0
14 nums duration_sec 8.6
14 nums dc_offset 42
14 nums min_samp -482
14 nums max_samp 538
14 nums min_power10 12.1
14 nums max_power90 41.1
14 htl comments EN  
14 htl missing nothing
14 htl duration_sec 3.6
14 htl dc_offset 42
14 htl min_samp -662
14 htl max_samp 558
14 htl min_power10 11.9
14 htl max_power90 42.7
14 htc comments EN  
14 htc missing nothing
14 htc duration_sec 6.9
14 htc dc_offset 42
14 htc min_samp -550
14 htc max_samp 462
14 htc min_power10 12.1
14 htc max_power90 40.0
14 room comments EN  
14 room missing nothing
14 room duration_sec 8.6
14 room dc_offset 42
14 room min_samp -558
14 room max_samp 918
14 room min_power10 12.9
14 room max_power90 41.0
14 meal comments CE EN  
14 meal missing cs
14 meal duration_sec 8.9
14 meal dc_offset 42
14 meal min_samp -578
14 meal max_samp 646
14 meal min_power10 12.7
14 meal max_power90 42.8
14 story-bt comments CE EN ES SNL SS 
14 story-bt missing CS
14 story-bt duration_sec 47.7
14 story-bt dc_offset 42
14 story-bt min_samp -858
14 story-bt max_samp 766
14 story-bt min_power10 12.3
14 story-bt max_power90 42.0
14 story-at comments EN SS 
14 story-at missing nothing
14 story-at duration_sec 6.9
14 story-at dc_offset 42
14 story-at min_samp -582
14 story-at max_samp 682
14 story-at min_power10 12.5
14 story-at max_power90 42.1
14 gender female
14 connection average
14 intelligibility ok
