26 labeler khoward
26 label_date Fri Aug  2 09:48:17 PDT 1991
26 nlang missing nothing
26 nlang duration_sec 1.0
26 nlang dc_offset 42
26 nlang min_samp -774
26 nlang max_samp 930
26 nlang min_power10 10.9
26 nlang max_power90 43.5
26 clang missing nothing
26 clang duration_sec 1.4
26 clang dc_offset 42
26 clang min_samp -1726
26 clang max_samp 1378
26 clang min_power10 11.0
26 clang max_power90 44.2
26 dowk missing nothing
26 dowk duration_sec 3.5
26 dowk dc_offset 42
26 dowk min_samp -2750
26 dowk max_samp 2474
26 dowk min_power10 11.3
26 dowk max_power90 47.9
26 nums missing 0?
26 nums duration_sec 5.0
26 nums dc_offset 42
26 nums min_samp -2242
26 nums max_samp 3714
26 nums min_power10 10.9
26 nums max_power90 46.9
26 htl missing nothing
26 htl duration_sec 1.4
26 htl dc_offset 42
26 htl min_samp -1726
26 htl max_samp 1166
26 htl min_power10 11.0
26 htl max_power90 33.7
26 htc missing nothing
26 htc duration_sec 1.3
26 htc dc_offset 42
26 htc min_samp -1238
26 htc max_samp 2122
26 htc min_power10 10.6
26 htc max_power90 45.3
26 room missing nothing
26 room duration_sec 6.2
26 room dc_offset 42
26 room min_samp -1370
26 room max_samp 1358
26 room min_power10 10.6
26 room max_power90 38.1
26 meal missing nothing
26 meal duration_sec 1.0
26 meal dc_offset 42
26 meal min_samp -1478
26 meal max_samp 1734
26 meal min_power10 10.3
26 meal max_power90 37.3
26 story-bt comments EN SS  
26 story-bt missing nothing
26 story-bt duration_sec 23.2
26 story-bt dc_offset 42
26 story-bt min_samp -5506
26 story-bt max_samp 5998
26 story-bt min_power10 11.0
26 story-bt max_power90 35.5
26 gender male
26 age adult
26 connection average
26 intelligibility ok
