21 labeler khoward
21 label_date Tue Jul 30 09:30:56 PDT 1991
21 nlang comments EN  
21 nlang missing nothing
21 nlang duration_sec 1.3
21 nlang dc_offset 42
21 nlang min_samp -722
21 nlang max_samp 902
21 nlang min_power10 18.3
21 nlang max_power90 49.3
21 clang comments CE  
21 clang missing CS
21 clang duration_sec 1.5
21 clang dc_offset 42
21 clang min_samp -1266
21 clang max_samp 2258
21 clang min_power10 18.4
21 clang max_power90 46.9
21 dowk comments CE  
21 dowk missing Saturday Sunday?
21 dowk duration_sec 6.3
21 dowk dc_offset 42
21 dowk min_samp -1402
21 dowk max_samp 1630
21 dowk min_power10 18.4
21 dowk max_power90 51.1
21 nums comments CE  
21 nums missing 0? 10?
21 nums duration_sec 8.7
21 nums dc_offset 42
21 nums min_samp -1998
21 nums max_samp 2406
21 nums min_power10 18.5
21 nums max_power90 53.7
21 htl comments CE  
21 htl missing CS
21 htl duration_sec 4.8
21 htl dc_offset 42
21 htl min_samp -1410
21 htl max_samp 1918
21 htl min_power10 18.4
21 htl max_power90 42.3
21 htc comments SNL  
21 htc missing nothing
21 htc duration_sec 8.7
21 htc dc_offset 42
21 htc min_samp -1658
21 htc max_samp 1558
21 htc min_power10 19.0
21 htc max_power90 46.4
21 room missing nothing
21 room duration_sec 7.7
21 room dc_offset 42
21 room min_samp -1934
21 room max_samp 2578
21 room min_power10 18.2
21 room max_power90 50.5
21 meal comments BN  
21 meal missing nothing
21 meal duration_sec 4.6
21 meal dc_offset 42
21 meal min_samp -1578
21 meal max_samp 2086
21 meal min_power10 18.8
21 meal max_power90 46.4
21 story-bt comments RS  
21 story-bt missing nothing
21 story-bt duration_sec 35.9
21 story-bt dc_offset 42
21 story-bt min_samp -2670
21 story-bt max_samp 3498
21 story-bt min_power10 19.3
21 story-bt max_power90 52.0
21 gender female
21 age adult
21 connection average
21 intelligibility ok
