27 labeler khoward
27 label_date Fri Aug  2 09:57:10 PDT 1991
27 nlang missing nothing
27 nlang duration_sec 1.2
27 nlang dc_offset 42
27 nlang min_samp -2786
27 nlang max_samp 3006
27 nlang min_power10 11.0
27 nlang max_power90 50.9
27 clang missing nothing
27 clang duration_sec 1.3
27 clang dc_offset 42
27 clang min_samp -2742
27 clang max_samp 2238
27 clang min_power10 10.4
27 clang max_power90 54.4
27 dowk missing nothing
27 dowk duration_sec 5.8
27 dowk dc_offset 42
27 dowk min_samp -3958
27 dowk max_samp 2942
27 dowk min_power10 10.6
27 dowk max_power90 53.5
27 nums comments CE  
27 nums missing CS
27 nums duration_sec 9.4
27 nums dc_offset 42
27 nums min_samp -4458
27 nums max_samp 3318
27 nums min_power10 10.3
27 nums max_power90 53.8
27 htl missing nothing
27 htl duration_sec 7.7
27 htl dc_offset 42
27 htl min_samp -1830
27 htl max_samp 2266
27 htl min_power10 10.0
27 htl max_power90 41.5
27 htc missing nothing
27 htc duration_sec 5.9
27 htc dc_offset 42
27 htc min_samp -1650
27 htc max_samp 1846
27 htc min_power10 10.1
27 htc max_power90 42.4
27 room comments CE  
27 room missing CS
27 room duration_sec 11.2
27 room dc_offset 42
27 room min_samp -1602
27 room max_samp 2006
27 room min_power10 10.4
27 room max_power90 41.5
27 meal missing nothing
27 meal duration_sec 7.6
27 meal dc_offset 42
27 meal min_samp -1162
27 meal max_samp 1942
27 meal min_power10 10.3
27 meal max_power90 43.1
27 story-bt comments SS  
27 story-bt missing nothing
27 story-bt duration_sec 47.9
27 story-bt dc_offset 42
27 story-bt min_samp -3950
27 story-bt max_samp 2562
27 story-bt min_power10 11.2
27 story-bt max_power90 45.9
27 story-at comments SS CB 
27 story-at missing CS
27 story-at duration_sec 1.6
27 story-at dc_offset 42
27 story-at min_samp -470
27 story-at max_samp 922
27 story-at min_power10 10.9
27 story-at max_power90 35.4
27 gender male
27 age adult
27 connection average
27 intelligibility ok
