33 labeler khoward
33 label_date Fri Aug  2 15:07:48 PDT 1991
33 nlang missing nothing
33 nlang duration_sec 1.3
33 nlang dc_offset 42
33 nlang min_samp -1294
33 nlang max_samp 1722
33 nlang min_power10 14.9
33 nlang max_power90 50.2
33 clang missing nothing
33 clang duration_sec 1.1
33 clang dc_offset 42
33 clang min_samp -1970
33 clang max_samp 1870
33 clang min_power10 14.8
33 clang max_power90 52.8
33 dowk missing nothing
33 dowk duration_sec 7.1
33 dowk dc_offset 42
33 dowk min_samp -2274
33 dowk max_samp 3266
33 dowk min_power10 15.4
33 dowk max_power90 53.9
33 nums missing nothing
33 nums duration_sec 9.9
33 nums dc_offset 42
33 nums min_samp -2574
33 nums max_samp 4262
33 nums min_power10 14.7
33 nums max_power90 54.5
33 htl comments CE  
33 htl missing CS
33 htl duration_sec 5.9
33 htl dc_offset 42
33 htl min_samp -3114
33 htl max_samp 3862
33 htl min_power10 15.7
33 htl max_power90 51.5
33 htc missing nothing
33 htc duration_sec 7.1
33 htc dc_offset 42
33 htc min_samp -2450
33 htc max_samp 2486
33 htc min_power10 14.7
33 htc max_power90 49.7
33 room missing nothing
33 room duration_sec 9.5
33 room dc_offset 42
33 room min_samp -3166
33 room max_samp 3074
33 room min_power10 14.9
33 room max_power90 52.7
33 meal missing nothing
33 meal duration_sec 6.7
33 meal dc_offset 42
33 meal min_samp -2454
33 meal max_samp 2410
33 meal min_power10 14.7
33 meal max_power90 51.5
33 story-bt comments CE SS  
33 story-bt missing CS
33 story-bt duration_sec 47.0
33 story-bt dc_offset 42
33 story-bt min_samp -3014
33 story-bt max_samp 3618
33 story-bt min_power10 16.0
33 story-bt max_power90 52.0
33 gender male
33 age adult
33 connection average
33 intelligibility ok
