37 labeler khoward
37 label_date Mon Aug 12 10:22:53 PDT 1991
37 nlang missing nothing
37 nlang duration_sec 1.1
37 nlang dc_offset 42
37 nlang min_samp -4718
37 nlang max_samp 3806
37 nlang min_power10 17.0
37 nlang max_power90 59.8
37 clang missing nothing
37 clang duration_sec 2.1
37 clang dc_offset 42
37 clang min_samp -6878
37 clang max_samp 9026
37 clang min_power10 15.6
37 clang max_power90 60.7
37 dowk missing nothing
37 dowk duration_sec 4.8
37 dowk dc_offset 42
37 dowk min_samp -10318
37 dowk max_samp 9222
37 dowk min_power10 14.5
37 dowk max_power90 61.5
37 nums missing nothing
37 nums duration_sec 8.2
37 nums dc_offset 42
37 nums min_samp -12014
37 nums max_samp 10246
37 nums min_power10 14.0
37 nums max_power90 59.6
37 htl missing nothing
37 htl duration_sec 8.6
37 htl dc_offset 42
37 htl min_samp -5498
37 htl max_samp 4550
37 htl min_power10 16.4
37 htl max_power90 54.3
37 htc comments CE  
37 htc missing CS
37 htc duration_sec 9.0
37 htc dc_offset 42
37 htc min_samp -4594
37 htc max_samp 3566
37 htc min_power10 17.0
37 htc max_power90 54.2
37 room comments SNL  
37 room missing nothing
37 room duration_sec 11.3
37 room dc_offset 42
37 room min_samp -6026
37 room max_samp 3950
37 room min_power10 17.2
37 room max_power90 55.2
37 meal missing nothing
37 meal duration_sec 9.8
37 meal dc_offset 42
37 meal min_samp -4606
37 meal max_samp 3086
37 meal min_power10 15.2
37 meal max_power90 53.4
37 story-bt comments CE SS  
37 story-bt missing CS
37 story-bt duration_sec 49.1
37 story-bt dc_offset 42
37 story-bt min_samp -5098
37 story-bt max_samp 4150
37 story-bt min_power10 15.9
37 story-bt max_power90 52.1
37 story-at comments CE  
37 story-at missing CS
37 story-at duration_sec 6.6
37 story-at dc_offset 42
37 story-at min_samp -2718
37 story-at max_samp 2318
37 story-at min_power10 15.2
37 story-at max_power90 49.1
37 gender male
37 age adult
37 connection average
37 intelligibility ok
