34 labeler khoward
34 label_date Fri Aug  2 15:20:07 PDT 1991
34 nlang missing nothing
34 nlang duration_sec 1.3
34 nlang dc_offset 42
34 nlang min_samp -3186
34 nlang max_samp 3446
34 nlang min_power10 22.7
34 nlang max_power90 56.5
34 clang missing nothing
34 clang duration_sec 1.3
34 clang dc_offset 42
34 clang min_samp -2758
34 clang max_samp 3298
34 clang min_power10 21.4
34 clang max_power90 57.7
34 dowk comments BN  
34 dowk missing nothing
34 dowk duration_sec 5.8
34 dowk dc_offset 42
34 dowk min_samp -4878
34 dowk max_samp 7902
34 dowk min_power10 20.0
34 dowk max_power90 58.9
34 nums missing nothing
34 nums duration_sec 9.3
34 nums dc_offset 42
34 nums min_samp -4966
34 nums max_samp 5646
34 nums min_power10 20.5
34 nums max_power90 58.2
34 htl missing nothing
34 htl duration_sec 3.6
34 htl dc_offset 42
34 htl min_samp -3350
34 htl max_samp 5266
34 htl min_power10 20.5
34 htl max_power90 53.9
34 htc missing nothing
34 htc duration_sec 3.8
34 htc dc_offset 42
34 htc min_samp -4386
34 htc max_samp 6710
34 htc min_power10 18.7
34 htc max_power90 55.3
34 room comments CE  
34 room missing CS
34 room duration_sec 7.1
34 room dc_offset 42
34 room min_samp -3686
34 room max_samp 4578
34 room min_power10 18.5
34 room max_power90 55.3
34 meal comments BN  
34 meal missing nothing
34 meal duration_sec 7.1
34 meal dc_offset 42
34 meal min_samp -6042
34 meal max_samp 3726
34 meal min_power10 18.1
34 meal max_power90 55.3
34 story-bt comments BN SS  
34 story-bt missing nothing
34 story-bt duration_sec 42.8
34 story-bt dc_offset 42
34 story-bt min_samp -8430
34 story-bt max_samp 7010
34 story-bt min_power10 20.3
34 story-bt max_power90 55.3
34 gender female
34 age adult
34 connection average
34 intelligibility ok
