39 labeler khoward
39 label_date Wed Aug 28 08:32:50 PDT 1991
39 nlang missing nothing
39 nlang duration_sec 0.9
39 nlang dc_offset 42
39 nlang min_samp -1566
39 nlang max_samp 1602
39 nlang min_power10 16.6
39 nlang max_power90 54.9
39 clang missing nothing
39 clang duration_sec 0.9
39 clang dc_offset 42
39 clang min_samp -1366
39 clang max_samp 1678
39 clang min_power10 14.1
39 clang max_power90 46.8
39 dowk comments CE  
39 dowk missing Thursday Friday Saturday Sunday?
39 dowk duration_sec 6.3
39 dowk dc_offset 42
39 dowk min_samp -1842
39 dowk max_samp 2350
39 dowk min_power10 14.0
39 dowk max_power90 45.2
39 nums missing nothing
39 nums duration_sec 7.5
39 nums dc_offset 42
39 nums min_samp -3430
39 nums max_samp 3090
39 nums min_power10 15.2
39 nums max_power90 49.8
39 htl missing nothing
39 htl duration_sec 5.7
39 htl dc_offset 42
39 htl min_samp -2806
39 htl max_samp 2830
39 htl min_power10 14.7
39 htl max_power90 39.1
39 htc missing nothing
39 htc duration_sec 3.7
39 htc dc_offset 42
39 htc min_samp -2270
39 htc max_samp 2466
39 htc min_power10 14.3
39 htc max_power90 49.2
39 room missing nothing
39 room duration_sec 8.3
39 room dc_offset 42
39 room min_samp -1162
39 room max_samp 1122
39 room min_power10 14.8
39 room max_power90 43.9
39 meal missing nothing
39 meal duration_sec 7.3
39 meal dc_offset 42
39 meal min_samp -1206
39 meal max_samp 1006
39 meal min_power10 14.8
39 meal max_power90 47.5
39 story-bt comments SNL BN SS  
39 story-bt missing nothing
39 story-bt duration_sec 40.2
39 story-bt dc_offset 42
39 story-bt min_samp -1542
39 story-bt max_samp 1454
39 story-bt min_power10 15.1
39 story-bt max_power90 45.1
39 gender male
39 age adult
39 connection average
39 intelligibility ok
