43 labeler ames
43 label_date Mon Oct 21 08:50:02 PDT 1991
43 nlang missing nothing
43 nlang duration_sec 1.1
43 nlang dc_offset 43
43 nlang min_samp -3491
43 nlang max_samp 3629
43 nlang min_power10 21.7
43 nlang max_power90 53.5
43 clang comments CE  
43 clang missing cs
43 clang duration_sec 0.9
43 clang dc_offset 43
43 clang min_samp -1971
43 clang max_samp 2445
43 clang min_power10 22.0
43 clang max_power90 53.2
43 dowk comments EN  
43 dowk missing nothing
43 dowk duration_sec 4.0
43 dowk dc_offset 43
43 dowk min_samp -1791
43 dowk max_samp 2313
43 dowk min_power10 17.5
43 dowk max_power90 48.3
43 nums comments EN  
43 nums missing nothing
43 nums duration_sec 5.1
43 nums dc_offset 43
43 nums min_samp -2059
43 nums max_samp 1865
43 nums min_power10 18.5
43 nums max_power90 47.6
43 htl comments BN  
43 htl missing nothing
43 htl duration_sec 7.8
43 htl dc_offset 43
43 htl min_samp -2555
43 htl max_samp 3053
43 htl min_power10 18.8
43 htl max_power90 49.1
43 htc comments BN EN ES  
43 htc missing nothing
43 htc duration_sec 5.9
43 htc dc_offset 43
43 htc min_samp -1859
43 htc max_samp 2485
43 htc min_power10 19.4
43 htc max_power90 48.5
43 room comments BN CE EN ES  
43 room missing cs
43 room duration_sec 9.9
43 room dc_offset 43
43 room min_samp -3175
43 room max_samp 3573
43 room min_power10 20.0
43 room max_power90 48.8
43 meal comments BN CE EN ES SNL  
43 meal missing cs
43 meal duration_sec 8.4
43 meal dc_offset 43
43 meal min_samp -2159
43 meal max_samp 1493
43 meal min_power10 19.1
43 meal max_power90 45.5
43 story-bt comments BN CE SS ES SNL  
43 story-bt missing cs
43 story-bt duration_sec 46.9
43 story-bt dc_offset 43
43 story-bt min_samp -2191
43 story-bt max_samp 2321
43 story-bt min_power10 20.4
43 story-bt max_power90 45.1
43 story-at comments BN EN SS  
43 story-at missing nothing
43 story-at duration_sec 9.3
43 story-at dc_offset 43
43 story-at min_samp -1239
43 story-at max_samp 1237
43 story-at min_power10 20.4
43 story-at max_power90 42.8
43 gender female
43 age adult
43 connection average
43 intelligibility ok
