42 labeler ames
42 label_date Thu Sep  5 17:17:06 PDT 1991
42 nlang comments CB EN  
42 nlang missing nothing 
42 nlang duration_sec 0.6
42 nlang dc_offset 42
42 nlang min_samp -3646
42 nlang max_samp 3202
42 nlang min_power10 21.8
42 nlang max_power90 57.0
42 clang comments EN  
42 clang missing nothing
42 clang duration_sec 0.9
42 clang dc_offset 42
42 clang min_samp -5958
42 clang max_samp 4838
42 clang min_power10 20.6
42 clang max_power90 60.5
42 dowk comments EN  
42 dowk missing nothing
42 dowk duration_sec 4.3
42 dowk dc_offset 42
42 dowk min_samp -6182
42 dowk max_samp 5370
42 dowk min_power10 21.5
42 dowk max_power90 60.2
42 nums comments EN  
42 nums missing nothing
42 nums duration_sec 4.3
42 nums dc_offset 42
42 nums min_samp -6698
42 nums max_samp 8270
42 nums min_power10 22.6
42 nums max_power90 62.3
42 htl comments CE EN  
42 htl missing cs
42 htl duration_sec 3.4
42 htl dc_offset 42
42 htl min_samp -4522
42 htl max_samp 4458
42 htl min_power10 21.8
42 htl max_power90 59.7
42 htc comments CB EN  
42 htc missing cs
42 htc duration_sec 1.8
42 htc dc_offset 42
42 htc min_samp -4942
42 htc max_samp 6182
42 htc min_power10 20.8
42 htc max_power90 59.6
42 room comments EN  
42 room missing nothing
42 room duration_sec 1.7
42 room dc_offset 42
42 room min_samp -3410
42 room max_samp 4534
42 room min_power10 21.6
42 room max_power90 57.7
42 meal comments EN ES  
42 meal missing nothing
42 meal duration_sec 7.4
42 meal dc_offset 42
42 meal min_samp -7678
42 meal max_samp 7778
42 meal min_power10 21.4
42 meal max_power90 62.0
42 story-bt comments BN CE EN SS ES SNL  
42 story-bt missing cs
42 story-bt duration_sec 48.4
42 story-bt dc_offset 42
42 story-bt min_samp -6438
42 story-bt max_samp 7446
42 story-bt min_power10 22.0
42 story-bt max_power90 57.5
42 story-at comments CB EN SS  
42 story-at missing cs
42 story-at duration_sec 6.1
42 story-at dc_offset 42
42 story-at min_samp -4150
42 story-at max_samp 4022
42 story-at min_power10 22.2
42 story-at max_power90 55.5
42 gender male
42 age adult
42 connection average
42 intelligibility ok
