49 labeler khoward
49 label_date Sun Nov 17 13:20:19 PST 1991
49 nlang comments BN  
49 nlang missing nothing
49 nlang duration_sec 1.3
49 nlang dc_offset 43
49 nlang min_samp -3055
49 nlang max_samp 2845
49 nlang min_power10 19.6
49 nlang max_power90 57.8
49 clang missing nothing
49 clang duration_sec 1.1
49 clang dc_offset 43
49 clang min_samp -2759
49 clang max_samp 2721
49 clang min_power10 17.4
49 clang max_power90 57.5
49 dowk missing nothing
49 dowk duration_sec 4.5
49 dowk dc_offset 43
49 dowk min_samp -3199
49 dowk max_samp 2477
49 dowk min_power10 18.9
49 dowk max_power90 57.0
49 nums comments EN  
49 nums missing nothing
49 nums duration_sec 6.9
49 nums dc_offset 43
49 nums min_samp -3727
49 nums max_samp 2813
49 nums min_power10 16.5
49 nums max_power90 56.4
49 htl comments SNL  
49 htl missing nothing
49 htl duration_sec 7.0
49 htl dc_offset 43
49 htl min_samp -2263
49 htl max_samp 2061
49 htl min_power10 16.5
49 htl max_power90 51.9
49 htc comments EN  
49 htc missing nothing
49 htc duration_sec 6.1
49 htc dc_offset 43
49 htc min_samp -4271
49 htc max_samp 2465
49 htc min_power10 15.8
49 htc max_power90 54.7
49 room comments SNL EN  
49 room missing nothing
49 room duration_sec 8.8
49 room dc_offset 43
49 room min_samp -1771
49 room max_samp 1513
49 room min_power10 15.9
49 room max_power90 48.6
49 meal missing nothing
49 meal duration_sec 5.3
49 meal dc_offset 43
49 meal min_samp -5299
49 meal max_samp 3113
49 meal min_power10 25.2
49 meal max_power90 57.6
49 gender female
49 age adult
49 connection average
49 intelligibility ok
