47 labeler khoward
47 label_date Fri Nov 15 20:49:10 PST 1991
47 nlang comments ES  
47 nlang missing nothing
47 nlang duration_sec 2.4
47 nlang dc_offset 43
47 nlang min_samp -1311
47 nlang max_samp 1349
47 nlang min_power10 18.2
47 nlang max_power90 50.0
47 clang missing nothing
47 clang duration_sec 2.3
47 clang dc_offset 43
47 clang min_samp -1255
47 clang max_samp 1381
47 clang min_power10 17.7
47 clang max_power90 47.5
47 dowk missing nothing
47 dowk duration_sec 4.3
47 dowk dc_offset 43
47 dowk min_samp -1691
47 dowk max_samp 1673
47 dowk min_power10 18.2
47 dowk max_power90 48.2
47 nums missing nothing
47 nums duration_sec 7.1
47 nums dc_offset 43
47 nums min_samp -815
47 nums max_samp 1133
47 nums min_power10 17.3
47 nums max_power90 43.9
47 htl comments CE  
47 htl missing CS
47 htl duration_sec 8.8
47 htl dc_offset 43
47 htl min_samp -1383
47 htl max_samp 1417
47 htl min_power10 16.7
47 htl max_power90 46.6
47 htc missing nothing
47 htc duration_sec 5.3
47 htc dc_offset 43
47 htc min_samp -1131
47 htc max_samp 1429
47 htc min_power10 17.4
47 htc max_power90 45.5
47 room comments SNL  
47 room missing nothing
47 room duration_sec 10.4
47 room dc_offset 43
47 room min_samp -1855
47 room max_samp 1573
47 room min_power10 17.2
47 room max_power90 46.0
47 meal comments SNL  
47 meal missing nothing
47 meal duration_sec 7.9
47 meal dc_offset 43
47 meal min_samp -1683
47 meal max_samp 1197
47 meal min_power10 16.7
47 meal max_power90 41.8
47 story-bt comments CE SNL SS  
47 story-bt missing CS
47 story-bt duration_sec 48.2
47 story-bt dc_offset 43
47 story-bt min_samp -1611
47 story-bt max_samp 1301
47 story-bt min_power10 18.2
47 story-bt max_power90 42.9
47 story-at comments EN SS  
47 story-at missing nothing
47 story-at duration_sec 8.9
47 story-at dc_offset 43
47 story-at min_samp -1035
47 story-at max_samp 1289
47 story-at min_power10 18.2
47 story-at max_power90 40.9
47 gender male
47 age adult
47 connection average
47 intelligibility ok
