52 labeler khoward
52 label_date Sun Nov 17 13:39:58 PST 1991
52 nlang missing nothing
52 nlang duration_sec 1.0
52 nlang dc_offset 43
52 nlang min_samp -1559
52 nlang max_samp 2037
52 nlang min_power10 19.3
52 nlang max_power90 51.7
52 clang missing nothing
52 clang duration_sec 0.9
52 clang dc_offset 43
52 clang min_samp -3007
52 clang max_samp 2837
52 clang min_power10 20.0
52 clang max_power90 58.4
52 dowk missing nothing
52 dowk duration_sec 7.1
52 dowk dc_offset 43
52 dowk min_samp -3819
52 dowk max_samp 4221
52 dowk min_power10 19.4
52 dowk max_power90 55.1
52 nums missing nothing
52 nums duration_sec 7.0
52 nums dc_offset 43
52 nums min_samp -4551
52 nums max_samp 4181
52 nums min_power10 19.8
52 nums max_power90 55.5
52 htl comments CE  
52 htl missing CS
52 htl duration_sec 4.7
52 htl dc_offset 43
52 htl min_samp -2155
52 htl max_samp 2045
52 htl min_power10 20.3
52 htl max_power90 52.7
52 htc missing nothing
52 htc duration_sec 7.4
52 htc dc_offset 43
52 htc min_samp -2879
52 htc max_samp 2869
52 htc min_power10 20.1
52 htc max_power90 51.7
52 room missing nothing
52 room duration_sec 9.6
52 room dc_offset 43
52 room min_samp -2715
52 room max_samp 2461
52 room min_power10 20.8
52 room max_power90 50.6
52 meal comments SNL  
52 meal missing nothing
52 meal duration_sec 5.4
52 meal dc_offset 43
52 meal min_samp -2423
52 meal max_samp 2625
52 meal min_power10 21.1
52 meal max_power90 52.3
52 story-bt comments SNL CE SS  
52 story-bt missing CS
52 story-bt duration_sec 48.8
52 story-bt dc_offset 43
52 story-bt min_samp -4511
52 story-bt max_samp 4545
52 story-bt min_power10 20.0
52 story-bt max_power90 53.4
52 story-at comments SS  
52 story-at missing nothing
52 story-at duration_sec 6.0
52 story-at dc_offset 43
52 story-at min_samp -3407
52 story-at max_samp 2925
52 story-at min_power10 19.5
52 story-at max_power90 50.4
52 gender male
52 age adult
52 connection average
52 intelligibility ok
