55 labeler khoward
55 label_date Thu Nov 21 18:06:34 PST 1991
55 nlang missing nothing
55 nlang duration_sec 1.0
55 nlang dc_offset 43
55 nlang min_samp -3783
55 nlang max_samp 4809
55 nlang min_power10 18.2
55 nlang max_power90 60.3
55 clang comments ES  
55 clang missing nothing
55 clang duration_sec 1.5
55 clang dc_offset 43
55 clang min_samp -2011
55 clang max_samp 1829
55 clang min_power10 19.2
55 clang max_power90 52.9
55 dowk comments ES  
55 dowk missing nothing
55 dowk duration_sec 4.4
55 dowk dc_offset 43
55 dowk min_samp -2443
55 dowk max_samp 3765
55 dowk min_power10 19.4
55 dowk max_power90 54.9
55 nums missing nothing
55 nums duration_sec 4.3
55 nums dc_offset 43
55 nums min_samp -2035
55 nums max_samp 2165
55 nums min_power10 21.0
55 nums max_power90 52.9
55 htl missing nothing
55 htl duration_sec 2.8
55 htl dc_offset 43
55 htl min_samp -2479
55 htl max_samp 2157
55 htl min_power10 19.1
55 htl max_power90 57.4
55 htc missing nothing
55 htc duration_sec 9.0
55 htc dc_offset 43
55 htc min_samp -2571
55 htc max_samp 4045
55 htc min_power10 19.4
55 htc max_power90 52.1
55 room comments CE  
55 room missing SNL
55 room duration_sec 9.4
55 room dc_offset 43
55 room min_samp -3235
55 room max_samp 3017
55 room min_power10 19.6
55 room max_power90 52.6
55 meal missing nothing
55 meal duration_sec 8.5
55 meal dc_offset 43
55 meal min_samp -4255
55 meal max_samp 3669
55 meal min_power10 19.6
55 meal max_power90 57.2
55 story-bt comments CE SS  
55 story-bt missing nothing
55 story-bt duration_sec 47.4
55 story-bt dc_offset 43
55 story-bt min_samp -3451
55 story-bt max_samp 4385
55 story-bt min_power10 19.5
55 story-bt max_power90 49.7
55 story-at comments SS  
55 story-at missing nothing
55 story-at duration_sec 9.2
55 story-at dc_offset 43
55 story-at min_samp -1635
55 story-at max_samp 1869
55 story-at min_power10 19.3
55 story-at max_power90 47.0
55 gender male
55 age adult
55 connection average
55 intelligibility ok
