69 labeler khoward
69 label_date Sat Dec 14 10:46:45 PST 1991
69 nlang missing nothing
69 nlang duration_sec 0.8
69 nlang dc_offset 42
69 nlang min_samp -2946
69 nlang max_samp 2978
69 nlang min_power10 22.3
69 nlang max_power90 55.8
69 clang missing nothing
69 clang duration_sec 0.8
69 clang dc_offset 42
69 clang min_samp -2498
69 clang max_samp 2702
69 clang min_power10 22.4
69 clang max_power90 54.0
69 dowk missing 
69 dowk duration_sec 5.9
69 dowk dc_offset 42
69 dowk min_samp -2150
69 dowk max_samp 2014
69 dowk min_power10 17.0
69 dowk max_power90 52.3
69 nums comments CE  
69 nums missing 10
69 nums duration_sec 8.2
69 nums dc_offset 42
69 nums min_samp -2754
69 nums max_samp 3798
69 nums min_power10 16.7
69 nums max_power90 50.5
69 htl missing nothing
69 htl duration_sec 7.3
69 htl dc_offset 42
69 htl min_samp -2034
69 htl max_samp 2026
69 htl min_power10 18.7
69 htl max_power90 48.4
69 htc missing nothing
69 htc duration_sec 8.7
69 htc dc_offset 42
69 htc min_samp -1874
69 htc max_samp 1774
69 htc min_power10 16.6
69 htc max_power90 48.3
69 room comments CE  
69 room missing CS
69 room duration_sec 10.7
69 room dc_offset 42
69 room min_samp -1550
69 room max_samp 1178
69 room min_power10 19.0
69 room max_power90 46.5
69 meal missing nothing
69 meal duration_sec 3.3
69 meal dc_offset 42
69 meal min_samp -1050
69 meal max_samp 958
69 meal min_power10 20.4
69 meal max_power90 47.4
69 story-bt comments BN SS  
69 story-bt missing nothing
69 story-bt duration_sec 12.6
69 story-bt dc_offset 42
69 story-bt min_samp -2438
69 story-bt max_samp 2542
69 story-bt min_power10 19.5
69 story-bt max_power90 48.5
69 gender male
69 age adult
69 connection average
69 intelligibility ok
