64 labeler khoward
64 label_date Sat Dec 14 09:07:13 PST 1991
64 nlang comments ES EN CE
64 nlang missing CS
64 nlang duration_sec 2.4
64 nlang dc_offset 42
64 nlang min_samp -1998
64 nlang max_samp 3142
64 nlang min_power10 22.9
64 nlang max_power90 53.9
64 clang comments ES EN
64 clang missing nothing
64 clang duration_sec 2.1
64 clang dc_offset 42
64 clang min_samp -1718
64 clang max_samp 1738
64 clang min_power10 23.8
64 clang max_power90 52.3
64 dowk comments CE  
64 dowk missing Saturday?
64 dowk duration_sec 6.9
64 dowk dc_offset 42
64 dowk min_samp -3226
64 dowk max_samp 4742
64 dowk min_power10 22.0
64 dowk max_power90 56.6
64 nums comments EN CE
64 nums missing 9 10
64 nums duration_sec 9.7
64 nums dc_offset 42
64 nums min_samp -3078
64 nums max_samp 3870
64 nums min_power10 21.2
64 nums max_power90 54.9
64 htl comments EN CE
64 htl missing CS
64 htl duration_sec 7.4
64 htl dc_offset 42
64 htl min_samp -2086
64 htl max_samp 3198
64 htl min_power10 22.1
64 htl max_power90 55.0
64 htc comments EN CE
64 htc missing CS
64 htc duration_sec 9.6
64 htc dc_offset 42
64 htc min_samp -2366
64 htc max_samp 3718
64 htc min_power10 22.5
64 htc max_power90 54.5
64 room comments SNL EN  
64 room missing nothing
64 room duration_sec 11.4
64 room dc_offset 42
64 room min_samp -2558
64 room max_samp 4194
64 room min_power10 21.2
64 room max_power90 54.5
64 meal comments CE EN  
64 meal missing CS
64 meal duration_sec 7.8
64 meal dc_offset 42
64 meal min_samp -2418
64 meal max_samp 2874
64 meal min_power10 22.9
64 meal max_power90 55.2
64 story-bt comments BN CE SS SNL  
64 story-bt missing CS
64 story-bt duration_sec 47.9
64 story-bt dc_offset 42
64 story-bt min_samp -3042
64 story-bt max_samp 3402
64 story-bt min_power10 23.1
64 story-bt max_power90 52.9
64 story-at comments CB EN SS  
64 story-at missing CS
64 story-at duration_sec 3.0
64 story-at dc_offset 42
64 story-at min_samp -1286
64 story-at max_samp 1878
64 story-at min_power10 23.0
64 story-at max_power90 49.5
64 gender male
64 age adult
64 connection poor
64 intelligibility ok
