72 labeler ames
72 label_date Wed Dec 18 10:26:03 PST 1991
72 nlang comments EN  
72 nlang missing nothing
72 nlang duration_sec 1.2
72 nlang dc_offset 42
72 nlang min_samp -2074
72 nlang max_samp 1894
72 nlang min_power10 16.7
72 nlang max_power90 53.2
72 clang comments EN  
72 clang missing nothing
72 clang duration_sec 1.3
72 clang dc_offset 42
72 clang min_samp -2726
72 clang max_samp 2242
72 clang min_power10 17.4
72 clang max_power90 52.5
72 dowk comments CE EN  
72 dowk missing 7th day
72 dowk duration_sec 6.1
72 dowk dc_offset 42
72 dowk min_samp -1854
72 dowk max_samp 1818
72 dowk min_power10 17.6
72 dowk max_power90 50.0
72 nums comments CE EN  
72 nums missing 8 9 10?
72 nums duration_sec 9.6
72 nums dc_offset 42
72 nums min_samp -2254
72 nums max_samp 1586
72 nums min_power10 16.1
72 nums max_power90 47.5
72 htl comments EN  
72 htl missing nothing
72 htl duration_sec 5.8
72 htl dc_offset 42
72 htl min_samp -3634
72 htl max_samp 3898
72 htl min_power10 16.4
72 htl max_power90 54.7
72 htc comments EN  
72 htc missing nothing
72 htc duration_sec 2.3
72 htc dc_offset 42
72 htc min_samp -2942
72 htc max_samp 3090
72 htc min_power10 23.4
72 htc max_power90 54.0
72 room comments EN  
72 room missing nothing
72 room duration_sec 7.9
72 room dc_offset 42
72 room min_samp -1498
72 room max_samp 1874
72 room min_power10 18.0
72 room max_power90 49.3
72 meal comments EN  
72 meal missing nothing
72 meal duration_sec 3.9
72 meal dc_offset 42
72 meal min_samp -1990
72 meal max_samp 1946
72 meal min_power10 20.2
72 meal max_power90 50.8
72 gender female
72 age adult
72 connection average
72 intelligibility ok
