71 labeler khoward
71 label_date Sat Dec 14 11:02:13 PST 1991
71 nlang comments ES  
71 nlang missing nothing
71 nlang duration_sec 2.3
71 nlang dc_offset 42
71 nlang min_samp -2282
71 nlang max_samp 3374
71 nlang min_power10 18.4
71 nlang max_power90 56.3
71 clang comments ES  
71 clang missing nothing
71 clang duration_sec 1.6
71 clang dc_offset 42
71 clang min_samp -2358
71 clang max_samp 2646
71 clang min_power10 19.8
71 clang max_power90 53.8
71 dowk missing nothing
71 dowk duration_sec 6.9
71 dowk dc_offset 42
71 dowk min_samp -2490
71 dowk max_samp 3458
71 dowk min_power10 18.3
71 dowk max_power90 55.0
71 nums missing nothing
71 nums duration_sec 8.9
71 nums dc_offset 42
71 nums min_samp -4950
71 nums max_samp 4790
71 nums min_power10 18.5
71 nums max_power90 54.6
71 htl missing nothing
71 htl duration_sec 4.4
71 htl dc_offset 42
71 htl min_samp -2710
71 htl max_samp 3490
71 htl min_power10 19.3
71 htl max_power90 52.2
71 htc missing nothing
71 htc duration_sec 3.8
71 htc dc_offset 42
71 htc min_samp -3614
71 htc max_samp 2886
71 htc min_power10 18.2
71 htc max_power90 53.6
71 room comments CE  
71 room missing CS
71 room duration_sec 8.7
71 room dc_offset 42
71 room min_samp -2670
71 room max_samp 3218
71 room min_power10 18.4
71 room max_power90 50.0
71 meal missing nothing
71 meal duration_sec 8.0
71 meal dc_offset 42
71 meal min_samp -2126
71 meal max_samp 3058
71 meal min_power10 17.7
71 meal max_power90 45.8
71 story-bt comments SS  
71 story-bt missing nothing
71 story-bt duration_sec 48.4
71 story-bt dc_offset 42
71 story-bt min_samp -2046
71 story-bt max_samp 2714
71 story-bt min_power10 17.0
71 story-bt max_power90 45.2
71 story-at comments CE SS  
71 story-at missing CS
71 story-at duration_sec 9.0
71 story-at dc_offset 42
71 story-at min_samp -1686
71 story-at max_samp 2730
71 story-at min_power10 18.6
71 story-at max_power90 46.0
71 gender male
71 age adult
71 connection average
71 intelligibility ok
