77 labeler ames
77 label_date Sat Dec 21 16:42:04 PST 1991
77 nlang comments EN  
77 nlang missing nothing
77 nlang duration_sec 1.6
77 nlang dc_offset 42
77 nlang min_samp -4734
77 nlang max_samp 4574
77 nlang min_power10 25.1
77 nlang max_power90 61.7
77 clang comments CE EN  
77 clang missing cs
77 clang duration_sec 2.4
77 clang dc_offset 42
77 clang min_samp -5162
77 clang max_samp 4302
77 clang min_power10 21.6
77 clang max_power90 58.3
77 dowk comments EN  
77 dowk missing nothing
77 dowk duration_sec 3.3
77 dowk dc_offset 42
77 dowk min_samp -6478
77 dowk max_samp 5738
77 dowk min_power10 20.3
77 dowk max_power90 59.5
77 nums comments EN  
77 nums missing nothing
77 nums duration_sec 2.8
77 nums dc_offset 42
77 nums min_samp -6262
77 nums max_samp 6274
77 nums min_power10 30.8
77 nums max_power90 65.7
77 htl comments CE EN  
77 htl missing cs
77 htl duration_sec 5.1
77 htl dc_offset 42
77 htl min_samp -10534
77 htl max_samp 6734
77 htl min_power10 20.1
77 htl max_power90 55.0
77 htc comments CB EN  
77 htc missing cs
77 htc duration_sec 6.8
77 htc dc_offset 43
77 htc min_samp -7095
77 htc max_samp 8549
77 htc min_power10 26.9
77 htc max_power90 61.2
77 room comments CE EN ES SNL  
77 room missing cs
77 room duration_sec 8.7
77 room dc_offset 43
77 room min_samp -7447
77 room max_samp 7469
77 room min_power10 21.7
77 room max_power90 62.1
77 meal comments CB EN SNL  
77 meal missing cs
77 meal duration_sec 8.1
77 meal dc_offset 42
77 meal min_samp -14342
77 meal max_samp 11410
77 meal min_power10 19.3
77 meal max_power90 60.7
77 story-bt comments CE EN SS ES  
77 story-bt missing cs
77 story-bt duration_sec 46.8
77 story-bt dc_offset 42
77 story-bt min_samp -8378
77 story-bt max_samp 8350
77 story-bt min_power10 23.5
77 story-bt max_power90 56.9
77 gender female
77 age adult
77 connection average
77 intelligibility ok
