86 labeler ames
86 label_date Thu Jan  2 10:23:45 PST 1992
86 nlang comments CE EN  
86 nlang missing cs
86 nlang duration_sec 1.0
86 nlang dc_offset 43
86 nlang min_samp -5755
86 nlang max_samp 7965
86 nlang min_power10 24.2
86 nlang max_power90 64.9
86 clang comments CE EN ES  
86 clang missing cs
86 clang duration_sec 2.0
86 clang dc_offset 43
86 clang min_samp -8415
86 clang max_samp 8109
86 clang min_power10 23.9
86 clang max_power90 65.6
86 dowk comments EN  
86 dowk missing nothing
86 dowk duration_sec 5.0
86 dowk dc_offset 43
86 dowk min_samp -13531
86 dowk max_samp 9133
86 dowk min_power10 23.1
86 dowk max_power90 67.1
86 nums comments EN  
86 nums missing 0
86 nums duration_sec 6.1
86 nums dc_offset 43
86 nums min_samp -13303
86 nums max_samp 13045
86 nums min_power10 21.4
86 nums max_power90 68.2
86 htl comments CE EN  
86 htl missing cs
86 htl duration_sec 2.7
86 htl dc_offset 43
86 htl min_samp -13015
86 htl max_samp 10821
86 htl min_power10 29.2
86 htl max_power90 68.7
86 htc comments CE EN ES  
86 htc missing cs
86 htc duration_sec 8.5
86 htc dc_offset 43
86 htc min_samp -14775
86 htc max_samp 12973
86 htc min_power10 23.6
86 htc max_power90 66.2
86 room comments CE EN ES  
86 room missing cs
86 room duration_sec 10.9
86 room dc_offset 43
86 room min_samp -21263
86 room max_samp 14517
86 room min_power10 25.1
86 room max_power90 63.4
86 meal comments EN SNL  
86 meal missing nothing
86 meal duration_sec 4.7
86 meal dc_offset 43
86 meal min_samp -11371
86 meal max_samp 11101
86 meal min_power10 24.6
86 meal max_power90 65.3
86 story-bt comments CE EN SS ES SNL  
86 story-bt missing cs
86 story-bt duration_sec 47.7
86 story-bt dc_offset 43
86 story-bt min_samp -14551
86 story-bt max_samp 11853
86 story-bt min_power10 24.3
86 story-bt max_power90 63.6
86 story-at comments CB CE EN SS ES  
86 story-at missing cs
86 story-at duration_sec 8.9
86 story-at dc_offset 43
86 story-at min_samp -9287
86 story-at max_samp 7117
86 story-at min_power10 26.6
86 story-at max_power90 62.6
86 gender male
86 age adult
86 connection average
86 intelligibility ok
