83 labeler ames
83 label_date Thu Jan  2 08:48:21 PST 1992
83 nlang comments EN NN  
83 nlang missing nothing; native lang: "tUkwei"
83 nlang duration_sec 0.9
83 nlang dc_offset 43
83 nlang min_samp -3103
83 nlang max_samp 4741
83 nlang min_power10 22.5
83 nlang max_power90 58.6
83 clang comments EN NN  
83 clang missing nothing
83 clang duration_sec 0.9
83 clang dc_offset 43
83 clang min_samp -2559
83 clang max_samp 3133
83 clang min_power10 21.5
83 clang max_power90 58.5
83 dowk comments EN NN  
83 dowk missing nothing
83 dowk duration_sec 5.0
83 dowk dc_offset 43
83 dowk min_samp -6211
83 dowk max_samp 9293
83 dowk min_power10 23.4
83 dowk max_power90 61.1
83 nums comments EN NN  
83 nums missing nothing
83 nums duration_sec 6.6
83 nums dc_offset 43
83 nums min_samp -6943
83 nums max_samp 7157
83 nums min_power10 22.0
83 nums max_power90 60.6
83 htl comments EN NN  
83 htl missing nothing
83 htl duration_sec 1.1
83 htl dc_offset 43
83 htl min_samp -5847
83 htl max_samp 8389
83 htl min_power10 25.4
83 htl max_power90 64.8
83 htc comments EN NN  
83 htc missing nothing
83 htc duration_sec 1.8
83 htc dc_offset 43
83 htc min_samp -6711
83 htc max_samp 7077
83 htc min_power10 21.6
83 htc max_power90 62.7
83 room comments CE EN NN SNL  
83 room missing cs
83 room duration_sec 8.0
83 room dc_offset 43
83 room min_samp -6295
83 room max_samp 9085
83 room min_power10 21.0
83 room max_power90 60.3
83 meal comments EN NN  
83 meal missing nothing
83 meal duration_sec 1.9
83 meal dc_offset 43
83 meal min_samp -7391
83 meal max_samp 9245
83 meal min_power10 26.7
83 meal max_power90 66.2
83 story-bt comments EN NN SS ES SNL  
83 story-bt missing nothing
83 story-bt duration_sec 35.6
83 story-bt dc_offset 43
83 story-bt min_samp -6203
83 story-bt max_samp 7949
83 story-bt min_power10 21.3
83 story-bt max_power90 60.2
83 gender male
83 age adult
83 connection average
83 intelligibility ok
