89 labeler ames
89 label_date Thu Jan  2 10:59:48 PST 1992
89 nlang comments EN  
89 nlang missing nothing
89 nlang duration_sec 0.8
89 nlang dc_offset 43
89 nlang min_samp -3787
89 nlang max_samp 3109
89 nlang min_power10 14.1
89 nlang max_power90 55.1
89 clang comments EN  
89 clang missing nothing
89 clang duration_sec 1.0
89 clang dc_offset 43
89 clang min_samp -3419
89 clang max_samp 2965
89 clang min_power10 14.1
89 clang max_power90 56.8
89 dowk comments EN  
89 dowk missing nothing
89 dowk duration_sec 4.8
89 dowk dc_offset 43
89 dowk min_samp -4291
89 dowk max_samp 3361
89 dowk min_power10 13.7
89 dowk max_power90 53.2
89 nums comments EN  
89 nums missing nothing
89 nums duration_sec 8.8
89 nums dc_offset 43
89 nums min_samp -7607
89 nums max_samp 6069
89 nums min_power10 13.3
89 nums max_power90 55.6
89 htl comments EN  
89 htl missing nothing
89 htl duration_sec 7.8
89 htl dc_offset 43
89 htl min_samp -3351
89 htl max_samp 2981
89 htl min_power10 13.5
89 htl max_power90 52.4
89 htc comments EN  
89 htc missing nothing
89 htc duration_sec 7.2
89 htc dc_offset 43
89 htc min_samp -4311
89 htc max_samp 2433
89 htc min_power10 14.0
89 htc max_power90 53.1
89 room comments CE EN ES SNL  
89 room missing cs
89 room duration_sec 10.5
89 room dc_offset 43
89 room min_samp -5011
89 room max_samp 3845
89 room min_power10 14.4
89 room max_power90 55.3
89 meal comments CE EN ES SNL  
89 meal missing cs
89 meal duration_sec 8.1
89 meal dc_offset 43
89 meal min_samp -3911
89 meal max_samp 3141
89 meal min_power10 14.2
89 meal max_power90 54.3
89 story-bt comments CE EN SS ES SNL  
89 story-bt missing cs
89 story-bt duration_sec 48.3
89 story-bt dc_offset 43
89 story-bt min_samp -6799
89 story-bt max_samp 4141
89 story-bt min_power10 13.4
89 story-bt max_power90 51.7
89 story-at comments CB EN SS  
89 story-at missing cs
89 story-at duration_sec 3.6
89 story-at dc_offset 43
89 story-at min_samp -2739
89 story-at max_samp 2017
89 story-at min_power10 14.4
89 story-at max_power90 52.5
89 gender male
89 age adult
89 connection poor
89 intelligibility ok
