99 labeler ames
99 label_date Tue Jan 14 19:25:50 PST 1992
99 nlang comments CE EN  
99 nlang missing cs
99 nlang duration_sec 1.9
99 nlang dc_offset 43
99 nlang min_samp -5527
99 nlang max_samp 4749
99 nlang min_power10 26.0
99 nlang max_power90 63.4
99 clang comments EN  
99 clang missing nothing
99 clang duration_sec 0.8
99 clang dc_offset 43
99 clang min_samp -4495
99 clang max_samp 4765
99 clang min_power10 23.0
99 clang max_power90 62.4
99 dowk comments EN  
99 dowk missing nothing
99 dowk duration_sec 4.4
99 dowk dc_offset 43
99 dowk min_samp -5863
99 dowk max_samp 4965
99 dowk min_power10 24.3
99 dowk max_power90 59.6
99 nums comments EN  
99 nums missing nothing
99 nums duration_sec 4.7
99 nums dc_offset 43
99 nums min_samp -5463
99 nums max_samp 4553
99 nums min_power10 24.9
99 nums max_power90 56.7
99 htl comments CE EN ES  
99 htl missing cs
99 htl duration_sec 8.0
99 htl dc_offset 43
99 htl min_samp -4855
99 htl max_samp 4941
99 htl min_power10 24.5
99 htl max_power90 58.1
99 htc comments EN  
99 htc missing nothing
99 htc duration_sec 8.8
99 htc dc_offset 43
99 htc min_samp -4655
99 htc max_samp 4533
99 htc min_power10 24.4
99 htc max_power90 56.2
99 room comments CE EN ES SNL  
99 room missing cs
99 room duration_sec 11.5
99 room dc_offset 43
99 room min_samp -4555
99 room max_samp 4565
99 room min_power10 25.0
99 room max_power90 57.7
99 meal comments EN ES  
99 meal missing nothing
99 meal duration_sec 5.1
99 meal dc_offset 43
99 meal min_samp -4815
99 meal max_samp 4533
99 meal min_power10 24.5
99 meal max_power90 58.7
99 story-bt comments CE EN SS ES SNL  
99 story-bt missing cs; second speaker in background
99 story-bt duration_sec 48.3
99 story-bt dc_offset 43
99 story-bt min_samp -6519
99 story-bt max_samp 6741
99 story-bt min_power10 25.7
99 story-bt max_power90 57.4
99 story-at comments EN  
99 story-at missing nothing
99 story-at duration_sec 3.5
99 story-at dc_offset 43
99 story-at min_samp -2483
99 story-at max_samp 2925
99 story-at min_power10 23.2
99 story-at max_power90 53.7
99 gender male
99 age adult
99 connection average
99 intelligibility ok
