90 labeler khoward
90 label_date Fri Jan  3 08:38:16 PST 1992
90 nlang missing nothing
90 nlang duration_sec 0.8
90 nlang dc_offset 43
90 nlang min_samp -947
90 nlang max_samp 785
90 nlang min_power10 17.2
90 nlang max_power90 48.0
90 clang missing nothing
90 clang duration_sec 0.8
90 clang dc_offset 43
90 clang min_samp -1015
90 clang max_samp 1145
90 clang min_power10 16.3
90 clang max_power90 50.2
90 dowk missing nothing
90 dowk duration_sec 5.4
90 dowk dc_offset 43
90 dowk min_samp -923
90 dowk max_samp 949
90 dowk min_power10 17.4
90 dowk max_power90 48.0
90 nums missing nothing
90 nums duration_sec 8.3
90 nums dc_offset 43
90 nums min_samp -999
90 nums max_samp 1037
90 nums min_power10 16.7
90 nums max_power90 46.3
90 htl missing nothing
90 htl duration_sec 7.7
90 htl dc_offset 43
90 htl min_samp -1207
90 htl max_samp 1009
90 htl min_power10 16.1
90 htl max_power90 47.2
90 htc missing nothing
90 htc duration_sec 8.7
90 htc dc_offset 43
90 htc min_samp -1043
90 htc max_samp 1041
90 htc min_power10 15.3
90 htc max_power90 42.4
90 room comments BN CE SNL  
90 room missing CS
90 room duration_sec 9.3
90 room dc_offset 43
90 room min_samp -867
90 room max_samp 761
90 room min_power10 17.7
90 room max_power90 44.7
90 meal comments BN  
90 meal missing nothing
90 meal duration_sec 4.1
90 meal dc_offset 43
90 meal min_samp -923
90 meal max_samp 1013
90 meal min_power10 18.2
90 meal max_power90 45.4
90 gender female
90 age adult
90 connection average
90 intelligibility ok
