102 labeler khoward
102 label_date Sat Jan 18 17:48:58 PST 1992
102 nlang missing nothing
102 nlang duration_sec 1.3
102 nlang dc_offset 42
102 nlang min_samp -574
102 nlang max_samp 638
102 nlang min_power10 20.1
102 nlang max_power90 38.0
102 clang missing nothing
102 clang duration_sec 1.1
102 clang dc_offset 42
102 clang min_samp -1594
102 clang max_samp 1134
102 clang min_power10 20.1
102 clang max_power90 48.4
102 dowk missing nothing
102 dowk duration_sec 6.0
102 dowk dc_offset 42
102 dowk min_samp -654
102 dowk max_samp 942
102 dowk min_power10 20.2
102 dowk max_power90 39.4
102 nums missing nothing
102 nums duration_sec 9.0
102 nums dc_offset 42
102 nums min_samp -1678
102 nums max_samp 2118
102 nums min_power10 20.3
102 nums max_power90 40.1
102 htc comments CE  
102 htc missing CS
102 htc duration_sec 9.7
102 htc dc_offset 42
102 htc min_samp -1258
102 htc max_samp 1610
102 htc min_power10 21.1
102 htc max_power90 44.7
102 room comments CE  
102 room missing CS
102 room duration_sec 11.5
102 room dc_offset 42
102 room min_samp -1870
102 room max_samp 1438
102 room min_power10 20.8
102 room max_power90 46.5
102 meal missing nothing
102 meal duration_sec 9.5
102 meal dc_offset 42
102 meal min_samp -1806
102 meal max_samp 1410
102 meal min_power10 20.8
102 meal max_power90 46.9
102 story-bt comments CE SS  
102 story-bt missing CS
102 story-bt duration_sec 48.8
102 story-bt dc_offset 42
102 story-bt min_samp -1198
102 story-bt max_samp 1114
102 story-bt min_power10 20.5
102 story-bt max_power90 41.9
102 story-at comments SS  
102 story-at missing nothing
102 story-at duration_sec 7.6
102 story-at dc_offset 42
102 story-at min_samp -1118
102 story-at max_samp 842
102 story-at min_power10 20.8
102 story-at max_power90 42.2
102 gender female
102 age adult
102 connection average
102 intelligibility ok
