101 labeler khoward
101 label_date Sat Jan 18 17:25:56 PST 1992
101 nlang missing nothing
101 nlang duration_sec 1.2
101 nlang dc_offset 43
101 nlang min_samp -815
101 nlang max_samp 1085
101 nlang min_power10 11.3
101 nlang max_power90 43.1
101 clang missing nothing
101 clang duration_sec 1.1
101 clang dc_offset 43
101 clang min_samp -1395
101 clang max_samp 1501
101 clang min_power10 11.8
101 clang max_power90 51.2
101 dowk missing nothing
101 dowk duration_sec 6.7
101 dowk dc_offset 43
101 dowk min_samp -1159
101 dowk max_samp 1509
101 dowk min_power10 11.6
101 dowk max_power90 46.2
101 nums comments EN  
101 nums missing nothing
101 nums duration_sec 8.0
101 nums dc_offset 43
101 nums min_samp -1187
101 nums max_samp 1485
101 nums min_power10 11.3
101 nums max_power90 42.6
101 htl comments CE  
101 htl missing CS
101 htl duration_sec 7.9
101 htl dc_offset 43
101 htl min_samp -639
101 htl max_samp 1113
101 htl min_power10 12.3
101 htl max_power90 38.0
101 htc missing nothing
101 htc duration_sec 5.9
101 htc dc_offset 43
101 htc min_samp -691
101 htc max_samp 1153
101 htc min_power10 12.8
101 htc max_power90 40.3
101 room comments CE  
101 room missing CS
101 room duration_sec 11.1
101 room dc_offset 43
101 room min_samp -839
101 room max_samp 1353
101 room min_power10 12.1
101 room max_power90 37.6
101 meal comments SNL  
101 meal missing nothing
101 meal duration_sec 4.9
101 meal dc_offset 43
101 meal min_samp -435
101 meal max_samp 625
101 meal min_power10 12.0
101 meal max_power90 34.1
101 story-bt comments CE EN SS  
101 story-bt missing CS
101 story-bt duration_sec 43.9
101 story-bt dc_offset 43
101 story-bt min_samp -1779
101 story-bt max_samp 1857
101 story-bt min_power10 12.6
101 story-bt max_power90 47.3
101 gender male
101 age adult
101 connection average
101 intelligibility ok
