108 labeler khoward
108 label_date Mon Jan 20 11:45:00 PST 1992
108 nlang comments BN
108 nlang missing nothing
108 nlang duration_sec 1.4
108 nlang dc_offset 42
108 nlang min_samp -2662
108 nlang max_samp 2590
108 nlang min_power10 11.2
108 nlang max_power90 56.0
108 clang comments BN ES  
108 clang missing nothing
108 clang duration_sec 1.7
108 clang dc_offset 42
108 clang min_samp -1318
108 clang max_samp 1706
108 clang min_power10 11.3
108 clang max_power90 49.6
108 dowk comments BN  
108 dowk missing nothing
108 dowk duration_sec 6.4
108 dowk dc_offset 42
108 dowk min_samp -6094
108 dowk max_samp 4790
108 dowk min_power10 11.3
108 dowk max_power90 50.2
108 nums comments BN CE  
108 nums missing 10
108 nums duration_sec 9.6
108 nums dc_offset 42
108 nums min_samp -2234
108 nums max_samp 1962
108 nums min_power10 10.4
108 nums max_power90 47.4
108 htl comments BN CE  
108 htl missing CS
108 htl duration_sec 7.1
108 htl dc_offset 42
108 htl min_samp -3098
108 htl max_samp 3282
108 htl min_power10 10.3
108 htl max_power90 53.2
108 htc comments BN  
108 htc missing nothing
108 htc duration_sec 6.7
108 htc dc_offset 42
108 htc min_samp -1482
108 htc max_samp 2326
108 htc min_power10 12.0
108 htc max_power90 50.6
108 room comments CE BN SNL  
108 room missing CS
108 room duration_sec 6.2
108 room dc_offset 42
108 room min_samp -2114
108 room max_samp 2502
108 room min_power10 11.0
108 room max_power90 50.8
108 meal comments BN  
108 meal missing nothing
108 meal duration_sec 7.7
108 meal dc_offset 42
108 meal min_samp -1266
108 meal max_samp 1798
108 meal min_power10 10.3
108 meal max_power90 48.8
108 gender female
108 age adult
108 connection average
108 intelligibility ok
