106 labeler khoward
106 label_date Mon Jan 20 11:29:28 PST 1992
106 clang missing nothing
106 clang duration_sec 1.1
106 clang dc_offset 42
106 clang min_samp -774
106 clang max_samp 538
106 clang min_power10 17.1
106 clang max_power90 46.8
106 dowk missing nothing
106 dowk duration_sec 5.3
106 dowk dc_offset 42
106 dowk min_samp -1966
106 dowk max_samp 1298
106 dowk min_power10 16.0
106 dowk max_power90 52.5
106 nums missing nothing
106 nums duration_sec 8.4
106 nums dc_offset 42
106 nums min_samp -3426
106 nums max_samp 2086
106 nums min_power10 15.1
106 nums max_power90 55.5
106 htl missing nothing
106 htl duration_sec 2.1
106 htl dc_offset 43
106 htl min_samp -3115
106 htl max_samp 2157
106 htl min_power10 14.2
106 htl max_power90 54.1
106 htc missing nothing
106 htc duration_sec 2.8
106 htc dc_offset 42
106 htc min_samp -2734
106 htc max_samp 1690
106 htc min_power10 15.7
106 htc max_power90 56.0
106 room missing nothing
106 room duration_sec 8.6
106 room dc_offset 43
106 room min_samp -4215
106 room max_samp 3113
106 room min_power10 19.9
106 room max_power90 58.1
106 meal missing nothing
106 meal duration_sec 1.8
106 meal dc_offset 43
106 meal min_samp -3983
106 meal max_samp 2733
106 meal min_power10 23.3
106 meal max_power90 59.6
106 gender female
106 age adult
106 connection average
106 intelligibility ok
