118 labeler ames
118 label_date Mon Mar  2 08:51:26 PST 1992
118 nlang comments EN  
118 nlang missing nothing
118 nlang duration_sec 0.7
118 nlang dc_offset 42
118 nlang min_samp -1102
118 nlang max_samp 1378
118 nlang min_power10 19.8
118 nlang max_power90 52.0
118 clang comments EN  
118 clang missing nothing; extreme noise
118 clang duration_sec 1.1
118 clang dc_offset 42
118 clang min_samp -870
118 clang max_samp 958
118 clang min_power10 20.2
118 clang max_power90 42.4
118 dowk comments EN  
118 dowk missing nothing
118 dowk duration_sec 3.4
118 dowk dc_offset 42
118 dowk min_samp -1330
118 dowk max_samp 1226
118 dowk min_power10 22.4
118 dowk max_power90 47.2
118 nums comments EN  
118 nums missing nothing
118 nums duration_sec 3.7
118 nums dc_offset 42
118 nums min_samp -1422
118 nums max_samp 1754
118 nums min_power10 21.9
118 nums max_power90 50.0
118 htl comments EN ES  
118 htl missing nothing
118 htl duration_sec 3.1
118 htl dc_offset 42
118 htl min_samp -1114
118 htl max_samp 1450
118 htl min_power10 18.0
118 htl max_power90 49.4
118 htc comments CE EN ES  
118 htc missing cs
118 htc duration_sec 6.2
118 htc dc_offset 42
118 htc min_samp -1478
118 htc max_samp 1486
118 htc min_power10 17.3
118 htc max_power90 45.2
118 room comments CE EN ES SNL  
118 room missing cs
118 room duration_sec 10.8
118 room dc_offset 42
118 room min_samp -1434
118 room max_samp 1506
118 room min_power10 19.9
118 room max_power90 48.1
118 meal comments EN ES SNL  
118 meal missing nothing
118 meal duration_sec 9.0
118 meal dc_offset 42
118 meal min_samp -1518
118 meal max_samp 1370
118 meal min_power10 18.2
118 meal max_power90 48.6
118 story-bt comments CE EN ES SS 
118 story-bt missing cs
118 story-bt duration_sec 47.3
118 story-bt dc_offset 42
118 story-bt min_samp -3030
118 story-bt max_samp 2406
118 story-bt min_power10 18.9
118 story-bt max_power90 46.4
118 story-at comments EN  SS
118 story-at missing nothing; extreme noise
118 story-at duration_sec 8.6
118 story-at dc_offset 42
118 story-at min_samp -774
118 story-at max_samp 814
118 story-at min_power10 18.9
118 story-at max_power90 45.8
118 gender female
118 age adult
118 connection poor
118 intelligibility ok
