116 labeler ames
116 label_date Mon Mar  2 08:35:09 PST 1992
116 nlang comments EN  
116 nlang missing nothing
116 nlang duration_sec 0.8
116 nlang dc_offset 42
116 nlang min_samp -3506
116 nlang max_samp 2294
116 nlang min_power10 20.3
116 nlang max_power90 53.5
116 clang comments EN  
116 clang missing nothing
116 clang duration_sec 1.0
116 clang dc_offset 42
116 clang min_samp -2162
116 clang max_samp 1526
116 clang min_power10 19.5
116 clang max_power90 54.4
116 dowk comments BN EN  
116 dowk missing nothing
116 dowk duration_sec 7.0
116 dowk dc_offset 42
116 dowk min_samp -2146
116 dowk max_samp 2878
116 dowk min_power10 19.4
116 dowk max_power90 48.8
116 nums comments EN  
116 nums missing nothing
116 nums duration_sec 9.0
116 nums dc_offset 42
116 nums min_samp -2942
116 nums max_samp 3654
116 nums min_power10 19.3
116 nums max_power90 48.8
116 htl comments EN  
116 htl missing nothing
116 htl duration_sec 1.5
116 htl dc_offset 42
116 htl min_samp -3598
116 htl max_samp 4918
116 htl min_power10 21.7
116 htl max_power90 58.7
116 htc comments EN  
116 htc missing nothing
116 htc duration_sec 7.7
116 htc dc_offset 42
116 htc min_samp -3494
116 htc max_samp 3902
116 htc min_power10 19.9
116 htc max_power90 51.2
116 room comments EN ES  
116 room missing nothing
116 room duration_sec 7.9
116 room dc_offset 42
116 room min_samp -2762
116 room max_samp 3546
116 room min_power10 19.7
116 room max_power90 49.8
116 meal comments EN  
116 meal missing nothing
116 meal duration_sec 6.5
116 meal dc_offset 42
116 meal min_samp -4610
116 meal max_samp 4030
116 meal min_power10 20.0
116 meal max_power90 51.0
116 story-bt comments EN ES SS 
116 story-bt missing nothing
116 story-bt duration_sec 40.9
116 story-bt dc_offset 42
116 story-bt min_samp -3450
116 story-bt max_samp 2622
116 story-bt min_power10 19.7
116 story-bt max_power90 47.5
116 gender male
116 age adult
116 connection poor
116 intelligibility ok
