114 labeler khoward
114 label_date Sat Feb 29 21:50:43 PST 1992
114 nlang missing nothing
114 nlang duration_sec 1.0
114 nlang dc_offset 42
114 nlang min_samp -2090
114 nlang max_samp 2066
114 nlang min_power10 16.7
114 nlang max_power90 56.3
114 clang missing nothing
114 clang duration_sec 1.0
114 clang dc_offset 42
114 clang min_samp -1950
114 clang max_samp 1942
114 clang min_power10 16.5
114 clang max_power90 52.5
114 dowk missing nothing
114 dowk duration_sec 5.9
114 dowk dc_offset 42
114 dowk min_samp -2474
114 dowk max_samp 2302
114 dowk min_power10 16.1
114 dowk max_power90 54.1
114 nums missing nothing
114 nums duration_sec 8.2
114 nums dc_offset 42
114 nums min_samp -2426
114 nums max_samp 2222
114 nums min_power10 15.9
114 nums max_power90 52.6
114 htl missing nothing
114 htl duration_sec 7.0
114 htl dc_offset 42
114 htl min_samp -2034
114 htl max_samp 3394
114 htl min_power10 16.5
114 htl max_power90 51.7
114 htc missing nothing
114 htc duration_sec 4.3
114 htc dc_offset 42
114 htc min_samp -2838
114 htc max_samp 2618
114 htc min_power10 16.8
114 htc max_power90 51.2
114 room missing nothing
114 room duration_sec 8.0
114 room dc_offset 42
114 room min_samp -2830
114 room max_samp 2670
114 room min_power10 16.1
114 room max_power90 49.8
114 meal missing nothing
114 meal duration_sec 5.2
114 meal dc_offset 42
114 meal min_samp -3490
114 meal max_samp 2786
114 meal min_power10 15.4
114 meal max_power90 51.4
114 story-bt comments RS  
114 story-bt missing nothing
114 story-bt duration_sec 48.0
114 story-bt dc_offset 42
114 story-bt min_samp -2630
114 story-bt max_samp 2774
114 story-bt min_power10 16.5
114 story-bt max_power90 51.7
114 story-at comments RS  
114 story-at missing nothing
114 story-at duration_sec 9.0
114 story-at dc_offset 42
114 story-at min_samp -2882
114 story-at max_samp 2022
114 story-at min_power10 16.5
114 story-at max_power90 52.0
114 gender female
114 age adult
114 connection average
114 intelligibility ok
