112 labeler ames
112 label_date Mon Jan 27 18:07:59 PST 1992
112 nlang comments EN  
112 nlang missing nothing
112 nlang duration_sec 0.9
112 nlang dc_offset 42
112 nlang min_samp -8118
112 nlang max_samp 5430
112 nlang min_power10 21.5
112 nlang max_power90 63.0
112 clang comments EN  
112 clang missing nothing
112 clang duration_sec 0.8
112 clang dc_offset 42
112 clang min_samp -5750
112 clang max_samp 6134
112 clang min_power10 20.8
112 clang max_power90 63.7
112 dowk missing nothing
112 dowk duration_sec 7.5
112 dowk dc_offset 42
112 dowk min_samp -8110
112 dowk max_samp 9030
112 dowk min_power10 22.1
112 dowk max_power90 61.2
112 nums missing nothing
112 nums duration_sec 7.4
112 nums dc_offset 42
112 nums min_samp -10806
112 nums max_samp 12542
112 nums min_power10 21.7
112 nums max_power90 59.7
112 htl comments CE  
112 htl missing cs
112 htl duration_sec 5.9
112 htl dc_offset 42
112 htl min_samp -10898
112 htl max_samp 10630
112 htl min_power10 21.5
112 htl max_power90 63.1
112 htc comments EN  
112 htc missing nothing
112 htc duration_sec 6.2
112 htc dc_offset 42
112 htc min_samp -10094
112 htc max_samp 10398
112 htc min_power10 23.5
112 htc max_power90 57.2
112 room comments BN  
112 room missing nothing
112 room duration_sec 8.1
112 room dc_offset 42
112 room min_samp -21206
112 room max_samp 18370
112 room min_power10 24.6
112 room max_power90 60.6
112 meal comments CE  
112 meal missing cs
112 meal duration_sec 8.4
112 meal dc_offset 42
112 meal min_samp -10814
112 meal max_samp 8950
112 meal min_power10 21.6
112 meal max_power90 64.6
112 story-bt comments CE EN SS ES  
112 story-bt missing cs
112 story-bt duration_sec 47.2
112 story-bt dc_offset 42
112 story-bt min_samp -6542
112 story-bt max_samp 7806
112 story-bt min_power10 22.4
112 story-bt max_power90 58.7
112 story-bt comments CB
112 story-at missing cs
112 story-at duration_sec 9.1
112 story-at dc_offset 42
112 story-at min_samp -10574
112 story-at max_samp 10678
112 story-at min_power10 21.5
112 story-at max_power90 58.5
112 gender male
112 age adult
112 connection good
112 intelligibility ok
