126 labeler ames
126 label_date Sun Mar  8 12:44:03 PST 1992
126 nlang comments EN  
126 nlang missing nothing; extreme noise
126 nlang duration_sec 0.9
126 nlang dc_offset 42
126 nlang min_samp -678
126 nlang max_samp 562
126 nlang min_power10 19.8
126 nlang max_power90 41.1
126 clang comments EN  
126 clang missing nothing; extreme noise
126 clang duration_sec 0.8
126 clang dc_offset 42
126 clang min_samp -1342
126 clang max_samp 1026
126 clang min_power10 26.0
126 clang max_power90 50.9
126 dowk comments EN  
126 dowk missing nothing
126 dowk duration_sec 5.2
126 dowk dc_offset 42
126 dowk min_samp -1710
126 dowk max_samp 1570
126 dowk min_power10 20.9
126 dowk max_power90 46.1
126 nums comments EN  
126 nums missing nothing
126 nums duration_sec 8.1
126 nums dc_offset 42
126 nums min_samp -2134
126 nums max_samp 3150
126 nums min_power10 20.6
126 nums max_power90 47.9
126 htl comments EN  
126 htl missing nothing
126 htl duration_sec 1.0
126 htl dc_offset 42
126 htl min_samp -1442
126 htl max_samp 1726
126 htl min_power10 21.2
126 htl max_power90 51.4
126 htc comments EN  
126 htc missing nothing; extreme noise
126 htc duration_sec 1.3
126 htc dc_offset 42
126 htc min_samp -1630
126 htc max_samp 1794
126 htc min_power10 23.1
126 htc max_power90 50.5
126 room comments CE EN  
126 room missing cs; extreme noise
126 room duration_sec 10.6
126 room dc_offset 42
126 room min_samp -2282
126 room max_samp 2390
126 room min_power10 21.8
126 room max_power90 52.2
126 meal comments EN  
126 meal missing nothing; extreme noise
126 meal duration_sec 4.7
126 meal dc_offset 42
126 meal min_samp -2766
126 meal max_samp 3670
126 meal min_power10 21.8
126 meal max_power90 58.5
126 story-bt comments EN SS ES  
126 story-bt missing nothing
126 story-bt duration_sec 45.2
126 story-bt dc_offset 42
126 story-bt min_samp -3062
126 story-bt max_samp 3534
126 story-bt min_power10 22.2
126 story-bt max_power90 50.6
126 gender male
126 age adult
126 connection poor
126 intelligibility ok
