129 labeler ames
129 label_date Fri May  8 12:29:53 PDT 1992
129 nlang comments EN  
129 nlang missing nothing
129 nlang duration_sec 1.1
129 nlang dc_offset 42
129 nlang min_samp -3478
129 nlang max_samp 3678
129 nlang min_power10 37.1
129 nlang max_power90 57.8
129 clang comments EN ES  
129 clang missing nothing
129 clang duration_sec 1.7
129 clang dc_offset 42
129 clang min_samp -2370
129 clang max_samp 3358
129 clang min_power10 37.5
129 clang max_power90 55.3
129 dowk comments EN  
129 dowk missing nothing
129 dowk duration_sec 3.5
129 dowk dc_offset 42
129 dowk min_samp -4890
129 dowk max_samp 6354
129 dowk min_power10 37.5
129 dowk max_power90 58.7
129 nums comments EN  
129 nums missing don't know; may have skipped zero
129 nums duration_sec 8.1
129 nums dc_offset 42
129 nums min_samp -4522
129 nums max_samp 5698
129 nums min_power10 37.3
129 nums max_power90 58.3
129 htl comments CE EN  
129 htl missing cs
129 htl duration_sec 8.6
129 htl dc_offset 42
129 htl min_samp -5270
129 htl max_samp 5878
129 htl min_power10 37.0
129 htl max_power90 57.5
129 htc comments EN  
129 htc missing nothing
129 htc duration_sec 9.6
129 htc dc_offset 42
129 htc min_samp -4194
129 htc max_samp 5670
129 htc min_power10 37.0
129 htc max_power90 57.6
129 room comments CE EN ES SNL  
129 room missing cs
129 room duration_sec 10.2
129 room dc_offset 42
129 room min_samp -4718
129 room max_samp 6114
129 room min_power10 37.4
129 room max_power90 57.3
129 meal comments EN ES  
129 meal missing may have cutoff end
129 meal duration_sec 6.7
129 meal dc_offset 42
129 meal min_samp -5542
129 meal max_samp 5966
129 meal min_power10 37.5
129 meal max_power90 59.9
129 story-bt comments CE EN SS ES  
129 story-bt missing cs
129 story-bt duration_sec 47.4
129 story-bt dc_offset 42
129 story-bt min_samp -5994
129 story-bt max_samp 7330
129 story-bt min_power10 37.6
129 story-bt max_power90 54.3
129 story-at comments EN  
129 story-at missing nothing
129 story-at duration_sec 3.3
129 story-at dc_offset 42
129 story-at min_samp -3294
129 story-at max_samp 3302
129 story-at min_power10 37.3
129 story-at max_power90 53.8
129 gender male
129 age adult
129 connection poor
129 intelligibility ok
