130 labeler ames
130 label_date Mon May 11 10:54:55 PDT 1992
130 nlang comments EN  
130 nlang missing nothing
130 nlang duration_sec 1.1
130 nlang dc_offset 42
130 nlang min_samp -5162
130 nlang max_samp 4818
130 nlang min_power10 23.5
130 nlang max_power90 60.9
130 clang comments EN  
130 clang missing nothing
130 clang duration_sec 1.1
130 clang dc_offset 42
130 clang min_samp -3298
130 clang max_samp 2958
130 clang min_power10 21.5
130 clang max_power90 56.2
130 dowk comments EN  
130 dowk missing nothing
130 dowk duration_sec 4.8
130 dowk dc_offset 42
130 dowk min_samp -5978
130 dowk max_samp 4526
130 dowk min_power10 27.0
130 dowk max_power90 59.5
130 nums comments EN  
130 nums missing nothing
130 nums duration_sec 4.5
130 nums dc_offset 42
130 nums min_samp -7342
130 nums max_samp 6390
130 nums min_power10 26.5
130 nums max_power90 60.6
130 htl comments CE EN ES  
130 htl missing cs
130 htl duration_sec 5.2
130 htl dc_offset 42
130 htl min_samp -9302
130 htl max_samp 5854
130 htl min_power10 24.6
130 htl max_power90 58.0
130 htc comments EN  
130 htc missing nothing
130 htc duration_sec 3.3
130 htc dc_offset 42
130 htc min_samp -7202
130 htc max_samp 4878
130 htc min_power10 25.0
130 htc max_power90 60.4
130 room comments CE EN ES  
130 room missing cs
130 room duration_sec 9.1
130 room dc_offset 42
130 room min_samp -9078
130 room max_samp 7030
130 room min_power10 27.2
130 room max_power90 62.5
130 meal comments EN  
130 meal missing nothing
130 meal duration_sec 6.9
130 meal dc_offset 42
130 meal min_samp -5318
130 meal max_samp 3926
130 meal min_power10 26.8
130 meal max_power90 58.1
130 story-bt comments EN SS ES SNL  
130 story-bt missing nothing
130 story-bt duration_sec 41.5
130 story-bt dc_offset 42
130 story-bt min_samp -6086
130 story-bt max_samp 5710
130 story-bt min_power10 25.0
130 story-bt max_power90 55.7
130 gender male
130 age adult
130 connection average
130 intelligibility ok
