139 labeler ames
139 label_date Thu May 14 09:44:44 PDT 1992
139 nlang comments EN  
139 nlang missing nothing
139 nlang duration_sec 1.1
139 nlang dc_offset 42
139 nlang min_samp -4894
139 nlang max_samp 3070
139 nlang min_power10 15.7
139 nlang max_power90 55.0
139 clang comments EN  
139 clang missing nothing
139 clang duration_sec 1.2
139 clang dc_offset 42
139 clang min_samp -2686
139 clang max_samp 2142
139 clang min_power10 16.0
139 clang max_power90 51.7
139 dowk comments EN  
139 dowk missing nothing
139 dowk duration_sec 6.2
139 dowk dc_offset 42
139 dowk min_samp -2182
139 dowk max_samp 1838
139 dowk min_power10 15.6
139 dowk max_power90 48.9
139 nums comments EN  
139 nums missing nothing
139 nums duration_sec 7.7
139 nums dc_offset 42
139 nums min_samp -4654
139 nums max_samp 3610
139 nums min_power10 15.6
139 nums max_power90 48.4
139 htl comments BN CE EN  
139 htl missing cs
139 htl duration_sec 5.5
139 htl dc_offset 42
139 htl min_samp -6854
139 htl max_samp 5002
139 htl min_power10 15.7
139 htl max_power90 50.4
139 htc comments EN  
139 htc missing nothing
139 htc duration_sec 2.6
139 htc dc_offset 42
139 htc min_samp -3562
139 htc max_samp 2986
139 htc min_power10 16.0
139 htc max_power90 55.7
139 room comments CE EN SNL  
139 room missing cs
139 room duration_sec 9.0
139 room dc_offset 42
139 room min_samp -2302
139 room max_samp 2198
139 room min_power10 16.0
139 room max_power90 50.1
139 meal comments CE EN  
139 meal missing cs
139 meal duration_sec 8.7
139 meal dc_offset 42
139 meal min_samp -3298
139 meal max_samp 3334
139 meal min_power10 15.6
139 meal max_power90 51.5
139 story-bt comments CE EN SS ES  
139 story-bt missing cs
139 story-bt duration_sec 47.2
139 story-bt dc_offset 42
139 story-bt min_samp -3238
139 story-bt max_samp 2958
139 story-bt min_power10 16.3
139 story-bt max_power90 50.2
139 story-at comments CB CE EN SS ES  
139 story-at missing cs
139 story-at duration_sec 9.5
139 story-at dc_offset 42
139 story-at min_samp -2318
139 story-at max_samp 2306
139 story-at min_power10 15.4
139 story-at max_power90 48.5
139 gender male
139 age adult
139 connection average
139 intelligibility ok
