131 labeler ames
131 label_date Mon May 11 11:04:09 PDT 1992
131 nlang comments EN  
131 nlang missing nothing
131 nlang duration_sec 1.2
131 nlang dc_offset 42
131 nlang min_samp -3982
131 nlang max_samp 4370
131 nlang min_power10 21.2
131 nlang max_power90 59.5
131 clang comments EN  
131 clang missing nothing
131 clang duration_sec 1.5
131 clang dc_offset 43
131 clang min_samp -5607
131 clang max_samp 5733
131 clang min_power10 21.8
131 clang max_power90 61.7
131 dowk comments CB EN  
131 dowk missing 1st day
131 dowk duration_sec 4.0
131 dowk dc_offset 43
131 dowk min_samp -5119
131 dowk max_samp 6953
131 dowk min_power10 22.3
131 dowk max_power90 59.9
131 nums comments EN  
131 nums missing nothing
131 nums duration_sec 5.1
131 nums dc_offset 43
131 nums min_samp -5231
131 nums max_samp 6629
131 nums min_power10 29.8
131 nums max_power90 62.0
131 htl comments EN  
131 htl missing nothing
131 htl duration_sec 6.1
131 htl dc_offset 43
131 htl min_samp -5095
131 htl max_samp 8493
131 htl min_power10 22.2
131 htl max_power90 61.5
131 htc comments CB EN  
131 htc missing cs
131 htc duration_sec 9.0
131 htc dc_offset 42
131 htc min_samp -5574
131 htc max_samp 10926
131 htc min_power10 22.5
131 htc max_power90 60.7
131 room comments CE EN ES SNL  
131 room missing cs
131 room duration_sec 11.4
131 room dc_offset 42
131 room min_samp -5846
131 room max_samp 8750
131 room min_power10 22.2
131 room max_power90 61.4
131 meal comments CB EN SNL  
131 meal missing cs
131 meal duration_sec 8.9
131 meal dc_offset 42
131 meal min_samp -5094
131 meal max_samp 7726
131 meal min_power10 19.6
131 meal max_power90 53.0
131 story-bt comments CE EN SS ES  
131 story-bt missing cs
131 story-bt duration_sec 48.6
131 story-bt dc_offset 42
131 story-bt min_samp -5054
131 story-bt max_samp 6206
131 story-bt min_power10 21.6
131 story-bt max_power90 54.8
131 gender male
131 age adult
131 connection average
131 intelligibility ok
