9 labeler khoward
9 label_date Wed Jul 10 09:25:11 PDT 1991
9 nlang missing nothing
9 nlang duration_sec 1.0
9 nlang dc_offset 42
9 nlang min_samp -5110
9 nlang max_samp 4622
9 nlang min_power10 22.4
9 nlang max_power90 57.9
9 clang missing nothing
9 clang duration_sec 1.0
9 clang dc_offset 42
9 clang min_samp -4642
9 clang max_samp 4154
9 clang min_power10 22.2
9 clang max_power90 57.2
9 dowk comments BN  
9 dowk missing nothing
9 dowk duration_sec 4.9
9 dowk dc_offset 42
9 dowk min_samp -2890
9 dowk max_samp 2634
9 dowk min_power10 21.8
9 dowk max_power90 51.8
9 nums comments CB  
9 nums missing 0 1 2 3?
9 nums duration_sec 2.0
9 nums dc_offset 42
9 nums min_samp -2154
9 nums max_samp 2134
9 nums min_power10 23.0
9 nums max_power90 53.1
9 htl missing nothing
9 htl duration_sec 5.1
9 htl dc_offset 42
9 htl min_samp -2662
9 htl max_samp 3078
9 htl min_power10 21.5
9 htl max_power90 51.2
9 htc comments CB  
9 htc missing CS
9 htc duration_sec 3.2
9 htc dc_offset 42
9 htc min_samp -7774
9 htc max_samp 10322
9 htc min_power10 26.6
9 htc max_power90 62.2
9 room missing nothing
9 room duration_sec 11.6
9 room dc_offset 42
9 room min_samp -5206
9 room max_samp 5554
9 room min_power10 21.8
9 room max_power90 55.6
9 meal missing nothing
9 meal duration_sec 8.4
9 meal dc_offset 42
9 meal min_samp -4342
9 meal max_samp 5014
9 meal min_power10 22.4
9 meal max_power90 54.9
9 story-bt comments SS  
9 story-bt missing nothing
9 story-bt duration_sec 41.1
9 story-bt dc_offset 42
9 story-bt min_samp -3606
9 story-bt max_samp 3558
9 story-bt min_power10 21.2
9 story-bt max_power90 49.9
9 story-at missing nothing
9 story-at duration_sec 9.8
9 story-at dc_offset 42
9 story-at min_samp -1534
9 story-at max_samp 2358
9 story-at min_power10 20.8
9 story-at max_power90 44.5
9 gender male
9 age adult
9 connection average
9 intelligibility ok
