15 labeler khoward
15 label_date Wed Jul 10 14:11:07 PDT 1991
15 nlang comments CE ES  
15 nlang missing CS
15 nlang duration_sec 2.0
15 nlang dc_offset 42
15 nlang min_samp -1926
15 nlang max_samp 1998
15 nlang min_power10 18.4
15 nlang max_power90 56.2
15 clang comments ES  
15 clang missing nothing
15 clang duration_sec 2.2
15 clang dc_offset 42
15 clang min_samp -3138
15 clang max_samp 2190
15 clang min_power10 17.6
15 clang max_power90 54.3
15 dowk comments CB  
15 dowk missing Sunday?
15 dowk duration_sec 4.2
15 dowk dc_offset 42
15 dowk min_samp -1862
15 dowk max_samp 1710
15 dowk min_power10 22.4
15 dowk max_power90 50.0
15 nums missing nothing
15 nums duration_sec 4.2
15 nums dc_offset 42
15 nums min_samp -3370
15 nums max_samp 2102
15 nums min_power10 18.0
15 nums max_power90 49.5
15 htl missing nothing
15 htl duration_sec 8.7
15 htl dc_offset 42
15 htl min_samp -3670
15 htl max_samp 2494
15 htl min_power10 18.5
15 htl max_power90 53.7
15 htc comments CE  
15 htc missing CS
15 htc duration_sec 9.3
15 htc dc_offset 42
15 htc min_samp -3910
15 htc max_samp 2654
15 htc min_power10 18.3
15 htc max_power90 55.0
15 room missing nothing
15 room duration_sec 11.1
15 room dc_offset 42
15 room min_samp -4338
15 room max_samp 3318
15 room min_power10 19.9
15 room max_power90 56.3
15 meal missing nothing
15 meal duration_sec 9.2
15 meal dc_offset 42
15 meal min_samp -3458
15 meal max_samp 2398
15 meal min_power10 18.5
15 meal max_power90 53.8
15 story-bt comments SS  
15 story-bt missing nothing
15 story-bt duration_sec 48.5
15 story-bt dc_offset 42
15 story-bt min_samp -3214
15 story-bt max_samp 2162
15 story-bt min_power10 18.7
15 story-bt max_power90 49.9
15 story-at missing nothing
15 story-at duration_sec 7.0
15 story-at dc_offset 42
15 story-at min_samp -1998
15 story-at max_samp 1342
15 story-at min_power10 18.4
15 story-at max_power90 47.9
15 gender male
15 age adult
15 connection good
15 intelligibility ok
