16 labeler khoward
16 label_date Mon Jul 29 13:38:00 PDT 1991
16 nlang comments ES  
16 nlang missing nothing
16 nlang duration_sec 1.6
16 nlang dc_offset 42
16 nlang min_samp -1738
16 nlang max_samp 2326
16 nlang min_power10 20.3
16 nlang max_power90 48.5
16 clang missing nothing
16 clang duration_sec 1.2
16 clang dc_offset 42
16 clang min_samp -4202
16 clang max_samp 4550
16 clang min_power10 22.4
16 clang max_power90 60.9
16 dowk missing nothing
16 dowk duration_sec 5.3
16 dowk dc_offset 42
16 dowk min_samp -4190
16 dowk max_samp 4898
16 dowk min_power10 27.4
16 dowk max_power90 52.7
16 nums missing 0
16 nums duration_sec 4.4
16 nums dc_offset 42
16 nums min_samp -5162
16 nums max_samp 6686
16 nums min_power10 23.5
16 nums max_power90 58.1
16 htl missing nothing
16 htl duration_sec 1.7
16 htl dc_offset 42
16 htl min_samp -3602
16 htl max_samp 5326
16 htl min_power10 22.5
16 htl max_power90 58.7
16 htc missing nothing
16 htc duration_sec 6.1
16 htc dc_offset 42
16 htc min_samp -4706
16 htc max_samp 5662
16 htc min_power10 20.1
16 htc max_power90 48.8
16 room missing nothing
16 room duration_sec 1.5
16 room dc_offset 42
16 room min_samp -3658
16 room max_samp 3878
16 room min_power10 20.1
16 room max_power90 57.1
16 meal missing nothing
16 meal duration_sec 2.8
16 meal dc_offset 42
16 meal min_samp -4470
16 meal max_samp 5314
16 meal min_power10 22.8
16 meal max_power90 54.8
16 story-bt comments BN EN SS  
16 story-bt missing nothing
16 story-bt duration_sec 47.9
16 story-bt dc_offset 42
16 story-bt min_samp -5942
16 story-bt max_samp 6014
16 story-bt min_power10 23.9
16 story-bt max_power90 52.1
16 story-at comments SS  
16 story-at missing nothing
16 story-at duration_sec 1.3
16 story-at dc_offset 42
16 story-at min_samp -3206
16 story-at max_samp 4010
16 story-at min_power10 23.2
16 story-at max_power90 58.4
16 gender female
16 age adult
16 connection average
16 intelligibility ok
