10 labeler khoward
10 label_date Wed Jul 10 09:44:21 PDT 1991
10 nlang comments BN  
10 nlang missing nothing
10 nlang duration_sec 1.1
10 nlang dc_offset 42
10 nlang min_samp -6866
10 nlang max_samp 5786
10 nlang min_power10 23.9
10 nlang max_power90 56.8
10 clang comments BN  
10 clang missing nothing
10 clang duration_sec 1.2
10 clang dc_offset 42
10 clang min_samp -7022
10 clang max_samp 4390
10 clang min_power10 24.2
10 clang max_power90 58.7
10 dowk comments BN  
10 dowk missing nothing
10 dowk duration_sec 7.0
10 dowk dc_offset 42
10 dowk min_samp -8042
10 dowk max_samp 10918
10 dowk min_power10 24.9
10 dowk max_power90 61.2
10 nums missing nothing
10 nums duration_sec 7.6
10 nums dc_offset 42
10 nums min_samp -9654
10 nums max_samp 11806
10 nums min_power10 24.9
10 nums max_power90 63.8
10 htl comments BN  
10 htl missing nothing
10 htl duration_sec 2.0
10 htl dc_offset 42
10 htl min_samp -5386
10 htl max_samp 6814
10 htl min_power10 26.0
10 htl max_power90 63.2
10 htc missing nothing
10 htc duration_sec 8.9
10 htc dc_offset 42
10 htc min_samp -8170
10 htc max_samp 7378
10 htc min_power10 25.5
10 htc max_power90 62.2
10 room comments CE  
10 room missing CS
10 room duration_sec 10.3
10 room dc_offset 42
10 room min_samp -4386
10 room max_samp 4414
10 room min_power10 23.3
10 room max_power90 57.2
10 meal comments BN  
10 meal missing nothing
10 meal duration_sec 8.8
10 meal dc_offset 42
10 meal min_samp -4454
10 meal max_samp 3958
10 meal min_power10 24.5
10 meal max_power90 58.0
10 gender male
10 age adult
10 connection average
10 intelligibility ok
