13 labeler khoward
13 label_date Wed Jul 10 13:26:39 PDT 1991
13 nlang missing 
13 nlang duration_sec 1.4
13 nlang dc_offset 42
13 nlang min_samp -4302
13 nlang max_samp 5466
13 nlang min_power10 18.7
13 nlang max_power90 58.1
13 clang missing nothing
13 clang duration_sec 1.4
13 clang dc_offset 42
13 clang min_samp -4270
13 clang max_samp 5462
13 clang min_power10 15.8
13 clang max_power90 59.0
13 dowk comments CE  
13 dowk missing Friday Saturday?
13 dowk duration_sec 6.8
13 dowk dc_offset 42
13 dowk min_samp -2994
13 dowk max_samp 2622
13 dowk min_power10 20.1
13 dowk max_power90 50.7
13 nums comments CE  
13 nums missing 9 10?
13 nums duration_sec 9.0
13 nums dc_offset 42
13 nums min_samp -3030
13 nums max_samp 4078
13 nums min_power10 15.4
13 nums max_power90 53.4
13 htl missing nothing
13 htl duration_sec 3.4
13 htl dc_offset 42
13 htl min_samp -2878
13 htl max_samp 3250
13 htl min_power10 16.7
13 htl max_power90 54.7
13 htc missing nothing
13 htc duration_sec 2.6
13 htc dc_offset 42
13 htc min_samp -3550
13 htc max_samp 4518
13 htc min_power10 17.9
13 htc max_power90 55.8
13 room missing nothing
13 room duration_sec 11.2
13 room dc_offset 42
13 room min_samp -2922
13 room max_samp 3938
13 room min_power10 17.0
13 room max_power90 50.5
13 meal comments CE  
13 meal missing CS
13 meal duration_sec 9.2
13 meal dc_offset 42
13 meal min_samp -2774
13 meal max_samp 2978
13 meal min_power10 15.7
13 meal max_power90 50.4
13 story-bt comments EN SS  
13 story-bt missing nothing
13 story-bt duration_sec 48.6
13 story-bt dc_offset 42
13 story-bt min_samp -4618
13 story-bt max_samp 6110
13 story-bt min_power10 19.9
13 story-bt max_power90 58.0
13 story-at missing nothing
13 story-at duration_sec 6.0
13 story-at dc_offset 42
13 story-at min_samp -4822
13 story-at max_samp 5766
13 story-at min_power10 19.0
13 story-at max_power90 58.6
13 gender male
13 age adult
13 connection good
13 intelligibility ok
