14 labeler khoward
14 label_date Wed Jul 10 13:53:44 PDT 1991
14 nlang missing nothing
14 nlang duration_sec 1.3
14 nlang dc_offset 42
14 nlang min_samp -2994
14 nlang max_samp 2806
14 nlang min_power10 18.5
14 nlang max_power90 57.2
14 clang missing nothing
14 clang duration_sec 1.5
14 clang dc_offset 42
14 clang min_samp -1722
14 clang max_samp 1802
14 clang min_power10 19.0
14 clang max_power90 54.1
14 dowk missing nothing
14 dowk duration_sec 4.8
14 dowk dc_offset 42
14 dowk min_samp -3494
14 dowk max_samp 2246
14 dowk min_power10 21.2
14 dowk max_power90 54.3
14 nums comments NI  
14 nums missing 0
14 nums duration_sec 4.5
14 nums dc_offset 42
14 nums min_samp -3894
14 nums max_samp 3118
14 nums min_power10 18.7
14 nums max_power90 54.5
14 htl comments SNL CE  
14 htl missing CS
14 htl duration_sec 8.2
14 htl dc_offset 42
14 htl min_samp -5118
14 htl max_samp 4230
14 htl min_power10 22.0
14 htl max_power90 61.9
14 htc comments CE  
14 htc missing CS
14 htc duration_sec 8.8
14 htc dc_offset 42
14 htc min_samp -4006
14 htc max_samp 4110
14 htc min_power10 19.4
14 htc max_power90 54.5
14 room missing nothing
14 room duration_sec 11.3
14 room dc_offset 42
14 room min_samp -4018
14 room max_samp 4238
14 room min_power10 19.9
14 room max_power90 57.3
14 meal missing nothing
14 meal duration_sec 8.6
14 meal dc_offset 42
14 meal min_samp -3926
14 meal max_samp 3214
14 meal min_power10 25.6
14 meal max_power90 55.6
14 story-bt comments CE SS  
14 story-bt missing CS
14 story-bt duration_sec 45.4
14 story-bt dc_offset 42
14 story-bt min_samp -2734
14 story-bt max_samp 3046
14 story-bt min_power10 22.5
14 story-bt max_power90 52.5
14 story-at missing nothing
14 story-at duration_sec 9.2
14 story-at dc_offset 42
14 story-at min_samp -2038
14 story-at max_samp 2502
14 story-at min_power10 19.2
14 story-at max_power90 51.3
14 gender female
14 age adult
14 connection good
14 intelligibility ok
