18 labeler khoward
18 label_date Mon Jul 29 13:53:53 PDT 1991
18 nlang comments ES
18 nlang missing nothing
18 nlang duration_sec 0.9
18 nlang dc_offset 42
18 nlang min_samp -3106
18 nlang max_samp 3318
18 nlang min_power10 12.3
18 nlang max_power90 55.4
18 clang comments CE  
18 clang missing CS
18 clang duration_sec 1.6
18 clang dc_offset 42
18 clang min_samp -5174
18 clang max_samp 5510
18 clang min_power10 13.0
18 clang max_power90 61.7
18 dowk comments NI  
18 dowk missing all days of the week
18 dowk duration_sec 1.4
18 dowk dc_offset 42
18 dowk min_samp -2230
18 dowk max_samp 2490
18 dowk min_power10 12.0
18 dowk max_power90 52.0
18 nums missing 0
18 nums duration_sec 4.6
18 nums dc_offset 42
18 nums min_samp -4198
18 nums max_samp 5922
18 nums min_power10 12.3
18 nums max_power90 51.6
18 htl comments BN  
18 htl missing nothing
18 htl duration_sec 7.9
18 htl dc_offset 42
18 htl min_samp -4218
18 htl max_samp 5366
18 htl min_power10 13.2
18 htl max_power90 56.6
18 htc missing nothing
18 htc duration_sec 4.9
18 htc dc_offset 42
18 htc min_samp -3482
18 htc max_samp 3986
18 htc min_power10 12.5
18 htc max_power90 54.5
18 room comments SNL  
18 room missing nothing
18 room duration_sec 8.6
18 room dc_offset 42
18 room min_samp -4614
18 room max_samp 6254
18 room min_power10 12.1
18 room max_power90 51.9
18 meal comments SNL  
18 meal missing nothing
18 meal duration_sec 8.8
18 meal dc_offset 42
18 meal min_samp -7830
18 meal max_samp 7902
18 meal min_power10 12.7
18 meal max_power90 58.8
18 story-bt comments BN SS  
18 story-bt missing nothing
18 story-bt duration_sec 48.3
18 story-bt dc_offset 42
18 story-bt min_samp -6218
18 story-bt max_samp 8774
18 story-bt min_power10 12.7
18 story-bt max_power90 57.2
18 story-at comments SS  
18 story-at missing nothing
18 story-at duration_sec 9.8
18 story-at dc_offset 42
18 story-at min_samp -3478
18 story-at max_samp 3458
18 story-at min_power10 12.6
18 story-at max_power90 53.1
18 gender male
18 age adult
18 connection good
18 intelligibility ok
