31 labeler khoward
31 label_date Tue Aug  6 12:51:55 PDT 1991
31 nlang comments CE  
31 nlang missing nothing
31 nlang duration_sec 1.9
31 nlang dc_offset 42
31 nlang min_samp -1870
31 nlang max_samp 2206
31 nlang min_power10 10.7
31 nlang max_power90 53.7
31 clang missing nothing
31 clang duration_sec 1.0
31 clang dc_offset 42
31 clang min_samp -942
31 clang max_samp 1590
31 clang min_power10 9.8
31 clang max_power90 48.1
31 nums missing nothing
31 nums duration_sec 6.2
31 nums dc_offset 42
31 nums min_samp -1542
31 nums max_samp 3186
31 nums min_power10 10.9
31 nums max_power90 49.5
31 htl comments CE  
31 htl missing CS
31 htl duration_sec 7.4
31 htl dc_offset 42
31 htl min_samp -1906
31 htl max_samp 2646
31 htl min_power10 11.8
31 htl max_power90 50.8
31 htc missing nothing
31 htc duration_sec 6.3
31 htc dc_offset 42
31 htc min_samp -1758
31 htc max_samp 2722
31 htc min_power10 10.9
31 htc max_power90 50.1
31 room missing nothing
31 room duration_sec 2.2
31 room dc_offset 42
31 room min_samp -2358
31 room max_samp 3274
31 room min_power10 11.4
31 room max_power90 50.3
31 meal comments CE  
31 meal missing CS
31 meal duration_sec 7.5
31 meal dc_offset 42
31 meal min_samp -1498
31 meal max_samp 2246
31 meal min_power10 10.6
31 meal max_power90 48.1
31 story-bt comments CE SS SNL  
31 story-bt missing CS
31 story-bt duration_sec 45.9
31 story-bt dc_offset 42
31 story-bt min_samp -1414
31 story-bt max_samp 2538
31 story-bt min_power10 10.4
31 story-bt max_power90 45.6
31 story-at comments SS  
31 story-at missing nothing
31 story-at duration_sec 2.6
31 story-at dc_offset 42
31 story-at min_samp -398
31 story-at max_samp 594
31 story-at min_power10 11.0
31 story-at max_power90 42.2
31 gender female
31 age adult
31 connection average
31 intelligibility ok
