37 labeler khoward
37 label_date Thu Aug  8 16:50:13 PDT 1991
37 nlang comments EN  
37 nlang missing nothing
37 nlang duration_sec 1.1
37 nlang dc_offset 43
37 nlang min_samp -443
37 nlang max_samp 273
37 nlang min_power10 13.9
37 nlang max_power90 39.1
37 clang comments EN  
37 clang missing nothing
37 clang duration_sec 1.1
37 clang dc_offset 43
37 clang min_samp -515
37 clang max_samp 305
37 clang min_power10 13.9
37 clang max_power90 40.6
37 dowk comments EN  
37 dowk missing nothing
37 dowk duration_sec 3.5
37 dowk dc_offset 43
37 dowk min_samp -671
37 dowk max_samp 517
37 dowk min_power10 15.5
37 dowk max_power90 39.3
37 nums missing 0?
37 nums duration_sec 2.9
37 nums dc_offset 43
37 nums min_samp -823
37 nums max_samp 445
37 nums min_power10 14.8
37 nums max_power90 43.0
37 htl comments EN  
37 htl missing nothing
37 htl duration_sec 2.6
37 htl dc_offset 43
37 htl min_samp -883
37 htl max_samp 657
37 htl min_power10 15.1
37 htl max_power90 44.5
37 htc comments EN  
37 htc missing nothing
37 htc duration_sec 7.1
37 htc dc_offset 43
37 htc min_samp -735
37 htc max_samp 417
37 htc min_power10 13.7
37 htc max_power90 39.0
37 room comments EN  
37 room missing nothing
37 room duration_sec 8.2
37 room dc_offset 43
37 room min_samp -843
37 room max_samp 637
37 room min_power10 14.0
37 room max_power90 43.8
37 meal missing nothing
37 meal duration_sec 7.0
37 meal dc_offset 43
37 meal min_samp -695
37 meal max_samp 525
37 meal min_power10 13.9
37 meal max_power90 42.6
37 story-bt comments EN SS  
37 story-bt missing nothing
37 story-bt duration_sec 47.8
37 story-bt dc_offset 43
37 story-bt min_samp -787
37 story-bt max_samp 649
37 story-bt min_power10 13.5
37 story-bt max_power90 40.1
37 story-at comments EN SNL 
37 story-at missing nothing
37 story-at duration_sec 7.1
37 story-at dc_offset 43
37 story-at min_samp -583
37 story-at max_samp 521
37 story-at min_power10 13.7
37 story-at max_power90 42.9
37 gender female
37 age adult
37 connection poor
37 intelligibility ok
