34 labeler khoward
34 label_date Tue Aug  6 14:29:22 PDT 1991
34 nlang comments CB EN  
34 nlang missing CS
34 nlang duration_sec 1.1
34 nlang dc_offset 42
34 nlang min_samp -1222
34 nlang max_samp 950
34 nlang min_power10 18.2
34 nlang max_power90 49.3
34 clang comments EN  
34 clang missing nothing
34 clang duration_sec 1.7
34 clang dc_offset 42
34 clang min_samp -562
34 clang max_samp 542
34 clang min_power10 17.6
34 clang max_power90 39.8
34 dowk comments NI  
34 dowk missing nothing
34 dowk duration_sec 2.4
34 dowk dc_offset 42
34 dowk min_samp -1078
34 dowk max_samp 786
34 dowk min_power10 17.3
34 dowk max_power90 35.7
34 nums comments EN NI  
34 nums missing nothing
34 nums duration_sec 1.1
34 nums dc_offset 42
34 nums min_samp -210
34 nums max_samp 238
34 nums min_power10 18.0
34 nums max_power90 35.6
34 htl comments EN CE  
34 htl missing CS
34 htl duration_sec 9.5
34 htl dc_offset 42
34 htl min_samp -614
34 htl max_samp 578
34 htl min_power10 17.2
34 htl max_power90 37.4
34 htc comments EN  
34 htc missing nothing
34 htc duration_sec 9.3
34 htc dc_offset 42
34 htc min_samp -1126
34 htc max_samp 938
34 htc min_power10 18.2
34 htc max_power90 45.3
34 room comments EN  
34 room missing nothing
34 room duration_sec 4.8
34 room dc_offset 42
34 room min_samp -1102
34 room max_samp 670
34 room min_power10 18.4
34 room max_power90 46.6
34 meal comments CE EN  
34 meal missing CS
34 meal duration_sec 3.7
34 meal dc_offset 42
34 meal min_samp -1082
34 meal max_samp 1050
34 meal min_power10 19.0
34 meal max_power90 46.9
34 story-bt comments EN SS  
34 story-bt missing nothing
34 story-bt duration_sec 3.3
34 story-bt dc_offset 42
34 story-bt min_samp -730
34 story-bt max_samp 694
34 story-bt min_power10 18.1
34 story-bt max_power90 41.2
34 gender male
34 age adult
34 connection poor
34 intelligibility ok
