32 labeler khoward
32 label_date Tue Aug  6 14:02:47 PDT 1991
32 nlang missing nothing
32 nlang duration_sec 1.8
32 nlang dc_offset 42
32 nlang min_samp -1378
32 nlang max_samp 1438
32 nlang min_power10 15.6
32 nlang max_power90 50.6
32 clang comments CE  
32 clang missing CS
32 clang duration_sec 2.5
32 clang dc_offset 42
32 clang min_samp -2914
32 clang max_samp 2518
32 clang min_power10 15.1
32 clang max_power90 52.0
32 dowk comments CE  
32 dowk missing Sunday?
32 dowk duration_sec 6.8
32 dowk dc_offset 42
32 dowk min_samp -2810
32 dowk max_samp 1918
32 dowk min_power10 14.0
32 dowk max_power90 48.4
32 nums missing nothing
32 nums duration_sec 8.8
32 nums dc_offset 42
32 nums min_samp -2522
32 nums max_samp 2062
32 nums min_power10 13.2
32 nums max_power90 47.3
32 htl comments CE  
32 htl missing CS
32 htl duration_sec 8.2
32 htl dc_offset 42
32 htl min_samp -2118
32 htl max_samp 1374
32 htl min_power10 14.9
32 htl max_power90 48.7
32 htc missing nothing
32 htc duration_sec 2.5
32 htc dc_offset 42
32 htc min_samp -1458
32 htc max_samp 1234
32 htc min_power10 13.8
32 htc max_power90 47.2
32 gender female
32 age adult
32 connection average
32 intelligibility ok
