35 labeler khoward
35 label_date Thu Aug  8 16:21:21 PDT 1991
35 nlang missing nothing
35 nlang duration_sec 1.1
35 nlang dc_offset 43
35 nlang min_samp -4483
35 nlang max_samp 4685
35 nlang min_power10 11.3
35 nlang max_power90 57.6
35 clang missing nothing
35 clang duration_sec 1.0
35 clang dc_offset 43
35 clang min_samp -2275
35 clang max_samp 2213
35 clang min_power10 11.6
35 clang max_power90 54.4
35 dowk comments CE  
35 dowk missing Sunday?
35 dowk duration_sec 6.8
35 dowk dc_offset 43
35 dowk min_samp -3775
35 dowk max_samp 4277
35 dowk min_power10 12.3
35 dowk max_power90 55.5
35 nums comments CE  
35 nums missing 10?
35 nums duration_sec 9.1
35 nums dc_offset 43
35 nums min_samp -4291
35 nums max_samp 6657
35 nums min_power10 11.7
35 nums max_power90 54.0
35 htl comments CE SNL  
35 htl missing CS
35 htl duration_sec 9.1
35 htl dc_offset 43
35 htl min_samp -3855
35 htl max_samp 5565
35 htl min_power10 19.6
35 htl max_power90 59.3
35 htc comments CE  
35 htc missing CS
35 htc duration_sec 9.3
35 htc dc_offset 43
35 htc min_samp -2663
35 htc max_samp 5093
35 htc min_power10 13.3
35 htc max_power90 56.9
35 room comments CE  
35 room missing Cs
35 room duration_sec 10.8
35 room dc_offset 43
35 room min_samp -3547
35 room max_samp 6349
35 room min_power10 19.5
35 room max_power90 58.2
35 meal comments CE  
35 meal missing CS
35 meal duration_sec 9.6
35 meal dc_offset 42
35 meal min_samp -3578
35 meal max_samp 6442
35 meal min_power10 20.1
35 meal max_power90 57.9
35 story-bt comments SS  
35 story-bt missing nothing
35 story-bt duration_sec 42.7
35 story-bt dc_offset 43
35 story-bt min_samp -3415
35 story-bt max_samp 6133
35 story-bt min_power10 17.5
35 story-bt max_power90 54.9
35 gender male
35 age adult
35 connection good
35 intelligibility ok
