36 labeler khoward
36 label_date Thu Aug  8 16:36:43 PDT 1991
36 nlang missing nothing
36 nlang duration_sec 1.6
36 nlang dc_offset 42
36 nlang min_samp -4246
36 nlang max_samp 3822
36 nlang min_power10 15.3
36 nlang max_power90 57.6
36 clang comments CE  
36 clang missing CS
36 clang duration_sec 1.0
36 clang dc_offset 42
36 clang min_samp -4026
36 clang max_samp 4214
36 clang min_power10 13.7
36 clang max_power90 58.2
36 dowk missing nothing
36 dowk duration_sec 6.1
36 dowk dc_offset 42
36 dowk min_samp -3654
36 dowk max_samp 4214
36 dowk min_power10 14.0
36 dowk max_power90 53.9
36 nums missing 0
36 nums duration_sec 5.0
36 nums dc_offset 42
36 nums min_samp -3518
36 nums max_samp 3650
36 nums min_power10 14.8
36 nums max_power90 55.9
36 htl comments CE  
36 htl missing CS
36 htl duration_sec 8.4
36 htl dc_offset 42
36 htl min_samp -4482
36 htl max_samp 4158
36 htl min_power10 13.5
36 htl max_power90 51.7
36 htc missing nothing
36 htc duration_sec 4.3
36 htc dc_offset 42
36 htc min_samp -3726
36 htc max_samp 4094
36 htc min_power10 13.7
36 htc max_power90 54.0
36 room comments CE  
36 room missing CS
36 room duration_sec 10.6
36 room dc_offset 42
36 room min_samp -3970
36 room max_samp 4390
36 room min_power10 15.3
36 room max_power90 54.2
36 meal missing nothing
36 meal duration_sec 7.3
36 meal dc_offset 42
36 meal min_samp -3894
36 meal max_samp 6114
36 meal min_power10 13.5
36 meal max_power90 55.9
36 story-bt comments SS  
36 story-bt missing nothing
36 story-bt duration_sec 48.3
36 story-bt dc_offset 42
36 story-bt min_samp -5338
36 story-bt max_samp 4622
36 story-bt min_power10 13.4
36 story-bt max_power90 54.5
36 story-at comments SS  
36 story-at missing nothing
36 story-at duration_sec 4.1
36 story-at dc_offset 42
36 story-at min_samp -7334
36 story-at max_samp 7778
36 story-at min_power10 13.6
36 story-at max_power90 54.3
36 gender male
36 age adult
36 connection good
36 intelligibility ok
