44 labeler khoward
44 label_date Tue Aug 13 14:16:12 PDT 1991
44 nlang comments BN CE    
44 nlang missing CS
44 nlang duration_sec 2.5
44 nlang dc_offset 42
44 nlang min_samp -3758
44 nlang max_samp 3186
44 nlang min_power10 18.1
44 nlang max_power90 59.7
44 clang comments CB CE BN 
44 clang missing CS
44 clang duration_sec 0.8
44 clang dc_offset 42
44 clang min_samp -2458
44 clang max_samp 2518
44 clang min_power10 17.1
44 clang max_power90 58.7
44 nums comments CB  
44 nums missing 0
44 nums duration_sec 6.1
44 nums dc_offset 42
44 nums min_samp -3262
44 nums max_samp 2078
44 nums min_power10 16.3
44 nums max_power90 55.5
44 htl missing nothing
44 htl duration_sec 9.3
44 htl dc_offset 42
44 htl min_samp -3402
44 htl max_samp 2518
44 htl min_power10 17.6
44 htl max_power90 58.0
44 htc comments CE BN  
44 htc missing CS
44 htc duration_sec 9.4
44 htc dc_offset 42
44 htc min_samp -3138
44 htc max_samp 2026
44 htc min_power10 18.3
44 htc max_power90 56.7
44 room comments CE BN  
44 room missing CS
44 room duration_sec 11.1
44 room dc_offset 42
44 room min_samp -3522
44 room max_samp 2354
44 room min_power10 16.7
44 room max_power90 56.1
44 meal comments BN  
44 meal missing nothing
44 meal duration_sec 8.4
44 meal dc_offset 42
44 meal min_samp -2714
44 meal max_samp 2014
44 meal min_power10 19.1
44 meal max_power90 56.5
44 story-bt comments CE SS  
44 story-bt missing CS
44 story-bt duration_sec 46.1
44 story-bt dc_offset 42
44 story-bt min_samp -3182
44 story-bt max_samp 1750
44 story-bt min_power10 17.9
44 story-bt max_power90 52.5
44 story-at comments BN SS  
44 story-at missing nothing
44 story-at duration_sec 9.7
44 story-at dc_offset 42
44 story-at min_samp -1502
44 story-at max_samp 1470
44 story-at min_power10 17.2
44 story-at max_power90 50.1
44 gender female
44 age adult
44 connection average
44 intelligibility ok
