48 labeler khoward
48 label_date Wed Aug 14 09:19:50 PDT 1991
48 nlang comments NI  
48 nlang missing nothing
48 nlang duration_sec 1.0
48 nlang dc_offset 42
48 nlang min_samp -5806
48 nlang max_samp 5998
48 nlang min_power10 18.2
48 nlang max_power90 57.6
48 clang missing nothing
48 clang duration_sec 1.8
48 clang dc_offset 42
48 clang min_samp -4890
48 clang max_samp 3554
48 clang min_power10 21.0
48 clang max_power90 57.7
48 dowk comments CE  
48 dowk missing Saturday Sunday?
48 dowk duration_sec 6.0
48 dowk dc_offset 42
48 dowk min_samp -5466
48 dowk max_samp 3622
48 dowk min_power10 23.2
48 dowk max_power90 55.5
48 nums comments CB  
48 nums missing 0
48 nums duration_sec 7.7
48 nums dc_offset 42
48 nums min_samp -4790
48 nums max_samp 3778
48 nums min_power10 23.1
48 nums max_power90 56.4
48 htl missing nothing
48 htl duration_sec 6.3
48 htl dc_offset 42
48 htl min_samp -4370
48 htl max_samp 2982
48 htl min_power10 22.7
48 htl max_power90 56.2
48 htc missing nothing
48 htc duration_sec 6.5
48 htc dc_offset 42
48 htc min_samp -4778
48 htc max_samp 3926
48 htc min_power10 23.3
48 htc max_power90 59.0
48 room comments CE SNL  
48 room missing CS
48 room duration_sec 9.9
48 room dc_offset 42
48 room min_samp -4634
48 room max_samp 4102
48 room min_power10 23.1
48 room max_power90 57.2
48 meal missing nothing
48 meal duration_sec 9.2
48 meal dc_offset 42
48 meal min_samp -5446
48 meal max_samp 3878
48 meal min_power10 23.4
48 meal max_power90 55.3
48 story-bt comments CE SS  
48 story-bt missing CS
48 story-bt duration_sec 46.8
48 story-bt dc_offset 42
48 story-bt min_samp -7070
48 story-bt max_samp 5858
48 story-bt min_power10 22.6
48 story-bt max_power90 56.9
48 story-at comments SS  
48 story-at missing nothing
48 story-at duration_sec 8.3
48 story-at dc_offset 42
48 story-at min_samp -3406
48 story-at max_samp 3422
48 story-at min_power10 21.6
48 story-at max_power90 48.6
48 gender male
48 age adult
48 connection good
48 intelligibility ok
