49 labeler khoward
49 label_date Wed Aug 14 11:26:19 PDT 1991
49 nlang missing nothing
49 nlang duration_sec 1.3
49 nlang dc_offset 42
49 nlang min_samp -2574
49 nlang max_samp 2602
49 nlang min_power10 17.0
49 nlang max_power90 57.3
49 clang comments CE  
49 clang missing CS
49 clang duration_sec 2.3
49 clang dc_offset 42
49 clang min_samp -4102
49 clang max_samp 4354
49 clang min_power10 17.8
49 clang max_power90 59.3
49 dowk comments  NI CE 
49 dowk missing CS
49 dowk duration_sec 4.7
49 dowk dc_offset 42
49 dowk min_samp -3106
49 dowk max_samp 3654
49 dowk min_power10 17.3
49 dowk max_power90 58.3
49 nums comments BN  
49 nums missing nothing
49 nums duration_sec 6.9
49 nums dc_offset 42
49 nums min_samp -3786
49 nums max_samp 3170
49 nums min_power10 18.0
49 nums max_power90 54.6
49 htl comments CE  
49 htl missing CS
49 htl duration_sec 7.9
49 htl dc_offset 42
49 htl min_samp -3946
49 htl max_samp 2782
49 htl min_power10 18.3
49 htl max_power90 54.6
49 htc comments CE BN  
49 htc missing CS
49 htc duration_sec 9.4
49 htc dc_offset 42
49 htc min_samp -2894
49 htc max_samp 3058
49 htc min_power10 17.9
49 htc max_power90 55.9
49 room missing nothing
49 room duration_sec 7.5
49 room dc_offset 42
49 room min_samp -3166
49 room max_samp 2706
49 room min_power10 17.8
49 room max_power90 54.1
49 meal comments EN  
49 meal missing nothing
49 meal duration_sec 7.7
49 meal dc_offset 42
49 meal min_samp -2702
49 meal max_samp 2526
49 meal min_power10 19.5
49 meal max_power90 54.1
49 story-bt comments SNL SS  
49 story-bt missing nothing
49 story-bt duration_sec 49.4
49 story-bt dc_offset 42
49 story-bt min_samp -3350
49 story-bt max_samp 4142
49 story-bt min_power10 17.6
49 story-bt max_power90 54.0
49 story-at comments SS  
49 story-at missing nothing
49 story-at duration_sec 4.5
49 story-at dc_offset 42
49 story-at min_samp -4246
49 story-at max_samp 2810
49 story-at min_power10 18.0
49 story-at max_power90 53.7
49 gender male
49 age adult
49 connection average
49 intelligibility ok
