43 labeler khoward
43 label_date Tue Aug 13 13:58:57 PDT 1991
43 nlang missing nothing
43 nlang duration_sec 1.1
43 nlang dc_offset 42
43 nlang min_samp -4286
43 nlang max_samp 3454
43 nlang min_power10 22.4
43 nlang max_power90 49.5
43 clang comments CE  
43 clang missing CS
43 clang duration_sec 2.1
43 clang dc_offset 42
43 clang min_samp -3242
43 clang max_samp 3262
43 clang min_power10 22.5
43 clang max_power90 51.0
43 dowk missing nothing
43 dowk duration_sec 5.8
43 dowk dc_offset 42
43 dowk min_samp -1938
43 dowk max_samp 1502
43 dowk min_power10 26.3
43 dowk max_power90 50.4
43 nums missing nothing
43 nums duration_sec 6.1
43 nums dc_offset 42
43 nums min_samp -2678
43 nums max_samp 2118
43 nums min_power10 23.2
43 nums max_power90 52.5
43 htl comments CE  
43 htl missing CS
43 htl duration_sec 8.4
43 htl dc_offset 42
43 htl min_samp -2458
43 htl max_samp 2878
43 htl min_power10 23.1
43 htl max_power90 53.1
43 htc comments CE  
43 htc missing CS
43 htc duration_sec 8.2
43 htc dc_offset 42
43 htc min_samp -3742
43 htc max_samp 2478
43 htc min_power10 23.0
43 htc max_power90 53.4
43 room comments CE  
43 room missing CS
43 room duration_sec 11.3
43 room dc_offset 42
43 room min_samp -3410
43 room max_samp 3054
43 room min_power10 23.5
43 room max_power90 53.6
43 meal missing nothing
43 meal duration_sec 9.1
43 meal dc_offset 42
43 meal min_samp -3690
43 meal max_samp 3118
43 meal min_power10 22.6
43 meal max_power90 53.2
43 story-bt comments CE SS  
43 story-bt missing CS
43 story-bt duration_sec 46.5
43 story-bt dc_offset 42
43 story-bt min_samp -3002
43 story-bt max_samp 2714
43 story-bt min_power10 24.3
43 story-bt max_power90 51.2
43 story-at comments CE SS 
43 story-at missing CS
43 story-at duration_sec 9.4
43 story-at dc_offset 42
43 story-at min_samp -2590
43 story-at max_samp 2202
43 story-at min_power10 25.3
43 story-at max_power90 52.7
43 gender male
43 age adult
43 connection average
43 intelligibility ok
