51 labeler khoward
51 label_date Mon Aug 26 09:16:44 PDT 1991
51 nlang missing nothing
51 nlang duration_sec 2.0
51 nlang dc_offset 42
51 nlang min_samp -1114
51 nlang max_samp 1606
51 nlang min_power10 14.8
51 nlang max_power90 45.9
51 clang missing nothing
51 clang duration_sec 1.2
51 clang dc_offset 42
51 clang min_samp -1142
51 clang max_samp 1138
51 clang min_power10 14.8
51 clang max_power90 47.2
51 dowk comments EN  
51 dowk missing nothing
51 dowk duration_sec 5.7
51 dowk dc_offset 42
51 dowk min_samp -1322
51 dowk max_samp 1078
51 dowk min_power10 15.1
51 dowk max_power90 38.6
51 nums missing nothing
51 nums duration_sec 8.3
51 nums dc_offset 42
51 nums min_samp -2342
51 nums max_samp 2690
51 nums min_power10 14.1
51 nums max_power90 43.7
51 htl comments CE  
51 htl missing CS
51 htl duration_sec 4.8
51 htl dc_offset 42
51 htl min_samp -1538
51 htl max_samp 1166
51 htl min_power10 14.7
51 htl max_power90 40.8
51 htc missing nothing
51 htc duration_sec 8.7
51 htc dc_offset 42
51 htc min_samp -1334
51 htc max_samp 1254
51 htc min_power10 15.2
51 htc max_power90 40.6
51 room missing nothing
51 room duration_sec 10.6
51 room dc_offset 42
51 room min_samp -970
51 room max_samp 1346
51 room min_power10 15.1
51 room max_power90 41.0
51 meal missing nothing
51 meal duration_sec 6.6
51 meal dc_offset 42
51 meal min_samp -742
51 meal max_samp 1162
51 meal min_power10 14.6
51 meal max_power90 37.7
51 story-bt comments CE SS  
51 story-bt missing CS
51 story-bt duration_sec 47.6
51 story-bt dc_offset 42
51 story-bt min_samp -2022
51 story-bt max_samp 2378
51 story-bt min_power10 14.8
51 story-bt max_power90 43.7
51 story-at comments BN CB CE SS  
51 story-at missing CS
51 story-at duration_sec 9.7
51 story-at dc_offset 42
51 story-at min_samp -1226
51 story-at max_samp 1298
51 story-at min_power10 15.6
51 story-at max_power90 41.3
51 gender female
51 age adult
51 connection average
51 intelligibility poor
