52 labeler khoward
52 label_date Tue Aug 27 09:13:36 PDT 1991
52 nlang missing nothing
52 nlang duration_sec 1.0
52 nlang dc_offset 42
52 nlang min_samp -2022
52 nlang max_samp 2054
52 nlang min_power10 12.1
52 nlang max_power90 50.6
52 clang missing nothing
52 clang duration_sec 1.0
52 clang dc_offset 42
52 clang min_samp -1110
52 clang max_samp 1134
52 clang min_power10 12.2
52 clang max_power90 47.6
52 dowk comments CE  
52 dowk missing Friday Saturday Sunday?
52 dowk duration_sec 4.6
52 dowk dc_offset 42
52 dowk min_samp -974
52 dowk max_samp 1302
52 dowk min_power10 12.7
52 dowk max_power90 42.0
52 nums missing nothing
52 nums duration_sec 5.7
52 nums dc_offset 42
52 nums min_samp -946
52 nums max_samp 1030
52 nums min_power10 13.0
52 nums max_power90 45.4
52 htl comments BN CE  
52 htl missing CS
52 htl duration_sec 9.5
52 htl dc_offset 42
52 htl min_samp -1178
52 htl max_samp 1330
52 htl min_power10 12.4
52 htl max_power90 46.2
52 htc missing nothing
52 htc duration_sec 8.3
52 htc dc_offset 42
52 htc min_samp -1242
52 htc max_samp 1618
52 htc min_power10 12.9
52 htc max_power90 47.1
52 room missing nothing
52 room duration_sec 8.4
52 room dc_offset 42
52 room min_samp -1010
52 room max_samp 1294
52 room min_power10 13.5
52 room max_power90 44.8
52 meal missing nothing
52 meal duration_sec 4.6
52 meal dc_offset 42
52 meal min_samp -1126
52 meal max_samp 1458
52 meal min_power10 13.5
52 meal max_power90 46.1
52 story-bt comments SS  
52 story-bt missing nothing
52 story-bt duration_sec 21.1
52 story-bt dc_offset 42
52 story-bt min_samp -1654
52 story-bt max_samp 1834
52 story-bt min_power10 12.3
52 story-bt max_power90 45.2
52 gender male
52 age adult
52 connection average
52 intelligibility ok
