59 labeler khoward
59 label_date Sat Aug 31 10:08:23 PDT 1991
59 nlang missing nothing
59 nlang duration_sec 1.2
59 nlang dc_offset 43
59 nlang min_samp -2735
59 nlang max_samp 2481
59 nlang min_power10 23.3
59 nlang max_power90 54.6
59 clang comments BN  
59 clang missing nothing
59 clang duration_sec 1.3
59 clang dc_offset 43
59 clang min_samp -6271
59 clang max_samp 5793
59 clang min_power10 22.4
59 clang max_power90 55.6
59 dowk comments BN  
59 dowk missing nothing
59 dowk duration_sec 7.9
59 dowk dc_offset 42
59 dowk min_samp -3290
59 dowk max_samp 3638
59 dowk min_power10 23.6
59 dowk max_power90 53.1
59 nums comments CB BN  
59 nums missing 0
59 nums duration_sec 5.6
59 nums dc_offset 43
59 nums min_samp -9319
59 nums max_samp 8773
59 nums min_power10 28.4
59 nums max_power90 57.0
59 htl comments BN  
59 htl missing nothing
59 htl duration_sec 8.8
59 htl dc_offset 42
59 htl min_samp -1210
59 htl max_samp 1118
59 htl min_power10 23.6
59 htl max_power90 48.1
59 htc comments BN CE  
59 htc missing CS
59 htc duration_sec 5.6
59 htc dc_offset 42
59 htc min_samp -2590
59 htc max_samp 2570
59 htc min_power10 23.9
59 htc max_power90 48.6
59 room comments CE  
59 room missing CS
59 room duration_sec 8.1
59 room dc_offset 42
59 room min_samp -994
59 room max_samp 1034
59 room min_power10 23.6
59 room max_power90 47.2
59 meal comments BN  
59 meal missing nothing
59 meal duration_sec 8.3
59 meal dc_offset 42
59 meal min_samp -2022
59 meal max_samp 2078
59 meal min_power10 22.8
59 meal max_power90 50.5
59 story-bt comments BN SS ES  
59 story-bt missing nothing
59 story-bt duration_sec 27.2
59 story-bt dc_offset 42
59 story-bt min_samp -3890
59 story-bt max_samp 2590
59 story-bt min_power10 23.1
59 story-bt max_power90 48.6
59 story-at comments SS  
59 story-at missing nothing
59 story-at duration_sec 2.1
59 story-at dc_offset 42
59 story-at min_samp -802
59 story-at max_samp 1226
59 story-at min_power10 21.7
59 story-at max_power90 44.6
59 gender female
59 age adult
59 connection poor
59 intelligibility ok
