55 labeler khoward
55 label_date Tue Aug 27 12:32:39 PDT 1991
55 nlang missing nothing
55 nlang duration_sec 1.1
55 nlang dc_offset 42
55 nlang min_samp -3754
55 nlang max_samp 3102
55 nlang min_power10 18.1
55 nlang max_power90 57.1
55 clang comments ES  
55 clang missing nothing
55 clang duration_sec 2.3
55 clang dc_offset 42
55 clang min_samp -3478
55 clang max_samp 3046
55 clang min_power10 13.6
55 clang max_power90 54.1
55 dowk missing nothing
55 dowk duration_sec 4.8
55 dowk dc_offset 42
55 dowk min_samp -3398
55 dowk max_samp 2894
55 dowk min_power10 25.5
55 dowk max_power90 55.2
55 nums missing nothing
55 nums duration_sec 4.9
55 nums dc_offset 42
55 nums min_samp -5482
55 nums max_samp 5170
55 nums min_power10 14.3
55 nums max_power90 57.0
55 htc missing nothing
55 htc duration_sec 4.3
55 htc dc_offset 42
55 htc min_samp -5338
55 htc max_samp 4126
55 htc min_power10 12.9
55 htc max_power90 54.9
55 room comments CE  
55 room missing CS
55 room duration_sec 11.2
55 room dc_offset 42
55 room min_samp -3810
55 room max_samp 3386
55 room min_power10 19.9
55 room max_power90 52.2
55 meal missing nothing
55 meal duration_sec 6.5
55 meal dc_offset 42
55 meal min_samp -3010
55 meal max_samp 2178
55 meal min_power10 14.0
55 meal max_power90 52.9
55 story-bt comments SS  
55 story-bt missing nothing
55 story-bt duration_sec 29.5
55 story-bt dc_offset 42
55 story-bt min_samp -4150
55 story-bt max_samp 3890
55 story-bt min_power10 14.7
55 story-bt max_power90 50.5
55 gender male
55 age adult
55 connection average
55 intelligibility ok
