60 labeler khoward
60 label_date Sat Aug 31 10:18:29 PDT 1991
60 nlang missing nothing
60 nlang duration_sec 1.2
60 nlang dc_offset 42
60 nlang min_samp -3590
60 nlang max_samp 2938
60 nlang min_power10 19.0
60 nlang max_power90 59.3
60 clang comments ES  
60 clang missing nothing
60 clang duration_sec 1.5
60 clang dc_offset 42
60 clang min_samp -3782
60 clang max_samp 3134
60 clang min_power10 20.6
60 clang max_power90 59.4
60 dowk missing Tuesday Wednesday Thursday Friday Saturday Sunday?
60 dowk duration_sec 1.3
60 dowk dc_offset 42
60 dowk min_samp -1950
60 dowk max_samp 1626
60 dowk min_power10 19.5
60 dowk max_power90 56.0
60 nums missing nothing
60 nums duration_sec 9.4
60 nums dc_offset 42
60 nums min_samp -5770
60 nums max_samp 8610
60 nums min_power10 19.0
60 nums max_power90 60.0
60 htl comments CE  
60 htl missing CS
60 htl duration_sec 7.6
60 htl dc_offset 42
60 htl min_samp -4702
60 htl max_samp 6162
60 htl min_power10 20.6
60 htl max_power90 59.6
60 htc comments CB  
60 htc missing CS
60 htc duration_sec 2.3
60 htc dc_offset 42
60 htc min_samp -3198
60 htc max_samp 4514
60 htc min_power10 21.6
60 htc max_power90 58.5
60 room missing nothing
60 room duration_sec 10.1
60 room dc_offset 42
60 room min_samp -3846
60 room max_samp 4810
60 room min_power10 18.6
60 room max_power90 57.8
60 meal missing nothing
60 meal duration_sec 6.2
60 meal dc_offset 42
60 meal min_samp -3734
60 meal max_samp 3518
60 meal min_power10 18.1
60 meal max_power90 53.1
60 story-bt comments SS  
60 story-bt missing nothing
60 story-bt duration_sec 10.2
60 story-bt dc_offset 42
60 story-bt min_samp -3694
60 story-bt max_samp 5046
60 story-bt min_power10 21.3
60 story-bt max_power90 59.3
60 gender male
60 age adult
60 connection average
60 intelligibility ok
