69 labeler ames
69 label_date Sun Dec 22 16:12:00 PST 1991
69 nlang comments EN NN  
69 nlang missing nothing
69 nlang duration_sec 1.0
69 nlang dc_offset 42
69 nlang min_samp -1958
69 nlang max_samp 2070
69 nlang min_power10 22.1
69 nlang max_power90 57.4
69 clang comments EN NN  
69 clang missing nothing
69 clang duration_sec 1.1
69 clang dc_offset 42
69 clang min_samp -2406
69 clang max_samp 3694
69 clang min_power10 25.2
69 clang max_power90 57.1
69 dowk comments EN NN  
69 dowk missing nothing
69 dowk duration_sec 4.9
69 dowk dc_offset 42
69 dowk min_samp -1118
69 dowk max_samp 1234
69 dowk min_power10 22.7
69 dowk max_power90 51.0
69 nums comments EN NN  
69 nums missing nothing
69 nums duration_sec 3.4
69 nums dc_offset 42
69 nums min_samp -3050
69 nums max_samp 3150
69 nums min_power10 25.0
69 nums max_power90 53.7
69 htl comments EN NN  
69 htl missing nothing
69 htl duration_sec 8.1
69 htl dc_offset 42
69 htl min_samp -2654
69 htl max_samp 2338
69 htl min_power10 25.5
69 htl max_power90 54.6
69 htc comments EN NN  
69 htc missing nothing
69 htc duration_sec 8.8
69 htc dc_offset 42
69 htc min_samp -2994
69 htc max_samp 4070
69 htc min_power10 22.0
69 htc max_power90 52.9
69 room comments CE EN NN SNL  
69 room missing cs
69 room duration_sec 11.8
69 room dc_offset 42
69 room min_samp -3962
69 room max_samp 5074
69 room min_power10 22.6
69 room max_power90 54.4
69 meal comments CB EN NN SNL  
69 meal missing cs
69 meal duration_sec 4.9
69 meal dc_offset 42
69 meal min_samp -3206
69 meal max_samp 3326
69 meal min_power10 22.7
69 meal max_power90 51.9
69 story-bt comments CE EN NN SS ES  
69 story-bt missing cs
69 story-bt duration_sec 45.7
69 story-bt dc_offset 42
69 story-bt min_samp -5682
69 story-bt max_samp 4686
69 story-bt min_power10 21.7
69 story-bt max_power90 51.4
69 story-at comments CB EN NN SNL  
69 story-at missing cs
69 story-at duration_sec 6.6
69 story-at dc_offset 42
69 story-at min_samp -2022
69 story-at max_samp 2234
69 story-at min_power10 22.2
69 story-at max_power90 49.1
69 gender male
69 age adult
69 connection poor
69 intelligibility ok
