77 labeler khoward
77 label_date Tue Dec 24 09:37:01 PST 1991
77 nlang missing nothing
77 nlang duration_sec 1.2
77 nlang dc_offset 42
77 nlang min_samp -5722
77 nlang max_samp 6182
77 nlang min_power10 19.1
77 nlang max_power90 63.7
77 clang missing nothing
77 clang duration_sec 1.0
77 clang dc_offset 42
77 clang min_samp -2826
77 clang max_samp 3386
77 clang min_power10 19.0
77 clang max_power90 57.3
77 dowk missing nothing
77 dowk duration_sec 5.5
77 dowk dc_offset 42
77 dowk min_samp -2730
77 dowk max_samp 3738
77 dowk min_power10 22.0
77 dowk max_power90 58.0
77 nums missing nothing
77 nums duration_sec 6.4
77 nums dc_offset 42
77 nums min_samp -4774
77 nums max_samp 7326
77 nums min_power10 20.1
77 nums max_power90 59.3
77 htl missing nothing
77 htl duration_sec 6.2
77 htl dc_offset 42
77 htl min_samp -2578
77 htl max_samp 3082
77 htl min_power10 21.7
77 htl max_power90 57.3
77 htc missing nothing
77 htc duration_sec 5.6
77 htc dc_offset 42
77 htc min_samp -4062
77 htc max_samp 4570
77 htc min_power10 20.7
77 htc max_power90 58.3
77 room comments SNL  
77 room missing nothing
77 room duration_sec 9.0
77 room dc_offset 42
77 room min_samp -2966
77 room max_samp 4278
77 room min_power10 19.0
77 room max_power90 56.9
77 meal comments SNL  
77 meal missing nothing
77 meal duration_sec 6.3
77 meal dc_offset 42
77 meal min_samp -3046
77 meal max_samp 4094
77 meal min_power10 20.2
77 meal max_power90 55.6
77 story-bt comments SNL SS  
77 story-bt missing nothing
77 story-bt duration_sec 48.2
77 story-bt dc_offset 42
77 story-bt min_samp -3594
77 story-bt max_samp 4482
77 story-bt min_power10 20.9
77 story-bt max_power90 55.3
77 story-at comments SNL SS  
77 story-at missing nothing
77 story-at duration_sec 7.5
77 story-at dc_offset 42
77 story-at min_samp -2462
77 story-at max_samp 2678
77 story-at min_power10 18.8
77 story-at max_power90 53.8
77 gender male
77 age adult
77 connection average
77 intelligibility ok
