81 labeler khoward
81 label_date Tue Dec 24 13:01:43 PST 1991
81 nlang missing nothing
81 nlang duration_sec 1.2
81 nlang dc_offset 42
81 nlang min_samp -2202
81 nlang max_samp 1590
81 nlang min_power10 21.2
81 nlang max_power90 54.9
81 clang missing nothing
81 clang duration_sec 1.1
81 clang dc_offset 42
81 clang min_samp -4594
81 clang max_samp 2098
81 clang min_power10 21.6
81 clang max_power90 51.0
81 dowk comments CE  
81 dowk missing Saturday Sunday?
81 dowk duration_sec 6.5
81 dowk dc_offset 42
81 dowk min_samp -3366
81 dowk max_samp 3054
81 dowk min_power10 18.5
81 dowk max_power90 49.2
81 nums comments CE  
81 nums missing 9 10
81 nums duration_sec 8.0
81 nums dc_offset 42
81 nums min_samp -2786
81 nums max_samp 2174
81 nums min_power10 16.9
81 nums max_power90 49.7
81 htl missing nothing
81 htl duration_sec 7.3
81 htl dc_offset 42
81 htl min_samp -2006
81 htl max_samp 2358
81 htl min_power10 18.2
81 htl max_power90 51.0
81 htc comments CB  
81 htc missing CS
81 htc duration_sec 7.8
81 htc dc_offset 42
81 htc min_samp -2542
81 htc max_samp 2586
81 htc min_power10 24.4
81 htc max_power90 52.2
81 gender female
81 age adult
81 connection average
81 intelligibility ok
