98 labeler khoward
98 label_date Fri Jan 31 10:49:37 PST 1992
98 nlang missing nothing
98 nlang duration_sec 1.3
98 nlang dc_offset 42
98 nlang min_samp -1286
98 nlang max_samp 1178
98 nlang min_power10 15.9
98 nlang max_power90 48.1
98 clang missing nothing
98 clang duration_sec 1.2
98 clang dc_offset 42
98 clang min_samp -818
98 clang max_samp 762
98 clang min_power10 16.0
98 clang max_power90 43.3
98 nums missing nothing
98 nums duration_sec 7.6
98 nums dc_offset 42
98 nums min_samp -782
98 nums max_samp 862
98 nums min_power10 15.8
98 nums max_power90 42.6
98 htl comments CE  
98 htl missing CS
98 htl duration_sec 2.0
98 htl dc_offset 42
98 htl min_samp -1942
98 htl max_samp 1878
98 htl min_power10 16.3
98 htl max_power90 52.2
98 htc comments CE  
98 htc missing CS
98 htc duration_sec 7.8
98 htc dc_offset 42
98 htc min_samp -2830
98 htc max_samp 2966
98 htc min_power10 17.3
98 htc max_power90 50.2
98 room missing nothing
98 room duration_sec 9.8
98 room dc_offset 42
98 room min_samp -1718
98 room max_samp 1342
98 room min_power10 19.0
98 room max_power90 46.9
98 meal missing nothing
98 meal duration_sec 4.0
98 meal dc_offset 42
98 meal min_samp -2326
98 meal max_samp 2806
98 meal min_power10 15.4
98 meal max_power90 49.1
98 story-bt comments BN EN CE SS  
98 story-bt missing CS
98 story-bt duration_sec 44.9
98 story-bt dc_offset 42
98 story-bt min_samp -1826
98 story-bt max_samp 1802
98 story-bt min_power10 16.2
98 story-bt max_power90 43.9
98 story-at comments SS  
98 story-at missing nothing
98 story-at duration_sec 1.5
98 story-at dc_offset 42
98 story-at min_samp -1434
98 story-at max_samp 1666
98 story-at min_power10 16.2
98 story-at max_power90 48.7
98 gender female
98 age adult
98 connection average
98 intelligibility ok
