92 labeler khoward
92 label_date Fri Jan  3 11:51:36 PST 1992
92 nlang missing nothing
92 nlang duration_sec 1.3
92 nlang dc_offset 42
92 nlang min_samp -1054
92 nlang max_samp 1002
92 nlang min_power10 17.4
92 nlang max_power90 49.9
92 clang comments ES  
92 clang missing nothing
92 clang duration_sec 2.1
92 clang dc_offset 42
92 clang min_samp -842
92 clang max_samp 1098
92 clang min_power10 17.8
92 clang max_power90 49.7
92 dowk missing nothing
92 dowk duration_sec 6.4
92 dowk dc_offset 42
92 dowk min_samp -1618
92 dowk max_samp 1874
92 dowk min_power10 19.3
92 dowk max_power90 46.1
92 nums comments BN  
92 nums missing nothing
92 nums duration_sec 4.8
92 nums dc_offset 42
92 nums min_samp -826
92 nums max_samp 866
92 nums min_power10 18.5
92 nums max_power90 47.4
92 htl missing nothing
92 htl duration_sec 4.5
92 htl dc_offset 42
92 htl min_samp -1118
92 htl max_samp 1522
92 htl min_power10 17.9
92 htl max_power90 51.1
92 htc comments BN CE  
92 htc missing CS
92 htc duration_sec 7.3
92 htc dc_offset 42
92 htc min_samp -1306
92 htc max_samp 1538
92 htc min_power10 18.4
92 htc max_power90 50.2
92 room comments BN CE  
92 room missing CS
92 room duration_sec 10.5
92 room dc_offset 42
92 room min_samp -1738
92 room max_samp 1414
92 room min_power10 17.2
92 room max_power90 47.5
92 meal comments CE  
92 meal missing CS
92 meal duration_sec 8.8
92 meal dc_offset 42
92 meal min_samp -1750
92 meal max_samp 2082
92 meal min_power10 17.1
92 meal max_power90 47.8
92 story-bt comments BN CE SS  
92 story-bt missing CS
92 story-bt duration_sec 45.6
92 story-bt dc_offset 42
92 story-bt min_samp -2010
92 story-bt max_samp 2158
92 story-bt min_power10 16.9
92 story-bt max_power90 49.6
92 story-at comments SS  
92 story-at missing nothing
92 story-at duration_sec 7.6
92 story-at dc_offset 42
92 story-at min_samp -3366
92 story-at max_samp 3082
92 story-at min_power10 18.1
92 story-at max_power90 54.4
92 gender female
92 age adult
92 connection average
92 intelligibility ok
