97 labeler khoward
97 label_date Fri Jan 31 10:25:35 PST 1992
97 nlang comments ES  
97 nlang missing nothing
97 nlang duration_sec 2.0
97 nlang dc_offset 42
97 nlang min_samp -1394
97 nlang max_samp 1586
97 nlang min_power10 16.5
97 nlang max_power90 51.8
97 clang comments CE  
97 clang missing CS
97 clang duration_sec 1.1
97 clang dc_offset 42
97 clang min_samp -930
97 clang max_samp 1418
97 clang min_power10 16.6
97 clang max_power90 49.3
97 dowk missing nothing
97 dowk duration_sec 5.9
97 dowk dc_offset 42
97 dowk min_samp -1170
97 dowk max_samp 2034
97 dowk min_power10 16.8
97 dowk max_power90 47.2
97 nums missing nothing
97 nums duration_sec 9.2
97 nums dc_offset 42
97 nums min_samp -2322
97 nums max_samp 3006
97 nums min_power10 14.7
97 nums max_power90 47.6
97 htl comments CE  
97 htl missing CS
97 htl duration_sec 6.1
97 htl dc_offset 42
97 htl min_samp -1266
97 htl max_samp 1598
97 htl min_power10 15.4
97 htl max_power90 46.8
97 htc missing nothing
97 htc duration_sec 8.2
97 htc dc_offset 42
97 htc min_samp -1626
97 htc max_samp 1326
97 htc min_power10 15.9
97 htc max_power90 47.7
97 room comments CE  
97 room missing CS
97 room duration_sec 8.3
97 room dc_offset 42
97 room min_samp -1018
97 room max_samp 1162
97 room min_power10 16.9
97 room max_power90 46.1
97 meal missing nothing
97 meal duration_sec 7.0
97 meal dc_offset 42
97 meal min_samp -1234
97 meal max_samp 1486
97 meal min_power10 15.6
97 meal max_power90 45.1
97 story-bt comments EN SS CE 
97 story-bt missing CS
97 story-bt duration_sec 48.2
97 story-bt dc_offset 42
97 story-bt min_samp -1534
97 story-bt max_samp 1646
97 story-bt min_power10 15.6
97 story-bt max_power90 42.8
97 story-at comments SS  
97 story-at missing nothing
97 story-at duration_sec 2.4
97 story-at dc_offset 42
97 story-at min_samp -834
97 story-at max_samp 706
97 story-at min_power10 15.1
97 story-at max_power90 43.5
97 gender female
97 age adult
97 connection average
97 intelligibility ok
