109 labeler khoward
109 label_date Sat Mar 14 14:55:40 PST 1992
109 nlang missing nothing
109 nlang duration_sec 1.5
109 nlang dc_offset 42
109 nlang min_samp -1410
109 nlang max_samp 1606
109 nlang min_power10 18.1
109 nlang max_power90 51.1
109 clang comments CB  
109 clang missing CS
109 clang duration_sec 1.4
109 clang dc_offset 42
109 clang min_samp -1158
109 clang max_samp 1290
109 clang min_power10 18.9
109 clang max_power90 51.4
109 dowk missing nothing
109 dowk duration_sec 7.5
109 dowk dc_offset 42
109 dowk min_samp -2778
109 dowk max_samp 3218
109 dowk min_power10 19.1
109 dowk max_power90 51.6
109 nums missing nothing
109 nums duration_sec 9.6
109 nums dc_offset 42
109 nums min_samp -3782
109 nums max_samp 3982
109 nums min_power10 17.7
109 nums max_power90 52.5
109 htl comments CE  
109 htl missing CS
109 htl duration_sec 6.6
109 htl dc_offset 42
109 htl min_samp -2586
109 htl max_samp 2662
109 htl min_power10 19.5
109 htl max_power90 51.3
109 htc missing nothing
109 htc duration_sec 7.8
109 htc dc_offset 42
109 htc min_samp -2490
109 htc max_samp 2986
109 htc min_power10 19.0
109 htc max_power90 51.4
109 room missing nothing
109 room duration_sec 8.1
109 room dc_offset 42
109 room min_samp -2130
109 room max_samp 2686
109 room min_power10 18.5
109 room max_power90 49.4
109 meal comments CE  
109 meal missing CS
109 meal duration_sec 7.7
109 meal dc_offset 42
109 meal min_samp -2034
109 meal max_samp 2318
109 meal min_power10 18.5
109 meal max_power90 49.8
109 story-bt comments SS  
109 story-bt missing nothing
109 story-bt duration_sec 41.4
109 story-bt dc_offset 42
109 story-bt min_samp -2714
109 story-bt max_samp 4090
109 story-bt min_power10 20.9
109 story-bt max_power90 50.7
109 story-at comments SNL SS 
109 story-at missing nothing
109 story-at duration_sec 6.6
109 story-at dc_offset 42
109 story-at min_samp -1302
109 story-at max_samp 1850
109 story-at min_power10 20.6
109 story-at max_power90 48.9
109 gender male
109 age adult
109 connection average
109 intelligibility ok
