108 labeler khoward
108 label_date Sat Mar 14 14:40:27 PST 1992
108 nlang comments CE ES  
108 nlang missing CS
108 nlang duration_sec 1.1
108 nlang dc_offset 42
108 nlang min_samp -4018
108 nlang max_samp 3506
108 nlang min_power10 24.6
108 nlang max_power90 60.1
108 clang comments ES  
108 clang missing nothing
108 clang duration_sec 1.8
108 clang dc_offset 42
108 clang min_samp -4786
108 clang max_samp 7018
108 clang min_power10 26.3
108 clang max_power90 63.7
108 dowk comments CE  
108 dowk missing Saturday?
108 dowk duration_sec 5.8
108 dowk dc_offset 42
108 dowk min_samp -5086
108 dowk max_samp 5494
108 dowk min_power10 21.0
108 dowk max_power90 53.1
108 nums comments CB  
108 nums missing 0
108 nums duration_sec 7.2
108 nums dc_offset 42
108 nums min_samp -6942
108 nums max_samp 6910
108 nums min_power10 19.0
108 nums max_power90 59.3
108 htl comments CE  
108 htl missing CS
108 htl duration_sec 6.9
108 htl dc_offset 42
108 htl min_samp -6342
108 htl max_samp 6362
108 htl min_power10 20.3
108 htl max_power90 57.7
108 htc missing nothing
108 htc duration_sec 6.8
108 htc dc_offset 42
108 htc min_samp -6854
108 htc max_samp 7378
108 htc min_power10 21.2
108 htc max_power90 60.0
108 room comments CE  
108 room missing CS
108 room duration_sec 8.9
108 room dc_offset 42
108 room min_samp -4862
108 room max_samp 5478
108 room min_power10 19.7
108 room max_power90 57.9
108 meal comments CE  
108 meal missing CS
108 meal duration_sec 7.4
108 meal dc_offset 42
108 meal min_samp -5170
108 meal max_samp 5798
108 meal min_power10 20.1
108 meal max_power90 59.9
108 story-bt comments CE SS  
108 story-bt missing CS
108 story-bt duration_sec 44.9
108 story-bt dc_offset 42
108 story-bt min_samp -5942
108 story-bt max_samp 7426
108 story-bt min_power10 18.8
108 story-bt max_power90 58.8
108 story-at comments SS  
108 story-at missing nothing
108 story-at duration_sec 6.6
108 story-at dc_offset 42
108 story-at min_samp -4826
108 story-at max_samp 5162
108 story-at min_power10 18.8
108 story-at max_power90 57.6
108 gender male
108 age adult
108 connection good
108 intelligibility ok
