107 labeler khoward
107 label_date Sat Mar 14 14:18:45 PST 1992
107 nlang missing nothing
107 nlang duration_sec 1.2
107 nlang dc_offset 43
107 nlang min_samp -2107
107 nlang max_samp 2089
107 nlang min_power10 14.1
107 nlang max_power90 55.4
107 clang missing nothing
107 clang duration_sec 0.9
107 clang dc_offset 43
107 clang min_samp -1587
107 clang max_samp 1869
107 clang min_power10 14.4
107 clang max_power90 48.2
107 dowk missing nothing
107 dowk duration_sec 4.8
107 dowk dc_offset 43
107 dowk min_samp -1359
107 dowk max_samp 1917
107 dowk min_power10 20.5
107 dowk max_power90 45.4
107 nums missing nothing
107 nums duration_sec 6.3
107 nums dc_offset 43
107 nums min_samp -2099
107 nums max_samp 1805
107 nums min_power10 14.4
107 nums max_power90 45.8
107 htl missing nothing
107 htl duration_sec 1.4
107 htl dc_offset 42
107 htl min_samp -470
107 htl max_samp 530
107 htl min_power10 16.3
107 htl max_power90 42.8
107 htc missing nothing
107 htc duration_sec 7.0
107 htc dc_offset 43
107 htc min_samp -1651
107 htc max_samp 2173
107 htc min_power10 14.3
107 htc max_power90 42.3
107 room missing nothing
107 room duration_sec 7.6
107 room dc_offset 43
107 room min_samp -1619
107 room max_samp 1825
107 room min_power10 14.4
107 room max_power90 47.7
107 meal missing nothing
107 meal duration_sec 3.9
107 meal dc_offset 43
107 meal min_samp -1699
107 meal max_samp 2189
107 meal min_power10 15.3
107 meal max_power90 49.5
107 story-bt comments SS  
107 story-bt missing nothing
107 story-bt duration_sec 44.0
107 story-bt dc_offset 43
107 story-bt min_samp -2587
107 story-bt max_samp 3045
107 story-bt min_power10 13.6
107 story-bt max_power90 46.0
107 gender male
107 age adult
107 connection average
107 intelligibility ok
