100 labeler khoward
100 label_date Fri Jan 31 12:47:44 PST 1992
100 nlang missing nothing
100 nlang duration_sec 0.9
100 nlang dc_offset 42
100 nlang min_samp -5166
100 nlang max_samp 6182
100 nlang min_power10 13.5
100 nlang max_power90 63.8
100 clang missing nothing
100 clang duration_sec 1.2
100 clang dc_offset 42
100 clang min_samp -2862
100 clang max_samp 3474
100 clang min_power10 13.9
100 clang max_power90 60.0
100 nums missing nothing
100 nums duration_sec 8.0
100 nums dc_offset 42
100 nums min_samp -4394
100 nums max_samp 5934
100 nums min_power10 13.8
100 nums max_power90 57.3
100 htl missing nothing
100 htl duration_sec 8.4
100 htl dc_offset 42
100 htl min_samp -3854
100 htl max_samp 5878
100 htl min_power10 14.6
100 htl max_power90 56.9
100 htc missing nothing
100 htc duration_sec 3.4
100 htc dc_offset 42
100 htc min_samp -3158
100 htc max_samp 3350
100 htc min_power10 13.8
100 htc max_power90 54.3
100 room missing nothing
100 room duration_sec 5.6
100 room dc_offset 42
100 room min_samp -4174
100 room max_samp 7470
100 room min_power10 18.2
100 room max_power90 59.4
100 meal comments CB CE  
100 meal missing CS
100 meal duration_sec 5.8
100 meal dc_offset 42
100 meal min_samp -5602
100 meal max_samp 6518
100 meal min_power10 14.0
100 meal max_power90 56.2
100 story-bt comments SS  
100 story-bt missing nothing
100 story-bt duration_sec 48.3
100 story-bt dc_offset 42
100 story-bt min_samp -8718
100 story-bt max_samp 11986
100 story-bt min_power10 14.2
100 story-bt max_power90 51.7
100 story-at comments BN CE SS  
100 story-at missing CS
100 story-at duration_sec 9.2
100 story-at dc_offset 42
100 story-at min_samp -1650
100 story-at max_samp 2286
100 story-at min_power10 16.0
100 story-at max_power90 49.6
100 gender female
100 age adult
100 connection average
100 intelligibility ok
