118 labeler ames
118 label_date Wed Mar 18 08:45:26 PST 1992
118 clang comments EN  
118 clang missing nothing
118 clang duration_sec 0.8
118 clang dc_offset 43
118 clang min_samp -4503
118 clang max_samp 4705
118 clang min_power10 21.9
118 clang max_power90 63.5
118 dowk comments CE EN  
118 dowk missing sunday
118 dowk duration_sec 5.0
118 dowk dc_offset 43
118 dowk min_samp -5379
118 dowk max_samp 7225
118 dowk min_power10 31.7
118 dowk max_power90 61.1
118 nums comments EN  
118 nums missing 0
118 nums duration_sec 6.8
118 nums dc_offset 43
118 nums min_samp -5519
118 nums max_samp 7553
118 nums min_power10 22.1
118 nums max_power90 64.8
118 htl comments EN NI  
118 htl missing nothing; maybe did not follow instructions
118 htl duration_sec 2.3
118 htl dc_offset 43
118 htl min_samp -7755
118 htl max_samp 4173
118 htl min_power10 27.5
118 htl max_power90 60.1
118 htc comments CE EN ES  
118 htc missing cs
118 htc duration_sec 8.5
118 htc dc_offset 43
118 htc min_samp -6287
118 htc max_samp 9477
118 htc min_power10 24.8
118 htc max_power90 67.4
118 room comments CE EN ES  
118 room missing cs
118 room duration_sec 10.9
118 room dc_offset 43
118 room min_samp -6199
118 room max_samp 10221
118 room min_power10 24.8
118 room max_power90 64.9
118 meal comments CE EN  
118 meal missing cs
118 meal duration_sec 7.5
118 meal dc_offset 43
118 meal min_samp -5639
118 meal max_samp 9477
118 meal min_power10 22.7
118 meal max_power90 65.2
118 story-bt comments EN SS ES  
118 story-bt missing nothing; but may not have finished yet.
118 story-bt duration_sec 43.7
118 story-bt dc_offset 42
118 story-bt min_samp -8402
118 story-bt max_samp 13326
118 story-bt min_power10 19.2
118 story-bt max_power90 63.8
118 gender female
118 age adult
118 connection good
118 intelligibility ok
