122 labeler ames
122 label_date Wed Mar 18 10:11:10 PST 1992
122 nlang comments EN  
122 nlang missing nothing
122 nlang duration_sec 1.1
122 nlang dc_offset 42
122 nlang min_samp -2182
122 nlang max_samp 1790
122 nlang min_power10 17.7
122 nlang max_power90 50.5
122 clang comments EN  
122 clang missing nothing
122 clang duration_sec 1.2
122 clang dc_offset 43
122 clang min_samp -2255
122 clang max_samp 1657
122 clang min_power10 18.2
122 clang max_power90 53.5
122 dowk comments CE EN  
122 dowk missing friday saturday sunday
122 dowk duration_sec 5.4
122 dowk dc_offset 43
122 dowk min_samp -1355
122 dowk max_samp 1925
122 dowk min_power10 18.8
122 dowk max_power90 43.1
122 nums comments EN  
122 nums missing nothing
122 nums duration_sec 5.5
122 nums dc_offset 43
122 nums min_samp -2203
122 nums max_samp 2341
122 nums min_power10 19.2
122 nums max_power90 45.0
122 htl comments EN  
122 htl missing nothing
122 htl duration_sec 6.2
122 htl dc_offset 43
122 htl min_samp -1579
122 htl max_samp 1505
122 htl min_power10 18.8
122 htl max_power90 43.5
122 htc comments CE EN ES  
122 htc missing cs
122 htc duration_sec 7.8
122 htc dc_offset 43
122 htc min_samp -1019
122 htc max_samp 937
122 htc min_power10 19.4
122 htc max_power90 44.3
122 room comments CE EN ES  
122 room missing cs
122 room duration_sec 10.0
122 room dc_offset 43
122 room min_samp -871
122 room max_samp 1125
122 room min_power10 17.4
122 room max_power90 40.6
122 meal comments CE EN ES SNL  
122 meal missing cs
122 meal duration_sec 7.6
122 meal dc_offset 43
122 meal min_samp -1239
122 meal max_samp 977
122 meal min_power10 18.8
122 meal max_power90 42.3
122 story-bt comments CE EN SS ES  
122 story-bt missing cs
122 story-bt duration_sec 46.2
122 story-bt dc_offset 43
122 story-bt min_samp -1747
122 story-bt max_samp 1989
122 story-bt min_power10 18.9
122 story-bt max_power90 40.9
122 story-at comments CB CE EN SS ES  
122 story-at missing cs
122 story-at duration_sec 8.9
122 story-at dc_offset 43
122 story-at min_samp -1951
122 story-at max_samp 2765
122 story-at min_power10 18.6
122 story-at max_power90 40.7
122 gender male
122 age adult
122 connection average
122 intelligibility poor
