129 labeler ames
129 label_date Thu Mar 19 11:35:54 PST 1992
129 nlang comments EN  
129 nlang missing nothing
129 nlang duration_sec 1.2
129 nlang dc_offset 43
129 nlang min_samp -2927
129 nlang max_samp 4869
129 nlang min_power10 16.7
129 nlang max_power90 58.9
129 clang comments CE EN  
129 clang missing cs
129 clang duration_sec 1.2
129 clang dc_offset 42
129 clang min_samp -2758
129 clang max_samp 3114
129 clang min_power10 16.9
129 clang max_power90 59.3
129 dowk comments CE EN NI ES  
129 dowk missing cs
129 dowk duration_sec 5.9
129 dowk dc_offset 42
129 dowk min_samp -4290
129 dowk max_samp 4558
129 dowk min_power10 19.7
129 dowk max_power90 58.6
129 nums comments CB EN  
129 nums missing 0
129 nums duration_sec 5.0
129 nums dc_offset 43
129 nums min_samp -4407
129 nums max_samp 4573
129 nums min_power10 17.5
129 nums max_power90 56.2
129 htl comments CE EN ES  
129 htl missing cs
129 htl duration_sec 8.8
129 htl dc_offset 43
129 htl min_samp -6983
129 htl max_samp 6093
129 htl min_power10 18.8
129 htl max_power90 59.9
129 htc comments CE EN ES SNL  
129 htc missing cs; extreme noise
129 htc duration_sec 7.8
129 htc dc_offset 43
129 htc min_samp -3651
129 htc max_samp 4061
129 htc min_power10 16.7
129 htc max_power90 56.7
129 room comments CE EN ES SNL  
129 room missing cs
129 room duration_sec 10.9
129 room dc_offset 43
129 room min_samp -4519
129 room max_samp 5889
129 room min_power10 20.2
129 room max_power90 57.2
129 meal comments EN  
129 meal missing nothing
129 meal duration_sec 2.1
129 meal dc_offset 43
129 meal min_samp -3327
129 meal max_samp 2849
129 meal min_power10 16.8
129 meal max_power90 56.4
129 story-bt comments CE EN SS ES SNL  
129 story-bt missing cs
129 story-bt duration_sec 49.6
129 story-bt dc_offset 43
129 story-bt min_samp -5047
129 story-bt max_samp 5213
129 story-bt min_power10 17.9
129 story-bt max_power90 56.2
129 story-at comments BN CB CE EN SS ES SNL  
129 story-at missing cs
129 story-at duration_sec 7.2
129 story-at dc_offset 43
129 story-at min_samp -3899
129 story-at max_samp 3813
129 story-at min_power10 18.3
129 story-at max_power90 56.9
129 gender female
129 age adult
129 connection poor
129 intelligibility ok
