138 labeler khoward
138 label_date Mon Mar 23 10:21:09 PST 1992
138 nlang missing nothing
138 nlang duration_sec 1.2
138 nlang dc_offset 43
138 nlang min_samp -5047
138 nlang max_samp 5949
138 nlang min_power10 16.4
138 nlang max_power90 61.8
138 clang missing nothing
138 clang duration_sec 1.0
138 clang dc_offset 43
138 clang min_samp -4231
138 clang max_samp 5429
138 clang min_power10 16.5
138 clang max_power90 65.3
138 dowk comments EN CE  
138 dowk missing Thursday Friday Saturday?
138 dowk duration_sec 6.5
138 dowk dc_offset 43
138 dowk min_samp -4303
138 dowk max_samp 4441
138 dowk min_power10 14.6
138 dowk max_power90 56.8
138 nums comments BN CE  
138 nums missing 0 9 10
138 nums duration_sec 9.4
138 nums dc_offset 43
138 nums min_samp -5467
138 nums max_samp 6005
138 nums min_power10 21.4
138 nums max_power90 59.9
138 htl comments CE BN  
138 htl missing CS
138 htl duration_sec 8.6
138 htl dc_offset 43
138 htl min_samp -5143
138 htl max_samp 5697
138 htl min_power10 21.8
138 htl max_power90 63.1
138 htc missing nothing
138 htc duration_sec 9.5
138 htc dc_offset 43
138 htc min_samp -5215
138 htc max_samp 5765
138 htc min_power10 16.6
138 htc max_power90 61.1
138 room missing nothing
138 room duration_sec 10.5
138 room dc_offset 43
138 room min_samp -4691
138 room max_samp 5621
138 room min_power10 17.1
138 room max_power90 61.9
138 meal comments BN CE 
138 meal missing CS
138 meal duration_sec 5.8
138 meal dc_offset 43
138 meal min_samp -5887
138 meal max_samp 5685
138 meal min_power10 16.6
138 meal max_power90 58.5
138 story-bt comments BN CE EN SS  
138 story-bt missing CS
138 story-bt duration_sec 48.2
138 story-bt dc_offset 43
138 story-bt min_samp -5359
138 story-bt max_samp 6337
138 story-bt min_power10 19.7
138 story-bt max_power90 59.7
138 story-at comments BN CE SS  
138 story-at missing CS
138 story-at duration_sec 8.1
138 story-at dc_offset 43
138 story-at min_samp -4839
138 story-at max_samp 4893
138 story-at min_power10 22.3
138 story-at max_power90 58.9
138 gender male
138 age adult
138 connection average
138 intelligibility ok
