136 labeler khoward
136 label_date Mon Mar 23 09:58:39 PST 1992
136 nlang missing nothing
136 nlang duration_sec 1.2
136 nlang dc_offset 42
136 nlang min_samp -10282
136 nlang max_samp 9362
136 nlang min_power10 15.7
136 nlang max_power90 62.3
136 clang missing nothing
136 clang duration_sec 1.2
136 clang dc_offset 42
136 clang min_samp -7550
136 clang max_samp 7902
136 clang min_power10 18.5
136 clang max_power90 65.1
136 dowk missing nothing
136 dowk duration_sec 5.7
136 dowk dc_offset 42
136 dowk min_samp -6170
136 dowk max_samp 6838
136 dowk min_power10 21.1
136 dowk max_power90 60.6
136 nums missing 0
136 nums duration_sec 8.9
136 nums dc_offset 42
136 nums min_samp -6214
136 nums max_samp 5670
136 nums min_power10 16.3
136 nums max_power90 59.3
136 htl missing nothing
136 htl duration_sec 6.8
136 htl dc_offset 42
136 htl min_samp -4294
136 htl max_samp 3286
136 htl min_power10 17.4
136 htl max_power90 56.1
136 htc missing nothing
136 htc duration_sec 4.8
136 htc dc_offset 42
136 htc min_samp -6602
136 htc max_samp 6382
136 htc min_power10 17.5
136 htc max_power90 63.8
136 room missing nothing
136 room duration_sec 11.3
136 room dc_offset 42
136 room min_samp -5186
136 room max_samp 4182
136 room min_power10 17.0
136 room max_power90 57.2
136 meal missing nothing
136 meal duration_sec 5.0
136 meal dc_offset 42
136 meal min_samp -6318
136 meal max_samp 5310
136 meal min_power10 18.7
136 meal max_power90 62.4
136 story-bt comments SS  
136 story-bt missing nothing
136 story-bt duration_sec 47.4
136 story-bt dc_offset 42
136 story-bt min_samp -4902
136 story-bt max_samp 5406
136 story-bt min_power10 19.3
136 story-bt max_power90 57.4
136 gender male
136 age adult
136 connection average
136 intelligibility ok
