142 labeler khoward
142 label_date Mon Mar 23 11:14:41 PST 1992
142 nlang missing nothing
142 nlang duration_sec 1.0
142 nlang dc_offset 42
142 nlang min_samp -6502
142 nlang max_samp 8526
142 nlang min_power10 17.3
142 nlang max_power90 63.3
142 clang missing nothing
142 clang duration_sec 1.2
142 clang dc_offset 42
142 clang min_samp -3670
142 clang max_samp 5598
142 clang min_power10 18.3
142 clang max_power90 60.1
142 dowk comments CE  
142 dowk missing Friday Saturday?
142 dowk duration_sec 6.2
142 dowk dc_offset 42
142 dowk min_samp -6246
142 dowk max_samp 11230
142 dowk min_power10 18.7
142 dowk max_power90 58.8
142 nums comments CB  
142 nums missing 0
142 nums duration_sec 7.1
142 nums dc_offset 42
142 nums min_samp -5246
142 nums max_samp 11174
142 nums min_power10 18.6
142 nums max_power90 62.2
142 htl comments CE  
142 htl missing CS
142 htl duration_sec 7.9
142 htl dc_offset 42
142 htl min_samp -2066
142 htl max_samp 3502
142 htl min_power10 22.7
142 htl max_power90 55.8
142 htc missing nothing
142 htc duration_sec 10.0
142 htc dc_offset 42
142 htc min_samp -2950
142 htc max_samp 5262
142 htc min_power10 19.5
142 htc max_power90 57.1
142 room missing nothing
142 room duration_sec 11.2
142 room dc_offset 42
142 room min_samp -4838
142 room max_samp 7650
142 room min_power10 19.4
142 room max_power90 58.1
142 meal missing nothing
142 meal duration_sec 6.3
142 meal dc_offset 42
142 meal min_samp -3414
142 meal max_samp 5750
142 meal min_power10 19.7
142 meal max_power90 55.9
142 story-bt comments SS BN EN  
142 story-bt missing nothing
142 story-bt duration_sec 48.2
142 story-bt dc_offset 42
142 story-bt min_samp -7430
142 story-bt max_samp 8126
142 story-bt min_power10 20.0
142 story-bt max_power90 57.0
142 story-at comments SS  
142 story-at missing nothing
142 story-at duration_sec 7.5
142 story-at dc_offset 42
142 story-at min_samp -3286
142 story-at max_samp 6254
142 story-at min_power10 19.4
142 story-at max_power90 55.4
142 gender male
142 age adult
142 connection average
142 intelligibility ok
