5 labeler khoward
5 label_date Mon Jul  8 12:39:04 PDT 1991
5 nlang missing nothing
5 nlang duration_sec 1.3
5 nlang dc_offset 42
5 nlang min_samp -4610
5 nlang max_samp 6290
5 nlang min_power10 23.6
5 nlang max_power90 60.0
5 clang missing nothing
5 clang duration_sec 1.3
5 clang dc_offset 42
5 clang min_samp -5386
5 clang max_samp 8826
5 clang min_power10 22.7
5 clang max_power90 58.2
5 dowk missing nothing
5 dowk duration_sec 6.5
5 dowk dc_offset 42
5 dowk min_samp -3550
5 dowk max_samp 5230
5 dowk min_power10 23.1
5 dowk max_power90 59.5
5 nums missing nothing
5 nums duration_sec 9.2
5 nums dc_offset 42
5 nums min_samp -4246
5 nums max_samp 4450
5 nums min_power10 22.9
5 nums max_power90 59.0
5 htl missing nothing
5 htl duration_sec 8.9
5 htl dc_offset 42
5 htl min_samp -6094
5 htl max_samp 5470
5 htl min_power10 25.6
5 htl max_power90 61.3
5 htc missing nothing
5 htc duration_sec 5.0
5 htc dc_offset 42
5 htc min_samp -4518
5 htc max_samp 5030
5 htc min_power10 24.5
5 htc max_power90 61.0
5 room missing nothing
5 room duration_sec 10.8
5 room dc_offset 42
5 room min_samp -3810
5 room max_samp 4826
5 room min_power10 24.5
5 room max_power90 59.8
5 meal missing nothing
5 meal duration_sec 6.8
5 meal dc_offset 42
5 meal min_samp -4230
5 meal max_samp 4538
5 meal min_power10 25.1
5 meal max_power90 57.6
5 story-bt comments EN SS  
5 story-bt missing nothing
5 story-bt duration_sec 48.8
5 story-bt dc_offset 42
5 story-bt min_samp -7650
5 story-bt max_samp 9534
5 story-bt min_power10 30.0
5 story-bt max_power90 62.5
5 story-at comments BN CB CE EN SS  
5 story-at missing CS
5 story-at duration_sec 9.5
5 story-at dc_offset 42
5 story-at min_samp -5722
5 story-at max_samp 6686
5 story-at min_power10 25.9
5 story-at max_power90 61.8
5 gender male
5 age adult
5 connection average
5 intelligibility ok
