1 labeler yeshwant
1 label_date Sun Jul  7 17:48:13 PDT 1991
1 nlang missing nothing
1 nlang duration_sec 0.8
1 nlang dc_offset 42
1 nlang min_samp -2442
1 nlang max_samp 2662
1 nlang min_power10 19.5
1 nlang max_power90 55.2
1 clang comments NI ES  
1 clang missing nothing
1 clang duration_sec 1.3
1 clang dc_offset 42
1 clang min_samp -1950
1 clang max_samp 1918
1 clang min_power10 21.0
1 clang max_power90 54.4
1 nums comments NI  
1 nums missing 0
1 nums duration_sec 6.6
1 nums dc_offset 42
1 nums min_samp -1726
1 nums max_samp 1850
1 nums min_power10 19.2
1 nums max_power90 52.1
1 htl missing nothing
1 htl duration_sec 1.8
1 htl dc_offset 42
1 htl min_samp -1698
1 htl max_samp 2082
1 htl min_power10 19.1
1 htl max_power90 50.9
1 htc comments CB CE  
1 htc missing CS
1 htc duration_sec 2.4
1 htc dc_offset 42
1 htc min_samp -3558
1 htc max_samp 3854
1 htc min_power10 18.1
1 htc max_power90 51.1
1 room comments CE  
1 room missing CS
1 room duration_sec 10.4
1 room dc_offset 42
1 room min_samp -4086
1 room max_samp 4146
1 room min_power10 18.9
1 room max_power90 55.4
1 meal missing nothing
1 meal duration_sec 7.8
1 meal dc_offset 42
1 meal min_samp -4222
1 meal max_samp 4646
1 meal min_power10 17.9
1 meal max_power90 55.2
1 story-bt comments CE
1 story-bt missing CS
1 story-bt duration_sec 46.7
1 story-bt dc_offset 42
1 story-bt min_samp -3402
1 story-bt max_samp 3462
1 story-bt min_power10 18.1
1 story-bt max_power90 51.7
1 story-at comments CE  
1 story-at missing CS
1 story-at duration_sec 8.8
1 story-at dc_offset 42
1 story-at min_samp -2806
1 story-at max_samp 2442
1 story-at min_power10 18.3
1 story-at max_power90 54.4
1 gender male
1 age adult
1 connection average
1 intelligibility ok
