8 labeler khoward
8 label_date Mon Jul  8 14:02:01 PDT 1991
8 nlang missing nothing
8 nlang duration_sec 1.1
8 nlang dc_offset 42
8 nlang min_samp -4694
8 nlang max_samp 5518
8 nlang min_power10 23.4
8 nlang max_power90 59.8
8 clang comments ES  
8 clang missing nothing
8 clang duration_sec 2.6
8 clang dc_offset 42
8 clang min_samp -4758
8 clang max_samp 4930
8 clang min_power10 23.3
8 clang max_power90 61.9
8 dowk missing nothing
8 dowk duration_sec 7.1
8 dowk dc_offset 42
8 dowk min_samp -5374
8 dowk max_samp 5270
8 dowk min_power10 23.6
8 dowk max_power90 59.5
8 nums missing nothing
8 nums duration_sec 9.8
8 nums dc_offset 42
8 nums min_samp -4750
8 nums max_samp 5718
8 nums min_power10 23.2
8 nums max_power90 58.7
8 htl comments CE  
8 htl missing CS
8 htl duration_sec 9.1
8 htl dc_offset 42
8 htl min_samp -5862
8 htl max_samp 6382
8 htl min_power10 23.7
8 htl max_power90 59.7
8 htc comments CE  
8 htc missing CS
8 htc duration_sec 9.3
8 htc dc_offset 42
8 htc min_samp -6134
8 htc max_samp 8194
8 htc min_power10 23.0
8 htc max_power90 64.1
8 room missing nothing
8 room duration_sec 10.9
8 room dc_offset 42
8 room min_samp -5894
8 room max_samp 8286
8 room min_power10 22.4
8 room max_power90 58.1
8 meal missing nothing
8 meal duration_sec 6.6
8 meal dc_offset 42
8 meal min_samp -5518
8 meal max_samp 6318
8 meal min_power10 23.3
8 meal max_power90 62.0
8 story-bt comments CE SS  
8 story-bt missing CS
8 story-bt duration_sec 49.5
8 story-bt dc_offset 42
8 story-bt min_samp -7190
8 story-bt max_samp 9186
8 story-bt min_power10 23.2
8 story-bt max_power90 61.3
8 story-at comments EN  
8 story-at missing nothing
8 story-at duration_sec 4.3
8 story-at dc_offset 42
8 story-at min_samp -7718
8 story-at max_samp 8290
8 story-at min_power10 23.2
8 story-at max_power90 64.5
8 gender male
8 age adult
8 connection good
8 intelligibility ok
