6 labeler khoward
6 label_date Mon Jul  8 13:13:21 PDT 1991
6 nlang comments BN  
6 nlang missing nothing
6 nlang duration_sec 1.3
6 nlang dc_offset 42
6 nlang min_samp -3102
6 nlang max_samp 3770
6 nlang min_power10 22.0
6 nlang max_power90 53.6
6 clang missing nothing
6 clang duration_sec 1.1
6 clang dc_offset 42
6 clang min_samp -2406
6 clang max_samp 4078
6 clang min_power10 22.7
6 clang max_power90 55.0
6 dowk comments ES  
6 dowk missing nothing
6 dowk duration_sec 7.1
6 dowk dc_offset 42
6 dowk min_samp -4714
6 dowk max_samp 4250
6 dowk min_power10 21.7
6 dowk max_power90 54.2
6 nums comments CE  
6 nums missing 9 10
6 nums duration_sec 9.1
6 nums dc_offset 42
6 nums min_samp -4666
6 nums max_samp 4178
6 nums min_power10 20.8
6 nums max_power90 50.9
6 htl comments CE  
6 htl missing CS
6 htl duration_sec 9.1
6 htl dc_offset 42
6 htl min_samp -4966
6 htl max_samp 4606
6 htl min_power10 23.0
6 htl max_power90 56.8
6 htc missing nothing
6 htc duration_sec 8.5
6 htc dc_offset 42
6 htc min_samp -4214
6 htc max_samp 4586
6 htc min_power10 22.5
6 htc max_power90 56.2
6 room comments BN CE  
6 room missing CS
6 room duration_sec 11.2
6 room dc_offset 42
6 room min_samp -4242
6 room max_samp 3990
6 room min_power10 22.7
6 room max_power90 53.9
6 meal comments BN  
6 meal missing nothing
6 meal duration_sec 7.9
6 meal dc_offset 42
6 meal min_samp -4598
6 meal max_samp 4262
6 meal min_power10 22.1
6 meal max_power90 54.5
6 story-bt comments BN CE SS  
6 story-bt missing CS
6 story-bt duration_sec 48.6
6 story-bt dc_offset 42
6 story-bt min_samp -4858
6 story-bt max_samp 4022
6 story-bt min_power10 23.3
6 story-bt max_power90 55.1
6 story-at comments BN CB  
6 story-at missing CS
6 story-at duration_sec 10.0
6 story-at dc_offset 42
6 story-at min_samp -4482
6 story-at max_samp 4138
6 story-at min_power10 22.2
6 story-at max_power90 52.2
6 gender male
6 age adult
6 connection average
6 intelligibility ok
