9 labeler khoward
9 label_date Mon Jul  8 14:19:23 PDT 1991
9 nlang missing nothing
9 nlang duration_sec 1.2
9 nlang dc_offset 42
9 nlang min_samp -1566
9 nlang max_samp 1582
9 nlang min_power10 15.1
9 nlang max_power90 49.4
9 clang comments EN  
9 clang missing nothing
9 clang duration_sec 1.2
9 clang dc_offset 42
9 clang min_samp -746
9 clang max_samp 602
9 clang min_power10 14.7
9 clang max_power90 39.2
9 dowk comments EN  
9 dowk missing nothing
9 dowk duration_sec 3.4
9 dowk dc_offset 42
9 dowk min_samp -1146
9 dowk max_samp 978
9 dowk min_power10 15.7
9 dowk max_power90 45.5
9 nums comments EN  
9 nums missing 2
9 nums duration_sec 4.6
9 nums dc_offset 42
9 nums min_samp -742
9 nums max_samp 790
9 nums min_power10 17.6
9 nums max_power90 42.6
9 htl comments CE  
9 htl missing CS
9 htl duration_sec 7.4
9 htl dc_offset 42
9 htl min_samp -1938
9 htl max_samp 1918
9 htl min_power10 16.2
9 htl max_power90 46.3
9 htc comments CE  
9 htc missing CS
9 htc duration_sec 9.6
9 htc dc_offset 42
9 htc min_samp -1306
9 htc max_samp 1158
9 htc min_power10 17.0
9 htc max_power90 45.5
9 room comments EN  
9 room missing nothing
9 room duration_sec 2.0
9 room dc_offset 42
9 room min_samp -766
9 room max_samp 830
9 room min_power10 15.2
9 room max_power90 42.8
9 meal comments EN  
9 meal missing nothing
9 meal duration_sec 2.3
9 meal dc_offset 42
9 meal min_samp -1386
9 meal max_samp 1218
9 meal min_power10 15.3
9 meal max_power90 45.9
9 gender male
9 age adult
9 connection average
9 intelligibility ok
