3 labeler yeshwant
3 label_date Sun Jul  7 18:33:29 PDT 1991
3 nlang comments BN  
3 nlang missing nothing
3 nlang duration_sec 0.9
3 nlang dc_offset 42
3 nlang min_samp -2922
3 nlang max_samp 3638
3 nlang min_power10 18.7
3 nlang max_power90 55.0
3 dowk comments BN EN  
3 dowk missing nothing
3 dowk duration_sec 5.6
3 dowk dc_offset 42
3 dowk min_samp -5902
3 dowk max_samp 8234
3 dowk min_power10 18.8
3 dowk max_power90 61.5
3 nums comments BN EN  
3 nums missing nothing
3 nums duration_sec 7.1
3 nums dc_offset 42
3 nums min_samp -4806
3 nums max_samp 5934
3 nums min_power10 18.6
3 nums max_power90 58.8
3 htl comments BN CE EN  
3 htl missing CS
3 htl duration_sec 8.9
3 htl dc_offset 42
3 htl min_samp -5950
3 htl max_samp 8782
3 htl min_power10 19.7
3 htl max_power90 63.1
3 htc comments BN CE EN  
3 htc missing CS
3 htc duration_sec 9.5
3 htc dc_offset 42
3 htc min_samp -6350
3 htc max_samp 10462
3 htc min_power10 19.7
3 htc max_power90 64.1
3 room comments BN  
3 room missing nothing
3 room duration_sec 10.8
3 room dc_offset 42
3 room min_samp -5714
3 room max_samp 6870
3 room min_power10 19.2
3 room max_power90 60.3
3 meal comments BN EN ES SNL  
3 meal missing CS
3 meal duration_sec 7.7
3 meal dc_offset 42
3 meal min_samp -5194
3 meal max_samp 8926
3 meal min_power10 19.6
3 meal max_power90 61.1
3 story-bt comments BN CE EN SS  
3 story-bt missing CS
3 story-bt duration_sec 46.9
3 story-bt dc_offset 42
3 story-bt min_samp -5826
3 story-bt max_samp 7462
3 story-bt min_power10 20.6
3 story-bt max_power90 61.9
3 gender male
3 age adult
3 connection average
3 intelligibility poor
