4 labeler khoward
4 label_date Mon Jul  8 11:44:39 PDT 1991
4 nlang missing nothing
4 nlang duration_sec 1.3
4 nlang dc_offset 42
4 nlang min_samp -4950
4 nlang max_samp 4558
4 nlang min_power10 17.7
4 nlang max_power90 60.7
4 clang missing nothing
4 clang duration_sec 1.2
4 clang dc_offset 42
4 clang min_samp -5010
4 clang max_samp 4398
4 clang min_power10 19.4
4 clang max_power90 61.5
4 dowk comments CE  
4 dowk missing Friday Saturday
4 dowk duration_sec 6.9
4 dowk dc_offset 42
4 dowk min_samp -4362
4 dowk max_samp 4358
4 dowk min_power10 17.6
4 dowk max_power90 56.9
4 nums comments CE  
4 nums missing 10
4 nums duration_sec 9.6
4 nums dc_offset 42
4 nums min_samp -3458
4 nums max_samp 3438
4 nums min_power10 17.0
4 nums max_power90 51.9
4 htl missing nothing
4 htl duration_sec 8.6
4 htl dc_offset 42
4 htl min_samp -5266
4 htl max_samp 4742
4 htl min_power10 22.0
4 htl max_power90 57.8
4 htc missing nothing
4 htc duration_sec 9.5
4 htc dc_offset 42
4 htc min_samp -5626
4 htc max_samp 5470
4 htc min_power10 20.8
4 htc max_power90 57.5
4 room missing nothing
4 room duration_sec 9.8
4 room dc_offset 42
4 room min_samp -7518
4 room max_samp 5998
4 room min_power10 20.8
4 room max_power90 57.9
4 meal missing nothing
4 meal duration_sec 7.8
4 meal dc_offset 42
4 meal min_samp -3582
4 meal max_samp 4110
4 meal min_power10 18.7
4 meal max_power90 58.0
4 story-bt comments SS  
4 story-bt missing nothing
4 story-bt duration_sec 46.7
4 story-bt dc_offset 42
4 story-bt min_samp -6166
4 story-bt max_samp 5894
4 story-bt min_power10 21.4
4 story-bt max_power90 57.8
4 gender male
4 age adult
4 connection average
4 intelligibility ok
