15 labeler khoward
15 label_date Wed Jul 31 10:31:49 PDT 1991
15 nlang missing nothing
15 nlang duration_sec 2.2
15 nlang dc_offset 42
15 nlang min_samp -3770
15 nlang max_samp 3198
15 nlang min_power10 20.4
15 nlang max_power90 59.7
15 clang missing nothing
15 clang duration_sec 2.2
15 clang dc_offset 42
15 clang min_samp -3586
15 clang max_samp 3726
15 clang min_power10 20.3
15 clang max_power90 60.0
15 dowk missing nothing
15 dowk duration_sec 4.0
15 dowk dc_offset 42
15 dowk min_samp -2394
15 dowk max_samp 2958
15 dowk min_power10 20.9
15 dowk max_power90 57.7
15 nums comments BN  
15 nums missing nothing
15 nums duration_sec 6.7
15 nums dc_offset 42
15 nums min_samp -3466
15 nums max_samp 2726
15 nums min_power10 20.4
15 nums max_power90 58.3
15 htl comments CE  
15 htl missing CS
15 htl duration_sec 8.0
15 htl dc_offset 42
15 htl min_samp -4602
15 htl max_samp 6590
15 htl min_power10 22.5
15 htl max_power90 57.9
15 htc comments CE  
15 htc missing CS
15 htc duration_sec 8.3
15 htc dc_offset 42
15 htc min_samp -3390
15 htc max_samp 4206
15 htc min_power10 25.5
15 htc max_power90 58.7
15 room comments CE  
15 room missing CS
15 room duration_sec 9.9
15 room dc_offset 42
15 room min_samp -2738
15 room max_samp 2646
15 room min_power10 20.4
15 room max_power90 55.8
15 meal missing nothing
15 meal duration_sec 4.5
15 meal dc_offset 42
15 meal min_samp -1918
15 meal max_samp 2058
15 meal min_power10 20.5
15 meal max_power90 55.0
15 story-bt comments CE SS  
15 story-bt missing CS
15 story-bt duration_sec 44.4
15 story-bt dc_offset 42
15 story-bt min_samp -3750
15 story-bt max_samp 6558
15 story-bt min_power10 21.5
15 story-bt max_power90 56.2
15 story-at comments CB CE SS  
15 story-at missing CS
15 story-at duration_sec 9.3
15 story-at dc_offset 42
15 story-at min_samp -3030
15 story-at max_samp 2162
15 story-at min_power10 19.6
15 story-at max_power90 55.9
15 gender female
15 age adult
15 connection average
15 intelligibility ok
