19 labeler khoward
19 label_date Thu Aug  1 14:38:25 PDT 1991
19 nlang missing nothing
19 nlang duration_sec 1.2
19 nlang dc_offset 42
19 nlang min_samp -2294
19 nlang max_samp 2406
19 nlang min_power10 14.7
19 nlang max_power90 52.2
19 clang comments ES  
19 clang missing nothing
19 clang duration_sec 1.6
19 clang dc_offset 42
19 clang min_samp -1970
19 clang max_samp 2398
19 clang min_power10 13.2
19 clang max_power90 53.8
19 dowk missing nothing
19 dowk duration_sec 7.5
19 dowk dc_offset 42
19 dowk min_samp -3302
19 dowk max_samp 2994
19 dowk min_power10 13.4
19 dowk max_power90 53.2
19 nums comments CE  
19 nums missing 9 10
19 nums duration_sec 8.9
19 nums dc_offset 42
19 nums min_samp -2526
19 nums max_samp 3502
19 nums min_power10 13.0
19 nums max_power90 50.9
19 htl comments CE  
19 htl missing CS
19 htl duration_sec 8.5
19 htl dc_offset 42
19 htl min_samp -2686
19 htl max_samp 2930
19 htl min_power10 14.3
19 htl max_power90 54.7
19 htc comments CE  
19 htc missing CS
19 htc duration_sec 7.4
19 htc dc_offset 42
19 htc min_samp -3142
19 htc max_samp 2862
19 htc min_power10 14.0
19 htc max_power90 55.8
19 room comments CE  
19 room missing CS
19 room duration_sec 10.9
19 room dc_offset 42
19 room min_samp -2102
19 room max_samp 1950
19 room min_power10 15.9
19 room max_power90 53.3
19 meal comments CE  
19 meal missing CS
19 meal duration_sec 8.8
19 meal dc_offset 42
19 meal min_samp -2438
19 meal max_samp 2142
19 meal min_power10 14.7
19 meal max_power90 52.2
19 story-bt comments CE SS  
19 story-bt missing CS
19 story-bt duration_sec 49.2
19 story-bt dc_offset 42
19 story-bt min_samp -2678
19 story-bt max_samp 3070
19 story-bt min_power10 15.7
19 story-bt max_power90 53.7
19 story-at comments CB CE SS  
19 story-at missing CS
19 story-at duration_sec 9.4
19 story-at dc_offset 42
19 story-at min_samp -2758
19 story-at max_samp 2598
19 story-at min_power10 15.1
19 story-at max_power90 55.3
19 gender male
19 age adult
19 connection good
19 intelligibility ok
