12 labeler khoward
12 label_date Mon Jul 29 09:13:34 PDT 1991
12 clang missing nothing
12 clang duration_sec 1.3
12 clang dc_offset 42
12 clang min_samp -3278
12 clang max_samp 2002
12 clang min_power10 15.3
12 clang max_power90 50.7
12 dowk comments CE  
12 dowk missing Friday Saturday Sunday
12 dowk duration_sec 6.7
12 dowk dc_offset 42
12 dowk min_samp -4114
12 dowk max_samp 3150
12 dowk min_power10 14.9
12 dowk max_power90 50.7
12 nums comments CB CE  
12 nums missing 0 7 8 9 10
12 nums duration_sec 8.6
12 nums dc_offset 42
12 nums min_samp -2458
12 nums max_samp 2358
12 nums min_power10 14.5
12 nums max_power90 49.7
12 htl missing nothing
12 htl duration_sec 6.8
12 htl dc_offset 42
12 htl min_samp -3054
12 htl max_samp 2094
12 htl min_power10 14.3
12 htl max_power90 50.0
12 htc missing nothing
12 htc duration_sec 7.3
12 htc dc_offset 42
12 htc min_samp -2146
12 htc max_samp 1830
12 htc min_power10 15.9
12 htc max_power90 49.5
12 room missing nothing
12 room duration_sec 7.0
12 room dc_offset 42
12 room min_samp -2102
12 room max_samp 1862
12 room min_power10 15.4
12 room max_power90 49.9
12 meal missing nothing
12 meal duration_sec 6.7
12 meal dc_offset 42
12 meal min_samp -2562
12 meal max_samp 1878
12 meal min_power10 15.3
12 meal max_power90 50.7
12 story-bt comments SS  
12 story-bt missing nothing
12 story-bt duration_sec 43.3
12 story-bt dc_offset 42
12 story-bt min_samp -3290
12 story-bt max_samp 2358
12 story-bt min_power10 15.4
12 story-bt max_power90 50.4
12 story-at comments CB CE SS  
12 story-at missing CS
12 story-at duration_sec 8.1
12 story-at dc_offset 42
12 story-at min_samp -2622
12 story-at max_samp 1974
12 story-at min_power10 15.5
12 story-at max_power90 47.4
12 gender male
12 age adult
12 connection good
12 intelligibility ok
