14 labeler khoward
14 label_date Mon Jul 29 09:46:59 PDT 1991
14 nlang missing nothing
14 nlang duration_sec 2.0
14 nlang dc_offset 42
14 nlang min_samp -4806
14 nlang max_samp 5086
14 nlang min_power10 20.7
14 nlang max_power90 61.8
14 clang missing nothing
14 clang duration_sec 1.9
14 clang dc_offset 42
14 clang min_samp -4374
14 clang max_samp 5238
14 clang min_power10 20.5
14 clang max_power90 57.9
14 dowk missing nothing
14 dowk duration_sec 3.6
14 dowk dc_offset 42
14 dowk min_samp -2666
14 dowk max_samp 3694
14 dowk min_power10 20.6
14 dowk max_power90 54.9
14 nums missing 0
14 nums duration_sec 4.1
14 nums dc_offset 42
14 nums min_samp -2342
14 nums max_samp 3086
14 nums min_power10 21.1
14 nums max_power90 55.9
14 htl comments BN  
14 htl missing nothing
14 htl duration_sec 7.6
14 htl dc_offset 42
14 htl min_samp -4450
14 htl max_samp 4406
14 htl min_power10 20.7
14 htl max_power90 55.7
14 htc missing nothing
14 htc duration_sec 6.9
14 htc dc_offset 42
14 htc min_samp -4758
14 htc max_samp 5394
14 htc min_power10 22.8
14 htc max_power90 60.4
14 room comments BN  
14 room missing nothing
14 room duration_sec 10.7
14 room dc_offset 42
14 room min_samp -7686
14 room max_samp 8310
14 room min_power10 21.6
14 room max_power90 60.5
14 meal missing nothing
14 meal duration_sec 8.2
14 meal dc_offset 42
14 meal min_samp -7238
14 meal max_samp 9686
14 meal min_power10 21.1
14 meal max_power90 60.7
14 story-bt comments BN SS  
14 story-bt missing nothing
14 story-bt duration_sec 48.1
14 story-bt dc_offset 42
14 story-bt min_samp -8110
14 story-bt max_samp 8798
14 story-bt min_power10 22.0
14 story-bt max_power90 58.5
14 story-at missing nothing
14 story-at duration_sec 2.4
14 story-at dc_offset 42
14 story-at min_samp -2994
14 story-at max_samp 4250
14 story-at min_power10 21.1
14 story-at max_power90 54.2
14 gender male
14 age adult
14 connection good
14 intelligibility ok
