17 labeler khoward
17 label_date Wed Jul 31 11:13:50 PDT 1991
17 nlang missing nothing
17 nlang duration_sec 1.1
17 nlang dc_offset 42
17 nlang min_samp -1610
17 nlang max_samp 2030
17 nlang min_power10 12.3
17 nlang max_power90 51.3
17 clang comments ES  
17 clang missing nothing
17 clang duration_sec 1.9
17 clang dc_offset 42
17 clang min_samp -1738
17 clang max_samp 1858
17 clang min_power10 12.2
17 clang max_power90 50.9
17 dowk missing nothing
17 dowk duration_sec 4.7
17 dowk dc_offset 42
17 dowk min_samp -802
17 dowk max_samp 714
17 dowk min_power10 13.6
17 dowk max_power90 41.7
17 nums missing nothing
17 nums duration_sec 8.1
17 nums dc_offset 42
17 nums min_samp -1174
17 nums max_samp 1254
17 nums min_power10 12.9
17 nums max_power90 44.1
17 htl comments CE  
17 htl missing CS
17 htl duration_sec 8.3
17 htl dc_offset 42
17 htl min_samp -798
17 htl max_samp 1014
17 htl min_power10 12.9
17 htl max_power90 44.9
17 htc missing nothing
17 htc duration_sec 6.4
17 htc dc_offset 42
17 htc min_samp -1294
17 htc max_samp 1198
17 htc min_power10 13.4
17 htc max_power90 48.1
17 room comments CE  
17 room missing CS
17 room duration_sec 8.9
17 room dc_offset 42
17 room min_samp -1874
17 room max_samp 2338
17 room min_power10 15.0
17 room max_power90 52.0
17 meal missing nothing
17 meal duration_sec 5.4
17 meal dc_offset 42
17 meal min_samp -1302
17 meal max_samp 1534
17 meal min_power10 14.5
17 meal max_power90 47.7
17 story-bt comments SS BN  
17 story-bt missing nothing
17 story-bt duration_sec 47.9
17 story-bt dc_offset 42
17 story-bt min_samp -1518
17 story-bt max_samp 1458
17 story-bt min_power10 13.5
17 story-bt max_power90 45.5
17 gender male
17 age adult
17 connection average
17 intelligibility ok
