16 labeler khoward
16 label_date Wed Jul 31 10:55:59 PDT 1991
16 nlang missing nothing
16 nlang duration_sec 1.3
16 nlang dc_offset 42
16 nlang min_samp -1726
16 nlang max_samp 3386
16 nlang min_power10 23.9
16 nlang max_power90 56.6
16 clang missing nothing
16 clang duration_sec 1.2
16 clang dc_offset 42
16 clang min_samp -2318
16 clang max_samp 3794
16 clang min_power10 24.3
16 clang max_power90 54.9
16 dowk missing nothing
16 dowk duration_sec 4.6
16 dowk dc_offset 42
16 dowk min_samp -1862
16 dowk max_samp 3010
16 dowk min_power10 24.7
16 dowk max_power90 55.8
16 nums missing nothing
16 nums duration_sec 7.0
16 nums dc_offset 42
16 nums min_samp -2822
16 nums max_samp 4694
16 nums min_power10 25.0
16 nums max_power90 56.2
16 htl missing nothing
16 htl duration_sec 7.7
16 htl dc_offset 42
16 htl min_samp -4398
16 htl max_samp 4762
16 htl min_power10 23.9
16 htl max_power90 38.8
16 htc comments CB  
16 htc missing CS
16 htc duration_sec 4.1
16 htc dc_offset 42
16 htc min_samp -2298
16 htc max_samp 3370
16 htc min_power10 24.4
16 htc max_power90 55.6
16 room comments EN  
16 room missing nothing
16 room duration_sec 5.4
16 room dc_offset 42
16 room min_samp -2570
16 room max_samp 3298
16 room min_power10 25.1
16 room max_power90 57.5
16 meal comments BN  
16 meal missing nothing
16 meal duration_sec 4.7
16 meal dc_offset 42
16 meal min_samp -2382
16 meal max_samp 4130
16 meal min_power10 25.1
16 meal max_power90 58.5
16 story-bt comments SS  
16 story-bt missing nothing
16 story-bt duration_sec 49.0
16 story-bt dc_offset 42
16 story-bt min_samp -2350
16 story-bt max_samp 3058
16 story-bt min_power10 24.3
16 story-bt max_power90 52.3
16 story-at comments BN EN SS  
16 story-at missing nothing
16 story-at duration_sec 8.1
16 story-at dc_offset 42
16 story-at min_samp -1718
16 story-at max_samp 2014
16 story-at min_power10 24.4
16 story-at max_power90 50.3
16 gender female
16 age adult
16 connection average
16 intelligibility ok
