20 labeler khoward
20 label_date Thu Aug  1 14:57:07 PDT 1991
20 nlang comments EN  
20 nlang missing nothing
20 nlang duration_sec 1.3
20 nlang dc_offset 42
20 nlang min_samp -822
20 nlang max_samp 962
20 nlang min_power10 15.2
20 nlang max_power90 44.7
20 clang comments CE ES  
20 clang missing CS
20 clang duration_sec 2.5
20 clang dc_offset 42
20 clang min_samp -1438
20 clang max_samp 1822
20 clang min_power10 16.5
20 clang max_power90 47.9
20 dowk missing nothing
20 dowk duration_sec 5.0
20 dowk dc_offset 42
20 dowk min_samp -1018
20 dowk max_samp 1014
20 dowk min_power10 16.7
20 dowk max_power90 48.1
20 nums missing nothing
20 nums duration_sec 8.2
20 nums dc_offset 42
20 nums min_samp -1066
20 nums max_samp 1738
20 nums min_power10 14.7
20 nums max_power90 47.2
20 htl missing nothing
20 htl duration_sec 8.3
20 htl dc_offset 42
20 htl min_samp -1782
20 htl max_samp 1914
20 htl min_power10 15.3
20 htl max_power90 50.0
20 htc missing nothing
20 htc duration_sec 9.1
20 htc dc_offset 42
20 htc min_samp -2242
20 htc max_samp 2234
20 htc min_power10 15.5
20 htc max_power90 50.1
20 room comments BN CE  
20 room missing CS
20 room duration_sec 11.3
20 room dc_offset 42
20 room min_samp -2174
20 room max_samp 2258
20 room min_power10 15.7
20 room max_power90 50.4
20 meal missing nothing
20 meal duration_sec 9.6
20 meal dc_offset 42
20 meal min_samp -1830
20 meal max_samp 1854
20 meal min_power10 17.4
20 meal max_power90 51.5
20 story-bt comments BN CE SS  
20 story-bt missing CS
20 story-bt duration_sec 45.8
20 story-bt dc_offset 42
20 story-bt min_samp -2166
20 story-bt max_samp 2530
20 story-bt min_power10 18.4
20 story-bt max_power90 50.7
20 story-at comments SS  
20 story-at missing nothing
20 story-at duration_sec 9.6
20 story-at dc_offset 42
20 story-at min_samp -2102
20 story-at max_samp 2258
20 story-at min_power10 18.8
20 story-at max_power90 52.3
20 gender male
20 age adult
20 connection average
20 intelligibility ok
