24 labeler khoward
24 label_date Mon Aug  5 11:06:52 PDT 1991
24 nlang missing nothing
24 nlang duration_sec 1.2
24 nlang dc_offset 42
24 nlang min_samp -12774
24 nlang max_samp 9398
24 nlang min_power10 26.5
24 nlang max_power90 66.8
24 clang comments BN  
24 clang missing nothing
24 clang duration_sec 1.8
24 clang dc_offset 42
24 clang min_samp -10158
24 clang max_samp 6446
24 clang min_power10 27.8
24 clang max_power90 66.2
24 dowk missing nothing
24 dowk duration_sec 4.3
24 dowk dc_offset 42
24 dowk min_samp -12326
24 dowk max_samp 7454
24 dowk min_power10 27.7
24 dowk max_power90 63.5
24 nums comments EN  
24 nums missing nothing
24 nums duration_sec 6.8
24 nums dc_offset 42
24 nums min_samp -10574
24 nums max_samp 6502
24 nums min_power10 27.2
24 nums max_power90 64.1
24 htl comments CE EN  
24 htl missing CS
24 htl duration_sec 8.0
24 htl dc_offset 42
24 htl min_samp -13262
24 htl max_samp 7630
24 htl min_power10 25.6
24 htl max_power90 65.1
24 htc missing nothing
24 htc duration_sec 2.4
24 htc dc_offset 42
24 htc min_samp -5238
24 htc max_samp 3478
24 htc min_power10 24.1
24 htc max_power90 58.8
24 room comments CE  
24 room missing CS
24 room duration_sec 10.9
24 room dc_offset 42
24 room min_samp -10234
24 room max_samp 7046
24 room min_power10 25.1
24 room max_power90 62.9
24 meal comments EN  
24 meal missing nothing
24 meal duration_sec 1.8
24 meal dc_offset 42
24 meal min_samp -2642
24 meal max_samp 1566
24 meal min_power10 24.6
24 meal max_power90 52.3
24 story-bt comments BN EN SS  
24 story-bt missing nothing
24 story-bt duration_sec 26.1
24 story-bt dc_offset 42
24 story-bt min_samp -11502
24 story-bt max_samp 8142
24 story-bt min_power10 24.0
24 story-bt max_power90 62.0
24 gender male
24 age adult
24 connection good
24 intelligibility ok
