27 labeler khoward
27 label_date Tue Aug  6 09:39:28 PDT 1991
27 nlang missing nothing
27 nlang duration_sec 1.1
27 nlang dc_offset 42
27 nlang min_samp -1638
27 nlang max_samp 1330
27 nlang min_power10 16.0
27 nlang max_power90 47.6
27 clang missing nothing
27 clang duration_sec 1.2
27 clang dc_offset 42
27 clang min_samp -1398
27 clang max_samp 1118
27 clang min_power10 16.5
27 clang max_power90 47.9
27 dowk missing nothing
27 dowk duration_sec 6.0
27 dowk dc_offset 42
27 dowk min_samp -1526
27 dowk max_samp 1898
27 dowk min_power10 17.2
27 dowk max_power90 47.3
27 nums comments NI  
27 nums missing 10
27 nums duration_sec 8.9
27 nums dc_offset 42
27 nums min_samp -1858
27 nums max_samp 1950
27 nums min_power10 16.2
27 nums max_power90 47.1
27 htl comments CE  
27 htl missing CS
27 htl duration_sec 9.0
27 htl dc_offset 42
27 htl min_samp -2070
27 htl max_samp 2678
27 htl min_power10 16.3
27 htl max_power90 50.4
27 htc missing nothing
27 htc duration_sec 1.2
27 htc dc_offset 42
27 htc min_samp -2630
27 htc max_samp 2522
27 htc min_power10 16.5
27 htc max_power90 51.6
27 room missing nothing
27 room duration_sec 11.3
27 room dc_offset 42
27 room min_samp -2942
27 room max_samp 3110
27 room min_power10 15.9
27 room max_power90 48.5
27 meal missing 
27 meal duration_sec 5.4
27 meal dc_offset 42
27 meal min_samp -2278
27 meal max_samp 2542
27 meal min_power10 15.4
27 meal max_power90 49.7
27 story-bt comments SS  
27 story-bt missing nothing
27 story-bt duration_sec 46.0
27 story-bt dc_offset 42
27 story-bt min_samp -3170
27 story-bt max_samp 4426
27 story-bt min_power10 17.1
27 story-bt max_power90 51.1
27 story-at comments CE  
27 story-at missing CS
27 story-at duration_sec 6.7
27 story-at dc_offset 42
27 story-at min_samp -1994
27 story-at max_samp 2062
27 story-at min_power10 16.3
27 story-at max_power90 48.4
27 gender male
27 age adult
27 connection average
27 intelligibility ok
