29 labeler khoward
29 label_date Thu Aug  8 14:24:51 PDT 1991
29 nlang comments CB EN  
29 nlang missing CS
29 nlang duration_sec 0.7
29 nlang dc_offset 42
29 nlang min_samp -3210
29 nlang max_samp 3542
29 nlang min_power10 29.2
29 nlang max_power90 54.3
29 clang comments EN  
29 clang missing nothing
29 clang duration_sec 1.0
29 clang dc_offset 42
29 clang min_samp -3214
29 clang max_samp 3506
29 clang min_power10 29.9
29 clang max_power90 58.9
29 dowk comments EN  
29 dowk missing nothing
29 dowk duration_sec 4.8
29 dowk dc_offset 42
29 dowk min_samp -3958
29 dowk max_samp 4138
29 dowk min_power10 30.2
29 dowk max_power90 58.9
29 nums comments EN  
29 nums missing nothing
29 nums duration_sec 8.8
29 nums dc_offset 42
29 nums min_samp -4374
29 nums max_samp 4926
29 nums min_power10 29.4
29 nums max_power90 57.7
29 htl comments EN  
29 htl missing nothing
29 htl duration_sec 5.1
29 htl dc_offset 42
29 htl min_samp -3970
29 htl max_samp 5570
29 htl min_power10 30.2
29 htl max_power90 58.4
29 htc comments CE EN  
29 htc missing CS
29 htc duration_sec 8.5
29 htc dc_offset 42
29 htc min_samp -4614
29 htc max_samp 4754
29 htc min_power10 30.2
29 htc max_power90 58.4
29 room comments EN  
29 room missing nothing
29 room duration_sec 9.9
29 room dc_offset 42
29 room min_samp -5450
29 room max_samp 4350
29 room min_power10 29.5
29 room max_power90 57.9
29 meal comments EN CE 
29 meal missing CS
29 meal duration_sec 6.5
29 meal dc_offset 42
29 meal min_samp -3758
29 meal max_samp 4038
29 meal min_power10 29.4
29 meal max_power90 58.7
29 story-bt comments CE EN SS  
29 story-bt missing CS
29 story-bt duration_sec 47.7
29 story-bt dc_offset 42
29 story-bt min_samp -3242
29 story-bt max_samp 3622
29 story-bt min_power10 31.6
29 story-bt max_power90 55.9
29 story-at comments CB EN  
29 story-at missing CS
29 story-at duration_sec 5.4
29 story-at dc_offset 42
29 story-at min_samp -3970
29 story-at max_samp 3642
29 story-at min_power10 30.2
29 story-at max_power90 56.4
29 gender male
29 age adult
29 connection average
29 intelligibility ok
