23 labeler khoward
23 label_date Mon Aug  5 10:50:45 PDT 1991
23 nlang comments ES
23 nlang missing nothing
23 nlang duration_sec 1.4
23 nlang dc_offset 42
23 nlang min_samp -1306
23 nlang max_samp 862
23 nlang min_power10 14.4
23 nlang max_power90 42.0
23 clang missing nothing
23 clang duration_sec 0.9
23 clang dc_offset 42
23 clang min_samp -1194
23 clang max_samp 942
23 clang min_power10 14.4
23 clang max_power90 34.1
23 dowk missing nothing
23 dowk duration_sec 4.6
23 dowk dc_offset 42
23 dowk min_samp -2062
23 dowk max_samp 1366
23 dowk min_power10 14.4
23 dowk max_power90 40.5
23 nums missing nothing
23 nums duration_sec 6.5
23 nums dc_offset 42
23 nums min_samp -1186
23 nums max_samp 1478
23 nums min_power10 14.3
23 nums max_power90 42.8
23 htl comments EN  
23 htl missing nothing
23 htl duration_sec 7.4
23 htl dc_offset 42
23 htl min_samp -3346
23 htl max_samp 2178
23 htl min_power10 13.8
23 htl max_power90 46.4
23 htc missing nothing
23 htc duration_sec 7.8
23 htc dc_offset 42
23 htc min_samp -3490
23 htc max_samp 2598
23 htc min_power10 14.9
23 htc max_power90 53.3
23 room missing nothing
23 room duration_sec 9.6
23 room dc_offset 42
23 room min_samp -1950
23 room max_samp 1918
23 room min_power10 14.9
23 room max_power90 45.6
23 meal missing nothing
23 meal duration_sec 6.5
23 meal dc_offset 42
23 meal min_samp -1902
23 meal max_samp 1630
23 meal min_power10 14.7
23 meal max_power90 44.1
23 story-bt comments SS  
23 story-bt missing nothing
23 story-bt duration_sec 38.5
23 story-bt dc_offset 42
23 story-bt min_samp -2218
23 story-bt max_samp 1790
23 story-bt min_power10 14.3
23 story-bt max_power90 44.6
23 gender male
23 age adult
23 connection average
23 intelligibility ok
