38 labeler khoward
38 label_date Tue Aug 13 16:20:03 PDT 1991
38 nlang missing nothing
38 nlang duration_sec 1.3
38 nlang dc_offset 42
38 nlang min_samp -2482
38 nlang max_samp 1670
38 nlang min_power10 10.4
38 nlang max_power90 49.8
38 clang missing nothing
38 clang duration_sec 1.0
38 clang dc_offset 42
38 clang min_samp -1302
38 clang max_samp 1018
38 clang min_power10 11.7
38 clang max_power90 48.2
38 dowk comments CE  
38 dowk missing Friday Saturday
38 dowk duration_sec 5.1
38 dowk dc_offset 42
38 dowk min_samp -2134
38 dowk max_samp 1334
38 dowk min_power10 11.0
38 dowk max_power90 51.3
38 nums comments BN  
38 nums missing 0
38 nums duration_sec 8.6
38 nums dc_offset 42
38 nums min_samp -1798
38 nums max_samp 1162
38 nums min_power10 11.3
38 nums max_power90 48.3
38 htl comments CE  
38 htl missing CS
38 htl duration_sec 7.7
38 htl dc_offset 42
38 htl min_samp -2202
38 htl max_samp 1570
38 htl min_power10 12.5
38 htl max_power90 53.1
38 htc missing nothing
38 htc duration_sec 8.1
38 htc dc_offset 42
38 htc min_samp -2802
38 htc max_samp 1590
38 htc min_power10 12.5
38 htc max_power90 51.8
38 room comments CE  
38 room missing CS
38 room duration_sec 10.2
38 room dc_offset 42
38 room min_samp -1882
38 room max_samp 1266
38 room min_power10 12.2
38 room max_power90 50.6
38 meal missing nothing
38 meal duration_sec 4.8
38 meal dc_offset 42
38 meal min_samp -2550
38 meal max_samp 1454
38 meal min_power10 11.0
38 meal max_power90 51.8
38 story-bt comments CE SS  
38 story-bt missing CS
38 story-bt duration_sec 47.8
38 story-bt dc_offset 42
38 story-bt min_samp -2298
38 story-bt max_samp 1354
38 story-bt min_power10 11.9
38 story-bt max_power90 51.0
38 story-at comments BN SS  
38 story-at missing nothing
38 story-at duration_sec 1.8
38 story-at dc_offset 42
38 story-at min_samp -1730
38 story-at max_samp 1594
38 story-at min_power10 11.0
38 story-at max_power90 48.3
38 gender female
38 age adult
38 connection average
38 intelligibility ok
