30 labeler khoward
30 label_date Thu Aug  8 14:38:41 PDT 1991
30 nlang comments BN  
30 nlang missing nothing
30 nlang duration_sec 1.1
30 nlang dc_offset 42
30 nlang min_samp -682
30 nlang max_samp 1122
30 nlang min_power10 13.0
30 nlang max_power90 48.4
30 clang missing nothing
30 clang duration_sec 1.2
30 clang dc_offset 42
30 clang min_samp -678
30 clang max_samp 1038
30 clang min_power10 11.9
30 clang max_power90 48.2
30 dowk missing nothing
30 dowk duration_sec 6.4
30 dowk dc_offset 42
30 dowk min_samp -1086
30 dowk max_samp 1630
30 dowk min_power10 12.9
30 dowk max_power90 50.9
30 nums comments BN  
30 nums missing 0
30 nums duration_sec 7.7
30 nums dc_offset 42
30 nums min_samp -1286
30 nums max_samp 1658
30 nums min_power10 11.7
30 nums max_power90 48.2
30 htl comments BN CE  
30 htl missing CS
30 htl duration_sec 8.2
30 htl dc_offset 42
30 htl min_samp -1542
30 htl max_samp 2182
30 htl min_power10 11.8
30 htl max_power90 49.4
30 htc missing nothing
30 htc duration_sec 4.4
30 htc dc_offset 42
30 htc min_samp -1754
30 htc max_samp 2622
30 htc min_power10 14.6
30 htc max_power90 52.9
30 room comments EN CE  
30 room missing CS
30 room duration_sec 7.8
30 room dc_offset 42
30 room min_samp -2126
30 room max_samp 2502
30 room min_power10 13.1
30 room max_power90 51.4
30 meal comments BN  
30 meal missing nothing
30 meal duration_sec 8.0
30 meal dc_offset 42
30 meal min_samp -1250
30 meal max_samp 1982
30 meal min_power10 11.3
30 meal max_power90 49.4
30 story-bt comments CE SS  
30 story-bt missing CS
30 story-bt duration_sec 48.0
30 story-bt dc_offset 42
30 story-bt min_samp -1946
30 story-bt max_samp 2518
30 story-bt min_power10 13.4
30 story-bt max_power90 50.7
30 story-at comments SS  
30 story-at missing nothing
30 story-at duration_sec 7.1
30 story-at dc_offset 42
30 story-at min_samp -1762
30 story-at max_samp 2606
30 story-at min_power10 11.2
30 story-at max_power90 48.3
30 gender female
30 age adult
30 connection average
30 intelligibility ok
