37 labeler khoward
37 label_date Tue Aug 13 13:36:51 PDT 1991
37 nlang missing nothing
37 nlang duration_sec 1.1
37 nlang dc_offset 42
37 nlang min_samp -4118
37 nlang max_samp 2646
37 nlang min_power10 13.4
37 nlang max_power90 57.1
37 clang comments BN  
37 clang missing nothing
37 clang duration_sec 1.3
37 clang dc_offset 42
37 clang min_samp -2630
37 clang max_samp 3518
37 clang min_power10 13.3
37 clang max_power90 56.5
37 dowk missing nothing
37 dowk duration_sec 5.9
37 dowk dc_offset 42
37 dowk min_samp -3514
37 dowk max_samp 4126
37 dowk min_power10 13.8
37 dowk max_power90 54.0
37 nums comments BN  
37 nums missing nothing
37 nums duration_sec 9.2
37 nums dc_offset 42
37 nums min_samp -2862
37 nums max_samp 3342
37 nums min_power10 13.8
37 nums max_power90 54.9
37 htl comments CE  
37 htl missing CS
37 htl duration_sec 8.9
37 htl dc_offset 42
37 htl min_samp -3210
37 htl max_samp 2098
37 htl min_power10 13.2
37 htl max_power90 52.6
37 htc comments BN  
37 htc missing nothing
37 htc duration_sec 2.7
37 htc dc_offset 42
37 htc min_samp -2830
37 htc max_samp 1890
37 htc min_power10 13.4
37 htc max_power90 51.7
37 room comments BN SNL  
37 room missing nothing
37 room duration_sec 9.5
37 room dc_offset 42
37 room min_samp -3734
37 room max_samp 3734
37 room min_power10 14.6
37 room max_power90 56.5
37 meal comments BN  
37 meal missing nothing
37 meal duration_sec 8.2
37 meal dc_offset 42
37 meal min_samp -3418
37 meal max_samp 4106
37 meal min_power10 14.0
37 meal max_power90 52.8
37 story-bt comments CE BN SS SNL  
37 story-bt missing CS
37 story-bt duration_sec 48.4
37 story-bt dc_offset 42
37 story-bt min_samp -3806
37 story-bt max_samp 3778
37 story-bt min_power10 13.8
37 story-bt max_power90 54.1
37 story-at comments BN CE SS  
37 story-at missing CS
37 story-at duration_sec 9.7
37 story-at dc_offset 42
37 story-at min_samp -3530
37 story-at max_samp 2870
37 story-at min_power10 13.9
37 story-at max_power90 51.1
37 gender female
37 age adult
37 connection average
37 intelligibility ok
