36 labeler khoward
36 label_date Tue Aug 13 13:15:26 PDT 1991
36 nlang missing nothing
36 nlang duration_sec 1.2
36 nlang dc_offset 42
36 nlang min_samp -4134
36 nlang max_samp 3550
36 nlang min_power10 15.3
36 nlang max_power90 53.3
36 clang missing nothing
36 clang duration_sec 0.9
36 clang dc_offset 42
36 clang min_samp -1610
36 clang max_samp 1714
36 clang min_power10 12.1
36 clang max_power90 53.3
36 dowk missing nothing
36 dowk duration_sec 5.9
36 dowk dc_offset 42
36 dowk min_samp -3878
36 dowk max_samp 3330
36 dowk min_power10 14.8
36 dowk max_power90 53.2
36 nums missing nothing
36 nums duration_sec 9.0
36 nums dc_offset 42
36 nums min_samp -4214
36 nums max_samp 4578
36 nums min_power10 14.9
36 nums max_power90 54.8
36 htl comments CE  
36 htl missing CS
36 htl duration_sec 8.7
36 htl dc_offset 42
36 htl min_samp -3134
36 htl max_samp 2186
36 htl min_power10 15.6
36 htl max_power90 51.5
36 htc missing nothing
36 htc duration_sec 6.5
36 htc dc_offset 42
36 htc min_samp -3010
36 htc max_samp 2710
36 htc min_power10 17.5
36 htc max_power90 53.0
36 room comments CE  
36 room missing CS
36 room duration_sec 11.3
36 room dc_offset 42
36 room min_samp -2834
36 room max_samp 3678
36 room min_power10 16.5
36 room max_power90 54.1
36 meal missing nothing
36 meal duration_sec 9.3
36 meal dc_offset 42
36 meal min_samp -2870
36 meal max_samp 2370
36 meal min_power10 14.5
36 meal max_power90 52.5
36 story-bt comments SS  
36 story-bt missing nothing
36 story-bt duration_sec 48.7
36 story-bt dc_offset 42
36 story-bt min_samp -4298
36 story-bt max_samp 4234
36 story-bt min_power10 17.3
36 story-bt max_power90 52.4
36 story-at comments CB SS  
36 story-at missing CS
36 story-at duration_sec 5.0
36 story-at dc_offset 42
36 story-at min_samp -2974
36 story-at max_samp 2838
36 story-at min_power10 16.5
36 story-at max_power90 52.3
36 gender male
36 age adult
36 connection good
36 intelligibility ok
