47 labeler yeshwant
47 label_date Fri Aug 16 19:28:39 PDT 1991
47 nlang comments BN  
47 nlang missing nothing
47 nlang duration_sec 1.2
47 nlang dc_offset 42
47 nlang min_samp -5126
47 nlang max_samp 3962
47 nlang min_power10 25.0
47 nlang max_power90 58.9
47 clang comments BN EN  
47 clang missing nothing
47 clang duration_sec 1.1
47 clang dc_offset 42
47 clang min_samp -3418
47 clang max_samp 3150
47 clang min_power10 25.8
47 clang max_power90 61.6
47 dowk comments BN EN  
47 dowk missing nothing
47 dowk duration_sec 7.0
47 dowk dc_offset 42
47 dowk min_samp -4902
47 dowk max_samp 5310
47 dowk min_power10 24.9
47 dowk max_power90 62.9
47 nums comments BN CE EN SNL  
47 nums missing 10
47 nums duration_sec 9.0
47 nums dc_offset 42
47 nums min_samp -7834
47 nums max_samp 5906
47 nums min_power10 24.1
47 nums max_power90 63.5
47 htl comments BN CE  
47 htl missing cs
47 htl duration_sec 9.6
47 htl dc_offset 42
47 htl min_samp -6758
47 htl max_samp 7350
47 htl min_power10 34.9
47 htl max_power90 63.5
47 htc comments BN CE ES  
47 htc missing cs
47 htc duration_sec 9.5
47 htc dc_offset 42
47 htc min_samp -16078
47 htc max_samp 9230
47 htc min_power10 27.4
47 htc max_power90 63.1
47 room comments BN CE  
47 room missing cs
47 room duration_sec 11.2
47 room dc_offset 42
47 room min_samp -7918
47 room max_samp 7798
47 room min_power10 32.7
47 room max_power90 63.6
47 meal comments BN EN ES  
47 meal missing nothing
47 meal duration_sec 7.2
47 meal dc_offset 42
47 meal min_samp -6734
47 meal max_samp 5062
47 meal min_power10 26.1
47 meal max_power90 62.4
47 story-bt comments BN CE SS ES SNL  
47 story-bt missing cs
47 story-bt duration_sec 48.2
47 story-bt dc_offset 42
47 story-bt min_samp -10138
47 story-bt max_samp 12286
47 story-bt min_power10 26.2
47 story-bt max_power90 62.1
47 story-at comments BN CB SS ES  
47 story-at missing cs
47 story-at duration_sec 6.3
47 story-at dc_offset 42
47 story-at min_samp -8558
47 story-at max_samp 6790
47 story-at min_power10 28.6
47 story-at max_power90 61.5
47 gender female
47 age adult
47 connection average
47 intelligibility ok
