48 labeler yeshwant
48 label_date Fri Aug 16 19:47:16 PDT 1991
48 nlang comments BN EN  
48 nlang missing nothing
48 nlang duration_sec 0.9
48 nlang dc_offset 42
48 nlang min_samp -3174
48 nlang max_samp 3982
48 nlang min_power10 12.6
48 nlang max_power90 57.9
48 clang comments EN  
48 clang missing nothing
48 clang duration_sec 1.1
48 clang dc_offset 42
48 clang min_samp -2726
48 clang max_samp 3254
48 clang min_power10 12.9
48 clang max_power90 54.9
48 dowk comments ES  
48 dowk missing nothing
48 dowk duration_sec 7.6
48 dowk dc_offset 42
48 dowk min_samp -7530
48 dowk max_samp 10214
48 dowk min_power10 12.8
48 dowk max_power90 58.7
48 nums comments SNL  
48 nums missing 9
48 nums duration_sec 9.7
48 nums dc_offset 43
48 nums min_samp -5487
48 nums max_samp 6077
48 nums min_power10 12.6
48 nums max_power90 55.8
48 htl comments EN  
48 htl missing nothing
48 htl duration_sec 1.4
48 htl dc_offset 42
48 htl min_samp -2170
48 htl max_samp 2318
48 htl min_power10 13.5
48 htl max_power90 55.4
48 htc comments CE EN  
48 htc missing cs
48 htc duration_sec 8.0
48 htc dc_offset 43
48 htc min_samp -3447
48 htc max_samp 4013
48 htc min_power10 13.8
48 htc max_power90 55.4
48 room comments EN SNL  
48 room missing nothing
48 room duration_sec 10.9
48 room dc_offset 42
48 room min_samp -2394
48 room max_samp 2662
48 room min_power10 13.5
48 room max_power90 53.2
48 meal comments EN SNL  
48 meal missing nothing
48 meal duration_sec 6.2
48 meal dc_offset 42
48 meal min_samp -2850
48 meal max_samp 2942
48 meal min_power10 13.0
48 meal max_power90 54.7
48 story-bt comments CE SS SNL  
48 story-bt missing cs
48 story-bt duration_sec 49.4
48 story-bt dc_offset 42
48 story-bt min_samp -2402
48 story-bt max_samp 2094
48 story-bt min_power10 13.8
48 story-bt max_power90 51.1
48 story-at comments CB EN SS  
48 story-at missing cs
48 story-at duration_sec 2.6
48 story-at dc_offset 42
48 story-at min_samp -1354
48 story-at max_samp 1422
48 story-at min_power10 13.9
48 story-at max_power90 48.4
48 gender male
48 age adult
48 connection average
48 intelligibility ok
