46 labeler yeshwant
46 label_date Fri Aug 16 19:12:22 PDT 1991
46 nlang comments EN  
46 nlang missing nothing
46 nlang duration_sec 1.3
46 nlang dc_offset 42
46 nlang min_samp -1290
46 nlang max_samp 1626
46 nlang min_power10 13.9
46 nlang max_power90 47.8
46 clang comments CE EN  
46 clang missing cs
46 clang duration_sec 1.5
46 clang dc_offset 42
46 clang min_samp -1598
46 clang max_samp 1766
46 clang min_power10 15.5
46 clang max_power90 52.0
46 dowk comments EN  
46 dowk missing nothing
46 dowk duration_sec 5.4
46 dowk dc_offset 42
46 dowk min_samp -3318
46 dowk max_samp 3694
46 dowk min_power10 16.6
46 dowk max_power90 54.5
46 nums comments BN EN SNL  
46 nums missing nothing
46 nums duration_sec 7.7
46 nums dc_offset 42
46 nums min_samp -2082
46 nums max_samp 1790
46 nums min_power10 15.1
46 nums max_power90 51.0
46 htl comments BN CE  
46 htl missing cs
46 htl duration_sec 8.4
46 htl dc_offset 42
46 htl min_samp -4198
46 htl max_samp 4078
46 htl min_power10 15.7
46 htl max_power90 51.6
46 htc comments SNL  
46 htc missing nothing
46 htc duration_sec 2.7
46 htc dc_offset 42
46 htc min_samp -3414
46 htc max_samp 4066
46 htc min_power10 18.9
46 htc max_power90 56.8
46 room comments CE EN SNL  
46 room missing cs
46 room duration_sec 9.5
46 room dc_offset 42
46 room min_samp -2534
46 room max_samp 2454
46 room min_power10 15.4
46 room max_power90 51.0
46 meal comments EN  
46 meal missing nothing
46 meal duration_sec 6.1
46 meal dc_offset 42
46 meal min_samp -3862
46 meal max_samp 3598
46 meal min_power10 15.4
46 meal max_power90 54.9
46 story-bt comments CE EN SS ES SNL  
46 story-bt missing cs
46 story-bt duration_sec 48.6
46 story-bt dc_offset 42
46 story-bt min_samp -3950
46 story-bt max_samp 3238
46 story-bt min_power10 15.2
46 story-bt max_power90 49.2
46 gender male
46 age adult
46 connection average
46 intelligibility ok
