40 labeler khoward
40 label_date Wed Aug 14 13:49:39 PDT 1991
40 clang missing nothing
40 clang duration_sec 1.8
40 clang dc_offset 42
40 clang min_samp -662
40 clang max_samp 730
40 clang min_power10 14.7
40 clang max_power90 42.2
40 dowk comments EN  
40 dowk missing nothing
40 dowk duration_sec 4.8
40 dowk dc_offset 42
40 dowk min_samp -470
40 dowk max_samp 434
40 dowk min_power10 14.8
40 dowk max_power90 39.8
40 nums comments EN  
40 nums missing nothing
40 nums duration_sec 5.6
40 nums dc_offset 42
40 nums min_samp -686
40 nums max_samp 522
40 nums min_power10 14.9
40 nums max_power90 40.6
40 htl comments CE EN  
40 htl missing CS
40 htl duration_sec 8.9
40 htl dc_offset 42
40 htl min_samp -718
40 htl max_samp 670
40 htl min_power10 14.2
40 htl max_power90 40.6
40 htc comments EN  
40 htc missing nothing
40 htc duration_sec 1.3
40 htc dc_offset 42
40 htc min_samp -514
40 htc max_samp 414
40 htc min_power10 13.5
40 htc max_power90 34.7
40 meal comments CE EN  
40 meal missing CS
40 meal duration_sec 6.6
40 meal dc_offset 42
40 meal min_samp -966
40 meal max_samp 790
40 meal min_power10 15.7
40 meal max_power90 43.8
40 story-bt comments CE SS  
40 story-bt missing CS
40 story-bt duration_sec 45.1
40 story-bt dc_offset 42
40 story-bt min_samp -686
40 story-bt max_samp 858
40 story-bt min_power10 14.2
40 story-bt max_power90 38.1
40 gender female
40 age adult
40 connection average
40 intelligibility ok
