44 labeler yeshwant
44 label_date Fri Aug 16 18:30:16 PDT 1991
44 nlang comments BN  
44 nlang missing nothing
44 nlang duration_sec 0.9
44 nlang dc_offset 42
44 nlang min_samp -1506
44 nlang max_samp 1338
44 nlang min_power10 11.0
44 nlang max_power90 46.7
44 clang comments EN  
44 clang missing nothing
44 clang duration_sec 1.1
44 clang dc_offset 42
44 clang min_samp -850
44 clang max_samp 970
44 clang min_power10 10.3
44 clang max_power90 46.7
44 dowk comments BN EN ES  
44 dowk missing nothing
44 dowk duration_sec 6.1
44 dowk dc_offset 42
44 dowk min_samp -1462
44 dowk max_samp 1362
44 dowk min_power10 11.0
44 dowk max_power90 44.5
44 nums comments BN EN  
44 nums missing nothing
44 nums duration_sec 8.8
44 nums dc_offset 42
44 nums min_samp -1658
44 nums max_samp 1758
44 nums min_power10 10.9
44 nums max_power90 45.6
44 htl comments BN CE EN ES  
44 htl missing cs
44 htl duration_sec 7.7
44 htl dc_offset 42
44 htl min_samp -1466
44 htl max_samp 1302
44 htl min_power10 10.6
44 htl max_power90 47.0
44 htc comments EN  
44 htc missing nothing
44 htc duration_sec 5.5
44 htc dc_offset 42
44 htc min_samp -1266
44 htc max_samp 1414
44 htc min_power10 10.7
44 htc max_power90 47.8
44 room comments BN CE EN ES SNL  
44 room missing cs
44 room duration_sec 9.8
44 room dc_offset 42
44 room min_samp -2046
44 room max_samp 1822
44 room min_power10 12.7
44 room max_power90 49.9
44 meal comments BN CE EN  
44 meal missing cs
44 meal duration_sec 8.0
44 meal dc_offset 42
44 meal min_samp -1574
44 meal max_samp 1786
44 meal min_power10 11.2
44 meal max_power90 49.0
44 story-bt comments BN CE EN SS ES  
44 story-bt missing cs
44 story-bt duration_sec 48.4
44 story-bt dc_offset 42
44 story-bt min_samp -2342
44 story-bt max_samp 2154
44 story-bt min_power10 11.7
44 story-bt max_power90 44.2
44 story-at comments BN CB CE EN SS  
44 story-at missing cs
44 story-at duration_sec 9.2
44 story-at dc_offset 42
44 story-at min_samp -1474
44 story-at max_samp 1606
44 story-at min_power10 12.7
44 story-at max_power90 47.6
44 gender female
44 age adult
44 connection average
44 intelligibility ok
