51 labeler khoward
51 label_date Thu Aug 29 10:06:37 PDT 1991
51 nlang comments BN  
51 nlang missing nothing
51 nlang duration_sec 1.1
51 nlang dc_offset 42
51 nlang min_samp -14758
51 nlang max_samp 12150
51 nlang min_power10 35.7
51 nlang max_power90 66.7
51 clang missing nothing
51 clang duration_sec 0.9
51 clang dc_offset 42
51 clang min_samp -6546
51 clang max_samp 8870
51 clang min_power10 24.2
51 clang max_power90 64.0
51 dowk comments BN CE  
51 dowk missing Saturday Sunday
51 dowk duration_sec 6.3
51 dowk dc_offset 42
51 dowk min_samp -11706
51 dowk max_samp 9998
51 dowk min_power10 25.4
51 dowk max_power90 61.8
51 nums comments BN CE  
51 nums missing 10
51 nums duration_sec 9.7
51 nums dc_offset 42
51 nums min_samp -12562
51 nums max_samp 12518
51 nums min_power10 24.3
51 nums max_power90 61.8
51 htl missing nothing
51 htl duration_sec 7.8
51 htl dc_offset 42
51 htl min_samp -13110
51 htl max_samp 12498
51 htl min_power10 30.5
51 htl max_power90 67.0
51 htc comments CE  
51 htc missing CS
51 htc duration_sec 8.7
51 htc dc_offset 42
51 htc min_samp -10486
51 htc max_samp 9590
51 htc min_power10 27.2
51 htc max_power90 65.4
51 room comments CE  
51 room missing CS
51 room duration_sec 9.3
51 room dc_offset 42
51 room min_samp -10518
51 room max_samp 10142
51 room min_power10 24.6
51 room max_power90 63.5
51 meal comments BN CE  
51 meal missing CS
51 meal duration_sec 7.1
51 meal dc_offset 42
51 meal min_samp -10998
51 meal max_samp 9550
51 meal min_power10 26.3
51 meal max_power90 61.6
51 story-bt comments CE SS  
51 story-bt missing CS
51 story-bt duration_sec 48.2
51 story-bt dc_offset 42
51 story-bt min_samp -12222
51 story-bt max_samp 11582
51 story-bt min_power10 25.6
51 story-bt max_power90 64.3
51 story-at comments CE SS  
51 story-at missing CS
51 story-at duration_sec 9.2
51 story-at dc_offset 42
51 story-at min_samp -11390
51 story-at max_samp 11838
51 story-at min_power10 25.2
51 story-at max_power90 64.4
51 gender male
51 age adult
51 connection good
51 intelligibility ok
