56 labeler khoward
56 label_date Sat Aug 31 09:42:51 PDT 1991
56 nlang missing nothing
56 nlang duration_sec 1.1
56 nlang dc_offset 42
56 nlang min_samp -5510
56 nlang max_samp 10062
56 nlang min_power10 31.8
56 nlang max_power90 61.5
56 clang missing nothing
56 clang duration_sec 1.2
56 clang dc_offset 42
56 clang min_samp -5830
56 clang max_samp 7254
56 clang min_power10 31.6
56 clang max_power90 61.5
56 dowk missing nothing
56 dowk duration_sec 4.7
56 dowk dc_offset 42
56 dowk min_samp -7714
56 dowk max_samp 8322
56 dowk min_power10 32.5
56 dowk max_power90 63.8
56 nums missing nothing
56 nums duration_sec 6.3
56 nums dc_offset 42
56 nums min_samp -9534
56 nums max_samp 9154
56 nums min_power10 32.9
56 nums max_power90 64.6
56 htl comments CE  
56 htl missing CS
56 htl duration_sec 9.1
56 htl dc_offset 42
56 htl min_samp -10446
56 htl max_samp 12614
56 htl min_power10 32.7
56 htl max_power90 65.1
56 htc missing nothing
56 htc duration_sec 4.7
56 htc dc_offset 42
56 htc min_samp -10838
56 htc max_samp 10510
56 htc min_power10 34.9
56 htc max_power90 66.3
56 room missing nothing
56 room duration_sec 5.6
56 room dc_offset 43
56 room min_samp -12135
56 room max_samp 10317
56 room min_power10 33.3
56 room max_power90 65.3
56 meal missing nothing
56 meal duration_sec 4.9
56 meal dc_offset 42
56 meal min_samp -11078
56 meal max_samp 8494
56 meal min_power10 31.8
56 meal max_power90 64.0
56 story-bt comments CE SS  
56 story-bt missing CS
56 story-bt duration_sec 48.9
56 story-bt dc_offset 42
56 story-bt min_samp -15066
56 story-bt max_samp 14914
56 story-bt min_power10 33.5
56 story-bt max_power90 62.3
56 story-at comments SS  
56 story-at missing nothing
56 story-at duration_sec 7.0
56 story-at dc_offset 42
56 story-at min_samp -5722
56 story-at max_samp 5326
56 story-at min_power10 32.6
56 story-at max_power90 58.6
56 gender female
56 age adult
56 connection average
56 intelligibility ok
