53 labeler khoward
53 label_date Thu Aug 29 14:41:04 PDT 1991
53 nlang missing nothing
53 nlang duration_sec 1.1
53 nlang dc_offset 42
53 nlang min_samp -3466
53 nlang max_samp 2598
53 nlang min_power10 17.7
53 nlang max_power90 58.7
53 clang missing nothing
53 clang duration_sec 1.1
53 clang dc_offset 42
53 clang min_samp -3986
53 clang max_samp 4958
53 clang min_power10 14.6
53 clang max_power90 60.7
53 dowk missing nothing
53 dowk duration_sec 5.1
53 dowk dc_offset 42
53 dowk min_samp -3878
53 dowk max_samp 6054
53 dowk min_power10 19.5
53 dowk max_power90 59.7
53 nums missing nothing
53 nums duration_sec 8.7
53 nums dc_offset 42
53 nums min_samp -3370
53 nums max_samp 4362
53 nums min_power10 15.9
53 nums max_power90 59.2
53 htl comments CE  
53 htl missing CS
53 htl duration_sec 7.1
53 htl dc_offset 42
53 htl min_samp -3390
53 htl max_samp 4878
53 htl min_power10 21.8
53 htl max_power90 57.1
53 htc missing nothing
53 htc duration_sec 5.6
53 htc dc_offset 42
53 htc min_samp -2790
53 htc max_samp 4050
53 htc min_power10 18.7
53 htc max_power90 57.7
53 room comments CE  
53 room missing CS
53 room duration_sec 9.6
53 room dc_offset 42
53 room min_samp -3038
53 room max_samp 2870
53 room min_power10 22.3
53 room max_power90 56.5
53 meal missing nothing
53 meal duration_sec 7.7
53 meal dc_offset 42
53 meal min_samp -2358
53 meal max_samp 3006
53 meal min_power10 15.2
53 meal max_power90 52.1
53 story-bt comments CE SS  
53 story-bt missing CS
53 story-bt duration_sec 47.3
53 story-bt dc_offset 42
53 story-bt min_samp -3270
53 story-bt max_samp 4158
53 story-bt min_power10 18.0
53 story-bt max_power90 55.5
53 story-at comments SS  
53 story-at missing nothing
53 story-at duration_sec 6.9
53 story-at dc_offset 42
53 story-at min_samp -2974
53 story-at max_samp 3170
53 story-at min_power10 19.0
53 story-at max_power90 55.9
53 gender male
53 age adult
53 connection average
53 intelligibility ok
