52 labeler khoward
52 label_date Thu Aug 29 14:25:01 PDT 1991
52 nlang comments BN  
52 nlang missing nothing
52 nlang duration_sec 1.2
52 nlang dc_offset 42
52 nlang min_samp -3106
52 nlang max_samp 2258
52 nlang min_power10 18.9
52 nlang max_power90 53.0
52 clang missing nothing
52 clang duration_sec 1.2
52 clang dc_offset 42
52 clang min_samp -3050
52 clang max_samp 2430
52 clang min_power10 19.0
52 clang max_power90 54.4
52 dowk missing nothing
52 dowk duration_sec 5.9
52 dowk dc_offset 42
52 dowk min_samp -4382
52 dowk max_samp 3178
52 dowk min_power10 20.6
52 dowk max_power90 57.2
52 nums comments BN  
52 nums missing nothing
52 nums duration_sec 9.8
52 nums dc_offset 42
52 nums min_samp -3806
52 nums max_samp 3178
52 nums min_power10 20.1
52 nums max_power90 56.2
52 htl comments CE  
52 htl missing CS
52 htl duration_sec 7.8
52 htl dc_offset 42
52 htl min_samp -4438
52 htl max_samp 3526
52 htl min_power10 21.4
52 htl max_power90 59.5
52 htc missing nothing
52 htc duration_sec 1.7
52 htc dc_offset 42
52 htc min_samp -3498
52 htc max_samp 3182
52 htc min_power10 20.9
52 htc max_power90 55.9
52 room missing nothing
52 room duration_sec 6.1
52 room dc_offset 42
52 room min_samp -2678
52 room max_samp 2510
52 room min_power10 20.4
52 room max_power90 52.2
52 meal comments SNL  
52 meal missing nothing
52 meal duration_sec 5.0
52 meal dc_offset 42
52 meal min_samp -3110
52 meal max_samp 2658
52 meal min_power10 20.4
52 meal max_power90 54.5
52 story-bt comments SS  
52 story-bt missing nothing
52 story-bt duration_sec 42.9
52 story-bt dc_offset 42
52 story-bt min_samp -4006
52 story-bt max_samp 2866
52 story-bt min_power10 20.0
52 story-bt max_power90 52.1
52 story-at comments BN SS  
52 story-at missing nothing
52 story-at duration_sec 1.2
52 story-at dc_offset 42
52 story-at min_samp -2022
52 story-at max_samp 1390
52 story-at min_power10 18.2
52 story-at max_power90 50.4
52 gender female
52 age adult
52 connection average
52 intelligibility ok
