64 labeler ames
64 label_date Sun Sep  8 14:19:48 PDT 1991
64 nlang comments EN  
64 nlang missing nothing
64 nlang duration_sec 1.1
64 nlang dc_offset 42
64 nlang min_samp -2462
64 nlang max_samp 1986
64 nlang min_power10 16.6
64 nlang max_power90 50.1
64 clang comments EN  
64 clang missing nothing
64 clang duration_sec 0.9
64 clang dc_offset 42
64 clang min_samp -3998
64 clang max_samp 3094
64 clang min_power10 17.1
64 clang max_power90 47.8
64 dowk comments BN EN  
64 dowk missing nothing
64 dowk duration_sec 3.9
64 dowk dc_offset 42
64 dowk min_samp -3534
64 dowk max_samp 2142
64 dowk min_power10 17.6
64 dowk max_power90 53.1
64 nums comments BN EN  
64 nums missing nothing
64 nums duration_sec 6.1
64 nums dc_offset 42
64 nums min_samp -5398
64 nums max_samp 4062
64 nums min_power10 19.2
64 nums max_power90 58.8
64 htl comments BN CE EN ES SNL  
64 htl missing cs
64 htl duration_sec 9.1
64 htl dc_offset 42
64 htl min_samp -3526
64 htl max_samp 2850
64 htl min_power10 16.0
64 htl max_power90 55.2
64 htc comments BN EN  
64 htc missing nothing
64 htc duration_sec 8.2
64 htc dc_offset 42
64 htc min_samp -2362
64 htc max_samp 1886
64 htc min_power10 15.6
64 htc max_power90 54.9
64 room comments BN EN ES  
64 room missing nothing
64 room duration_sec 11.0
64 room dc_offset 42
64 room min_samp -3594
64 room max_samp 2754
64 room min_power10 19.0
64 room max_power90 55.8
64 meal comments BN EN  
64 meal missing nothing
64 meal duration_sec 6.5
64 meal dc_offset 42
64 meal min_samp -3226
64 meal max_samp 2550
64 meal min_power10 18.0
64 meal max_power90 56.0
64 story-bt comments BN CE EN SS ES SNL  
64 story-bt missing cs
64 story-bt duration_sec 47.6
64 story-bt dc_offset 42
64 story-bt min_samp -7922
64 story-bt max_samp 7182
64 story-bt min_power10 18.0
64 story-bt max_power90 56.9
64 gender female
64 age adult
64 connection average
64 intelligibility ok
