66 labeler ames
66 label_date Sun Sep  8 14:49:34 PDT 1991
66 nlang comments BN EN  
66 nlang missing nothing
66 nlang duration_sec 0.9
66 nlang dc_offset 42
66 nlang min_samp -4110
66 nlang max_samp 3270
66 nlang min_power10 18.3
66 nlang max_power90 55.7
66 clang comments BN EN  
66 clang missing nothing
66 clang duration_sec 0.9
66 clang dc_offset 42
66 clang min_samp -1890
66 clang max_samp 1330
66 clang min_power10 19.0
66 clang max_power90 50.4
66 dowk comments BN EN  
66 dowk missing nothing
66 dowk duration_sec 6.7
66 dowk dc_offset 42
66 dowk min_samp -2766
66 dowk max_samp 2646
66 dowk min_power10 19.1
66 dowk max_power90 53.9
66 nums comments BN CE EN  
66 nums missing nine, ten
66 nums duration_sec 8.8
66 nums dc_offset 42
66 nums min_samp -2806
66 nums max_samp 3130
66 nums min_power10 18.6
66 nums max_power90 51.4
66 htl comments EN  
66 htl missing nothing
66 htl duration_sec 8.0
66 htl dc_offset 42
66 htl min_samp -2746
66 htl max_samp 1974
66 htl min_power10 19.0
66 htl max_power90 50.3
66 htc comments BN EN  
66 htc missing nothing
66 htc duration_sec 4.2
66 htc dc_offset 42
66 htc min_samp -2818
66 htc max_samp 2694
66 htc min_power10 21.5
66 htc max_power90 52.8
66 room comments BN CE EN SNL  
66 room missing cs
66 room duration_sec 11.2
66 room dc_offset 42
66 room min_samp -2854
66 room max_samp 2790
66 room min_power10 19.4
66 room max_power90 54.1
66 meal comments BN EN ES  
66 meal missing nothing
66 meal duration_sec 7.8
66 meal dc_offset 42
66 meal min_samp -2390
66 meal max_samp 1774
66 meal min_power10 19.5
66 meal max_power90 50.5
66 story-bt missing nothing
