65 labeler ames
65 label_date Sun Sep  8 14:32:29 PDT 1991
65 nlang comments EN  
65 nlang missing nothing
65 nlang duration_sec 1.0
65 nlang dc_offset 42
65 nlang min_samp -2490
65 nlang max_samp 2050
65 nlang min_power10 28.7
65 nlang max_power90 57.2
65 clang comments EN  
65 clang missing nothing
65 clang duration_sec 1.0
65 clang dc_offset 42
65 clang min_samp -2438
65 clang max_samp 2086
65 clang min_power10 30.1
65 clang max_power90 52.8
65 dowk comments EN  
65 dowk missing nothing
65 dowk duration_sec 5.1
65 dowk dc_offset 42
65 dowk min_samp -2922
65 dowk max_samp 2910
65 dowk min_power10 29.9
65 dowk max_power90 57.8
65 nums comments BN EN  
65 nums missing nothing
65 nums duration_sec 8.6
65 nums dc_offset 42
65 nums min_samp -2690
65 nums max_samp 2778
65 nums min_power10 29.6
65 nums max_power90 51.9
65 htl comments CE EN  
65 htl missing cs
65 htl duration_sec 9.2
65 htl dc_offset 42
65 htl min_samp -3398
65 htl max_samp 2850
65 htl min_power10 30.4
65 htl max_power90 54.9
65 htc comments BN EN  
65 htc missing nothing
65 htc duration_sec 2.9
65 htc dc_offset 42
65 htc min_samp -3270
65 htc max_samp 3554
65 htc min_power10 30.3
65 htc max_power90 59.2
65 room comments BN EN SNL  
65 room missing nothing
65 room duration_sec 11.8
65 room dc_offset 42
65 room min_samp -3318
65 room max_samp 3734
65 room min_power10 29.9
65 room max_power90 56.1
65 meal comments EN SNL  
65 meal missing nothing
65 meal duration_sec 3.7
65 meal dc_offset 42
65 meal min_samp -3498
65 meal max_samp 3418
65 meal min_power10 32.2
65 meal max_power90 57.4
65 story-bt comments BN CE EN SS ES  
65 story-bt missing cs
65 story-bt duration_sec 49.1
65 story-bt dc_offset 42
65 story-bt min_samp -4838
65 story-bt max_samp 5150
65 story-bt min_power10 31.8
65 story-bt max_power90 57.8
65 story-at comments CB CE EN SS SNL  
65 story-at missing cs
65 story-at duration_sec 9.4
65 story-at dc_offset 42
65 story-at min_samp -3938
65 story-at max_samp 3990
65 story-at min_power10 31.7
65 story-at max_power90 56.7
65 gender male
65 age adult
65 connection poor
65 intelligibility ok
