72 labeler khoward
72 label_date Tue Dec 24 13:51:33 PST 1991
72 nlang missing nothing
72 nlang duration_sec 1.2
72 nlang dc_offset 42
72 nlang min_samp -2714
72 nlang max_samp 4050
72 nlang min_power10 17.3
72 nlang max_power90 57.0
72 clang missing nothing
72 clang duration_sec 1.0
72 clang dc_offset 42
72 clang min_samp -1798
72 clang max_samp 2982
72 clang min_power10 16.9
72 clang max_power90 55.9
72 dowk comments CE  
72 dowk missing Saturday
72 dowk duration_sec 7.0
72 dowk dc_offset 42
72 dowk min_samp -3382
72 dowk max_samp 4498
72 dowk min_power10 16.4
72 dowk max_power90 58.8
72 nums missing nothing
72 nums duration_sec 8.0
72 nums dc_offset 42
72 nums min_samp -4782
72 nums max_samp 6050
72 nums min_power10 18.7
72 nums max_power90 60.0
72 htl missing nothing
72 htl duration_sec 8.3
72 htl dc_offset 42
72 htl min_samp -4726
72 htl max_samp 4454
72 htl min_power10 18.2
72 htl max_power90 58.5
72 htc missing nothing
72 htc duration_sec 8.3
72 htc dc_offset 42
72 htc min_samp -6718
72 htc max_samp 7662
72 htc min_power10 17.2
72 htc max_power90 57.2
72 room comments CE  
72 room missing CS
72 room duration_sec 5.0
72 room dc_offset 42
72 room min_samp -5254
72 room max_samp 7838
72 room min_power10 17.0
72 room max_power90 55.8
72 meal comments CE  
72 meal missing CS
72 meal duration_sec 7.2
72 meal dc_offset 42
72 meal min_samp -2934
72 meal max_samp 3542
72 meal min_power10 17.2
72 meal max_power90 58.3
72 story-bt comments SNL CE SS  
72 story-bt missing CS
72 story-bt duration_sec 48.9
72 story-bt dc_offset 42
72 story-bt min_samp -5134
72 story-bt max_samp 7942
72 story-bt min_power10 18.2
72 story-bt max_power90 58.9
72 story-at comments EN SS  
72 story-at missing nothing
72 story-at duration_sec 7.4
72 story-at dc_offset 42
72 story-at min_samp -4562
72 story-at max_samp 5826
72 story-at min_power10 17.8
72 story-at max_power90 61.8
72 gender female
72 age adult
72 connection average
72 intelligibility ok
