83 labeler ames
83 label_date Mon Jan 13 16:59:13 PST 1992
83 nlang comments EN  
83 nlang missing nothing
83 nlang duration_sec 0.9
83 nlang dc_offset 42
83 nlang min_samp -3446
83 nlang max_samp 5370
83 nlang min_power10 20.3
83 nlang max_power90 60.7
83 clang comments EN  
83 clang missing nothing
83 clang duration_sec 2.0
83 clang dc_offset 42
83 clang min_samp -5334
83 clang max_samp 4690
83 clang min_power10 22.5
83 clang max_power90 60.1
83 dowk comments EN  
83 dowk missing nothing
83 dowk duration_sec 5.9
83 dowk dc_offset 42
83 dowk min_samp -5878
83 dowk max_samp 4342
83 dowk min_power10 21.9
83 dowk max_power90 59.4
83 nums comments CE EN  
83 nums missing 9 10
83 nums duration_sec 8.8
83 nums dc_offset 42
83 nums min_samp -5542
83 nums max_samp 3686
83 nums min_power10 19.7
83 nums max_power90 52.0
83 htl comments CE EN ES  
83 htl missing cs
83 htl duration_sec 8.6
83 htl dc_offset 42
83 htl min_samp -4494
83 htl max_samp 3782
83 htl min_power10 24.3
83 htl max_power90 56.9
83 htc comments CE EN  
83 htc missing cs
83 htc duration_sec 6.5
83 htc dc_offset 42
83 htc min_samp -5414
83 htc max_samp 6494
83 htc min_power10 20.5
83 htc max_power90 55.7
83 room comments BN EN  
83 room missing nothing
83 room duration_sec 11.0
83 room dc_offset 42
83 room min_samp -3494
83 room max_samp 3210
83 room min_power10 21.5
83 room max_power90 54.0
83 meal comments CE EN ES SNL  
83 meal missing cs
83 meal duration_sec 9.0
83 meal dc_offset 42
83 meal min_samp -3982
83 meal max_samp 3342
83 meal min_power10 21.2
83 meal max_power90 55.3
83 story-bt comments CE EN SS ES SNL  
83 story-bt missing cs
83 story-bt duration_sec 48.0
83 story-bt dc_offset 42
83 story-bt min_samp -4306
83 story-bt max_samp 4286
83 story-bt min_power10 21.9
83 story-bt max_power90 56.4
83 story-at comments CB EN SS  
83 story-at missing cs
83 story-at duration_sec 3.5
83 story-at dc_offset 42
83 story-at min_samp -4502
83 story-at max_samp 3918
83 story-at min_power10 25.3
83 story-at max_power90 58.9
83 gender male
83 age adult
83 connection average
83 intelligibility ok
