87 labeler ames
87 label_date Tue Jan 14 17:10:38 PST 1992
87 nlang comments EN  
87 nlang missing nothing
87 nlang duration_sec 0.9
87 nlang dc_offset 43
87 nlang min_samp -5807
87 nlang max_samp 7149
87 nlang min_power10 31.1
87 nlang max_power90 59.1
87 clang comments EN  
87 clang missing nothing
87 clang duration_sec 0.9
87 clang dc_offset 43
87 clang min_samp -6111
87 clang max_samp 9649
87 clang min_power10 32.3
87 clang max_power90 61.7
87 dowk comments EN  
87 dowk missing nothing
87 dowk duration_sec 5.8
87 dowk dc_offset 43
87 dowk min_samp -3951
87 dowk max_samp 5941
87 dowk min_power10 32.6
87 dowk max_power90 58.9
87 nums comments EN  
87 nums missing nothing
87 nums duration_sec 9.1
87 nums dc_offset 43
87 nums min_samp -5115
87 nums max_samp 6085
87 nums min_power10 31.9
87 nums max_power90 58.8
87 htl comments CE EN  
87 htl missing cs
87 htl duration_sec 9.1
87 htl dc_offset 43
87 htl min_samp -6587
87 htl max_samp 12077
87 htl min_power10 25.9
87 htl max_power90 58.9
87 htc comments EN ES  
87 htc missing nothing
87 htc duration_sec 9.2
87 htc dc_offset 43
87 htc min_samp -5263
87 htc max_samp 7889
87 htc min_power10 27.5
87 htc max_power90 60.6
87 room comments CE EN  
87 room missing cs
87 room duration_sec 11.2
87 room dc_offset 43
87 room min_samp -7471
87 room max_samp 12289
87 room min_power10 26.0
87 room max_power90 61.2
87 meal comments CE EN  
87 meal missing cs
87 meal duration_sec 8.7
87 meal dc_offset 43
87 meal min_samp -6487
87 meal max_samp 9677
87 meal min_power10 26.3
87 meal max_power90 57.8
87 story-bt comments CE EN SS ES SNL  
87 story-bt missing cs
87 story-bt duration_sec 48.4
87 story-bt dc_offset 43
87 story-bt min_samp -7031
87 story-bt max_samp 9325
87 story-bt min_power10 25.0
87 story-bt max_power90 57.6
87 story-at comments CB EN SS  
87 story-at missing cs
87 story-at duration_sec 6.4
87 story-at dc_offset 43
87 story-at min_samp -3951
87 story-at max_samp 4753
87 story-at min_power10 24.7
87 story-at max_power90 58.6
87 gender male
87 age adult
87 connection average
87 intelligibility ok
