90 labeler khoward
90 label_date Fri Jan 17 21:26:12 PST 1992
90 nlang missing nothing
90 nlang duration_sec 1.3
90 nlang dc_offset 43
90 nlang min_samp -7479
90 nlang max_samp 8317
90 nlang min_power10 19.2
90 nlang max_power90 65.0
90 clang missing nothing
90 clang duration_sec 1.3
90 clang dc_offset 43
90 clang min_samp -9911
90 clang max_samp 11233
90 clang min_power10 19.5
90 clang max_power90 67.4
90 dowk missing nothing
90 dowk duration_sec 6.0
90 dowk dc_offset 43
90 dowk min_samp -7219
90 dowk max_samp 8493
90 dowk min_power10 22.0
90 dowk max_power90 65.0
90 nums comments EN  
90 nums missing nothing
90 nums duration_sec 9.0
90 nums dc_offset 43
90 nums min_samp -30095
90 nums max_samp 17237
90 nums min_power10 20.9
90 nums max_power90 65.6
90 htl missing nothing
90 htl duration_sec 7.6
90 htl dc_offset 43
90 htl min_samp -16795
90 htl max_samp 17693
90 htl min_power10 23.1
90 htl max_power90 66.3
90 htc missing nothing
90 htc duration_sec 7.1
90 htc dc_offset 43
90 htc min_samp -10427
90 htc max_samp 11781
90 htc min_power10 22.8
90 htc max_power90 64.5
90 room comments CE  
90 room missing CS
90 room duration_sec 9.3
90 room dc_offset 43
90 room min_samp -8807
90 room max_samp 9697
90 room min_power10 23.0
90 room max_power90 64.5
90 meal missing nothing
90 meal duration_sec 7.2
90 meal dc_offset 43
90 meal min_samp -13855
90 meal max_samp 19213
90 meal min_power10 23.2
90 meal max_power90 67.0
90 story-bt comments SS  
90 story-bt missing nothing
90 story-bt duration_sec 48.0
90 story-bt dc_offset 43
90 story-bt min_samp -14235
90 story-bt max_samp 15265
90 story-bt min_power10 23.8
90 story-bt max_power90 67.6
90 story-at comments SS  
90 story-at missing nothing
90 story-at duration_sec 8.2
90 story-at dc_offset 43
90 story-at min_samp -15255
90 story-at max_samp 17105
90 story-at min_power10 25.4
90 story-at max_power90 70.3
90 gender male
90 age adult
90 connection good
90 intelligibility ok
