94 labeler khoward
94 label_date Sat Jan 18 19:15:41 PST 1992
94 nlang missing nothing
94 nlang duration_sec 1.3
94 nlang dc_offset 43
94 nlang min_samp -4847
94 nlang max_samp 5877
94 nlang min_power10 22.4
94 nlang max_power90 63.1
94 clang missing nothing
94 clang duration_sec 1.3
94 clang dc_offset 43
94 clang min_samp -9079
94 clang max_samp 8253
94 clang min_power10 22.0
94 clang max_power90 63.6
94 dowk missing nothing
94 dowk duration_sec 5.8
94 dowk dc_offset 43
94 dowk min_samp -13071
94 dowk max_samp 12189
94 dowk min_power10 26.2
94 dowk max_power90 66.1
94 nums comments CB  
94 nums missing 0 1
94 nums duration_sec 5.3
94 nums dc_offset 43
94 nums min_samp -9511
94 nums max_samp 10045
94 nums min_power10 25.7
94 nums max_power90 65.8
94 htl missing nothing
94 htl duration_sec 9.0
94 htl dc_offset 43
94 htl min_samp -14847
94 htl max_samp 14909
94 htl min_power10 20.1
94 htl max_power90 67.5
94 htc missing nothing
94 htc duration_sec 3.7
94 htc dc_offset 43
94 htc min_samp -16519
94 htc max_samp 15613
94 htc min_power10 21.7
94 htc max_power90 71.5
94 room missing nothing
94 room duration_sec 11.6
94 room dc_offset 43
94 room min_samp -16599
94 room max_samp 16621
94 room min_power10 19.2
94 room max_power90 68.8
94 meal missing nothing
94 meal duration_sec 7.5
94 meal dc_offset 43
94 meal min_samp -12303
94 meal max_samp 13469
94 meal min_power10 18.8
94 meal max_power90 67.6
94 story-bt comments SS  
94 story-bt missing nothing
94 story-bt duration_sec 19.1
94 story-bt dc_offset 43
94 story-bt min_samp -17343
94 story-bt max_samp 17461
94 story-bt min_power10 25.6
94 story-bt max_power90 66.9
94 gender female
94 age adult
94 connection good
94 intelligibility ok
