100 labeler ames
100 label_date Sun Jan 19 11:53:49 PST 1992
100 nlang missing nothing
100 nlang duration_sec 1.0
100 nlang dc_offset 42
100 nlang min_samp -3526
100 nlang max_samp 4914
100 nlang min_power10 23.7
100 nlang max_power90 57.0
100 clang comments EN  
100 clang missing nothing
100 clang duration_sec 0.9
100 clang dc_offset 42
100 clang min_samp -3738
100 clang max_samp 5778
100 clang min_power10 23.8
100 clang max_power90 59.6
100 dowk comments EN  
100 dowk missing nothing
100 dowk duration_sec 7.1
100 dowk dc_offset 42
100 dowk min_samp -4138
100 dowk max_samp 7562
100 dowk min_power10 23.5
100 dowk max_power90 58.8
100 nums comments CE EN  
100 nums missing 9 10
100 nums duration_sec 8.8
100 nums dc_offset 42
100 nums min_samp -6070
100 nums max_samp 7270
100 nums min_power10 23.4
100 nums max_power90 59.3
100 htl comments EN  
100 htl missing nothing
100 htl duration_sec 8.3
100 htl dc_offset 42
100 htl min_samp -6118
100 htl max_samp 7954
100 htl min_power10 25.5
100 htl max_power90 60.5
100 htc comments CE EN  
100 htc missing cs
100 htc duration_sec 9.0
100 htc dc_offset 42
100 htc min_samp -5978
100 htc max_samp 7726
100 htc min_power10 25.0
100 htc max_power90 59.3
100 room comments CE EN  
100 room missing cs
100 room duration_sec 10.4
100 room dc_offset 42
100 room min_samp -7206
100 room max_samp 7954
100 room min_power10 24.7
100 room max_power90 58.7
100 meal comments EN  
100 meal missing nothing
100 meal duration_sec 6.5
100 meal dc_offset 42
100 meal min_samp -6322
100 meal max_samp 7334
100 meal min_power10 25.5
100 meal max_power90 62.4
100 story-bt comments CE EN SS SNL  
100 story-bt missing cs
100 story-bt duration_sec 46.5
100 story-bt dc_offset 42
100 story-bt min_samp -5662
100 story-bt max_samp 7286
100 story-bt min_power10 24.6
100 story-bt max_power90 58.5
100 gender male
100 age adult
100 connection good
100 intelligibility ok
