9 labeler khoward
9 label_date Fri Jul 12 09:46:53 PDT 1991
9 nlang missing nothing
9 nlang duration_sec 0.9
9 nlang dc_offset 42
9 nlang min_samp -3838
9 nlang max_samp 3878
9 nlang min_power10 19.5
9 nlang max_power90 53.6
9 clang missing nothing
9 clang duration_sec 0.9
9 clang dc_offset 42
9 clang min_samp -4026
9 clang max_samp 5750
9 clang min_power10 20.9
9 clang max_power90 56.2
9 dowk missing nothing
9 dowk duration_sec 6.9
9 dowk dc_offset 42
9 dowk min_samp -4954
9 dowk max_samp 5110
9 dowk min_power10 20.3
9 dowk max_power90 55.7
9 nums comments CE  
9 nums missing 9 10
9 nums duration_sec 9.5
9 nums dc_offset 42
9 nums min_samp -3694
9 nums max_samp 4778
9 nums min_power10 20.3
9 nums max_power90 54.6
9 htl missing nothing
9 htl duration_sec 2.0
9 htl dc_offset 42
9 htl min_samp -2646
9 htl max_samp 2014
9 htl min_power10 20.7
9 htl max_power90 54.8
9 htc missing nothing
9 htc duration_sec 5.5
9 htc dc_offset 42
9 htc min_samp -3458
9 htc max_samp 3070
9 htc min_power10 20.6
9 htc max_power90 55.2
9 room missing nothing
9 room duration_sec 10.0
9 room dc_offset 42
9 room min_samp -3986
9 room max_samp 3246
9 room min_power10 19.7
9 room max_power90 53.0
9 meal missing nothing
9 meal duration_sec 6.8
9 meal dc_offset 42
9 meal min_samp -3830
9 meal max_samp 2794
9 meal min_power10 20.0
9 meal max_power90 49.0
9 story-bt comments SS SNL 
9 story-bt missing nothing
9 story-bt duration_sec 48.2
9 story-bt dc_offset 42
9 story-bt min_samp -7606
9 story-bt max_samp 8530
9 story-bt min_power10 21.0
9 story-bt max_power90 57.8
9 story-at missing nothing
9 story-at duration_sec 5.1
9 story-at dc_offset 42
9 story-at min_samp -6206
9 story-at max_samp 4882
9 story-at min_power10 21.2
9 story-at max_power90 56.8
9 gender female
9 age adult
9 connection average
9 intelligibility ok
