4 labeler yeshwant
4 label_date Sun Jul  7 16:54:26 PDT 1991
4 nlang comments BN  
4 nlang missing nothing
4 nlang duration_sec 1.0
4 nlang dc_offset 42
4 nlang min_samp -4470
4 nlang max_samp 3114
4 nlang min_power10 19.6
4 nlang max_power90 55.1
4 clang comments ES  
4 clang missing nothing
4 clang duration_sec 1.7
4 clang dc_offset 42
4 clang min_samp -3462
4 clang max_samp 2934
4 clang min_power10 18.8
4 clang max_power90 57.0
4 dowk comments BN  
4 dowk missing nothing
4 dowk duration_sec 7.2
4 dowk dc_offset 42
4 dowk min_samp -6162
4 dowk max_samp 4894
4 dowk min_power10 18.8
4 dowk max_power90 58.1
4 nums comments BN  
4 nums missing nothing
4 nums duration_sec 5.2
4 nums dc_offset 42
4 nums min_samp -2482
4 nums max_samp 2870
4 nums min_power10 20.8
4 nums max_power90 55.8
4 htl comments CE  
4 htl missing CS
4 htl duration_sec 6.0
4 htl dc_offset 42
4 htl min_samp -3222
4 htl max_samp 3270
4 htl min_power10 18.8
4 htl max_power90 57.5
4 htc comments CE  
4 htc missing CS
4 htc duration_sec 8.6
4 htc dc_offset 42
4 htc min_samp -2558
4 htc max_samp 3326
4 htc min_power10 20.4
4 htc max_power90 55.8
4 room comments CE SNL  
4 room missing CS
4 room duration_sec 11.7
4 room dc_offset 42
4 room min_samp -2034
4 room max_samp 3450
4 room min_power10 17.6
4 room max_power90 52.3
4 meal comments EN  
4 meal missing nothing
4 meal duration_sec 9.2
4 meal dc_offset 42
4 meal min_samp -1682
4 meal max_samp 2766
4 meal min_power10 16.5
4 meal max_power90 46.5
4 story-bt comments CE EN SS SNL  
4 story-bt missing CS
4 story-bt duration_sec 49.5
4 story-bt dc_offset 42
4 story-bt min_samp -3414
4 story-bt max_samp 3398
4 story-bt min_power10 17.9
4 story-bt max_power90 51.3
4 story-at comments CE  
4 story-at missing CS
4 story-at duration_sec 10.0
4 story-at dc_offset 42
4 story-at min_samp -3478
4 story-at max_samp 3454
4 story-at min_power10 18.1
4 story-at max_power90 53.9
4 gender male
4 age adult
4 connection average
4 intelligibility ok
