15 labeler khoward
15 label_date Mon Jul 29 16:47:07 PDT 1991
15 nlang missing nothing
15 nlang duration_sec 0.9
15 nlang dc_offset 42
15 nlang min_samp -2486
15 nlang max_samp 3762
15 nlang min_power10 13.6
15 nlang max_power90 47.8
15 clang missing nothing
15 clang duration_sec 1.0
15 clang dc_offset 42
15 clang min_samp -1030
15 clang max_samp 1122
15 clang min_power10 13.6
15 clang max_power90 46.4
15 dowk missing nothing
15 dowk duration_sec 6.4
15 dowk dc_offset 42
15 dowk min_samp -1502
15 dowk max_samp 1746
15 dowk min_power10 14.6
15 dowk max_power90 50.4
15 nums comments CE  
15 nums missing 8 9 10
15 nums duration_sec 7.7
15 nums dc_offset 42
15 nums min_samp -1138
15 nums max_samp 1298
15 nums min_power10 14.6
15 nums max_power90 46.8
15 htl comments CE  
15 htl missing CS
15 htl duration_sec 9.1
15 htl dc_offset 42
15 htl min_samp -1174
15 htl max_samp 1750
15 htl min_power10 14.5
15 htl max_power90 44.2
15 htc missing nothing
15 htc duration_sec 9.3
15 htc dc_offset 42
15 htc min_samp -1650
15 htc max_samp 1998
15 htc min_power10 15.3
15 htc max_power90 48.3
15 room comments CE  
15 room missing CS
15 room duration_sec 11.3
15 room dc_offset 42
15 room min_samp -1282
15 room max_samp 1318
15 room min_power10 16.3
15 room max_power90 46.9
15 meal comments SNL  
15 meal missing nothing
15 meal duration_sec 8.2
15 meal dc_offset 42
15 meal min_samp -1470
15 meal max_samp 1718
15 meal min_power10 13.3
15 meal max_power90 45.5
15 story-bt comments BN CE SS  
15 story-bt missing CS
15 story-bt duration_sec 47.4
15 story-bt dc_offset 42
15 story-bt min_samp -2058
15 story-bt max_samp 2450
15 story-bt min_power10 14.2
15 story-bt max_power90 48.9
15 story-at comments SS SNL  
15 story-at missing nothing
15 story-at duration_sec 5.1
15 story-at dc_offset 42
15 story-at min_samp -2130
15 story-at max_samp 3110
15 story-at min_power10 14.2
15 story-at max_power90 48.7
15 gender male
15 age adult
15 connection good
15 intelligibility ok
