18 labeler khoward
18 label_date Tue Jul 30 12:55:42 PDT 1991
18 nlang missing nothing
18 nlang duration_sec 0.9
18 nlang dc_offset 42
18 nlang min_samp -4746
18 nlang max_samp 4334
18 nlang min_power10 22.7
18 nlang max_power90 59.5
18 clang comments CE  
18 clang missing CS
18 clang duration_sec 1.5
18 clang dc_offset 42
18 clang min_samp -4166
18 clang max_samp 3962
18 clang min_power10 24.1
18 clang max_power90 60.4
18 dowk missing nothing
18 dowk duration_sec 5.2
18 dowk dc_offset 42
18 dowk min_samp -4170
18 dowk max_samp 3814
18 dowk min_power10 23.0
18 dowk max_power90 56.6
18 nums missing nothing
18 nums duration_sec 7.9
18 nums dc_offset 42
18 nums min_samp -4750
18 nums max_samp 4802
18 nums min_power10 21.9
18 nums max_power90 58.2
18 htl missing nothing
18 htl duration_sec 5.6
18 htl dc_offset 42
18 htl min_samp -5094
18 htl max_samp 4742
18 htl min_power10 21.1
18 htl max_power90 59.9
18 htc missing nothing
18 htc duration_sec 6.7
18 htc dc_offset 42
18 htc min_samp -8598
18 htc max_samp 8502
18 htc min_power10 21.5
18 htc max_power90 58.8
18 room missing nothing
18 room duration_sec 8.8
18 room dc_offset 42
18 room min_samp -6286
18 room max_samp 5550
18 room min_power10 21.6
18 room max_power90 60.6
18 meal comments EN  
18 meal missing nothing
18 meal duration_sec 8.3
18 meal dc_offset 42
18 meal min_samp -4822
18 meal max_samp 5154
18 meal min_power10 20.9
18 meal max_power90 57.9
18 story-bt comments EN CE SS  
18 story-bt missing CS
18 story-bt duration_sec 48.6
18 story-bt dc_offset 42
18 story-bt min_samp -14054
18 story-bt max_samp 10878
18 story-bt min_power10 23.0
18 story-bt max_power90 63.4
18 story-at comments EN SS  
18 story-at missing nothing
18 story-at duration_sec 3.0
18 story-at dc_offset 42
18 story-at min_samp -4670
18 story-at max_samp 4666
18 story-at min_power10 22.2
18 story-at max_power90 60.9
18 gender male
18 age adult
18 connection average
18 intelligibility ok
