11 labeler khoward
11 label_date Fri Jul 12 10:07:56 PDT 1991
11 nlang missing nothing
11 nlang duration_sec 1.0
11 nlang dc_offset 42
11 nlang min_samp -4814
11 nlang max_samp 5354
11 nlang min_power10 14.9
11 nlang max_power90 63.4
11 clang comments CE  
11 clang missing CS
11 clang duration_sec 2.0
11 clang dc_offset 42
11 clang min_samp -7686
11 clang max_samp 7418
11 clang min_power10 15.9
11 clang max_power90 64.3
11 dowk comments CB  
11 dowk missing Monday?
11 dowk duration_sec 4.4
11 dowk dc_offset 42
11 dowk min_samp -7366
11 dowk max_samp 7234
11 dowk min_power10 19.3
11 dowk max_power90 64.6
11 nums missing nothing
11 nums duration_sec 9.9
11 nums dc_offset 42
11 nums min_samp -8270
11 nums max_samp 6846
11 nums min_power10 19.8
11 nums max_power90 64.7
11 htl comments CE  
11 htl missing CS
11 htl duration_sec 8.8
11 htl dc_offset 42
11 htl min_samp -6942
11 htl max_samp 5926
11 htl min_power10 16.1
11 htl max_power90 62.4
11 htc missing nothing
11 htc duration_sec 3.2
11 htc dc_offset 42
11 htc min_samp -3498
11 htc max_samp 3290
11 htc min_power10 18.3
11 htc max_power90 57.7
11 room missing nothing
11 room duration_sec 10.2
11 room dc_offset 42
11 room min_samp -7362
11 room max_samp 8106
11 room min_power10 16.7
11 room max_power90 62.5
11 meal missing nothing
11 meal duration_sec 8.1
11 meal dc_offset 42
11 meal min_samp -9582
11 meal max_samp 7842
11 meal min_power10 25.6
11 meal max_power90 62.5
11 story-bt comments SNL SS  
11 story-bt missing nothing
11 story-bt duration_sec 47.7
11 story-bt dc_offset 42
11 story-bt min_samp -11854
11 story-bt max_samp 11270
11 story-bt min_power10 19.1
11 story-bt max_power90 62.7
11 story-at missing nothing
11 story-at duration_sec 8.0
11 story-at dc_offset 42
11 story-at min_samp -4938
11 story-at max_samp 5666
11 story-at min_power10 20.6
11 story-at max_power90 60.3
11 gender male
11 age adult
11 connection average
11 intelligibility ok
