12 labeler khoward
12 label_date Fri Jul 12 10:55:47 PDT 1991
12 nlang missing nothing
12 nlang duration_sec 0.9
12 nlang dc_offset 42
12 nlang min_samp -2926
12 nlang max_samp 3326
12 nlang min_power10 18.9
12 nlang max_power90 55.2
12 clang missing nothing
12 clang duration_sec 1.9
12 clang dc_offset 42
12 clang min_samp -3062
12 clang max_samp 3370
12 clang min_power10 20.1
12 clang max_power90 60.2
12 dowk missing nothing
12 dowk duration_sec 5.2
12 dowk dc_offset 42
12 dowk min_samp -2406
12 dowk max_samp 1926
12 dowk min_power10 20.2
12 dowk max_power90 55.3
12 nums missing nothing
12 nums duration_sec 6.0
12 nums dc_offset 42
12 nums min_samp -1918
12 nums max_samp 2202
12 nums min_power10 23.2
12 nums max_power90 54.8
12 htl missing nothing
12 htl duration_sec 9.0
12 htl dc_offset 42
12 htl min_samp -1182
12 htl max_samp 1202
12 htl min_power10 21.1
12 htl max_power90 47.7
12 htc missing nothing
12 htc duration_sec 8.4
12 htc dc_offset 42
12 htc min_samp -2406
12 htc max_samp 2866
12 htc min_power10 21.6
12 htc max_power90 49.9
12 room missing nothing
12 room duration_sec 9.9
12 room dc_offset 42
12 room min_samp -2626
12 room max_samp 2462
12 room min_power10 21.2
12 room max_power90 52.5
12 meal missing nothing
12 meal duration_sec 9.6
12 meal dc_offset 42
12 meal min_samp -2218
12 meal max_samp 2258
12 meal min_power10 21.1
12 meal max_power90 52.6
12 story-bt comments SS  
12 story-bt missing nothing
12 story-bt duration_sec 41.1
12 story-bt dc_offset 42
12 story-bt min_samp -2910
12 story-bt max_samp 2582
12 story-bt min_power10 21.6
12 story-bt max_power90 51.3
12 story-at comments CE  
12 story-at missing CS
12 story-at duration_sec 9.0
12 story-at dc_offset 42
12 story-at min_samp -1794
12 story-at max_samp 1890
12 story-at min_power10 20.3
12 story-at max_power90 49.2
12 gender male
12 age adult
12 connection average
12 intelligibility ok
