16 labeler khoward
16 label_date Tue Jul 30 09:53:08 PDT 1991
16 nlang comments ES  
16 nlang missing nothing
16 nlang duration_sec 2.3
16 nlang dc_offset 42
16 nlang min_samp -5330
16 nlang max_samp 6590
16 nlang min_power10 19.0
16 nlang max_power90 62.9
16 clang comments CE  
16 clang missing CS
16 clang duration_sec 2.3
16 clang dc_offset 42
16 clang min_samp -4834
16 clang max_samp 6498
16 clang min_power10 21.2
16 clang max_power90 64.9
16 dowk comments CE  
16 dowk missing Saturday?
16 dowk duration_sec 5.1
16 dowk dc_offset 42
16 dowk min_samp -5306
16 dowk max_samp 4990
16 dowk min_power10 20.9
16 dowk max_power90 62.5
16 nums missing nothing
16 nums duration_sec 7.3
16 nums dc_offset 42
16 nums min_samp -5638
16 nums max_samp 7238
16 nums min_power10 20.2
16 nums max_power90 59.9
16 htl missing nothing
16 htl duration_sec 9.6
16 htl dc_offset 42
16 htl min_samp -6346
16 htl max_samp 7102
16 htl min_power10 21.5
16 htl max_power90 62.5
16 htc comments CE  
16 htc missing CS
16 htc duration_sec 9.1
16 htc dc_offset 42
16 htc min_samp -7358
16 htc max_samp 8590
16 htc min_power10 20.7
16 htc max_power90 62.8
16 room missing nothing
16 room duration_sec 5.9
16 room dc_offset 42
16 room min_samp -4022
16 room max_samp 3358
16 room min_power10 19.9
16 room max_power90 59.6
16 meal comments CE  
16 meal missing CS
16 meal duration_sec 7.8
16 meal dc_offset 42
16 meal min_samp -6446
16 meal max_samp 7298
16 meal min_power10 19.6
16 meal max_power90 61.0
16 story-bt comments BN CE SS  
16 story-bt missing CS
16 story-bt duration_sec 48.2
16 story-bt dc_offset 42
16 story-bt min_samp -8350
16 story-bt max_samp 9078
16 story-bt min_power10 23.0
16 story-bt max_power90 63.3
16 story-at comments BN SS  
16 story-at missing nothing
16 story-at duration_sec 8.1
16 story-at dc_offset 42
16 story-at min_samp -6758
16 story-at max_samp 7342
16 story-at min_power10 23.9
16 story-at max_power90 63.9
16 gender male
16 age adult
16 connection good
16 intelligibility ok
