27 labeler khoward
27 label_date Thu Aug  1 16:26:43 PDT 1991
27 nlang comments NN  
27 nlang missing nothing
27 nlang duration_sec 1.2
27 nlang dc_offset 42
27 nlang min_samp -4598
27 nlang max_samp 4122
27 nlang min_power10 11.7
27 nlang max_power90 55.5
27 clang missing nothing
27 clang duration_sec 1.4
27 clang dc_offset 42
27 clang min_samp -1502
27 clang max_samp 2066
27 clang min_power10 11.3
27 clang max_power90 51.1
27 nums comments BN  
27 nums missing 0?
27 nums duration_sec 9.9
27 nums dc_offset 42
27 nums min_samp -2030
27 nums max_samp 1926
27 nums min_power10 12.4
27 nums max_power90 53.5
27 htl comments EN  
27 htl missing nothing
27 htl duration_sec 6.6
27 htl dc_offset 42
27 htl min_samp -2266
27 htl max_samp 2590
27 htl min_power10 13.0
27 htl max_power90 52.5
27 room missing nothing
27 room duration_sec 2.7
27 room dc_offset 42
27 room min_samp -1970
27 room max_samp 1794
27 room min_power10 16.4
27 room max_power90 54.5
27 meal comments SNL  
27 meal missing nothing
27 meal duration_sec 7.0
27 meal dc_offset 42
27 meal min_samp -3846
27 meal max_samp 3986
27 meal min_power10 17.6
27 meal max_power90 57.3
27 story-bt comments SS  
27 story-bt missing nothing
27 story-bt duration_sec 29.4
27 story-bt dc_offset 42
27 story-bt min_samp -3490
27 story-bt max_samp 3898
27 story-bt min_power10 12.5
27 story-bt max_power90 48.8
27 story-at comments SS  
27 story-at missing nothing
27 story-at duration_sec 4.2
27 story-at dc_offset 42
27 story-at min_samp -2026
27 story-at max_samp 2294
27 story-at min_power10 19.0
27 story-at max_power90 55.9
27 gender male
27 age adult
27 connection good
27 intelligibility ok
