29 labeler khoward
29 label_date Mon Aug  5 13:33:05 PDT 1991
29 nlang missing nothing
29 nlang duration_sec 1.0
29 nlang dc_offset 42
29 nlang min_samp -2554
29 nlang max_samp 3650
29 nlang min_power10 12.6
29 nlang max_power90 52.5
29 clang missing nothing
29 clang duration_sec 1.7
29 clang dc_offset 42
29 clang min_samp -1978
29 clang max_samp 2890
29 clang min_power10 12.2
29 clang max_power90 55.9
29 dowk comments EN  
29 dowk missing nothing
29 dowk duration_sec 7.2
29 dowk dc_offset 42
29 dowk min_samp -3246
29 dowk max_samp 3942
29 dowk min_power10 13.9
29 dowk max_power90 55.7
29 nums comments CE  
29 nums missing 10
29 nums duration_sec 8.7
29 nums dc_offset 42
29 nums min_samp -2402
29 nums max_samp 2478
29 nums min_power10 14.8
29 nums max_power90 53.8
29 htl missing nothing
29 htl duration_sec 2.2
29 htl dc_offset 42
29 htl min_samp -3902
29 htl max_samp 3810
29 htl min_power10 18.4
29 htl max_power90 56.5
29 htc comments CE  
29 htc missing CS
29 htc duration_sec 6.6
29 htc dc_offset 42
29 htc min_samp -2018
29 htc max_samp 2406
29 htc min_power10 12.3
29 htc max_power90 52.1
29 room comments SNL  
29 room missing nothing
29 room duration_sec 5.4
29 room dc_offset 42
29 room min_samp -4814
29 room max_samp 5974
29 room min_power10 15.5
29 room max_power90 59.2
29 gender female
29 age adult
29 connection good
29 intelligibility ok
