36 labeler yeshwant
36 label_date Mon Aug 12 19:32:09 PDT 1991
36 nlang missing nothing
36 nlang duration_sec 1.2
36 nlang dc_offset 42
36 nlang min_samp -5130
36 nlang max_samp 6078
36 nlang min_power10 12.2
36 nlang max_power90 63.7
36 clang missing nothing
36 clang duration_sec 1.5
36 clang dc_offset 42
36 clang min_samp -5674
36 clang max_samp 6430
36 clang min_power10 14.4
36 clang max_power90 59.2
36 dowk comments CE  
36 dowk missing saturday sunday
36 dowk duration_sec 5.5
36 dowk dc_offset 42
36 dowk min_samp -4934
36 dowk max_samp 4210
36 dowk min_power10 12.0
36 dowk max_power90 56.4
36 nums comments CE  
36 nums missing 7 8 9 10
36 nums duration_sec 8.1
36 nums dc_offset 42
36 nums min_samp -5306
36 nums max_samp 4926
36 nums min_power10 12.0
36 nums max_power90 57.7
36 htl comments CE ES  
36 htl missing cs
36 htl duration_sec 7.4
36 htl dc_offset 42
36 htl min_samp -2294
36 htl max_samp 3086
36 htl min_power10 13.0
36 htl max_power90 50.8
36 htc comments ES SNL  
36 htc missing nothing
36 htc duration_sec 5.0
36 htc dc_offset 42
36 htc min_samp -3222
36 htc max_samp 4398
36 htc min_power10 13.1
36 htc max_power90 53.8
36 room comments CE ES SNL  
36 room missing cs
36 room duration_sec 9.7
36 room dc_offset 42
36 room min_samp -4902
36 room max_samp 4498
36 room min_power10 12.7
36 room max_power90 54.4
36 meal comments CE ES  
36 meal missing cs
36 meal duration_sec 8.0
36 meal dc_offset 42
36 meal min_samp -6158
36 meal max_samp 5822
36 meal min_power10 14.2
36 meal max_power90 57.6
36 gender male
36 age adult
36 connection average
36 intelligibility ok
