34 labeler khoward
34 label_date Fri Aug  9 11:03:54 PDT 1991
34 nlang missing nothing
34 nlang duration_sec 0.9
34 nlang dc_offset 42
34 nlang min_samp -3406
34 nlang max_samp 3582
34 nlang min_power10 18.7
34 nlang max_power90 54.7
34 clang missing nothing
34 clang duration_sec 1.6
34 clang dc_offset 42
34 clang min_samp -1622
34 clang max_samp 1958
34 clang min_power10 19.0
34 clang max_power90 52.1
34 dowk comments EN  
34 dowk missing nothing
34 dowk duration_sec 7.5
34 dowk dc_offset 42
34 dowk min_samp -1210
34 dowk max_samp 1214
34 dowk min_power10 20.3
34 dowk max_power90 45.1
34 nums comments EN  
34 nums missing nothing
34 nums duration_sec 7.2
34 nums dc_offset 42
34 nums min_samp -1830
34 nums max_samp 2002
34 nums min_power10 20.9
34 nums max_power90 49.0
34 htl missing nothing
34 htl duration_sec 8.9
34 htl dc_offset 42
34 htl min_samp -1714
34 htl max_samp 2754
34 htl min_power10 20.8
34 htl max_power90 49.8
34 htc comments CB BN EN  
34 htc missing nothing
34 htc duration_sec 9.3
34 htc dc_offset 42
34 htc min_samp -1426
34 htc max_samp 1750
34 htc min_power10 19.6
34 htc max_power90 48.8
34 room comments CB CE EN  
34 room missing cs
34 room duration_sec 8.3
34 room dc_offset 42
34 room min_samp -930
34 room max_samp 902
34 room min_power10 20.5
34 room max_power90 43.1
34 meal comments EN  
34 meal missing nothing
34 meal duration_sec 4.1
34 meal dc_offset 42
34 meal min_samp -590
34 meal max_samp 642
34 meal min_power10 19.6
34 meal max_power90 43.2
34 gender male
34 age adult
34 connection poor
34 intelligibility ok
