38 labeler khoward
38 label_date Tue Aug 13 14:44:26 PDT 1991
38 nlang missing nothing
38 nlang duration_sec 0.9
38 nlang dc_offset 42
38 nlang min_samp -1122
38 nlang max_samp 1626
38 nlang min_power10 12.7
38 nlang max_power90 45.7
38 clang comments ES  
38 clang missing nothing
38 clang duration_sec 2.2
38 clang dc_offset 42
38 clang min_samp -726
38 clang max_samp 806
38 clang min_power10 14.9
38 clang max_power90 48.1
38 dowk missing nothing
38 dowk duration_sec 2.9
38 dowk dc_offset 42
38 dowk min_samp -1138
38 dowk max_samp 1538
38 dowk min_power10 22.8
38 dowk max_power90 50.1
38 nums missing nothing
38 nums duration_sec 5.1
38 nums dc_offset 42
38 nums min_samp -834
38 nums max_samp 1126
38 nums min_power10 15.8
38 nums max_power90 48.6
38 htl comments CE  
38 htl missing CS
38 htl duration_sec 8.8
38 htl dc_offset 42
38 htl min_samp -1030
38 htl max_samp 1858
38 htl min_power10 16.3
38 htl max_power90 48.0
38 htc comments CE  
38 htc missing CS
38 htc duration_sec 8.0
38 htc dc_offset 42
38 htc min_samp -1358
38 htc max_samp 1202
38 htc min_power10 15.2
38 htc max_power90 49.0
38 room comments CE SNL  
38 room missing CS
38 room duration_sec 11.2
38 room dc_offset 42
38 room min_samp -902
38 room max_samp 1254
38 room min_power10 14.9
38 room max_power90 46.8
38 meal missing nothing
38 meal duration_sec 7.2
38 meal dc_offset 42
38 meal min_samp -802
38 meal max_samp 1454
38 meal min_power10 14.0
38 meal max_power90 46.8
38 story-bt comments CE SS  
38 story-bt missing CS
38 story-bt duration_sec 48.5
38 story-bt dc_offset 42
38 story-bt min_samp -1334
38 story-bt max_samp 2098
38 story-bt min_power10 15.5
38 story-bt max_power90 46.8
38 story-at comments SS  
38 story-at missing nothing
38 story-at duration_sec 4.6
38 story-at dc_offset 42
38 story-at min_samp -574
38 story-at max_samp 1466
38 story-at min_power10 14.8
38 story-at max_power90 45.9
38 gender male
38 age adult
38 connection average
38 intelligibility ok
