35 labeler khoward
35 label_date Fri Aug  9 11:22:45 PDT 1991
35 nlang missing nothing
35 nlang duration_sec 0.9
35 nlang dc_offset 42
35 nlang min_samp -2574
35 nlang max_samp 2426
35 nlang min_power10 23.9
35 nlang max_power90 56.4
35 clang missing nothing
35 clang duration_sec 1.8
35 clang dc_offset 42
35 clang min_samp -2926
35 clang max_samp 3102
35 clang min_power10 25.2
35 clang max_power90 53.3
35 nums missing nothing
35 nums duration_sec 5.1
35 nums dc_offset 42
35 nums min_samp -3498
35 nums max_samp 3322
35 nums min_power10 26.5
35 nums max_power90 56.2
35 htl missing nothing
35 htl duration_sec 2.2
35 htl dc_offset 42
35 htl min_samp -3262
35 htl max_samp 4342
35 htl min_power10 26.9
35 htl max_power90 59.4
35 htc comments CE  
35 htc missing CS
35 htc duration_sec 1.9
35 htc dc_offset 42
35 htc min_samp -1182
35 htc max_samp 1466
35 htc min_power10 24.8
35 htc max_power90 48.0
35 room comments BN CE  
35 room missing CS
35 room duration_sec 8.1
35 room dc_offset 42
35 room min_samp -2334
35 room max_samp 2230
35 room min_power10 25.1
35 room max_power90 53.5
35 meal missing nothing
35 meal duration_sec 8.8
35 meal dc_offset 42
35 meal min_samp -3854
35 meal max_samp 4894
35 meal min_power10 24.1
35 meal max_power90 53.2
35 story-bt comments SS  
35 story-bt missing nothing
35 story-bt duration_sec 47.5
35 story-bt dc_offset 42
35 story-bt min_samp -4738
35 story-bt max_samp 5458
35 story-bt min_power10 24.7
35 story-bt max_power90 57.0
35 gender male
35 age adult
35 connection average
35 intelligibility ok
