45 labeler khoward
45 label_date Wed Aug 14 15:33:03 PDT 1991
45 nlang missing nothing
45 nlang duration_sec 0.7
45 nlang dc_offset 42
45 nlang min_samp -2278
45 nlang max_samp 1446
45 nlang min_power10 14.2
45 nlang max_power90 48.4
45 clang missing nothing
45 clang duration_sec 1.6
45 clang dc_offset 42
45 clang min_samp -2618
45 clang max_samp 1706
45 clang min_power10 14.8
45 clang max_power90 53.3
45 dowk comments CB  
45 dowk missing Monday?
45 dowk duration_sec 3.0
45 dowk dc_offset 42
45 dowk min_samp -1674
45 dowk max_samp 934
45 dowk min_power10 20.7
45 dowk max_power90 49.8
45 nums comments CB  
45 nums missing 0 1?
45 nums duration_sec 4.0
45 nums dc_offset 42
45 nums min_samp -854
45 nums max_samp 654
45 nums min_power10 15.9
45 nums max_power90 39.4
45 htl missing nothing
45 htl duration_sec 3.9
45 htl dc_offset 42
45 htl min_samp -1246
45 htl max_samp 1146
45 htl min_power10 17.1
45 htl max_power90 47.9
45 htc missing nothing
45 htc duration_sec 6.1
45 htc dc_offset 42
45 htc min_samp -1334
45 htc max_samp 1174
45 htc min_power10 15.1
45 htc max_power90 46.5
45 room missing nothing
45 room duration_sec 9.5
45 room dc_offset 42
45 room min_samp -1446
45 room max_samp 1346
45 room min_power10 15.1
45 room max_power90 46.7
45 meal comments BN  
45 meal missing nothing
45 meal duration_sec 5.4
45 meal dc_offset 42
45 meal min_samp -1258
45 meal max_samp 910
45 meal min_power10 13.2
45 meal max_power90 43.1
45 story-bt comments SS  
45 story-bt missing nothing
45 story-bt duration_sec 48.4
45 story-bt dc_offset 42
45 story-bt min_samp -1566
45 story-bt max_samp 1002
45 story-bt min_power10 14.0
45 story-bt max_power90 42.0
45 story-at comments CE SS 
45 story-at missing CS
45 story-at duration_sec 9.0
45 story-at dc_offset 42
45 story-at min_samp -710
45 story-at max_samp 566
45 story-at min_power10 14.4
45 story-at max_power90 39.5
45 gender female
45 age adult
45 connection average
45 intelligibility ok
