40 labeler khoward
40 label_date Wed Aug 14 09:43:07 PDT 1991
40 nlang comments ES  
40 nlang missing nothing
40 nlang duration_sec 1.7
40 nlang dc_offset 42
40 nlang min_samp -3426
40 nlang max_samp 5078
40 nlang min_power10 19.4
40 nlang max_power90 60.9
40 clang comments CE  
40 clang missing CS
40 clang duration_sec 1.4
40 clang dc_offset 42
40 clang min_samp -3726
40 clang max_samp 5666
40 clang min_power10 19.3
40 clang max_power90 61.1
40 dowk comments ES  
40 dowk missing Sunday?
40 dowk duration_sec 6.4
40 dowk dc_offset 42
40 dowk min_samp -3002
40 dowk max_samp 4266
40 dowk min_power10 18.9
40 dowk max_power90 55.0
40 nums missing nothing
40 nums duration_sec 4.9
40 nums dc_offset 42
40 nums min_samp -1694
40 nums max_samp 2038
40 nums min_power10 18.1
40 nums max_power90 54.0
40 htl comments SNL  
40 htl missing nothing
40 htl duration_sec 6.1
40 htl dc_offset 42
40 htl min_samp -2322
40 htl max_samp 2558
40 htl min_power10 17.6
40 htl max_power90 56.5
40 htc comments CE  
40 htc missing CS
40 htc duration_sec 8.5
40 htc dc_offset 42
40 htc min_samp -3562
40 htc max_samp 5222
40 htc min_power10 18.3
40 htc max_power90 55.7
40 room comments SNL CE  
40 room missing CS
40 room duration_sec 11.1
40 room dc_offset 42
40 room min_samp -3278
40 room max_samp 5506
40 room min_power10 19.3
40 room max_power90 57.1
40 meal comments CB CE BN  
40 meal missing CS
40 meal duration_sec 8.8
40 meal dc_offset 42
40 meal min_samp -3606
40 meal max_samp 4498
40 meal min_power10 18.8
40 meal max_power90 56.3
40 story-bt comments CE SS  
40 story-bt missing sang
40 story-bt duration_sec 49.2
40 story-bt dc_offset 42
40 story-bt min_samp -5782
40 story-bt max_samp 8454
40 story-bt min_power10 35.8
40 story-bt max_power90 65.3
40 story-at comments SNL SS 
40 story-at missing nothing
40 story-at duration_sec 4.3
40 story-at dc_offset 42
40 story-at min_samp -3154
40 story-at max_samp 4246
40 story-at min_power10 19.1
40 story-at max_power90 57.4
40 gender male
40 age adult
40 connection good
40 intelligibility ok
