41 labeler khoward
41 label_date Wed Aug 14 10:09:50 PDT 1991
41 nlang missing nothing
41 nlang duration_sec 1.0
41 nlang dc_offset 42
41 nlang min_samp -1450
41 nlang max_samp 1202
41 nlang min_power10 13.0
41 nlang max_power90 46.5
41 clang comments SNL  
41 clang missing nothing
41 clang duration_sec 1.0
41 clang dc_offset 42
41 clang min_samp -910
41 clang max_samp 750
41 clang min_power10 13.5
41 clang max_power90 45.2
41 dowk missing nothing
41 dowk duration_sec 5.6
41 dowk dc_offset 42
41 dowk min_samp -1802
41 dowk max_samp 1662
41 dowk min_power10 13.4
41 dowk max_power90 51.1
41 nums missing nothing
41 nums duration_sec 9.6
41 nums dc_offset 42
41 nums min_samp -1638
41 nums max_samp 1594
41 nums min_power10 13.0
41 nums max_power90 49.0
41 htl missing nothing
41 htl duration_sec 4.1
41 htl dc_offset 42
41 htl min_samp -1926
41 htl max_samp 1614
41 htl min_power10 13.8
41 htl max_power90 49.8
41 htc comments CE  
41 htc missing CS
41 htc duration_sec 8.3
41 htc dc_offset 42
41 htc min_samp -2570
41 htc max_samp 2594
41 htc min_power10 13.2
41 htc max_power90 52.2
41 room comments SNL  
41 room missing nothing
41 room duration_sec 8.9
41 room dc_offset 42
41 room min_samp -3326
41 room max_samp 1878
41 room min_power10 14.0
41 room max_power90 52.9
41 meal missing nothing
41 meal duration_sec 8.4
41 meal dc_offset 42
41 meal min_samp -3434
41 meal max_samp 2362
41 meal min_power10 13.9
41 meal max_power90 53.8
41 story-bt comments CE SNL SS 
41 story-bt missing CS
41 story-bt duration_sec 47.6
41 story-bt dc_offset 42
41 story-bt min_samp -4018
41 story-bt max_samp 2990
41 story-bt min_power10 13.4
41 story-bt max_power90 52.4
41 story-at comments SS  
41 story-at missing nothing
41 story-at duration_sec 3.6
41 story-at dc_offset 42
41 story-at min_samp -2194
41 story-at max_samp 1810
41 story-at min_power10 13.0
41 story-at max_power90 47.8
41 gender male
41 age adult
41 connection good
41 intelligibility ok
