44 labeler khoward
44 label_date Wed Aug 14 14:53:48 PDT 1991
44 nlang missing nothing
44 nlang duration_sec 1.0
44 nlang dc_offset 42
44 nlang min_samp -5406
44 nlang max_samp 8030
44 nlang min_power10 17.6
44 nlang max_power90 64.3
44 clang missing nothing
44 clang duration_sec 1.7
44 clang dc_offset 42
44 clang min_samp -5006
44 clang max_samp 6118
44 clang min_power10 18.0
44 clang max_power90 61.5
44 dowk comments CE  
44 dowk missing Saturday Sunday?
44 dowk duration_sec 6.7
44 dowk dc_offset 42
44 dowk min_samp -7046
44 dowk max_samp 6494
44 dowk min_power10 18.0
44 dowk max_power90 62.5
44 nums comments CE  
44 nums missing 8 9 10
44 nums duration_sec 9.2
44 nums dc_offset 42
44 nums min_samp -6106
44 nums max_samp 5838
44 nums min_power10 18.6
44 nums max_power90 59.8
44 htl comments CE  
44 htl missing CS
44 htl duration_sec 6.4
44 htl dc_offset 42
44 htl min_samp -3394
44 htl max_samp 3118
44 htl min_power10 19.7
44 htl max_power90 56.3
44 htc comments CE  
44 htc missing CS
44 htc duration_sec 8.6
44 htc dc_offset 42
44 htc min_samp -3694
44 htc max_samp 3814
44 htc min_power10 19.7
44 htc max_power90 55.4
44 room comments CE SNL  
44 room missing CS
44 room duration_sec 10.6
44 room dc_offset 42
44 room min_samp -6742
44 room max_samp 6226
44 room min_power10 23.4
44 room max_power90 58.2
44 meal comments SNL  
44 meal missing nothing
44 meal duration_sec 8.8
44 meal dc_offset 42
44 meal min_samp -3486
44 meal max_samp 3614
44 meal min_power10 20.6
44 meal max_power90 55.8
44 story-bt comments CE SNL SS  
44 story-bt missing CS
44 story-bt duration_sec 47.9
44 story-bt dc_offset 42
44 story-bt min_samp -5394
44 story-bt max_samp 6054
44 story-bt min_power10 20.8
44 story-bt max_power90 57.7
44 story-at comments CE SNL  
44 story-at missing CS
44 story-at duration_sec 7.7
44 story-at dc_offset 42
44 story-at min_samp -3910
44 story-at max_samp 4670
44 story-at min_power10 21.3
44 story-at max_power90 53.1
44 gender male
44 age adult
44 connection good
44 intelligibility ok
