43 labeler khoward
43 label_date Wed Aug 14 13:16:57 PDT 1991
43 nlang missing nothing
43 nlang duration_sec 0.9
43 nlang dc_offset 42
43 nlang min_samp -4118
43 nlang max_samp 4446
43 nlang min_power10 25.0
43 nlang max_power90 53.8
43 clang missing nothing
43 clang duration_sec 1.2
43 clang dc_offset 42
43 clang min_samp -3190
43 clang max_samp 3118
43 clang min_power10 24.9
43 clang max_power90 52.3
43 dowk comments CE  
43 dowk missing Sunday?
43 dowk duration_sec 7.5
43 dowk dc_offset 42
43 dowk min_samp -4510
43 dowk max_samp 4194
43 dowk min_power10 25.0
43 dowk max_power90 54.2
43 nums comments CE  
43 nums missing 7 8 9 10?
43 nums duration_sec 8.5
43 nums dc_offset 42
43 nums min_samp -4042
43 nums max_samp 3214
43 nums min_power10 24.1
43 nums max_power90 51.5
43 htl comments CE  
43 htl missing CS
43 htl duration_sec 6.2
43 htl dc_offset 42
43 htl min_samp -3574
43 htl max_samp 3842
43 htl min_power10 25.2
43 htl max_power90 55.4
43 htc missing nothing
43 htc duration_sec 5.8
43 htc dc_offset 42
43 htc min_samp -4190
43 htc max_samp 4330
43 htc min_power10 24.9
43 htc max_power90 52.3
43 room comments CE  
43 room missing CS
43 room duration_sec 10.3
43 room dc_offset 42
43 room min_samp -4162
43 room max_samp 3854
43 room min_power10 20.5
43 room max_power90 50.7
43 meal comments CE  
43 meal missing CS
43 meal duration_sec 9.6
43 meal dc_offset 42
43 meal min_samp -4554
43 meal max_samp 4330
43 meal min_power10 24.2
43 meal max_power90 53.5
43 story-bt comments CE SS SNL  
43 story-bt missing CS
43 story-bt duration_sec 47.4
43 story-bt dc_offset 42
43 story-bt min_samp -3302
43 story-bt max_samp 3550
43 story-bt min_power10 24.8
43 story-bt max_power90 51.3
43 story-at comments SS  
43 story-at missing nothing
43 story-at duration_sec 9.4
43 story-at dc_offset 42
43 story-at min_samp -2602
43 story-at max_samp 3514
43 story-at min_power10 24.2
43 story-at max_power90 50.6
43 gender male
43 age adult
43 connection good
43 intelligibility ok
