50 labeler khoward
50 label_date Tue Aug 27 10:32:02 PDT 1991
50 nlang missing nothing
50 nlang duration_sec 0.9
50 nlang dc_offset 42
50 nlang min_samp -822
50 nlang max_samp 962
50 nlang min_power10 13.0
50 nlang max_power90 44.8
50 clang missing nothing
50 clang duration_sec 1.2
50 clang dc_offset 42
50 clang min_samp -678
50 clang max_samp 750
50 clang min_power10 13.4
50 clang max_power90 47.5
50 dowk missing nothing
50 dowk duration_sec 5.0
50 dowk dc_offset 42
50 dowk min_samp -674
50 dowk max_samp 598
50 dowk min_power10 13.5
50 dowk max_power90 46.1
50 nums missing nothing
50 nums duration_sec 8.5
50 nums dc_offset 42
50 nums min_samp -902
50 nums max_samp 734
50 nums min_power10 13.5
50 nums max_power90 45.6
50 htl missing nothing
50 htl duration_sec 5.5
50 htl dc_offset 42
50 htl min_samp -1170
50 htl max_samp 1018
50 htl min_power10 13.7
50 htl max_power90 48.5
50 htc missing nothing
50 htc duration_sec 5.5
50 htc dc_offset 42
50 htc min_samp -842
50 htc max_samp 990
50 htc min_power10 13.9
50 htc max_power90 48.8
50 room comments SNL  
50 room missing nothing
50 room duration_sec 11.2
50 room dc_offset 42
50 room min_samp -878
50 room max_samp 1014
50 room min_power10 12.9
50 room max_power90 45.9
50 meal missing nothing
50 meal duration_sec 2.4
50 meal dc_offset 42
50 meal min_samp -778
50 meal max_samp 758
50 meal min_power10 13.5
50 meal max_power90 47.9
50 story-bt comments SS  
50 story-bt missing nothing
50 story-bt duration_sec 26.0
50 story-bt dc_offset 42
50 story-bt min_samp -1026
50 story-bt max_samp 926
50 story-bt min_power10 13.1
50 story-bt max_power90 43.9
50 gender male
50 age adult
50 connection average
50 intelligibility ok
