59 labeler khoward
59 label_date Sat Aug 31 11:38:14 PDT 1991
59 clang comments ES  
59 clang missing nothing
59 clang duration_sec 2.0
59 clang dc_offset 42
59 clang min_samp -2354
59 clang max_samp 2174
59 clang min_power10 22.1
59 clang max_power90 56.7
59 dowk comments CE EN  
59 dowk missing 
59 dowk duration_sec 7.4
59 dowk dc_offset 42
59 dowk min_samp -2918
59 dowk max_samp 2810
59 dowk min_power10 21.4
59 dowk max_power90 52.1
59 nums missing 0?
59 nums duration_sec 7.2
59 nums dc_offset 42
59 nums min_samp -1850
59 nums max_samp 2258
59 nums min_power10 21.9
59 nums max_power90 50.6
59 htl missing nothing
59 htl duration_sec 8.2
59 htl dc_offset 42
59 htl min_samp -2106
59 htl max_samp 2174
59 htl min_power10 22.1
59 htl max_power90 53.7
59 htc comments CE EN  
59 htc missing CS
59 htc duration_sec 7.0
59 htc dc_offset 42
59 htc min_samp -2038
59 htc max_samp 2246
59 htc min_power10 22.0
59 htc max_power90 51.9
59 room comments CE  
59 room missing CS
59 room duration_sec 10.1
59 room dc_offset 42
59 room min_samp -2102
59 room max_samp 2958
59 room min_power10 21.9
59 room max_power90 52.2
59 meal comments EN  
59 meal missing nothing
59 meal duration_sec 8.9
59 meal dc_offset 42
59 meal min_samp -1774
59 meal max_samp 1806
59 meal min_power10 21.5
59 meal max_power90 50.8
59 story-bt comments CE BN SS SNL  
59 story-bt missing CS
59 story-bt duration_sec 48.1
59 story-bt dc_offset 42
59 story-bt min_samp -2630
59 story-bt max_samp 2898
59 story-bt min_power10 22.0
59 story-bt max_power90 54.3
59 story-at comments SS  
59 story-at missing nothing
59 story-at duration_sec 9.2
59 story-at dc_offset 42
59 story-at min_samp -2134
59 story-at max_samp 2814
59 story-at min_power10 22.0
59 story-at max_power90 54.1
59 gender male
59 age adult
59 connection average
59 intelligibility ok
