69 labeler ames
69 label_date Thu Dec 26 12:37:23 PST 1991
69 nlang comments CE EN  
69 nlang missing cs
69 nlang duration_sec 1.1
69 nlang dc_offset 42
69 nlang min_samp -2934
69 nlang max_samp 2038
69 nlang min_power10 20.9
69 nlang max_power90 53.6
69 clang comments EN  
69 clang missing nothing
69 clang duration_sec 1.1
69 clang dc_offset 42
69 clang min_samp -2106
69 clang max_samp 1890
69 clang min_power10 20.3
69 clang max_power90 51.2
69 dowk comments EN  
69 dowk missing nothing
69 dowk duration_sec 3.8
69 dowk dc_offset 42
69 dowk min_samp -3230
69 dowk max_samp 2922
69 dowk min_power10 21.8
69 dowk max_power90 55.2
69 nums comments CE EN  
69 nums missing 9 10
69 nums duration_sec 9.4
69 nums dc_offset 42
69 nums min_samp -3866
69 nums max_samp 3238
69 nums min_power10 17.0
69 nums max_power90 50.7
69 htl comments CE EN  
69 htl missing cs
69 htl duration_sec 4.1
69 htl dc_offset 42
69 htl min_samp -1798
69 htl max_samp 1690
69 htl min_power10 18.6
69 htl max_power90 51.4
69 room comments CE EN ES  
69 room missing cs
69 room duration_sec 7.8
69 room dc_offset 42
69 room min_samp -3446
69 room max_samp 2762
69 room min_power10 18.9
69 room max_power90 51.8
69 story-bt comments EN SS  
69 story-bt missing nothing
69 story-bt duration_sec 38.9
69 story-bt dc_offset 42
69 story-bt min_samp -3610
69 story-bt max_samp 3750
69 story-bt min_power10 20.6
69 story-bt max_power90 51.1
69 gender male
69 age adult
69 connection poor
69 intelligibility ok
