66 labeler ames
66 label_date Sun Sep  8 14:00:52 PDT 1991
66 nlang comments BN  
66 nlang missing nothing
66 nlang duration_sec 1.6
66 nlang dc_offset 42
66 nlang min_samp -5414
66 nlang max_samp 2886
66 nlang min_power10 21.4
66 nlang max_power90 55.7
66 clang comments BN CE EN  
66 clang missing cs
66 clang duration_sec 2.1
66 clang dc_offset 42
66 clang min_samp -2946
66 clang max_samp 2774
66 clang min_power10 21.4
66 clang max_power90 54.6
66 dowk comments BN EN NI  
66 dowk missing nothing
66 dowk duration_sec 3.8
66 dowk dc_offset 42
66 dowk min_samp -1294
66 dowk max_samp 1002
66 dowk min_power10 21.3
66 dowk max_power90 47.3
66 htl comments BN EN  
66 htl missing nothing
66 htl duration_sec 8.4
66 htl dc_offset 42
66 htl min_samp -2406
66 htl max_samp 1810
66 htl min_power10 18.8
66 htl max_power90 44.2
66 htc comments EN  
66 htc missing nothing
66 htc duration_sec 3.6
66 htc dc_offset 42
66 htc min_samp -770
66 htc max_samp 506
66 htc min_power10 18.7
66 htc max_power90 41.6
66 meal comments BN EN  
66 meal missing nothing
66 meal duration_sec 4.4
66 meal dc_offset 42
66 meal min_samp -954
66 meal max_samp 722
66 meal min_power10 20.2
66 meal max_power90 40.0
66 story-bt comments EN SS ES  
66 story-bt missing nothing
66 story-bt duration_sec 17.0
66 story-bt dc_offset 42
66 story-bt min_samp -2026
66 story-bt max_samp 2046
66 story-bt min_power10 20.1
66 story-bt max_power90 48.2
66 gender male
66 age adult
66 connection average
66 intelligibility ok
