77 labeler khoward
77 label_date Fri Dec 27 12:19:52 PST 1991
77 nlang missing nothing
77 nlang duration_sec 0.9
77 nlang dc_offset 42
77 nlang min_samp -1678
77 nlang max_samp 2110
77 nlang min_power10 17.2
77 nlang max_power90 54.2
77 dowk missing nothing
77 dowk duration_sec 5.6
77 dowk dc_offset 42
77 dowk min_samp -1210
77 dowk max_samp 1254
77 dowk min_power10 17.4
77 dowk max_power90 47.3
77 nums missing nothing
77 nums duration_sec 5.6
77 nums dc_offset 42
77 nums min_samp -2666
77 nums max_samp 2226
77 nums min_power10 18.4
77 nums max_power90 46.0
77 htl comments EN  
77 htl missing nothing
77 htl duration_sec 5.4
77 htl dc_offset 42
77 htl min_samp -3286
77 htl max_samp 3198
77 htl min_power10 19.1
77 htl max_power90 50.7
77 htc comments CE  
77 htc missing CS
77 htc duration_sec 9.0
77 htc dc_offset 42
77 htc min_samp -2862
77 htc max_samp 2414
77 htc min_power10 18.5
77 htc max_power90 50.8
77 room comments SNL  
77 room missing nothing
77 room duration_sec 11.1
77 room dc_offset 42
77 room min_samp -1766
77 room max_samp 1562
77 room min_power10 17.5
77 room max_power90 45.1
77 meal missing nothing
77 meal duration_sec 7.8
77 meal dc_offset 42
77 meal min_samp -1950
77 meal max_samp 2022
77 meal min_power10 17.5
77 meal max_power90 45.9
77 story-bt comments SS  
77 story-bt missing nothing
77 story-bt duration_sec 47.5
77 story-bt dc_offset 42
77 story-bt min_samp -2510
77 story-bt max_samp 2254
77 story-bt min_power10 17.4
77 story-bt max_power90 44.4
77 story-at comments SS  
77 story-at missing nothing
77 story-at duration_sec 5.7
77 story-at dc_offset 42
77 story-at min_samp -1146
77 story-at max_samp 1046
77 story-at min_power10 17.4
77 story-at max_power90 43.1
77 gender male
77 age adult
77 connection average
77 intelligibility ok
