74 labeler khoward
74 label_date Thu Dec 26 14:20:18 PST 1991
74 nlang missing nothing
74 nlang duration_sec 0.9
74 nlang dc_offset 42
74 nlang min_samp -2018
74 nlang max_samp 2374
74 nlang min_power10 13.2
74 nlang max_power90 50.6
74 clang missing nothing
74 clang duration_sec 1.0
74 clang dc_offset 42
74 clang min_samp -1522
74 clang max_samp 1694
74 clang min_power10 13.6
74 clang max_power90 51.6
74 dowk missing nothing
74 dowk duration_sec 6.1
74 dowk dc_offset 42
74 dowk min_samp -3830
74 dowk max_samp 5742
74 dowk min_power10 13.4
74 dowk max_power90 56.6
74 nums missing nothing
74 nums duration_sec 9.8
74 nums dc_offset 42
74 nums min_samp -4674
74 nums max_samp 5318
74 nums min_power10 13.8
74 nums max_power90 54.8
74 htl missing nothing
74 htl duration_sec 3.1
74 htl dc_offset 42
74 htl min_samp -3470
74 htl max_samp 4066
74 htl min_power10 13.2
74 htl max_power90 53.8
74 htc comments CE  
74 htc missing CS
74 htc duration_sec 2.5
74 htc dc_offset 42
74 htc min_samp -2054
74 htc max_samp 3462
74 htc min_power10 13.4
74 htc max_power90 52.8
74 room comments CE  
74 room missing CS
74 room duration_sec 10.8
74 room dc_offset 42
74 room min_samp -1894
74 room max_samp 2014
74 room min_power10 13.5
74 room max_power90 51.4
74 meal comments CB  
74 meal missing CS
74 meal duration_sec 3.0
74 meal dc_offset 42
74 meal min_samp -2062
74 meal max_samp 3350
74 meal min_power10 17.0
74 meal max_power90 54.1
74 story-bt comments CE SS  
74 story-bt missing CS
74 story-bt duration_sec 49.3
74 story-bt dc_offset 42
74 story-bt min_samp -3566
74 story-bt max_samp 4642
74 story-bt min_power10 13.8
74 story-bt max_power90 53.0
74 story-at comments CB SS  
74 story-at missing CS
74 story-at duration_sec 6.2
74 story-at dc_offset 42
74 story-at min_samp -3914
74 story-at max_samp 4050
74 story-at min_power10 13.2
74 story-at max_power90 54.8
74 gender male
74 age adult
74 connection average
74 intelligibility ok
