89 labeler ames
89 label_date Mon Dec 30 09:20:16 PST 1991
89 nlang comments EN  
89 nlang missing nothing
89 nlang duration_sec 1.6
89 nlang dc_offset 42
89 nlang min_samp -1122
89 nlang max_samp 1386
89 nlang min_power10 11.2
89 nlang max_power90 45.7
89 clang comments EN  
89 clang missing nothing
89 clang duration_sec 2.3
89 clang dc_offset 42
89 clang min_samp -1442
89 clang max_samp 2294
89 clang min_power10 11.7
89 clang max_power90 49.9
89 dowk comments EN  
89 dowk missing 7th day
89 dowk duration_sec 3.9
89 dowk dc_offset 42
89 dowk min_samp -1414
89 dowk max_samp 1978
89 dowk min_power10 10.3
89 dowk max_power90 49.3
89 nums comments EN  
89 nums missing nothing
89 nums duration_sec 5.8
89 nums dc_offset 42
89 nums min_samp -1586
89 nums max_samp 1814
89 nums min_power10 10.7
89 nums max_power90 47.5
89 htl comments EN  
89 htl missing nothing
89 htl duration_sec 4.6
89 htl dc_offset 42
89 htl min_samp -1254
89 htl max_samp 1630
89 htl min_power10 10.6
89 htl max_power90 47.5
89 htc comments EN  
89 htc missing nothing
89 htc duration_sec 8.1
89 htc dc_offset 42
89 htc min_samp -2790
89 htc max_samp 3882
89 htc min_power10 10.1
89 htc max_power90 51.5
89 room comments CE EN  
89 room missing cs
89 room duration_sec 11.4
89 room dc_offset 42
89 room min_samp -1630
89 room max_samp 2546
89 room min_power10 10.4
89 room max_power90 48.2
89 meal comments EN  
89 meal missing nothing
89 meal duration_sec 8.0
89 meal dc_offset 42
89 meal min_samp -1942
89 meal max_samp 2494
89 meal min_power10 10.3
89 meal max_power90 47.8
89 story-bt comments CE EN SS  
89 story-bt missing cs
89 story-bt duration_sec 49.1
89 story-bt dc_offset 42
89 story-bt min_samp -1766
89 story-bt max_samp 1474
89 story-bt min_power10 10.0
89 story-bt max_power90 43.9
89 story-at comments CB EN SS  
89 story-at missing cs
89 story-at duration_sec 8.8
89 story-at dc_offset 42
89 story-at min_samp -954
89 story-at max_samp 1250
89 story-at min_power10 9.8
89 story-at max_power90 40.2
89 gender male
89 age adult
89 connection average
89 intelligibility ok
