80 labeler khoward
80 label_date Fri Dec 27 15:26:58 PST 1991
80 nlang comments ES  
80 nlang missing nothing
80 nlang duration_sec 1.4
80 nlang dc_offset 42
80 nlang min_samp -3794
80 nlang max_samp 4070
80 nlang min_power10 14.9
80 nlang max_power90 60.1
80 nums missing nothing
80 nums duration_sec 3.2
80 nums dc_offset 42
80 nums min_samp -2818
80 nums max_samp 3778
80 nums min_power10 16.5
80 nums max_power90 57.7
80 htl missing nothing
80 htl duration_sec 7.8
80 htl dc_offset 42
80 htl min_samp -3526
80 htl max_samp 4078
80 htl min_power10 13.5
80 htl max_power90 58.0
80 htc missing nothing
80 htc duration_sec 8.4
80 htc dc_offset 42
80 htc min_samp -4046
80 htc max_samp 4630
80 htc min_power10 13.8
80 htc max_power90 59.0
80 room comments SNL  
80 room missing nothing
80 room duration_sec 10.7
80 room dc_offset 42
80 room min_samp -4162
80 room max_samp 4130
80 room min_power10 14.0
80 room max_power90 58.3
80 meal comments CE
80 meal missing CS
80 meal duration_sec 8.5
80 meal dc_offset 42
80 meal min_samp -3802
80 meal max_samp 4118
80 meal min_power10 14.3
80 meal max_power90 61.4
80 story-bt comments CE SS  
80 story-bt missing CS
80 story-bt duration_sec 47.5
80 story-bt dc_offset 42
80 story-bt min_samp -4534
80 story-bt max_samp 4958
80 story-bt min_power10 15.3
80 story-bt max_power90 60.4
80 story-at comments CE SS  
80 story-at missing CS
80 story-at duration_sec 7.2
80 story-at dc_offset 42
80 story-at min_samp -4950
80 story-at max_samp 4990
80 story-at min_power10 16.8
80 story-at max_power90 62.5
80 gender male
80 age adult
80 connection average
80 intelligibility ok
