83 labeler ames
83 label_date Sun Dec 29 17:13:00 PST 1991
83 nlang comments EN  
83 nlang missing nothing
83 nlang duration_sec 1.5
83 nlang dc_offset 42
83 nlang min_samp -2358
83 nlang max_samp 2518
83 nlang min_power10 11.3
83 nlang max_power90 51.3
83 clang comments EN  
83 clang missing nothing
83 clang duration_sec 2.2
83 clang dc_offset 42
83 clang min_samp -1934
83 clang max_samp 2038
83 clang min_power10 10.7
83 clang max_power90 51.7
83 dowk comments CE EN  
83 dowk missing 6th 7th days
83 dowk duration_sec 6.5
83 dowk dc_offset 42
83 dowk min_samp -1322
83 dowk max_samp 1774
83 dowk min_power10 9.8
83 dowk max_power90 48.1
83 nums comments EN  
83 nums missing nothing
83 nums duration_sec 6.8
83 nums dc_offset 42
83 nums min_samp -1402
83 nums max_samp 1878
83 nums min_power10 10.9
83 nums max_power90 49.7
83 htl comments EN  
83 htl missing nothing
83 htl duration_sec 1.3
83 htl dc_offset 42
83 htl min_samp -1102
83 htl max_samp 2310
83 htl min_power10 10.4
83 htl max_power90 51.3
83 htc comments EN SNL  
83 htc missing nothing
83 htc duration_sec 4.7
83 htc dc_offset 42
83 htc min_samp -2210
83 htc max_samp 2622
83 htc min_power10 10.0
83 htc max_power90 52.3
83 room comments CE EN  
83 room missing cs
83 room duration_sec 11.3
83 room dc_offset 42
83 room min_samp -2758
83 room max_samp 2806
83 room min_power10 10.6
83 room max_power90 49.6
83 meal comments EN  
83 meal missing nothing
83 meal duration_sec 4.7
83 meal dc_offset 42
83 meal min_samp -2270
83 meal max_samp 3222
83 meal min_power10 10.9
83 meal max_power90 53.3
83 gender male
83 age adult
83 connection average
83 intelligibility ok
