99 labeler khoward
99 label_date Sat Mar 14 16:47:39 PST 1992
99 nlang missing nothing
99 nlang duration_sec 0.9
99 nlang dc_offset 42
99 nlang min_samp -3598
99 nlang max_samp 4202
99 nlang min_power10 10.9
99 nlang max_power90 58.3
99 clang missing nothing
99 clang duration_sec 1.0
99 clang dc_offset 42
99 clang min_samp -4546
99 clang max_samp 5666
99 clang min_power10 12.1
99 clang max_power90 58.2
99 dowk comments CE  
99 dowk missing Friday Saturday?
99 dowk duration_sec 6.0
99 dowk dc_offset 42
99 dowk min_samp -4058
99 dowk max_samp 4582
99 dowk min_power10 11.4
99 dowk max_power90 55.2
99 nums comments CE  
99 nums missing 7 8 9 10?
99 nums duration_sec 8.5
99 nums dc_offset 42
99 nums min_samp -3066
99 nums max_samp 2562
99 nums min_power10 11.4
99 nums max_power90 52.8
99 htl missing nothing
99 htl duration_sec 2.1
99 htl dc_offset 42
99 htl min_samp -1558
99 htl max_samp 1794
99 htl min_power10 14.5
99 htl max_power90 50.8
99 htc missing nothing
99 htc duration_sec 3.6
99 htc dc_offset 42
99 htc min_samp -1550
99 htc max_samp 2690
99 htc min_power10 11.2
99 htc max_power90 48.7
99 room comments BN EN  
99 room missing nothing
99 room duration_sec 11.2
99 room dc_offset 42
99 room min_samp -2894
99 room max_samp 3026
99 room min_power10 12.2
99 room max_power90 51.5
99 meal comments SNL  
99 meal missing nothing
99 meal duration_sec 8.4
99 meal dc_offset 42
99 meal min_samp -2246
99 meal max_samp 3130
99 meal min_power10 10.7
99 meal max_power90 48.9
99 gender male
99 age adult
99 connection average
99 intelligibility ok
