107 labeler ames
107 label_date Thu Mar 19 10:27:02 PST 1992
107 nlang comments EN  
107 nlang missing nothing
107 nlang duration_sec 0.8
107 nlang dc_offset 42
107 nlang min_samp -1758
107 nlang max_samp 1446
107 nlang min_power10 20.7
107 nlang max_power90 51.9
107 clang comments EN  
107 clang missing nothing
107 clang duration_sec 1.6
107 clang dc_offset 42
107 clang min_samp -2822
107 clang max_samp 3478
107 clang min_power10 21.1
107 clang max_power90 58.3
107 dowk comments CE EN  
107 dowk missing 6th 7th days
107 dowk duration_sec 6.0
107 dowk dc_offset 42
107 dowk min_samp -2430
107 dowk max_samp 2350
107 dowk min_power10 20.4
107 dowk max_power90 52.6
107 nums comments CE EN  
107 nums missing 8 9 10
107 nums duration_sec 9.0
107 nums dc_offset 42
107 nums min_samp -1462
107 nums max_samp 1626
107 nums min_power10 20.2
107 nums max_power90 51.0
107 htl comments CE EN  
107 htl missing cs
107 htl duration_sec 4.4
107 htl dc_offset 42
107 htl min_samp -3034
107 htl max_samp 2886
107 htl min_power10 20.3
107 htl max_power90 55.2
107 htc comments EN  
107 htc missing nothing
107 htc duration_sec 1.6
107 htc dc_offset 42
107 htc min_samp -3354
107 htc max_samp 3682
107 htc min_power10 22.4
107 htc max_power90 60.6
107 room comments CE EN ES SNL  
107 room missing cs
107 room duration_sec 8.9
107 room dc_offset 42
107 room min_samp -1602
107 room max_samp 2014
107 room min_power10 21.2
107 room max_power90 52.0
107 meal comments EN ES  
107 meal missing nothing
107 meal duration_sec 5.9
107 meal dc_offset 42
107 meal min_samp -2830
107 meal max_samp 3262
107 meal min_power10 21.4
107 meal max_power90 51.1
107 story-bt comments CE EN SS ES SNL  
107 story-bt missing cs
107 story-bt duration_sec 47.5
107 story-bt dc_offset 42
107 story-bt min_samp -2566
107 story-bt max_samp 2274
107 story-bt min_power10 21.3
107 story-bt max_power90 50.7
107 story-at comments CB CE EN SS  
107 story-at missing cs
107 story-at duration_sec 9.4
107 story-at dc_offset 42
107 story-at min_samp -1882
107 story-at max_samp 1662
107 story-at min_power10 21.9
107 story-at max_power90 48.8
107 gender male
107 age adult
107 connection average
107 intelligibility ok
