104 labeler ames
104 label_date Wed Mar 18 09:35:02 PST 1992
104 nlang comments EN  
104 nlang missing nothing
104 nlang duration_sec 0.7
104 nlang dc_offset 42
104 nlang min_samp -4982
104 nlang max_samp 5254
104 nlang min_power10 11.3
104 nlang max_power90 63.4
104 clang comments CE EN  
104 clang missing cs
104 clang duration_sec 2.1
104 clang dc_offset 42
104 clang min_samp -4806
104 clang max_samp 3710
104 clang min_power10 14.4
104 clang max_power90 60.6
104 dowk comments EN  
104 dowk missing nothing
104 dowk duration_sec 4.9
104 dowk dc_offset 42
104 dowk min_samp -4990
104 dowk max_samp 4146
104 dowk min_power10 17.4
104 dowk max_power90 59.8
104 nums comments EN  
104 nums missing nothing
104 nums duration_sec 7.4
104 nums dc_offset 42
104 nums min_samp -2786
104 nums max_samp 3038
104 nums min_power10 13.9
104 nums max_power90 56.7
104 htl comments CE EN ES  
104 htl missing cs
104 htl duration_sec 8.8
104 htl dc_offset 42
104 htl min_samp -4126
104 htl max_samp 3486
104 htl min_power10 14.4
104 htl max_power90 56.6
104 htc comments CE EN ES SNL  
104 htc missing cs
104 htc duration_sec 8.4
104 htc dc_offset 42
104 htc min_samp -4762
104 htc max_samp 3618
104 htc min_power10 16.4
104 htc max_power90 59.4
104 room comments EN ES  
104 room missing nothing
104 room duration_sec 10.2
104 room dc_offset 42
104 room min_samp -3562
104 room max_samp 2662
104 room min_power10 19.5
104 room max_power90 55.6
104 meal comments CE EN ES SNL  
104 meal missing cs
104 meal duration_sec 9.2
104 meal dc_offset 42
104 meal min_samp -3198
104 meal max_samp 3198
104 meal min_power10 14.6
104 meal max_power90 57.4
104 story-bt comments CE EN SS ES  
104 story-bt missing cs
104 story-bt duration_sec 49.0
104 story-bt dc_offset 42
104 story-bt min_samp -5238
104 story-bt max_samp 4646
104 story-bt min_power10 17.0
104 story-bt max_power90 56.9
104 story-at comments CB EN SS ES  
104 story-at missing cs
104 story-at duration_sec 8.1
104 story-at dc_offset 42
104 story-at min_samp -3166
104 story-at max_samp 2310
104 story-at min_power10 13.9
104 story-at max_power90 54.6
104 gender male
104 age adult
104 connection average
104 intelligibility ok
