108 labeler ames
108 label_date Thu Mar 19 10:01:58 PST 1992
108 nlang comments EN  
108 nlang missing nothing
108 nlang duration_sec 0.7
108 nlang dc_offset 42
108 nlang min_samp -626
108 nlang max_samp 858
108 nlang min_power10 10.6
108 nlang max_power90 42.0
108 clang comments EN  
108 clang missing nothing
108 clang duration_sec 0.8
108 clang dc_offset 42
108 clang min_samp -514
108 clang max_samp 638
108 clang min_power10 10.7
108 clang max_power90 40.4
108 dowk comments EN  
108 dowk missing nothing
108 dowk duration_sec 7.3
108 dowk dc_offset 42
108 dowk min_samp -510
108 dowk max_samp 694
108 dowk min_power10 11.5
108 dowk max_power90 39.1
108 nums comments EN  
108 nums missing nothing
108 nums duration_sec 7.3
108 nums dc_offset 42
108 nums min_samp -890
108 nums max_samp 954
108 nums min_power10 12.9
108 nums max_power90 39.8
108 htl comments EN  
108 htl missing nothing
108 htl duration_sec 4.4
108 htl dc_offset 42
108 htl min_samp -406
108 htl max_samp 602
108 htl min_power10 11.2
108 htl max_power90 38.9
108 htc comments CE EN ES  
108 htc missing cs
108 htc duration_sec 7.3
108 htc dc_offset 42
108 htc min_samp -462
108 htc max_samp 602
108 htc min_power10 13.0
108 htc max_power90 42.1
108 room comments CE EN ES  
108 room missing cs
108 room duration_sec 10.2
108 room dc_offset 42
108 room min_samp -550
108 room max_samp 738
108 room min_power10 12.3
108 room max_power90 41.0
108 meal comments EN ES SNL  
108 meal missing nothing
108 meal duration_sec 5.8
108 meal dc_offset 42
108 meal min_samp -890
108 meal max_samp 1226
108 meal min_power10 12.1
108 meal max_power90 43.8
108 story-bt comments CE EN SS ES  
108 story-bt missing cs
108 story-bt duration_sec 46.4
108 story-bt dc_offset 42
108 story-bt min_samp -738
108 story-bt max_samp 1038
108 story-bt min_power10 11.9
108 story-bt max_power90 41.7
108 story-at comments CB EN SS  
108 story-at missing cs
108 story-at duration_sec 2.6
108 story-at dc_offset 42
108 story-at min_samp -466
108 story-at max_samp 654
108 story-at min_power10 11.4
108 story-at max_power90 39.9
108 gender male
108 age adult
108 connection poor
108 intelligibility ok
