111 labeler ames
111 label_date Fri Mar 20 08:19:08 PST 1992
111 nlang comments EN  
111 nlang missing nothing
111 nlang duration_sec 0.7
111 nlang dc_offset 43
111 nlang min_samp -6951
111 nlang max_samp 6045
111 nlang min_power10 24.4
111 nlang max_power90 62.7
111 clang comments EN  
111 clang missing nothing
111 clang duration_sec 1.2
111 clang dc_offset 43
111 clang min_samp -4667
111 clang max_samp 4297
111 clang min_power10 24.0
111 clang max_power90 60.0
111 dowk comments CE EN  
111 dowk missing 7th day
111 dowk duration_sec 4.8
111 dowk dc_offset 43
111 dowk min_samp -3363
111 dowk max_samp 3313
111 dowk min_power10 24.0
111 dowk max_power90 59.7
111 nums comments EN  
111 nums missing nothing
111 nums duration_sec 8.2
111 nums dc_offset 43
111 nums min_samp -4219
111 nums max_samp 4417
111 nums min_power10 24.3
111 nums max_power90 59.1
111 htl comments CE EN  
111 htl missing cs
111 htl duration_sec 8.0
111 htl dc_offset 43
111 htl min_samp -4671
111 htl max_samp 5061
111 htl min_power10 23.8
111 htl max_power90 58.1
111 htc comments CE EN SNL  
111 htc missing cs
111 htc duration_sec 8.9
111 htc dc_offset 43
111 htc min_samp -5747
111 htc max_samp 4801
111 htc min_power10 24.0
111 htc max_power90 60.7
111 room comments CE EN SNL  
111 room missing cs
111 room duration_sec 11.2
111 room dc_offset 43
111 room min_samp -7699
111 room max_samp 6621
111 room min_power10 24.0
111 room max_power90 58.8
111 meal comments CE EN  
111 meal missing cs
111 meal duration_sec 7.9
111 meal dc_offset 43
111 meal min_samp -5471
111 meal max_samp 5085
111 meal min_power10 23.8
111 meal max_power90 57.8
111 story-bt comments CE EN SS ES SNL  
111 story-bt missing cs
111 story-bt duration_sec 48.6
111 story-bt dc_offset 43
111 story-bt min_samp -6211
111 story-bt max_samp 6117
111 story-bt min_power10 23.8
111 story-bt max_power90 58.7
111 story-at comments CB EN SS  
111 story-at missing cs
111 story-at duration_sec 3.9
111 story-at dc_offset 42
111 story-at min_samp -2854
111 story-at max_samp 3042
111 story-at min_power10 24.5
111 story-at max_power90 58.0
111 gender male
111 age adult
111 connection average
111 intelligibility ok
