110 labeler ames
110 label_date Thu Mar 19 10:42:28 PST 1992
110 nlang comments EN  
110 nlang missing nothing
110 nlang duration_sec 0.8
110 nlang dc_offset 42
110 nlang min_samp -2282
110 nlang max_samp 2134
110 nlang min_power10 21.7
110 nlang max_power90 53.7
110 clang comments EN  
110 clang missing nothing
110 clang duration_sec 0.8
110 clang dc_offset 42
110 clang min_samp -1670
110 clang max_samp 1878
110 clang min_power10 21.5
110 clang max_power90 50.2
110 dowk comments EN  
110 dowk missing nothing
110 dowk duration_sec 5.5
110 dowk dc_offset 42
110 dowk min_samp -1810
110 dowk max_samp 1626
110 dowk min_power10 22.0
110 dowk max_power90 50.0
110 nums comments CB EN  
110 nums missing 0
110 nums duration_sec 8.9
110 nums dc_offset 42
110 nums min_samp -1686
110 nums max_samp 1582
110 nums min_power10 21.8
110 nums max_power90 47.8
110 htl comments EN  
110 htl missing nothing
110 htl duration_sec 7.2
110 htl dc_offset 42
110 htl min_samp -1450
110 htl max_samp 1526
110 htl min_power10 22.1
110 htl max_power90 44.9
110 htc comments EN  
110 htc missing nothing
110 htc duration_sec 4.4
110 htc dc_offset 42
110 htc min_samp -1358
110 htc max_samp 1126
110 htc min_power10 22.5
110 htc max_power90 45.4
110 room comments EN ES  
110 room missing nothing
110 room duration_sec 8.3
110 room dc_offset 42
110 room min_samp -1630
110 room max_samp 1122
110 room min_power10 21.4
110 room max_power90 45.5
110 meal comments CB CE EN  
110 meal missing cs
110 meal duration_sec 9.5
110 meal dc_offset 42
110 meal min_samp -3606
110 meal max_samp 3570
110 meal min_power10 21.5
110 meal max_power90 48.4
110 story-bt comments CE EN ES  
110 story-bt missing cs
110 story-bt duration_sec 45.4
110 story-bt dc_offset 42
110 story-bt min_samp -2862
110 story-bt max_samp 2438
110 story-bt min_power10 21.2
110 story-bt max_power90 40.0
110 story-at comments CB CE EN  
110 story-at missing cs
110 story-at duration_sec 9.4
110 story-at dc_offset 42
110 story-at min_samp -1454
110 story-at max_samp 1330
110 story-at min_power10 21.7
110 story-at max_power90 42.1
110 gender male
110 age adult
110 connection poor
110 intelligibility ok
