124 labeler ames
124 label_date Fri Mar 20 10:27:56 PST 1992
124 nlang comments EN  
124 nlang missing nothing
124 nlang duration_sec 1.7
124 nlang dc_offset 42
124 nlang min_samp -2086
124 nlang max_samp 2678
124 nlang min_power10 23.2
124 nlang max_power90 55.5
124 clang comments CE EN  
124 clang missing cs
124 clang duration_sec 1.9
124 clang dc_offset 42
124 clang min_samp -1722
124 clang max_samp 1950
124 clang min_power10 23.4
124 clang max_power90 54.9
124 dowk comments EN  
124 dowk missing nothing
124 dowk duration_sec 3.7
124 dowk dc_offset 42
124 dowk min_samp -1750
124 dowk max_samp 2126
124 dowk min_power10 23.0
124 dowk max_power90 54.0
124 nums comments EN  
124 nums missing nothing
124 nums duration_sec 5.7
124 nums dc_offset 42
124 nums min_samp -1526
124 nums max_samp 1622
124 nums min_power10 23.4
124 nums max_power90 51.5
124 htl comments EN  
124 htl missing nothing
124 htl duration_sec 6.2
124 htl dc_offset 42
124 htl min_samp -1318
124 htl max_samp 1358
124 htl min_power10 22.5
124 htl max_power90 50.5
124 htc comments CE EN ES SNL  
124 htc missing cs
124 htc duration_sec 8.6
124 htc dc_offset 42
124 htc min_samp -1598
124 htc max_samp 2258
124 htc min_power10 23.7
124 htc max_power90 52.2
124 room comments CE EN ES SNL  
124 room missing cs
124 room duration_sec 11.0
124 room dc_offset 42
124 room min_samp -1278
124 room max_samp 1202
124 room min_power10 23.4
124 room max_power90 47.4
124 meal comments CE EN ES  
124 meal missing cs
124 meal duration_sec 9.4
124 meal dc_offset 42
124 meal min_samp -1882
124 meal max_samp 2458
124 meal min_power10 22.7
124 meal max_power90 47.8
124 story-bt comments CE EN SS ES  
124 story-bt missing cs
124 story-bt duration_sec 49.3
124 story-bt dc_offset 42
124 story-bt min_samp -2270
124 story-bt max_samp 2362
124 story-bt min_power10 23.8
124 story-bt max_power90 50.7
124 story-at comments BN CB CE SS  
124 story-at missing cs
124 story-at duration_sec 4.5
124 story-at dc_offset 42
124 story-at min_samp -2234
124 story-at max_samp 3174
124 story-at min_power10 22.5
124 story-at max_power90 52.8
124 gender male
124 age adult
124 connection average
124 intelligibility ok
