121 labeler ames
121 label_date Fri Mar 20 09:52:23 PST 1992
121 nlang comments EN  
121 nlang missing nothing
121 nlang duration_sec 0.7
121 nlang dc_offset 43
121 nlang min_samp -5403
121 nlang max_samp 7645
121 nlang min_power10 18.0
121 nlang max_power90 66.8
121 clang comments EN  
121 clang missing nothing
121 clang duration_sec 0.7
121 clang dc_offset 42
121 clang min_samp -6726
121 clang max_samp 13506
121 clang min_power10 19.2
121 clang max_power90 67.1
121 nums comments EN  
121 nums missing nothing
121 nums duration_sec 5.0
121 nums dc_offset 43
121 nums min_samp -7127
121 nums max_samp 10229
121 nums min_power10 25.1
121 nums max_power90 66.9
121 htl comments CE EN ES 
121 htl missing cs
121 htl duration_sec 7.9
121 htl dc_offset 42
121 htl min_samp -7770
121 htl max_samp 9774
121 htl min_power10 26.4
121 htl max_power90 66.6
121 htc comments CE EN ES SNL  
121 htc missing cs
121 htc duration_sec 8.9
121 htc dc_offset 42
121 htc min_samp -6650
121 htc max_samp 11446
121 htc min_power10 21.0
121 htc max_power90 67.4
121 room comments CE ES SNL  
121 room missing cs
121 room duration_sec 9.8
121 room dc_offset 42
121 room min_samp -7570
121 room max_samp 10190
121 room min_power10 21.3
121 room max_power90 66.5
121 meal comments ES SNL  
121 meal missing nothing
121 meal duration_sec 8.0
121 meal dc_offset 42
121 meal min_samp -8006
121 meal max_samp 9822
121 meal min_power10 19.3
121 meal max_power90 65.5
121 story-bt comments CE SS ES SNL  
121 story-bt missing cs
121 story-bt duration_sec 47.4
121 story-bt dc_offset 42
121 story-bt min_samp -10518
121 story-bt max_samp 11702
121 story-bt min_power10 21.8
121 story-bt max_power90 66.1
121 story-at comments CB SS ES SNL  
121 story-at missing cs
121 story-at duration_sec 6.1
121 story-at dc_offset 42
121 story-at min_samp -5454
121 story-at max_samp 5822
121 story-at min_power10 20.7
121 story-at max_power90 63.0
121 gender male
121 age adult
121 connection good
121 intelligibility ok
