122 labeler ames
122 label_date Fri Mar 20 10:01:54 PST 1992
122 nlang missing nothing
122 nlang duration_sec 0.7
122 nlang dc_offset 42
122 nlang min_samp -12422
122 nlang max_samp 12222
122 nlang min_power10 20.9
122 nlang max_power90 68.9
122 clang missing nothing
122 clang duration_sec 0.7
122 clang dc_offset 42
122 clang min_samp -9458
122 clang max_samp 10598
122 clang min_power10 22.5
122 clang max_power90 68.6
122 dowk missing nothing
122 dowk duration_sec 4.2
122 dowk dc_offset 43
122 dowk min_samp -13063
122 dowk max_samp 11661
122 dowk min_power10 22.2
122 dowk max_power90 70.7
122 nums comments CE  
122 nums missing 8 9 10
122 nums duration_sec 6.8
122 nums dc_offset 42
122 nums min_samp -12902
122 nums max_samp 9826
122 nums min_power10 23.0
122 nums max_power90 69.2
122 htl comments CE  
122 htl missing cs
122 htl duration_sec 8.8
122 htl dc_offset 42
122 htl min_samp -12870
122 htl max_samp 10598
122 htl min_power10 22.8
122 htl max_power90 68.7
122 htc comments CE ES  
122 htc missing cs
122 htc duration_sec 6.7
122 htc dc_offset 42
122 htc min_samp -12390
122 htc max_samp 10606
122 htc min_power10 21.0
122 htc max_power90 68.6
122 room comments CE EN ES SNL 
122 room missing cs
122 room duration_sec 11.3
122 room dc_offset 43
122 room min_samp -13319
122 room max_samp 11745
122 room min_power10 21.3
122 room max_power90 67.9
122 meal comments CE EN  
122 meal missing cs
122 meal duration_sec 9.7
122 meal dc_offset 43
122 meal min_samp -12823
122 meal max_samp 10173
122 meal min_power10 22.2
122 meal max_power90 67.8
122 story-bt comments CE EN SS ES  
122 story-bt missing cs
122 story-bt duration_sec 48.0
122 story-bt dc_offset 42
122 story-bt min_samp -13766
122 story-bt max_samp 12054
122 story-bt min_power10 21.5
122 story-bt max_power90 67.5
122 story-at comments CB CE EN SS ES  
122 story-at missing cs
122 story-at duration_sec 8.4
122 story-at dc_offset 42
122 story-at min_samp -11350
122 story-at max_samp 9054
122 story-at min_power10 20.0
122 story-at max_power90 64.0
122 gender male
122 age adult
122 connection good
122 intelligibility ok
