129 labeler ames
129 label_date Fri Mar 20 11:32:14 PST 1992
129 nlang comments EN  
129 nlang missing nothing
129 nlang duration_sec 0.9
129 nlang dc_offset 42
129 nlang min_samp -2894
129 nlang max_samp 2782
129 nlang min_power10 18.4
129 nlang max_power90 53.5
129 clang comments EN SNL  
129 clang missing nothing
129 clang duration_sec 1.6
129 clang dc_offset 42
129 clang min_samp -2846
129 clang max_samp 2554
129 clang min_power10 19.4
129 clang max_power90 56.0
129 dowk comments EN  
129 dowk missing nothing
129 dowk duration_sec 3.7
129 dowk dc_offset 42
129 dowk min_samp -1638
129 dowk max_samp 2038
129 dowk min_power10 20.4
129 dowk max_power90 51.4
129 nums comments EN  
129 nums missing nothing
129 nums duration_sec 6.5
129 nums dc_offset 42
129 nums min_samp -1734
129 nums max_samp 2374
129 nums min_power10 19.7
129 nums max_power90 51.2
129 htl comments EN  
129 htl missing nothing
129 htl duration_sec 6.8
129 htl dc_offset 42
129 htl min_samp -2702
129 htl max_samp 1946
129 htl min_power10 17.6
129 htl max_power90 42.9
129 htc comments CE EN  
129 htc missing cs
129 htc duration_sec 6.9
129 htc dc_offset 42
129 htc min_samp -2254
129 htc max_samp 1854
129 htc min_power10 18.8
129 htc max_power90 49.4
129 room comments CE EN ES  
129 room missing cs
129 room duration_sec 9.7
129 room dc_offset 42
129 room min_samp -4406
129 room max_samp 6006
129 room min_power10 18.8
129 room max_power90 53.4
129 meal comments EN ES SNL  
129 meal missing nothing
129 meal duration_sec 8.0
129 meal dc_offset 42
129 meal min_samp -3382
129 meal max_samp 3230
129 meal min_power10 17.3
129 meal max_power90 49.0
129 story-bt comments CE EN SS ES  
129 story-bt missing cs
129 story-bt duration_sec 48.4
129 story-bt dc_offset 42
129 story-bt min_samp -4526
129 story-bt max_samp 4406
129 story-bt min_power10 19.3
129 story-bt max_power90 54.1
129 story-at comments CB CE EN SS ES  
129 story-at missing cs
129 story-at duration_sec 8.0
129 story-at dc_offset 42
129 story-at min_samp -4014
129 story-at max_samp 3742
129 story-at min_power10 20.2
129 story-at max_power90 56.9
129 gender male
129 age adult
129 connection average
129 intelligibility ok
