132 labeler ames
132 label_date Sun Mar 22 13:35:15 PST 1992
132 nlang missing nothing
132 nlang duration_sec 0.9
132 nlang dc_offset 42
132 nlang min_samp -8230
132 nlang max_samp 8182
132 nlang min_power10 22.0
132 nlang max_power90 67.2
132 clang comments BN  
132 clang missing nothing
132 clang duration_sec 2.6
132 clang dc_offset 42
132 clang min_samp -6938
132 clang max_samp 9934
132 clang min_power10 21.8
132 clang max_power90 63.0
132 dowk comments BN  
132 dowk missing nothing
132 dowk duration_sec 5.4
132 dowk dc_offset 42
132 dowk min_samp -7514
132 dowk max_samp 7314
132 dowk min_power10 20.9
132 dowk max_power90 64.5
132 nums comments BN CE  
132 nums missing 0 10
132 nums duration_sec 7.6
132 nums dc_offset 42
132 nums min_samp -4942
132 nums max_samp 5298
132 nums min_power10 20.8
132 nums max_power90 59.9
132 htl comments BN EN  
132 htl missing nothing
132 htl duration_sec 7.5
132 htl dc_offset 42
132 htl min_samp -7646
132 htl max_samp 10638
132 htl min_power10 20.1
132 htl max_power90 62.3
132 htc comments BN CE  
132 htc missing cs
132 htc duration_sec 8.9
132 htc dc_offset 42
132 htc min_samp -7542
132 htc max_samp 7350
132 htc min_power10 20.7
132 htc max_power90 62.8
132 room comments CE  
132 room missing cs
132 room duration_sec 6.6
132 room dc_offset 42
132 room min_samp -8126
132 room max_samp 10046
132 room min_power10 20.7
132 room max_power90 62.1
132 meal comments CE ES  
132 meal missing cs
132 meal duration_sec 9.5
132 meal dc_offset 42
132 meal min_samp -6650
132 meal max_samp 6946
132 meal min_power10 20.1
132 meal max_power90 58.9
132 story-bt comments CE EN SS SNL  
132 story-bt missing cs
132 story-bt duration_sec 47.5
132 story-bt dc_offset 42
132 story-bt min_samp -10950
132 story-bt max_samp 11054
132 story-bt min_power10 21.6
132 story-bt max_power90 61.2
132 story-at comments CB EN SS  
132 story-at missing cs
132 story-at duration_sec 7.5
132 story-at dc_offset 42
132 story-at min_samp -7934
132 story-at max_samp 9870
132 story-at min_power10 19.9
132 story-at max_power90 63.4
132 gender male
132 age adult
132 connection average
132 intelligibility ok
