3 labeler khoward
3 label_date Thu Aug  8 09:56:55 PDT 1991
3 dowk comments EN  
3 dowk missing nothing
3 dowk duration_sec 7.5
3 dowk dc_offset 42
3 dowk min_samp -3290
3 dowk max_samp 2646
3 dowk min_power10 21.6
3 dowk max_power90 52.8
3 htl comments CB  
3 htl missing CS
3 htl duration_sec 2.9
3 htl dc_offset 42
3 htl min_samp -3474
3 htl max_samp 3158
3 htl min_power10 22.2
3 htl max_power90 54.1
3 htc missing nothing
3 htc duration_sec 4.4
3 htc dc_offset 42
3 htc min_samp -2114
3 htc max_samp 2082
3 htc min_power10 21.6
3 htc max_power90 53.9
3 room missing nothing
3 room duration_sec 8.5
3 room dc_offset 42
3 room min_samp -3614
3 room max_samp 4822
3 room min_power10 20.1
3 room max_power90 54.7
3 story-bt comments CE RS  
3 story-bt missing CS
3 story-bt duration_sec 48.8
3 story-bt dc_offset 42
3 story-bt min_samp -7394
3 story-bt max_samp 8462
3 story-bt min_power10 22.0
3 story-bt max_power90 55.8
3 story-at comments CB CE RS  
3 story-at missing CS
3 story-at duration_sec 9.7
3 story-at dc_offset 42
3 story-at min_samp -6222
3 story-at max_samp 5506
3 story-at min_power10 22.9
3 story-at max_power90 57.7
3 gender male
3 age adult
3 connection average
3 intelligibility ok
