9 labeler khoward
9 label_date Wed Jul 10 10:50:27 PDT 1991
9 nlang missing nothing
9 nlang duration_sec 0.8
9 nlang dc_offset 42
9 nlang min_samp -6678
9 nlang max_samp 5138
9 nlang min_power10 21.3
9 nlang max_power90 61.7
9 clang missing nothing
9 clang duration_sec 0.7
9 clang dc_offset 42
9 clang min_samp -4062
9 clang max_samp 4494
9 clang min_power10 22.7
9 clang max_power90 58.9
9 dowk comments CB  
9 dowk missing Sunday
9 dowk duration_sec 4.8
9 dowk dc_offset 42
9 dowk min_samp -9430
9 dowk max_samp 6190
9 dowk min_power10 19.8
9 dowk max_power90 58.2
9 nums comments BN  
9 nums missing nothing
9 nums duration_sec 8.9
9 nums dc_offset 42
9 nums min_samp -6602
9 nums max_samp 5730
9 nums min_power10 17.4
9 nums max_power90 58.4
9 htl comments BN  
9 htl missing nothing
9 htl duration_sec 1.1
9 htl dc_offset 42
9 htl min_samp -7462
9 htl max_samp 6698
9 htl min_power10 27.6
9 htl max_power90 63.2
9 htc comments BN  
9 htc missing nothing
9 htc duration_sec 10.7
9 htc dc_offset 42
9 htc min_samp -6862
9 htc max_samp 5570
9 htc min_power10 17.2
9 htc max_power90 56.1
9 room comments BN  
9 room missing nothing
9 room duration_sec 8.5
9 room dc_offset 42
9 room min_samp -6850
9 room max_samp 6206
9 room min_power10 19.4
9 room max_power90 58.6
9 meal comments BN EN  
9 meal missing nothing
9 meal duration_sec 4.1
9 meal dc_offset 42
9 meal min_samp -4954
9 meal max_samp 5110
9 meal min_power10 16.5
9 meal max_power90 57.5
9 story-bt comments BN CE EN RS SS  
9 story-bt missing CS
9 story-bt duration_sec 48.4
9 story-bt dc_offset 42
9 story-bt min_samp -6634
9 story-bt max_samp 5678
9 story-bt min_power10 19.6
9 story-bt max_power90 57.9
9 story-at comments BN EN  
9 story-at missing nothing
9 story-at duration_sec 6.1
9 story-at dc_offset 42
9 story-at min_samp -5466
9 story-at max_samp 5198
9 story-at min_power10 19.2
9 story-at max_power90 58.3
9 gender male
9 age adult
9 connection average
9 intelligibility ok
