4 labeler khoward
4 label_date Tue Jul  2 16:02:22 PDT 1991
4 nlang missing nothing
4 nlang duration_sec 0.5
4 nlang dc_offset 42
4 nlang min_samp -3878
4 nlang max_samp 5138
4 nlang min_power10 21.5
4 nlang max_power90 58.5
4 clang missing nothing
4 clang duration_sec 0.7
4 clang dc_offset 42
4 clang min_samp -4514
4 clang max_samp 4730
4 clang min_power10 22.1
4 clang max_power90 60.1
4 dowk missing nothing
4 dowk duration_sec 4.2
4 dowk dc_offset 42
4 dowk min_samp -4290
4 dowk max_samp 8310
4 dowk min_power10 24.2
4 dowk max_power90 58.9
4 nums missing nothing
4 nums duration_sec 5.4
4 nums dc_offset 42
4 nums min_samp -4614
4 nums max_samp 4942
4 nums min_power10 23.0
4 nums max_power90 57.6
4 htl missing nothing
4 htl duration_sec 11.1
4 htl dc_offset 42
4 htl min_samp -9450
4 htl max_samp 8694
4 htl min_power10 24.6
4 htl max_power90 62.0
4 htc missing nothing
4 htc duration_sec 11.1
4 htc dc_offset 42
4 htc min_samp -9718
4 htc max_samp 9434
4 htc min_power10 23.4
4 htc max_power90 61.7
4 room missing nothing
4 room duration_sec 23.3
4 room dc_offset 42
4 room min_samp -13830
4 room max_samp 9558
4 room min_power10 23.8
4 room max_power90 59.2
4 meal missing nothing
4 meal duration_sec 15.2
4 meal dc_offset 42
4 meal min_samp -6442
4 meal max_samp 6690
4 meal min_power10 25.5
4 meal max_power90 58.4
4 story-bt comments CE  
4 story-bt missing CS
4 story-bt duration_sec 49.1
4 story-bt dc_offset 42
4 story-bt min_samp -8534
4 story-bt max_samp 9758
4 story-bt min_power10 24.4
4 story-bt max_power90 58.2
4 story-at comments EN  
4 story-at missing nothing
4 story-at duration_sec 5.3
4 story-at dc_offset 42
4 story-at min_samp -3114
4 story-at max_samp 4262
4 story-at min_power10 22.3
4 story-at max_power90 52.2
4 gender male
4 age adult
4 connection average
4 intelligibility ok
