17 labeler khoward
17 label_date Wed Jul 10 11:31:32 PDT 1991
17 nlang comments BN  
17 nlang missing nothing
17 nlang duration_sec 0.9
17 nlang dc_offset 42
17 nlang min_samp -2794
17 nlang max_samp 2258
17 nlang min_power10 20.2
17 nlang max_power90 56.0
17 clang comments BN  
17 clang missing nothing
17 clang duration_sec 0.8
17 clang dc_offset 42
17 clang min_samp -3062
17 clang max_samp 3530
17 clang min_power10 11.7
17 clang max_power90 54.7
17 dowk missing nothing
17 dowk duration_sec 7.1
17 dowk dc_offset 42
17 dowk min_samp -4310
17 dowk max_samp 4158
17 dowk min_power10 10.9
17 dowk max_power90 54.3
17 nums comments BN EN  
17 nums missing nothing
17 nums duration_sec 7.7
17 nums dc_offset 42
17 nums min_samp -4390
17 nums max_samp 3982
17 nums min_power10 10.6
17 nums max_power90 50.1
17 htl comments BN  
17 htl missing nothing
17 htl duration_sec 8.5
17 htl dc_offset 42
17 htl min_samp -3734
17 htl max_samp 3326
17 htl min_power10 12.3
17 htl max_power90 54.8
17 htc comments CE EN  
17 htc missing CS
17 htc duration_sec 7.1
17 htc dc_offset 42
17 htc min_samp -3062
17 htc max_samp 2702
17 htc min_power10 11.2
17 htc max_power90 51.7
17 room comments EN  
17 room missing nothing
17 room duration_sec 4.8
17 room dc_offset 42
17 room min_samp -4346
17 room max_samp 3946
17 room min_power10 15.7
17 room max_power90 57.6
17 meal comments EN  
17 meal missing nothing
17 meal duration_sec 5.2
17 meal dc_offset 42
17 meal min_samp -5110
17 meal max_samp 4078
17 meal min_power10 13.5
17 meal max_power90 56.5
17 story-at comments EN SS  
17 story-at missing nothing
17 story-at duration_sec 9.1
17 story-at dc_offset 42
17 story-at min_samp -4742
17 story-at max_samp 3334
17 story-at min_power10 18.8
17 story-at max_power90 55.3
17 gender male
17 age adult
17 connection average
17 intelligibility ok
