25 labeler khoward
25 label_date Tue Aug  6 16:39:15 PDT 1991
25 nlang missing nothing
25 nlang duration_sec 0.7
25 nlang dc_offset 42
25 nlang min_samp -886
25 nlang max_samp 830
25 nlang min_power10 14.5
25 nlang max_power90 47.1
25 dowk comments CE  
25 dowk missing Saturday Sunday
25 dowk duration_sec 7.0
25 dowk dc_offset 42
25 dowk min_samp -1450
25 dowk max_samp 2322
25 dowk min_power10 14.3
25 dowk max_power90 49.8
25 nums missing 0
25 nums duration_sec 8.8
25 nums dc_offset 42
25 nums min_samp -1426
25 nums max_samp 1878
25 nums min_power10 14.6
25 nums max_power90 46.4
25 htl missing nothing
25 htl duration_sec 3.1
25 htl dc_offset 42
25 htl min_samp -882
25 htl max_samp 886
25 htl min_power10 15.2
25 htl max_power90 44.6
25 htc missing nothing
25 htc duration_sec 3.6
25 htc dc_offset 42
25 htc min_samp -1114
25 htc max_samp 1294
25 htc min_power10 17.5
25 htc max_power90 50.6
25 room comments CE  
25 room missing CS
25 room duration_sec 10.8
25 room dc_offset 42
25 room min_samp -1934
25 room max_samp 2338
25 room min_power10 14.5
25 room max_power90 47.3
25 meal comments CE  
25 meal missing CS
25 meal duration_sec 8.5
25 meal dc_offset 42
25 meal min_samp -2190
25 meal max_samp 1886
25 meal min_power10 15.3
25 meal max_power90 48.1
25 story-at missing nothing
25 story-at duration_sec 3.2
25 story-at dc_offset 42
25 story-at min_samp -942
25 story-at max_samp 1370
25 story-at min_power10 15.8
25 story-at max_power90 43.4
25 gender female
25 age adult
25 connection average
25 intelligibility ok
