30 labeler yeshwant
30 label_date Tue Aug  6 19:48:51 PDT 1991
30 nlang comments BN  
30 nlang missing nothing
30 nlang duration_sec 1.7
30 nlang dc_offset 42
30 nlang min_samp -4678
30 nlang max_samp 4414
30 nlang min_power10 28.9
30 nlang max_power90 58.5
30 dowk comments BN  
30 dowk missing nothing
30 dowk duration_sec 6.6
30 dowk dc_offset 42
30 dowk min_samp -4270
30 dowk max_samp 3958
30 dowk min_power10 14.7
30 dowk max_power90 54.5
30 nums comments CE EN  
30 nums missing nine ten
30 nums duration_sec 9.3
30 nums dc_offset 42
30 nums min_samp -1806
30 nums max_samp 2238
30 nums min_power10 13.4
30 nums max_power90 49.2
30 htl comments BN CE  
30 htl missing cs
30 htl duration_sec 6.6
30 htl dc_offset 42
30 htl min_samp -3614
30 htl max_samp 3294
30 htl min_power10 13.5
30 htl max_power90 54.9
30 room comments BN CE  
30 room missing cs
30 room duration_sec 11.4
30 room dc_offset 42
30 room min_samp -4614
30 room max_samp 3322
30 room min_power10 15.1
30 room max_power90 54.9
30 meal comments ES  
30 meal missing nothing
30 meal duration_sec 6.6
30 meal dc_offset 42
30 meal min_samp -2970
30 meal max_samp 2902
30 meal min_power10 21.3
30 meal max_power90 53.1
30 story-bt comments CE SS ES  
30 story-bt missing cs
30 story-bt duration_sec 48.4
30 story-bt dc_offset 42
30 story-bt min_samp -9870
30 story-bt max_samp 9054
30 story-bt min_power10 16.7
30 story-bt max_power90 50.2
30 story-at comments CB CE SS ES  
30 story-at missing cs
30 story-at duration_sec 9.7
30 story-at dc_offset 42
30 story-at min_samp -3926
30 story-at max_samp 2906
30 story-at min_power10 13.1
30 story-at max_power90 50.2
30 gender male
30 age adult
30 connection good
30 intelligibility ok
