32 labeler khoward
32 label_date Wed Aug  7 10:47:14 PDT 1991
32 nlang comments BN  
32 nlang missing nothing
32 nlang duration_sec 0.7
32 nlang dc_offset 42
32 nlang min_samp -6322
32 nlang max_samp 5846
32 nlang min_power10 20.8
32 nlang max_power90 63.0
32 clang comments BN  
32 clang missing nothing
32 clang duration_sec 0.8
32 clang dc_offset 42
32 clang min_samp -3298
32 clang max_samp 5154
32 clang min_power10 23.0
32 clang max_power90 59.5
32 dowk missing nothing
32 dowk duration_sec 6.2
32 dowk dc_offset 42
32 dowk min_samp -11534
32 dowk max_samp 9386
32 dowk min_power10 20.8
32 dowk max_power90 57.3
32 nums comments CE EN  
32 nums missing 10
32 nums duration_sec 9.7
32 nums dc_offset 42
32 nums min_samp -6406
32 nums max_samp 7010
32 nums min_power10 21.0
32 nums max_power90 57.8
32 htl comments CE  
32 htl missing CS
32 htl duration_sec 9.6
32 htl dc_offset 42
32 htl min_samp -10038
32 htl max_samp 10382
32 htl min_power10 23.9
32 htl max_power90 60.6
32 htc missing nothing
32 htc duration_sec 6.4
32 htc dc_offset 42
32 htc min_samp -11290
32 htc max_samp 11922
32 htc min_power10 30.8
32 htc max_power90 63.3
32 room missing nothing
32 room duration_sec 6.4
32 room dc_offset 42
32 room min_samp -12614
32 room max_samp 10422
32 room min_power10 27.0
32 room max_power90 67.5
32 meal missing nothing
32 meal duration_sec 6.9
32 meal dc_offset 42
32 meal min_samp -11134
32 meal max_samp 11286
32 meal min_power10 25.5
32 meal max_power90 63.3
32 story-bt comments CE RS SS  
32 story-bt missing CS
32 story-bt duration_sec 49.1
32 story-bt dc_offset 42
32 story-bt min_samp -14934
32 story-bt max_samp 14870
32 story-bt min_power10 25.1
32 story-bt max_power90 63.6
32 gender female
32 age adult
32 connection average
32 intelligibility ok
32 story-at comments CE RS  
32 story-at missing CS
32 story-at duration_sec 9.6
32 story-at dc_offset 42
32 story-at min_samp -16470
32 story-at max_samp 10734
32 story-at min_power10 24.1
32 story-at max_power90 63.2
32 gender female
32 age adult
32 connection good
32 intelligibility ok
