34 labeler khoward
34 label_date Wed Aug  7 11:00:03 PDT 1991
34 clang missing nothing
34 clang duration_sec 0.8
34 clang dc_offset 42
34 clang min_samp -4286
34 clang max_samp 3230
34 clang min_power10 26.2
34 clang max_power90 58.6
34 nums missing nothing
34 nums duration_sec 8.0
34 nums dc_offset 42
34 nums min_samp -4902
34 nums max_samp 4446
34 nums min_power10 17.1
34 nums max_power90 59.6
34 htl missing nothing
34 htl duration_sec 2.8
34 htl dc_offset 42
34 htl min_samp -5294
34 htl max_samp 3290
34 htl min_power10 26.9
34 htl max_power90 60.6
34 htc comments CE  
34 htc missing CS
34 htc duration_sec 8.7
34 htc dc_offset 42
34 htc min_samp -4354
34 htc max_samp 4298
34 htc min_power10 31.8
34 htc max_power90 60.0
34 room comments BN  
34 room missing nothing
34 room duration_sec 11.4
34 room dc_offset 42
34 room min_samp -3710
34 room max_samp 3670
34 room min_power10 21.4
34 room max_power90 56.8
34 meal missing nothing
34 meal duration_sec 7.5
34 meal dc_offset 42
34 meal min_samp -4942
34 meal max_samp 3122
34 meal min_power10 23.4
34 meal max_power90 58.1
34 story-bt comments CE SS  
34 story-bt missing CS
34 story-bt duration_sec 50.0
34 story-bt dc_offset 42
34 story-bt min_samp -7642
34 story-bt max_samp 5330
34 story-bt min_power10 17.8
34 story-bt max_power90 59.9
34 gender male
34 age adult
34 connection average
34 intelligibility ok
34 nlang comments BN  
34 nlang missing nothing
34 nlang duration_sec 1.1
34 nlang dc_offset 42
34 nlang min_samp -3790
34 nlang max_samp 3482
34 nlang min_power10 18.5
34 nlang max_power90 59.1
34 dowk missing nothing
34 dowk duration_sec 4.2
34 dowk dc_offset 42
34 dowk min_samp -4186
34 dowk max_samp 3594
34 dowk min_power10 22.2
34 dowk max_power90 60.8
34 story-at comments CB CE BN SS  
34 story-at missing CS
34 story-at duration_sec 7.4
34 story-at dc_offset 42
34 story-at min_samp -5146
34 story-at max_samp 3790
34 story-at min_power10 19.9
34 story-at max_power90 60.4
34 gender male
34 age adult
34 connection average
34 intelligibility ok
