44 labeler khoward
44 label_date Wed Aug 14 08:47:17 PDT 1991
44 nlang missing nothing
44 nlang duration_sec 1.0
44 nlang dc_offset 42
44 nlang min_samp -766
44 nlang max_samp 714
44 nlang min_power10 14.2
44 nlang max_power90 39.8
44 clang missing nothing
44 clang duration_sec 0.9
44 clang dc_offset 42
44 clang min_samp -594
44 clang max_samp 390
44 clang min_power10 14.5
44 clang max_power90 41.7
44 dowk comments BN ES  
44 dowk missing Monday
44 dowk duration_sec 5.1
44 dowk dc_offset 42
44 dowk min_samp -1634
44 dowk max_samp 866
44 dowk min_power10 15.5
44 dowk max_power90 40.4
44 nums missing nothing
44 nums duration_sec 9.6
44 nums dc_offset 42
44 nums min_samp -1206
44 nums max_samp 770
44 nums min_power10 14.0
44 nums max_power90 36.2
44 htl missing nothing
44 htl duration_sec 2.2
44 htl dc_offset 42
44 htl min_samp -662
44 htl max_samp 646
44 htl min_power10 14.7
44 htl max_power90 41.4
44 htc missing nothing
44 htc duration_sec 9.3
44 htc dc_offset 42
44 htc min_samp -1758
44 htc max_samp 1178
44 htc min_power10 13.7
44 htc max_power90 38.9
44 room comments EN  
44 room missing nothing
44 room duration_sec 9.9
44 room dc_offset 42
44 room min_samp -874
44 room max_samp 630
44 room min_power10 14.5
44 room max_power90 36.8
44 meal comments BN  
44 meal missing nothing
44 meal duration_sec 9.4
44 meal dc_offset 42
44 meal min_samp -1022
44 meal max_samp 498
44 meal min_power10 14.2
44 meal max_power90 37.5
44 story-bt comments BN CE SS  
44 story-bt missing CS
44 story-bt duration_sec 48.5
44 story-bt dc_offset 42
44 story-bt min_samp -1790
44 story-bt max_samp 1654
44 story-bt min_power10 14.3
44 story-bt max_power90 43.9
44 story-at comments BN CB CE SS  
44 story-at missing CS
44 story-at duration_sec 10.0
44 story-at dc_offset 42
44 story-at min_samp -1234
44 story-at max_samp 1414
44 story-at min_power10 14.5
44 story-at max_power90 42.4
44 gender male
44 age adult
44 connection average
44 intelligibility ok
