48 labeler khoward
48 label_date Mon Aug 26 10:30:26 PDT 1991
48 nlang missing nothing
48 nlang duration_sec 1.0
48 nlang dc_offset 42
48 nlang min_samp -3322
48 nlang max_samp 2618
48 nlang min_power10 17.9
48 nlang max_power90 53.3
48 clang missing nothing
48 clang duration_sec 1.2
48 clang dc_offset 42
48 clang min_samp -6310
48 clang max_samp 5598
48 clang min_power10 17.5
48 clang max_power90 51.7
48 dowk comments BN  
48 dowk missing nothing
48 dowk duration_sec 5.3
48 dowk dc_offset 42
48 dowk min_samp -2822
48 dowk max_samp 3706
48 dowk min_power10 18.8
48 dowk max_power90 56.2
48 nums comments EN  
48 nums missing nothing
48 nums duration_sec 8.3
48 nums dc_offset 42
48 nums min_samp -3434
48 nums max_samp 5446
48 nums min_power10 17.7
48 nums max_power90 56.5
48 htl comments CE  
48 htl missing CS
48 htl duration_sec 9.3
48 htl dc_offset 42
48 htl min_samp -12058
48 htl max_samp 10390
48 htl min_power10 20.5
48 htl max_power90 67.4
48 htc comments BN  
48 htc missing nothing
48 htc duration_sec 9.3
48 htc dc_offset 42
48 htc min_samp -9038
48 htc max_samp 9334
48 htc min_power10 18.9
48 htc max_power90 65.5
48 room comments BN  
48 room missing nothing
48 room duration_sec 7.5
48 room dc_offset 42
48 room min_samp -8238
48 room max_samp 8126
48 room min_power10 19.4
48 room max_power90 60.9
48 meal missing nothing
48 meal duration_sec 3.9
48 meal dc_offset 42
48 meal min_samp -12454
48 meal max_samp 9222
48 meal min_power10 19.3
48 meal max_power90 67.4
48 story-bt comments SS  
48 story-bt missing nothing
48 story-bt duration_sec 47.7
48 story-bt dc_offset 42
48 story-bt min_samp -11006
48 story-bt max_samp 10206
48 story-bt min_power10 22.7
48 story-bt max_power90 64.1
48 gender female
48 age adult
48 connection good
48 intelligibility ok
