43 labeler khoward
43 label_date Wed Aug 14 08:23:56 PDT 1991
43 nlang comments BN  
43 nlang missing nothing
43 nlang duration_sec 1.1
43 nlang dc_offset 42
43 nlang min_samp -1890
43 nlang max_samp 1734
43 nlang min_power10 15.7
43 nlang max_power90 51.6
43 clang missing nothing
43 clang duration_sec 1.0
43 clang dc_offset 42
43 clang min_samp -1562
43 clang max_samp 2278
43 clang min_power10 15.8
43 clang max_power90 50.7
43 dowk missing nothing
43 dowk duration_sec 6.2
43 dowk dc_offset 42
43 dowk min_samp -1910
43 dowk max_samp 1838
43 dowk min_power10 15.4
43 dowk max_power90 52.3
43 nums missing nothing
43 nums duration_sec 9.6
43 nums dc_offset 42
43 nums min_samp -1974
43 nums max_samp 1838
43 nums min_power10 15.7
43 nums max_power90 48.6
43 htl comments BN  
43 htl missing nothing
43 htl duration_sec 1.6
43 htl dc_offset 42
43 htl min_samp -1610
43 htl max_samp 1406
43 htl min_power10 15.8
43 htl max_power90 51.6
43 htc comments BN CE  
43 htc missing CS
43 htc duration_sec 6.7
43 htc dc_offset 42
43 htc min_samp -1782
43 htc max_samp 1354
43 htc min_power10 15.6
43 htc max_power90 51.4
43 room comments CE  
43 room missing CS
43 room duration_sec 9.6
43 room dc_offset 42
43 room min_samp -2110
43 room max_samp 1622
43 room min_power10 15.5
43 room max_power90 49.1
43 meal comments CE  
43 meal missing CS
43 meal duration_sec 9.0
43 meal dc_offset 42
43 meal min_samp -1978
43 meal max_samp 2310
43 meal min_power10 15.3
43 meal max_power90 50.4
43 story-bt comments BN CE SS  
43 story-bt missing CS
43 story-bt duration_sec 48.1
43 story-bt dc_offset 42
43 story-bt min_samp -1998
43 story-bt max_samp 2818
43 story-bt min_power10 16.0
43 story-bt max_power90 50.1
43 story-at comments BN CB SS  
43 story-at missing CS
43 story-at duration_sec 8.2
43 story-at dc_offset 42
43 story-at min_samp -1330
43 story-at max_samp 1058
43 story-at min_power10 14.8
43 story-at max_power90 39.4
43 gender male
43 age adult
43 connection average
43 intelligibility ok
