42 labeler khoward
42 label_date Tue Aug 13 16:09:39 PDT 1991
42 nlang comments ES  
42 nlang missing nothing
42 nlang duration_sec 1.6
42 nlang dc_offset 43
42 nlang min_samp -2523
42 nlang max_samp 2893
42 nlang min_power10 11.3
42 nlang max_power90 52.2
42 clang comments ES  
42 clang missing nothing
42 clang duration_sec 1.6
42 clang dc_offset 43
42 clang min_samp -2403
42 clang max_samp 1961
42 clang min_power10 10.4
42 clang max_power90 52.2
42 dowk missing nothing
42 dowk duration_sec 5.8
42 dowk dc_offset 43
42 dowk min_samp -3083
42 dowk max_samp 3245
42 dowk min_power10 11.9
42 dowk max_power90 53.8
42 nums missing nothing
42 nums duration_sec 8.9
42 nums dc_offset 43
42 nums min_samp -2095
42 nums max_samp 1997
42 nums min_power10 10.8
42 nums max_power90 45.6
42 htl missing nothing
42 htl duration_sec 3.7
42 htl dc_offset 43
42 htl min_samp -3551
42 htl max_samp 3717
42 htl min_power10 12.8
42 htl max_power90 55.8
42 htc missing nothing
42 htc duration_sec 6.2
42 htc dc_offset 43
42 htc min_samp -3863
42 htc max_samp 3481
42 htc min_power10 13.1
42 htc max_power90 54.5
42 room missing nothing
42 room duration_sec 10.8
42 room dc_offset 43
42 room min_samp -7163
42 room max_samp 3809
42 room min_power10 13.8
42 room max_power90 53.0
42 meal missing nothing
42 meal duration_sec 9.5
42 meal dc_offset 43
42 meal min_samp -4127
42 meal max_samp 4237
42 meal min_power10 11.2
42 meal max_power90 53.5
42 story-bt comments CE SS  
42 story-bt missing CS
42 story-bt duration_sec 48.9
42 story-bt dc_offset 42
42 story-bt min_samp -6050
42 story-bt max_samp 5638
42 story-bt min_power10 16.1
42 story-bt max_power90 54.3
42 story-at comments SS  
42 story-at missing nothing
42 story-at duration_sec 9.4
42 story-at dc_offset 43
42 story-at min_samp -5143
42 story-at max_samp 4565
42 story-at min_power10 15.3
42 story-at max_power90 54.6
42 gender male
42 age adult
42 connection average
42 intelligibility ok
