56 labeler khoward
56 label_date Mon Aug 26 11:58:56 PDT 1991
56 nlang missing nothing
56 nlang duration_sec 1.2
56 nlang dc_offset 42
56 nlang min_samp -1478
56 nlang max_samp 1334
56 nlang min_power10 13.1
56 nlang max_power90 52.2
56 clang missing nothing
56 clang duration_sec 1.1
56 clang dc_offset 42
56 clang min_samp -1446
56 clang max_samp 1870
56 clang min_power10 13.9
56 clang max_power90 54.6
56 dowk comments CE  
56 dowk missing Sunday
56 dowk duration_sec 7.5
56 dowk dc_offset 42
56 dowk min_samp -3526
56 dowk max_samp 3930
56 dowk min_power10 13.2
56 dowk max_power90 55.7
56 nums comments CE  
56 nums missing 9 10
56 nums duration_sec 9.0
56 nums dc_offset 42
56 nums min_samp -3210
56 nums max_samp 4210
56 nums min_power10 13.2
56 nums max_power90 56.0
56 htl missing nothing
56 htl duration_sec 2.1
56 htl dc_offset 42
56 htl min_samp -1798
56 htl max_samp 2114
56 htl min_power10 13.8
56 htl max_power90 52.1
56 htc missing nothing
56 htc duration_sec 5.0
56 htc dc_offset 42
56 htc min_samp -3046
56 htc max_samp 2734
56 htc min_power10 14.2
56 htc max_power90 58.2
56 room missing nothing
56 room duration_sec 6.5
56 room dc_offset 42
56 room min_samp -3838
56 room max_samp 4698
56 room min_power10 13.1
56 room max_power90 55.7
56 meal missing nothing
56 meal duration_sec 3.3
56 meal dc_offset 42
56 meal min_samp -2310
56 meal max_samp 1902
56 meal min_power10 13.4
56 meal max_power90 53.4
56 story-bt comments CE RS  
56 story-bt missing CS
56 story-bt duration_sec 49.5
56 story-bt dc_offset 42
56 story-bt min_samp -5202
56 story-bt max_samp 5822
56 story-bt min_power10 19.0
56 story-bt max_power90 57.1
56 story-at comments CB
56 story-at missing CS
56 story-at duration_sec 7.4
56 story-at dc_offset 42
56 story-at min_samp -3902
56 story-at max_samp 2894
56 story-at min_power10 19.8
56 story-at max_power90 55.2
56 gender female
56 age adult
56 connection average
56 intelligibility ok
