57 labeler khoward
57 label_date Mon Aug 26 12:08:54 PDT 1991
57 nlang comments EN  
57 nlang missing nothing
57 nlang duration_sec 1.1
57 nlang dc_offset 42
57 nlang min_samp -1242
57 nlang max_samp 1282
57 nlang min_power10 23.0
57 nlang max_power90 47.0
57 clang comments EN  
57 clang missing nothing
57 clang duration_sec 1.1
57 clang dc_offset 42
57 clang min_samp -1366
57 clang max_samp 1198
57 clang min_power10 22.5
57 clang max_power90 50.3
57 dowk comments EN  
57 dowk missing nothing
57 dowk duration_sec 5.1
57 dowk dc_offset 42
57 dowk min_samp -2502
57 dowk max_samp 2658
57 dowk min_power10 24.2
57 dowk max_power90 55.4
57 nums comments EN  
57 nums missing nothing
57 nums duration_sec 9.4
57 nums dc_offset 42
57 nums min_samp -2550
57 nums max_samp 2414
57 nums min_power10 22.5
57 nums max_power90 50.0
57 htl comments EN  
57 htl missing nothing
57 htl duration_sec 1.1
57 htl dc_offset 42
57 htl min_samp -1502
57 htl max_samp 1050
57 htl min_power10 22.6
57 htl max_power90 46.8
57 htc missing nothing
57 htc duration_sec 1.5
57 htc dc_offset 42
57 htc min_samp -1478
57 htc max_samp 1266
57 htc min_power10 22.5
57 htc max_power90 49.2
57 room comments EN  
57 room missing nothing
57 room duration_sec 4.4
57 room dc_offset 42
57 room min_samp -2062
57 room max_samp 1630
57 room min_power10 25.3
57 room max_power90 47.6
57 meal comments EN  
57 meal missing nothing
57 meal duration_sec 1.6
57 meal dc_offset 42
57 meal min_samp -1370
57 meal max_samp 1338
57 meal min_power10 22.7
57 meal max_power90 48.0
57 story-bt comments BN CE SS  
57 story-bt missing CS
57 story-bt duration_sec 46.8
57 story-bt dc_offset 42
57 story-bt min_samp -3014
57 story-bt max_samp 3246
57 story-bt min_power10 25.5
57 story-bt max_power90 50.9
57 story-at comments SS  
57 story-at missing nothing
57 story-at duration_sec 9.5
57 story-at dc_offset 42
57 story-at min_samp -4350
57 story-at max_samp 3902
57 story-at min_power10 23.0
57 story-at max_power90 50.9
57 gender male
57 age adult
57 connection average
57 intelligibility ok
