66 labeler khoward
66 label_date Tue Aug 27 11:31:05 PDT 1991
66 nlang missing nothing
66 nlang duration_sec 0.8
66 nlang dc_offset 42
66 nlang min_samp -2038
66 nlang max_samp 1906
66 nlang min_power10 25.2
66 nlang max_power90 52.6
66 clang missing nothing
66 clang duration_sec 0.7
66 clang dc_offset 42
66 clang min_samp -1442
66 clang max_samp 1202
66 clang min_power10 25.8
66 clang max_power90 51.2
66 dowk comments EN  
66 dowk missing nothing
66 dowk duration_sec 3.3
66 dowk dc_offset 42
66 dowk min_samp -1866
66 dowk max_samp 1958
66 dowk min_power10 25.8
66 dowk max_power90 52.8
66 nums missing nothing
66 nums duration_sec 4.1
66 nums dc_offset 42
66 nums min_samp -2746
66 nums max_samp 2826
66 nums min_power10 27.2
66 nums max_power90 55.2
66 htl missing nothing
66 htl duration_sec 1.5
66 htl dc_offset 42
66 htl min_samp -2098
66 htl max_samp 2086
66 htl min_power10 26.6
66 htl max_power90 56.4
66 htc comments EN  
66 htc missing nothing
66 htc duration_sec 8.1
66 htc dc_offset 42
66 htc min_samp -3810
66 htc max_samp 4418
66 htc min_power10 27.0
66 htc max_power90 51.6
66 room comments CE EN  
66 room missing CS
66 room duration_sec 11.3
66 room dc_offset 42
66 room min_samp -2066
66 room max_samp 2742
66 room min_power10 25.5
66 room max_power90 53.3
66 meal missing nothing
66 meal duration_sec 6.2
66 meal dc_offset 42
66 meal min_samp -2250
66 meal max_samp 2958
66 meal min_power10 26.1
66 meal max_power90 51.6
66 story-bt comments CE EN SS  
66 story-bt missing CS
66 story-bt duration_sec 49.0
66 story-bt dc_offset 42
66 story-bt min_samp -2282
66 story-bt max_samp 3258
66 story-bt min_power10 26.1
66 story-bt max_power90 50.9
66 story-at comments CB SS  
66 story-at missing CS
66 story-at duration_sec 3.5
66 story-at dc_offset 42
66 story-at min_samp -1210
66 story-at max_samp 1478
66 story-at min_power10 25.6
66 story-at max_power90 47.0
66 gender male
66 age adult
66 connection poor
66 intelligibility ok
