69 labeler khoward
69 label_date Tue Jul  2 16:49:31 PDT 1991
69 nlang missing nothing
69 nlang duration_sec 0.8
69 nlang dc_offset 42
69 nlang min_samp -2302
69 nlang max_samp 2626
69 nlang min_power10 18.2
69 nlang max_power90 55.6
69 clang missing nothing
69 clang duration_sec 0.9
69 clang dc_offset 42
69 clang min_samp -1806
69 clang max_samp 2130
69 clang min_power10 19.5
69 clang max_power90 51.9
69 dowk missing nothing
69 dowk duration_sec 5.8
69 dowk dc_offset 42
69 dowk min_samp -2062
69 dowk max_samp 2582
69 dowk min_power10 17.6
69 dowk max_power90 47.7
69 nums missing nothing
69 nums duration_sec 7.5
69 nums dc_offset 42
69 nums min_samp -2238
69 nums max_samp 2642
69 nums min_power10 17.3
69 nums max_power90 46.9
69 htl comments CE  
69 htl missing CS
69 htl duration_sec 9.2
69 htl dc_offset 42
69 htl min_samp -2226
69 htl max_samp 2118
69 htl min_power10 19.8
69 htl max_power90 49.2
69 htc missing nothing
69 htc duration_sec 5.7
69 htc dc_offset 42
69 htc min_samp -4682
69 htc max_samp 3678
69 htc min_power10 15.8
69 htc max_power90 47.0
69 room missing nothing
69 room duration_sec 3.1
69 room dc_offset 42
69 room min_samp -2406
69 room max_samp 1966
69 room min_power10 20.5
69 room max_power90 52.0
69 meal missing nothing
69 meal duration_sec 2.1
69 meal dc_offset 42
69 meal min_samp -3486
69 meal max_samp 3342
69 meal min_power10 17.4
69 meal max_power90 49.9
69 story-bt comments BN CE EN SS  
69 story-bt missing 3
69 story-bt duration_sec 48.8
69 story-bt dc_offset 42
69 story-bt min_samp -4234
69 story-bt max_samp 4698
69 story-bt min_power10 23.1
69 story-bt max_power90 51.1
69 story-at missing nothing
69 story-at duration_sec 5.0
69 story-at dc_offset 42
69 story-at min_samp -2358
69 story-at max_samp 2462
69 story-at min_power10 21.5
69 story-at max_power90 50.7
69 gender male
69 age adult
69 connection average
69 intelligibility ok
