68 labeler khoward
68 label_date Tue Jul  2 16:43:41 PDT 1991
68 nlang comments ES  
68 nlang missing nothing
68 nlang duration_sec 1.2
68 nlang dc_offset 42
68 nlang min_samp -1374
68 nlang max_samp 1306
68 nlang min_power10 15.2
68 nlang max_power90 46.9
68 clang comments ES  
68 clang missing nothing
68 clang duration_sec 1.2
68 clang dc_offset 42
68 clang min_samp -1614
68 clang max_samp 1694
68 clang min_power10 16.3
68 clang max_power90 47.3
68 dowk missing nothing
68 dowk duration_sec 6.9
68 dowk dc_offset 42
68 dowk min_samp -1402
68 dowk max_samp 1278
68 dowk min_power10 14.6
68 dowk max_power90 48.0
68 nums missing nothing
68 nums duration_sec 9.7
68 nums dc_offset 42
68 nums min_samp -1258
68 nums max_samp 1230
68 nums min_power10 14.5
68 nums max_power90 46.8
68 htl comments CE  
68 htl missing CS
68 htl duration_sec 8.5
68 htl dc_offset 42
68 htl min_samp -2054
68 htl max_samp 1918
68 htl min_power10 18.8
68 htl max_power90 50.6
68 htc missing nothing
68 htc duration_sec 7.3
68 htc dc_offset 42
68 htc min_samp -1750
68 htc max_samp 1598
68 htc min_power10 16.8
68 htc max_power90 49.0
68 room comments CE  
68 room missing CS
68 room duration_sec 11.3
68 room dc_offset 42
68 room min_samp -1554
68 room max_samp 1602
68 room min_power10 19.2
68 room max_power90 48.5
68 meal comments CE  
68 meal missing CS
68 meal duration_sec 8.2
68 meal dc_offset 42
68 meal min_samp -3774
68 meal max_samp 3366
68 meal min_power10 15.1
68 meal max_power90 46.5
68 story-bt comments CE  
68 story-bt missing CS
68 story-bt duration_sec 48.9
68 story-bt dc_offset 42
68 story-bt min_samp -2246
68 story-bt max_samp 2250
68 story-bt min_power10 15.8
68 story-bt max_power90 48.2
68 story-at comments CB  
68 story-at missing CS
68 story-at duration_sec 3.1
68 story-at dc_offset 42
68 story-at min_samp -1594
68 story-at max_samp 1410
68 story-at min_power10 15.2
68 story-at max_power90 42.5
68 gender female
68 age adult
68 connection average
68 intelligibility ok
