63 labeler khoward
63 label_date Mon Aug 26 16:34:53 PDT 1991
63 nlang comments BN  
63 nlang missing nothing
63 nlang duration_sec 1.1
63 nlang dc_offset 42
63 nlang min_samp -2146
63 nlang max_samp 2358
63 nlang min_power10 17.8
63 nlang max_power90 53.1
63 clang comments BN ES  
63 clang missing nothing
63 clang duration_sec 1.0
63 clang dc_offset 42
63 clang min_samp -3062
63 clang max_samp 3962
63 clang min_power10 18.4
63 clang max_power90 53.2
63 dowk comments CE  
63 dowk missing Saturday
63 dowk duration_sec 7.2
63 dowk dc_offset 42
63 dowk min_samp -3286
63 dowk max_samp 3782
63 dowk min_power10 18.2
63 dowk max_power90 53.2
63 nums comments CE  
63 nums missing 7 8 9 10
63 nums duration_sec 8.8
63 nums dc_offset 42
63 nums min_samp -5062
63 nums max_samp 8234
63 nums min_power10 18.0
63 nums max_power90 52.0
63 htl comments BN  
63 htl missing nothing
63 htl duration_sec 4.4
63 htl dc_offset 42
63 htl min_samp -6618
63 htl max_samp 5398
63 htl min_power10 19.8
63 htl max_power90 57.4
63 htc comments BN  
63 htc missing nothing
63 htc duration_sec 8.2
63 htc dc_offset 42
63 htc min_samp -7926
63 htc max_samp 5494
63 htc min_power10 17.7
63 htc max_power90 53.1
63 room comments BN  
63 room missing nothing
63 room duration_sec 10.8
63 room dc_offset 42
63 room min_samp -11562
63 room max_samp 8046
63 room min_power10 20.6
63 room max_power90 55.5
63 meal comments BN CE  
63 meal missing CS
63 meal duration_sec 8.2
63 meal dc_offset 42
63 meal min_samp -2998
63 meal max_samp 3038
63 meal min_power10 17.7
63 meal max_power90 51.8
63 story-bt comments BN SS  
63 story-bt missing nothing
63 story-bt duration_sec 48.0
63 story-bt dc_offset 42
63 story-bt min_samp -7230
63 story-bt max_samp 7982
63 story-bt min_power10 19.1
63 story-bt max_power90 52.7
63 story-at comments BN CB  
63 story-at missing CS
63 story-at duration_sec 6.8
63 story-at dc_offset 42
63 story-at min_samp -4802
63 story-at max_samp 5154
63 story-at min_power10 19.9
63 story-at max_power90 56.6
63 gender male
63 age adult
63 connection average
63 intelligibility ok
