60 labeler khoward
60 label_date Tue Jul  2 16:33:28 PDT 1991
60 nlang missing nothing
60 nlang duration_sec 0.9
60 nlang dc_offset 42
60 nlang min_samp -2710
60 nlang max_samp 3422
60 nlang min_power10 20.0
60 nlang max_power90 59.9
60 clang missing nothing
60 clang duration_sec 0.8
60 clang dc_offset 42
60 clang min_samp -2590
60 clang max_samp 2974
60 clang min_power10 23.0
60 clang max_power90 59.5
60 dowk missing nothing
60 dowk duration_sec 5.7
60 dowk dc_offset 42
60 dowk min_samp -4854
60 dowk max_samp 6418
60 dowk min_power10 18.9
60 dowk max_power90 60.5
60 nums missing nothing
60 nums duration_sec 9.3
60 nums dc_offset 42
60 nums min_samp -3726
60 nums max_samp 5358
60 nums min_power10 17.7
60 nums max_power90 55.9
60 htl comments BN  
60 htl missing nothing
60 htl duration_sec 1.2
60 htl dc_offset 42
60 htl min_samp -4222
60 htl max_samp 3786
60 htl min_power10 18.3
60 htl max_power90 63.1
60 htc missing nothing
60 htc duration_sec 3.6
60 htc dc_offset 42
60 htc min_samp -4038
60 htc max_samp 4938
60 htc min_power10 24.7
60 htc max_power90 59.0
60 room missing nothing
60 room duration_sec 6.5
60 room dc_offset 42
60 room min_samp -6818
60 room max_samp 7978
60 room min_power10 19.5
60 room max_power90 63.1
60 meal missing nothing
60 meal duration_sec 3.7
60 meal dc_offset 42
60 meal min_samp -5822
60 meal max_samp 6726
60 meal min_power10 18.8
60 meal max_power90 65.0
60 story-bt comments CE  
60 story-bt missing CS
60 story-bt duration_sec 49.4
60 story-bt dc_offset 42
60 story-bt min_samp -5066
60 story-bt max_samp 6774
60 story-bt min_power10 21.2
60 story-bt max_power90 60.7
60 story-at comments CE  
60 story-at missing CS
60 story-at duration_sec 9.5
60 story-at dc_offset 42
60 story-at min_samp -4638
60 story-at max_samp 6894
60 story-at min_power10 21.5
60 story-at max_power90 61.2
60 gender male
60 age adult
60 connection average
60 intelligibility ok
