74 labeler khoward
74 label_date Wed Jul  3 09:21:59 PDT 1991
74 nlang comments BN  
74 nlang missing nothing
74 nlang duration_sec 0.8
74 nlang dc_offset 42
74 nlang min_samp -1318
74 nlang max_samp 1538
74 nlang min_power10 24.4
74 nlang max_power90 52.1
74 clang comments BN  
74 clang missing nothing
74 clang duration_sec 1.0
74 clang dc_offset 42
74 clang min_samp -2214
74 clang max_samp 2086
74 clang min_power10 25.6
74 clang max_power90 53.8
74 dowk missing nothing
74 dowk duration_sec 5.1
74 dowk dc_offset 42
74 dowk min_samp -2234
74 dowk max_samp 1566
74 dowk min_power10 26.2
74 dowk max_power90 53.7
74 nums comments BN  
74 nums missing nothing
74 nums duration_sec 7.2
74 nums dc_offset 42
74 nums min_samp -2886
74 nums max_samp 3670
74 nums min_power10 24.8
74 nums max_power90 53.7
74 htl comments BN CE  
74 htl missing CS
74 htl duration_sec 9.2
74 htl dc_offset 42
74 htl min_samp -2638
74 htl max_samp 2638
74 htl min_power10 27.7
74 htl max_power90 55.6
74 htc comments BN CE  
74 htc missing CS
74 htc duration_sec 9.6
74 htc dc_offset 42
74 htc min_samp -1478
74 htc max_samp 1614
74 htc min_power10 25.2
74 htc max_power90 51.4
74 room comments BN  
74 room missing nothing
74 room duration_sec 6.4
74 room dc_offset 42
74 room min_samp -3142
74 room max_samp 3190
74 room min_power10 24.8
74 room max_power90 56.7
74 meal comments BN  
74 meal missing nothing
74 meal duration_sec 2.6
74 meal dc_offset 42
74 meal min_samp -2190
74 meal max_samp 2334
74 meal min_power10 25.6
74 meal max_power90 52.5
74 story-bt comments BN CE SS  
74 story-bt missing CS
74 story-bt duration_sec 49.2
74 story-bt dc_offset 42
74 story-bt min_samp -10486
74 story-bt max_samp 7622
74 story-bt min_power10 25.0
74 story-bt max_power90 54.6
74 gender female
74 age adult
74 connection average
74 intelligibility ok
