71 labeler khoward
71 label_date Wed Aug 28 13:22:00 PDT 1991
71 nlang missing nothing
71 nlang duration_sec 0.8
71 nlang dc_offset 42
71 nlang min_samp -2690
71 nlang max_samp 2902
71 nlang min_power10 18.6
71 nlang max_power90 55.0
71 clang comments ES  
71 clang missing nothing
71 clang duration_sec 1.0
71 clang dc_offset 42
71 clang min_samp -2474
71 clang max_samp 3290
71 clang min_power10 19.0
71 clang max_power90 55.9
71 dowk missing nothing
71 dowk duration_sec 5.4
71 dowk dc_offset 42
71 dowk min_samp -3142
71 dowk max_samp 3210
71 dowk min_power10 19.5
71 dowk max_power90 57.6
71 nums missing nothing
71 nums duration_sec 7.4
71 nums dc_offset 42
71 nums min_samp -3430
71 nums max_samp 3714
71 nums min_power10 19.2
71 nums max_power90 56.3
71 htl comments CE  
71 htl missing CS
71 htl duration_sec 7.5
71 htl dc_offset 42
71 htl min_samp -3262
71 htl max_samp 5090
71 htl min_power10 21.5
71 htl max_power90 55.9
71 htc missing nothing
71 htc duration_sec 5.9
71 htc dc_offset 42
71 htc min_samp -3390
71 htc max_samp 5162
71 htc min_power10 23.9
71 htc max_power90 57.6
71 room comments CE  
71 room missing CS
71 room duration_sec 9.9
71 room dc_offset 42
71 room min_samp -3574
71 room max_samp 3754
71 room min_power10 20.4
71 room max_power90 57.6
71 meal missing nothing
71 meal duration_sec 8.3
71 meal dc_offset 42
71 meal min_samp -3798
71 meal max_samp 5974
71 meal min_power10 18.0
71 meal max_power90 58.3
71 story-bt comments CE BN SS  
71 story-bt missing CS
71 story-bt duration_sec 48.5
71 story-bt dc_offset 42
71 story-bt min_samp -5370
71 story-bt max_samp 7774
71 story-bt min_power10 23.6
71 story-bt max_power90 59.7
71 story-at comments CB SS  
71 story-at missing CS
71 story-at duration_sec 5.9
71 story-at dc_offset 42
71 story-at min_samp -4010
71 story-at max_samp 6870
71 story-at min_power10 19.5
71 story-at max_power90 56.5
71 gender male
71 age adult
71 connection average
71 intelligibility ok
