77 labeler khoward
77 label_date Wed Jul  3 09:45:49 PDT 1991
77 nlang missing nothing
77 nlang duration_sec 0.8
77 nlang dc_offset 42
77 nlang min_samp -822
77 nlang max_samp 854
77 nlang min_power10 16.6
77 nlang max_power90 43.3
77 clang missing nothing
77 clang duration_sec 0.9
77 clang dc_offset 42
77 clang min_samp -834
77 clang max_samp 862
77 clang min_power10 16.5
77 clang max_power90 46.8
77 dowk missing nothing
77 dowk duration_sec 7.0
77 dowk dc_offset 42
77 dowk min_samp -2414
77 dowk max_samp 2566
77 dowk min_power10 17.2
77 dowk max_power90 52.6
77 nums comments CE  
77 nums missing nine ten
77 nums duration_sec 9.5
77 nums dc_offset 42
77 nums min_samp -1870
77 nums max_samp 2174
77 nums min_power10 16.9
77 nums max_power90 50.1
77 htl missing nothing
77 htl duration_sec 3.2
77 htl dc_offset 42
77 htl min_samp -2022
77 htl max_samp 2190
77 htl min_power10 19.6
77 htl max_power90 52.1
77 htc missing nothing
77 htc duration_sec 8.6
77 htc dc_offset 42
77 htc min_samp -1718
77 htc max_samp 2070
77 htc min_power10 16.1
77 htc max_power90 48.6
77 room comments CE EN  
77 room missing CS
77 room duration_sec 11.1
77 room dc_offset 42
77 room min_samp -1738
77 room max_samp 1674
77 room min_power10 16.3
77 room max_power90 49.2
77 meal comments BN  
77 meal missing nothing
77 meal duration_sec 5.5
77 meal dc_offset 42
77 meal min_samp -4366
77 meal max_samp 4470
77 meal min_power10 17.1
77 meal max_power90 46.7
77 story-bt comments BN CE SS  
77 story-bt missing CS
77 story-bt duration_sec 49.3
77 story-bt dc_offset 42
77 story-bt min_samp -3322
77 story-bt max_samp 3862
77 story-bt min_power10 16.7
77 story-bt max_power90 49.2
77 story-at comments BN  
77 story-at missing nothing
77 story-at duration_sec 9.5
77 story-at dc_offset 42
77 story-at min_samp -2006
77 story-at max_samp 1950
77 story-at min_power10 16.6
77 story-at max_power90 47.2
77 gender female
77 age adult
77 connection average
77 intelligibility ok
