73 labeler khoward
73 label_date Wed Jul  3 09:14:10 PDT 1991
73 nlang comments BN  
73 nlang missing nothing
73 nlang duration_sec 0.9
73 nlang dc_offset 42
73 nlang min_samp -3110
73 nlang max_samp 3446
73 nlang min_power10 24.9
73 nlang max_power90 49.8
73 clang missing nothing
73 clang duration_sec 0.7
73 clang dc_offset 42
73 clang min_samp -2834
73 clang max_samp 2138
73 clang min_power10 24.4
73 clang max_power90 48.8
73 dowk missing nothing
73 dowk duration_sec 4.6
73 dowk dc_offset 42
73 dowk min_samp -2214
73 dowk max_samp 2542
73 dowk min_power10 25.2
73 dowk max_power90 50.6
73 nums missing nothing
73 nums duration_sec 7.8
73 nums dc_offset 42
73 nums min_samp -2758
73 nums max_samp 2050
73 nums min_power10 24.5
73 nums max_power90 49.5
73 htl missing nothing
73 htl duration_sec 6.9
73 htl dc_offset 42
73 htl min_samp -2242
73 htl max_samp 2002
73 htl min_power10 24.3
73 htl max_power90 48.3
73 htc missing nothing
73 htc duration_sec 9.4
73 htc dc_offset 42
73 htc min_samp -1418
73 htc max_samp 1654
73 htc min_power10 24.2
73 htc max_power90 47.3
73 room comments BN CE  
73 room missing CS
73 room duration_sec 10.7
73 room dc_offset 42
73 room min_samp -1718
73 room max_samp 1486
73 room min_power10 25.8
73 room max_power90 48.2
73 meal comments BN  
73 meal missing nothing
73 meal duration_sec 2.9
73 meal dc_offset 42
73 meal min_samp -1886
73 meal max_samp 2150
73 meal min_power10 26.2
73 meal max_power90 49.1
73 story-bt comments BN CE SS ES  
73 story-bt missing CS
73 story-bt duration_sec 48.9
73 story-bt dc_offset 42
73 story-bt min_samp -3334
73 story-bt max_samp 3650
73 story-bt min_power10 28.4
73 story-bt max_power90 50.4
73 story-at comments BN SS  
73 story-at missing nothing
73 story-at duration_sec 8.9
73 story-at dc_offset 42
73 story-at min_samp -1546
73 story-at max_samp 1538
73 story-at min_power10 26.1
73 story-at max_power90 47.9
73 gender male
73 age adult
73 connection average
73 intelligibility ok
