85 labeler khoward
85 label_date Mon Jul  1 15:50:29 PDT 1991
85 nlang missing nothing
85 nlang duration_sec 1.1
85 nlang dc_offset 42
85 nlang min_samp -1146
85 nlang max_samp 1666
85 nlang min_power10 12.5
85 nlang max_power90 51.0
85 clang missing nothing
85 clang duration_sec 1.0
85 clang dc_offset 42
85 clang min_samp -2134
85 clang max_samp 2450
85 clang min_power10 11.9
85 clang max_power90 55.2
85 dowk missing nothing
85 dowk duration_sec 5.7
85 dowk dc_offset 42
85 dowk min_samp -1494
85 dowk max_samp 2394
85 dowk min_power10 13.4
85 dowk max_power90 50.0
85 nums missing nothing
85 nums duration_sec 9.2
85 nums dc_offset 42
85 nums min_samp -942
85 nums max_samp 1210
85 nums min_power10 10.9
85 nums max_power90 45.7
85 htl missing nothing
85 htl duration_sec 1.6
85 htl dc_offset 42
85 htl min_samp -1778
85 htl max_samp 1986
85 htl min_power10 20.1
85 htl max_power90 53.5
85 htc missing nothing
85 htc duration_sec 3.8
85 htc dc_offset 42
85 htc min_samp -2274
85 htc max_samp 2246
85 htc min_power10 14.8
85 htc max_power90 54.4
85 room missing nothing
85 room duration_sec 5.9
85 room dc_offset 42
85 room min_samp -2582
85 room max_samp 2810
85 room min_power10 13.0
85 room max_power90 53.7
85 meal missing nothing
85 meal duration_sec 4.1
85 meal dc_offset 42
85 meal min_samp -1570
85 meal max_samp 1482
85 meal min_power10 11.7
85 meal max_power90 46.8
85 gender male
85 age adult
85 connection average
85 intelligibility ok
