98 labeler khoward
98 label_date Tue Jul  2 15:07:39 PDT 1991
98 nlang missing nothing
98 nlang duration_sec 1.0
98 nlang dc_offset 42
98 nlang min_samp -810
98 nlang max_samp 910
98 nlang min_power10 13.1
98 nlang max_power90 50.0
98 clang missing nothing
98 clang duration_sec 1.1
98 clang dc_offset 42
98 clang min_samp -706
98 clang max_samp 878
98 clang min_power10 14.5
98 clang max_power90 46.7
98 dowk missing nothing
98 dowk duration_sec 6.0
98 dowk dc_offset 42
98 dowk min_samp -2950
98 dowk max_samp 2230
98 dowk min_power10 14.0
98 dowk max_power90 48.7
98 nums comments CE  
98 nums missing 10
98 nums duration_sec 9.3
98 nums dc_offset 42
98 nums min_samp -1806
98 nums max_samp 1622
98 nums min_power10 13.4
98 nums max_power90 48.4
98 htl missing nothing
98 htl duration_sec 2.1
98 htl dc_offset 42
98 htl min_samp -1478
98 htl max_samp 1446
98 htl min_power10 13.6
98 htl max_power90 49.3
98 htc missing nothing
98 htc duration_sec 8.2
98 htc dc_offset 42
98 htc min_samp -2374
98 htc max_samp 1818
98 htc min_power10 13.5
98 htc max_power90 48.3
98 room missing nothing
98 room duration_sec 9.7
98 room dc_offset 42
98 room min_samp -1258
98 room max_samp 1418
98 room min_power10 12.6
98 room max_power90 46.2
98 meal missing nothing
98 meal duration_sec 6.4
98 meal dc_offset 42
98 meal min_samp -1182
98 meal max_samp 946
98 meal min_power10 13.6
98 meal max_power90 45.2
98 story-bt comments CE  
98 story-bt missing nothing
98 story-bt duration_sec 49.2
98 story-bt dc_offset 42
98 story-bt min_samp -1542
98 story-bt max_samp 1614
98 story-bt min_power10 17.7
98 story-bt max_power90 45.4
98 story-at comments CB  
98 story-at missing CS
98 story-at duration_sec 4.7
98 story-at dc_offset 42
98 story-at min_samp -686
98 story-at max_samp 774
98 story-at min_power10 17.9
98 story-at max_power90 42.2
98 gender male
98 age adult
98 connection average
98 intelligibility ok
