94 labeler khoward
94 label_date Tue Jul  2 14:03:18 PDT 1991
94 nlang comments ES  
94 nlang missing nothing
94 nlang duration_sec 1.5
94 nlang dc_offset 42
94 nlang min_samp -998
94 nlang max_samp 1354
94 nlang min_power10 17.2
94 nlang max_power90 46.2
94 clang comments ES  
94 clang missing nothing
94 clang duration_sec 1.4
94 clang dc_offset 42
94 clang min_samp -902
94 clang max_samp 1158
94 clang min_power10 17.8
94 clang max_power90 46.5
94 dowk missing nothing
94 dowk duration_sec 6.4
94 dowk dc_offset 42
94 dowk min_samp -1010
94 dowk max_samp 1190
94 dowk min_power10 16.9
94 dowk max_power90 42.9
94 nums missing nothing
94 nums duration_sec 9.5
94 nums dc_offset 42
94 nums min_samp -1318
94 nums max_samp 1538
94 nums min_power10 16.8
94 nums max_power90 44.3
94 htl comments BN CE EN  
94 htl missing nothing
94 htl duration_sec 9.2
94 htl dc_offset 42
94 htl min_samp -2602
94 htl max_samp 2430
94 htl min_power10 20.1
94 htl max_power90 51.5
94 htc comments BN CE  
94 htc missing nothing
94 htc duration_sec 9.5
94 htc dc_offset 42
94 htc min_samp -2498
94 htc max_samp 2762
94 htc min_power10 19.2
94 htc max_power90 50.7
94 room comments BN  
94 room missing nothing
94 room duration_sec 10.6
94 room dc_offset 42
94 room min_samp -3382
94 room max_samp 4326
94 room min_power10 18.2
94 room max_power90 50.8
94 meal comments CE  
94 meal missing CS
94 meal duration_sec 9.0
94 meal dc_offset 42
94 meal min_samp -2450
94 meal max_samp 2586
94 meal min_power10 18.3
94 meal max_power90 51.0
94 story-bt comments CE SS  
94 story-bt missing nothing
94 story-bt duration_sec 49.2
94 story-bt dc_offset 42
94 story-bt min_samp -2990
94 story-bt max_samp 3342
94 story-bt min_power10 18.8
94 story-bt max_power90 49.9
94 story-at comments CB SS  
94 story-at missing CS
94 story-at duration_sec 5.2
94 story-at dc_offset 42
94 story-at min_samp -2054
94 story-at max_samp 1878
94 story-at min_power10 18.0
94 story-at max_power90 48.3
94 gender male
94 age adult
94 connection average
94 intelligibility ok
