96 labeler khoward
96 label_date Tue Jul  2 14:33:33 PDT 1991
96 nlang comments ES  
96 nlang missing nothing
96 nlang duration_sec 1.5
96 nlang dc_offset 42
96 nlang min_samp -2230
96 nlang max_samp 2510
96 nlang min_power10 11.2
96 nlang max_power90 49.7
96 clang comments ES  
96 clang missing nothing
96 clang duration_sec 1.4
96 clang dc_offset 42
96 clang min_samp -2262
96 clang max_samp 2106
96 clang min_power10 11.2
96 clang max_power90 45.4
96 dowk missing nothing
96 dowk duration_sec 5.3
96 dowk dc_offset 42
96 dowk min_samp -2406
96 dowk max_samp 2130
96 dowk min_power10 12.2
96 dowk max_power90 52.9
96 nums comments EN  
96 nums missing nothing
96 nums duration_sec 8.2
96 nums dc_offset 42
96 nums min_samp -2814
96 nums max_samp 2710
96 nums min_power10 12.0
96 nums max_power90 51.9
96 htl missing nothing
96 htl duration_sec 8.9
96 htl dc_offset 42
96 htl min_samp -3866
96 htl max_samp 2998
96 htl min_power10 15.1
96 htl max_power90 51.5
96 htc comments CE  
96 htc missing nothing
96 htc duration_sec 9.3
96 htc dc_offset 42
96 htc min_samp -2826
96 htc max_samp 3118
96 htc min_power10 12.5
96 htc max_power90 51.3
96 room comments CE  
96 room missing CS
96 room duration_sec 11.6
96 room dc_offset 42
96 room min_samp -2438
96 room max_samp 2542
96 room min_power10 13.8
96 room max_power90 51.8
96 meal missing nothing
96 meal duration_sec 8.6
96 meal dc_offset 42
96 meal min_samp -2318
96 meal max_samp 1890
96 meal min_power10 11.7
96 meal max_power90 51.1
96 story-bt comments CE SS  
96 story-bt missing 
96 story-bt duration_sec 48.9
96 story-bt dc_offset 42
96 story-bt min_samp -3302
96 story-bt max_samp 3986
96 story-bt min_power10 14.0
96 story-bt max_power90 51.7
96 story-at comments CB SS  
96 story-at missing CS
96 story-at duration_sec 6.2
96 story-at dc_offset 42
96 story-at min_samp -2242
96 story-at max_samp 1458
96 story-at min_power10 11.9
96 story-at max_power90 47.6
96 gender male
96 age adult
96 connection average
96 intelligibility ok
