97 labeler khoward
97 label_date Tue Jul  2 14:46:13 PDT 1991
97 nlang missing nothing
97 nlang duration_sec 1.2
97 nlang dc_offset 42
97 nlang min_samp -2622
97 nlang max_samp 3098
97 nlang min_power10 16.2
97 nlang max_power90 51.0
97 clang comments ES  
97 clang missing nothing
97 clang duration_sec 1.8
97 clang dc_offset 42
97 clang min_samp -2314
97 clang max_samp 2674
97 clang min_power10 16.8
97 clang max_power90 51.5
97 dowk comments EN ES  
97 dowk missing nothing
97 dowk duration_sec 6.2
97 dowk dc_offset 42
97 dowk min_samp -5338
97 dowk max_samp 6598
97 dowk min_power10 19.3
97 dowk max_power90 58.1
97 nums missing nothing
97 nums duration_sec 9.5
97 nums dc_offset 42
97 nums min_samp -5322
97 nums max_samp 5102
97 nums min_power10 17.2
97 nums max_power90 56.4
97 htl comments BN CE  
97 htl missing CS
97 htl duration_sec 9.0
97 htl dc_offset 42
97 htl min_samp -4366
97 htl max_samp 5874
97 htl min_power10 19.2
97 htl max_power90 57.2
97 htc missing nothing
97 htc duration_sec 7.3
97 htc dc_offset 42
97 htc min_samp -5774
97 htc max_samp 6146
97 htc min_power10 17.4
97 htc max_power90 56.7
97 room comments CE  
97 room missing CS
97 room duration_sec 10.8
97 room dc_offset 42
97 room min_samp -7134
97 room max_samp 6278
97 room min_power10 19.1
97 room max_power90 58.9
97 meal comments CE  
97 meal missing CS
97 meal duration_sec 9.0
97 meal dc_offset 42
97 meal min_samp -6194
97 meal max_samp 7074
97 meal min_power10 18.8
97 meal max_power90 54.0
97 story-bt comments CE SS  
97 story-bt missing nothing
97 story-bt duration_sec 47.5
97 story-bt dc_offset 42
97 story-bt min_samp -6982
97 story-bt max_samp 6574
97 story-bt min_power10 18.3
97 story-bt max_power90 54.9
97 story-at comments SS  
97 story-at missing nothing
97 story-at duration_sec 8.3
97 story-at dc_offset 42
97 story-at min_samp -3090
97 story-at max_samp 4006
97 story-at min_power10 19.3
97 story-at max_power90 52.6
97 gender male
97 age adult
97 connection good
97 intelligibility ok
