90 labeler khoward
90 label_date Tue Jul  2 10:39:02 PDT 1991
90 nlang missing nothing
90 nlang duration_sec 0.7
90 nlang dc_offset 42
90 nlang min_samp -1766
90 nlang max_samp 1706
90 nlang min_power10 14.4
90 nlang max_power90 55.5
90 clang missing nothing
90 clang duration_sec 0.7
90 clang dc_offset 42
90 clang min_samp -2038
90 clang max_samp 2010
90 clang min_power10 17.7
90 clang max_power90 53.2
90 dowk missing nothing
90 dowk duration_sec 5.5
90 dowk dc_offset 42
90 dowk min_samp -3074
90 dowk max_samp 3106
90 dowk min_power10 15.8
90 dowk max_power90 55.9
90 nums comments BN  
90 nums missing nothing
90 nums duration_sec 9.3
90 nums dc_offset 42
90 nums min_samp -3110
90 nums max_samp 2538
90 nums min_power10 14.5
90 nums max_power90 52.8
90 htl missing nothing
90 htl duration_sec 8.8
90 htl dc_offset 42
90 htl min_samp -2578
90 htl max_samp 2126
90 htl min_power10 19.8
90 htl max_power90 52.7
90 htc comments BN  
90 htc missing nothing
90 htc duration_sec 9.1
90 htc dc_offset 42
90 htc min_samp -3750
90 htc max_samp 3694
90 htc min_power10 17.7
90 htc max_power90 54.4
90 room missing CS
90 room duration_sec 11.1
90 room dc_offset 42
90 room min_samp -3478
90 room max_samp 2786
90 room min_power10 16.2
90 room max_power90 52.5
90 meal missing nothing
90 meal duration_sec 9.1
90 meal dc_offset 42
90 meal min_samp -2518
90 meal max_samp 2126
90 meal min_power10 17.6
90 meal max_power90 51.5
90 story-bt comments BN EN SS  
90 story-bt missing nothing
90 story-bt duration_sec 48.0
90 story-bt dc_offset 42
90 story-bt min_samp -2778
90 story-bt max_samp 2974
90 story-bt min_power10 17.6
90 story-bt max_power90 51.3
90 story-at comments CE 
90 story-at missing CS
90 story-at duration_sec 9.1
90 story-at dc_offset 42
90 story-at min_samp -2906
90 story-at max_samp 2750
90 story-at min_power10 16.1
90 story-at max_power90 52.3
90 gender female
90 age adult
90 connection average
90 intelligibility ok
