99 labeler khoward
99 label_date Tue Jul  2 15:47:02 PDT 1991
99 nlang missing nothing
99 nlang duration_sec 1.2
99 nlang dc_offset 42
99 nlang min_samp -1414
99 nlang max_samp 1522
99 nlang min_power10 12.2
99 nlang max_power90 52.6
99 clang missing nothing
99 clang duration_sec 1.4
99 clang dc_offset 42
99 clang min_samp -1418
99 clang max_samp 1286
99 clang min_power10 10.4
99 clang max_power90 48.9
99 dowk comments ES  
99 dowk missing nothing
99 dowk duration_sec 5.4
99 dowk dc_offset 42
99 dowk min_samp -1378
99 dowk max_samp 1494
99 dowk min_power10 12.8
99 dowk max_power90 49.8
99 nums comments EN  
99 nums missing nothing
99 nums duration_sec 8.1
99 nums dc_offset 42
99 nums min_samp -1578
99 nums max_samp 1286
99 nums min_power10 12.3
99 nums max_power90 48.4
99 htl missing nothing
99 htl duration_sec 2.2
99 htl dc_offset 42
99 htl min_samp -998
99 htl max_samp 982
99 htl min_power10 12.8
99 htl max_power90 45.0
99 htc missing nothing
99 htc duration_sec 9.2
99 htc dc_offset 42
99 htc min_samp -1686
99 htc max_samp 1590
99 htc min_power10 12.6
99 htc max_power90 47.4
99 room comments BN EN  
99 room missing nothing
99 room duration_sec 10.9
99 room dc_offset 42
99 room min_samp -2466
99 room max_samp 2286
99 room min_power10 13.1
99 room max_power90 46.0
99 meal comments BN  
99 meal missing nothing
99 meal duration_sec 5.2
99 meal dc_offset 42
99 meal min_samp -1590
99 meal max_samp 1302
99 meal min_power10 16.2
99 meal max_power90 49.2
99 story-bt comments SS  
99 story-bt missing nothing
99 story-bt duration_sec 49.9
99 story-bt dc_offset 42
99 story-bt min_samp -2782
99 story-bt max_samp 2134
99 story-bt min_power10 13.5
99 story-bt max_power90 44.2
99 story-at comments BN CB EN SS  
99 story-at missing nothing
99 story-at duration_sec 9.7
99 story-at dc_offset 42
99 story-at min_samp -1246
99 story-at max_samp 1382
99 story-at min_power10 10.7
99 story-at max_power90 36.8
99 gender female
99 age adult
99 connection average
99 intelligibility ok
