105 labeler khoward
105 label_date Fri Aug 30 16:42:31 PDT 1991
105 nlang missing nothing
105 nlang duration_sec 1.9
105 nlang dc_offset 42
105 nlang min_samp -2514
105 nlang max_samp 1926
105 nlang min_power10 11.4
105 nlang max_power90 54.3
105 clang missing nothing
105 clang duration_sec 1.2
105 clang dc_offset 42
105 clang min_samp -2210
105 clang max_samp 2318
105 clang min_power10 11.5
105 clang max_power90 53.3
105 dowk missing nothing
105 dowk duration_sec 4.6
105 dowk dc_offset 42
105 dowk min_samp -3634
105 dowk max_samp 2982
105 dowk min_power10 15.3
105 dowk max_power90 56.7
105 nums missing nothing
105 nums duration_sec 6.8
105 nums dc_offset 42
105 nums min_samp -3262
105 nums max_samp 2750
105 nums min_power10 13.5
105 nums max_power90 55.5
105 htl comments EN  
105 htl missing nothing
105 htl duration_sec 8.9
105 htl dc_offset 42
105 htl min_samp -2718
105 htl max_samp 2062
105 htl min_power10 12.6
105 htl max_power90 51.6
105 htc missing nothing
105 htc duration_sec 7.7
105 htc dc_offset 42
105 htc min_samp -3250
105 htc max_samp 2318
105 htc min_power10 17.2
105 htc max_power90 54.3
105 room missing nothing
105 room duration_sec 11.2
105 room dc_offset 42
105 room min_samp -3526
105 room max_samp 2026
105 room min_power10 19.3
105 room max_power90 54.6
105 meal missing nothing
105 meal duration_sec 9.0
105 meal dc_offset 42
105 meal min_samp -3702
105 meal max_samp 2942
105 meal min_power10 10.6
105 meal max_power90 52.7
105 story-bt comments CE SS EN  
105 story-bt missing CS
105 story-bt duration_sec 46.8
105 story-bt dc_offset 42
105 story-bt min_samp -3370
105 story-bt max_samp 2110
105 story-bt min_power10 13.7
105 story-bt max_power90 50.8
105 story-at comments EN SS  
105 story-at missing nothing
105 story-at duration_sec 9.8
105 story-at dc_offset 42
105 story-at min_samp -2198
105 story-at max_samp 1498
105 story-at min_power10 12.8
105 story-at max_power90 48.3
105 gender male
105 age adult
105 connection average
105 intelligibility ok
