101 labeler khoward
101 label_date Fri Aug 30 14:31:23 PDT 1991
101 nlang comments BN  
101 nlang missing nothing
101 nlang duration_sec 1.0
101 nlang dc_offset 42
101 nlang min_samp -1682
101 nlang max_samp 1230
101 nlang min_power10 13.0
101 nlang max_power90 44.6
101 clang missing nothing
101 clang duration_sec 0.8
101 clang dc_offset 42
101 clang min_samp -1522
101 clang max_samp 1678
101 clang min_power10 13.5
101 clang max_power90 39.6
101 dowk missing nothing
101 dowk duration_sec 3.3
101 dowk dc_offset 42
101 dowk min_samp -446
101 dowk max_samp 710
101 dowk min_power10 14.5
101 dowk max_power90 39.1
101 nums missing nothing
101 nums duration_sec 4.7
101 nums dc_offset 42
101 nums min_samp -538
101 nums max_samp 638
101 nums min_power10 15.3
101 nums max_power90 37.4
101 htl missing nothing
101 htl duration_sec 2.8
101 htl dc_offset 42
101 htl min_samp -1666
101 htl max_samp 1466
101 htl min_power10 15.4
101 htl max_power90 44.1
101 htc missing nothing
101 htc duration_sec 5.8
101 htc dc_offset 42
101 htc min_samp -1130
101 htc max_samp 1358
101 htc min_power10 14.4
101 htc max_power90 41.0
101 room missing nothing
101 room duration_sec 5.8
101 room dc_offset 42
101 room min_samp -1370
101 room max_samp 1570
101 room min_power10 14.1
101 room max_power90 43.6
101 meal missing nothing
101 meal duration_sec 1.7
101 meal dc_offset 42
101 meal min_samp -794
101 meal max_samp 770
101 meal min_power10 15.7
101 meal max_power90 40.6
101 gender male
101 age adult
101 connection poor
101 intelligibility ok
