9 labeler khoward
9 label_date Thu Jul 11 16:25:11 PDT 1991
9 nlang missing nothing
9 nlang duration_sec 1.3
9 nlang dc_offset 42
9 nlang min_samp -6694
9 nlang max_samp 7154
9 nlang min_power10 21.1
9 nlang max_power90 51.4
9 clang comments BN  
9 clang missing nothing
9 clang duration_sec 1.5
9 clang dc_offset 42
9 clang min_samp -1526
9 clang max_samp 1582
9 clang min_power10 20.7
9 clang max_power90 49.6
9 dowk comments CE  
9 dowk missing Friday Saturday Sunday?
9 dowk duration_sec 5.7
9 dowk dc_offset 42
9 dowk min_samp -3990
9 dowk max_samp 3654
9 dowk min_power10 21.2
9 dowk max_power90 54.0
9 nums comments BN  
9 nums missing nothing
9 nums duration_sec 7.1
9 nums dc_offset 42
9 nums min_samp -2166
9 nums max_samp 2710
9 nums min_power10 20.9
9 nums max_power90 55.1
9 htl comments BN  
9 htl missing nothing
9 htl duration_sec 8.6
9 htl dc_offset 42
9 htl min_samp -2702
9 htl max_samp 3034
9 htl min_power10 24.2
9 htl max_power90 53.4
9 htc comments BN  
9 htc missing nothing
9 htc duration_sec 8.1
9 htc dc_offset 42
9 htc min_samp -2310
9 htc max_samp 3206
9 htc min_power10 20.4
9 htc max_power90 48.3
9 room comments BN SNL  
9 room missing nothing
9 room duration_sec 11.1
9 room dc_offset 42
9 room min_samp -3766
9 room max_samp 3514
9 room min_power10 22.2
9 room max_power90 53.1
9 meal missing nothing
9 meal duration_sec 6.9
9 meal dc_offset 42
9 meal min_samp -3450
9 meal max_samp 4238
9 meal min_power10 21.4
9 meal max_power90 51.9
9 story-bt comments BN SNL  
9 story-bt missing nothing
9 story-bt duration_sec 46.3
9 story-bt dc_offset 42
9 story-bt min_samp -2506
9 story-bt max_samp 3186
9 story-bt min_power10 22.7
9 story-bt max_power90 50.3
9 story-at missing nothing
9 story-at duration_sec 5.5
9 story-at dc_offset 42
9 story-at min_samp -2974
9 story-at max_samp 3006
9 story-at min_power10 22.6
9 story-at max_power90 50.7
9 gender female
9 age adult
9 connection average
9 intelligibility ok
