8 labeler khoward
8 label_date Thu Jul 11 15:54:56 PDT 1991
8 nlang comments BN  
8 nlang missing nothing
8 nlang duration_sec 1.5
8 nlang dc_offset 42
8 nlang min_samp -1614
8 nlang max_samp 1718
8 nlang min_power10 17.0
8 nlang max_power90 49.1
8 clang comments BN  
8 clang missing nothing
8 clang duration_sec 1.1
8 clang dc_offset 42
8 clang min_samp -3198
8 clang max_samp 3166
8 clang min_power10 16.2
8 clang max_power90 51.5
8 dowk comments BN  
8 dowk missing nothing
8 dowk duration_sec 6.2
8 dowk dc_offset 42
8 dowk min_samp -1426
8 dowk max_samp 1506
8 dowk min_power10 20.5
8 dowk max_power90 48.7
8 nums missing nothing
8 nums duration_sec 9.2
8 nums dc_offset 42
8 nums min_samp -4062
8 nums max_samp 3118
8 nums min_power10 16.1
8 nums max_power90 52.7
8 htl comments BN CE  
8 htl missing CS
8 htl duration_sec 6.7
8 htl dc_offset 42
8 htl min_samp -1082
8 htl max_samp 1234
8 htl min_power10 15.9
8 htl max_power90 43.5
8 htc comments BN  
8 htc missing nothing
8 htc duration_sec 3.4
8 htc dc_offset 42
8 htc min_samp -1258
8 htc max_samp 1306
8 htc min_power10 17.4
8 htc max_power90 50.1
8 room comments BN SNL  
8 room missing nothing
8 room duration_sec 7.1
8 room dc_offset 42
8 room min_samp -3878
8 room max_samp 2846
8 room min_power10 16.8
8 room max_power90 50.4
8 meal missing nothing
8 meal duration_sec 1.7
8 meal dc_offset 42
8 meal min_samp -1322
8 meal max_samp 1426
8 meal min_power10 16.5
8 meal max_power90 48.4
8 story-bt comments EN SS  
8 story-bt missing nothing
8 story-bt duration_sec 43.4
8 story-bt dc_offset 42
8 story-bt min_samp -2226
8 story-bt max_samp 2354
8 story-bt min_power10 15.7
8 story-bt max_power90 43.7
8 gender male
8 age adult
8 connection average
8 intelligibility ok
