5 labeler khoward
5 label_date Thu Jul 11 14:57:37 PDT 1991
5 nlang missing nothing
5 nlang duration_sec 1.1
5 nlang dc_offset 42
5 nlang min_samp -4466
5 nlang max_samp 3102
5 nlang min_power10 11.7
5 nlang max_power90 54.1
5 clang missing nothing
5 clang duration_sec 1.3
5 clang dc_offset 42
5 clang min_samp -2658
5 clang max_samp 1998
5 clang min_power10 15.6
5 clang max_power90 53.5
5 dowk missing nothing
5 dowk duration_sec 5.6
5 dowk dc_offset 42
5 dowk min_samp -2966
5 dowk max_samp 2034
5 dowk min_power10 12.6
5 dowk max_power90 53.9
5 nums missing nothing
5 nums duration_sec 6.6
5 nums dc_offset 42
5 nums min_samp -4790
5 nums max_samp 4262
5 nums min_power10 12.4
5 nums max_power90 55.7
5 htl missing nothing
5 htl duration_sec 2.3
5 htl dc_offset 42
5 htl min_samp -3934
5 htl max_samp 3006
5 htl min_power10 15.1
5 htl max_power90 58.0
5 htc missing nothing
5 htc duration_sec 2.2
5 htc dc_offset 42
5 htc min_samp -4742
5 htc max_samp 4206
5 htc min_power10 17.0
5 htc max_power90 58.0
5 room comments CE  
5 room missing CS
5 room duration_sec 11.2
5 room dc_offset 42
5 room min_samp -5750
5 room max_samp 3366
5 room min_power10 18.3
5 room max_power90 54.5
5 meal missing nothing
5 meal duration_sec 7.8
5 meal dc_offset 42
5 meal min_samp -3750
5 meal max_samp 2470
5 meal min_power10 13.1
5 meal max_power90 52.0
5 story-bt missing nothing
5 story-bt duration_sec 46.1
5 story-bt dc_offset 42
5 story-bt min_samp -4142
5 story-bt max_samp 3814
5 story-bt min_power10 13.9
5 story-bt max_power90 49.2
5 story-at comments CE  
5 story-at missing CS
5 story-at duration_sec 9.3
5 story-at dc_offset 42
5 story-at min_samp -2894
5 story-at max_samp 2230
5 story-at min_power10 15.4
5 story-at max_power90 50.1
5 gender male
5 age adult
5 connection good
5 intelligibility ok
