10 labeler khoward
10 label_date Thu Jul 11 16:38:26 PDT 1991
10 nlang missing nothing
10 nlang duration_sec 1.1
10 nlang dc_offset 42
10 nlang min_samp -4710
10 nlang max_samp 6266
10 nlang min_power10 17.8
10 nlang max_power90 59.1
10 clang missing nothing
10 clang duration_sec 1.3
10 clang dc_offset 42
10 clang min_samp -2910
10 clang max_samp 3994
10 clang min_power10 20.0
10 clang max_power90 53.2
10 dowk missing nothing
10 dowk duration_sec 5.3
10 dowk dc_offset 42
10 dowk min_samp -3742
10 dowk max_samp 4022
10 dowk min_power10 18.8
10 dowk max_power90 54.8
10 nums comments NI  
10 nums missing 0?
10 nums duration_sec 6.4
10 nums dc_offset 42
10 nums min_samp -2774
10 nums max_samp 3366
10 nums min_power10 18.5
10 nums max_power90 54.3
10 htl comments BN CE  
10 htl missing CS
10 htl duration_sec 8.3
10 htl dc_offset 42
10 htl min_samp -3190
10 htl max_samp 3678
10 htl min_power10 19.1
10 htl max_power90 56.4
10 htc missing nothing
10 htc duration_sec 6.0
10 htc dc_offset 42
10 htc min_samp -4438
10 htc max_samp 4814
10 htc min_power10 18.6
10 htc max_power90 58.0
10 room comments BN  
10 room missing nothing
10 room duration_sec 11.0
10 room dc_offset 42
10 room min_samp -3030
10 room max_samp 3446
10 room min_power10 20.5
10 room max_power90 56.3
10 meal comments BN  
10 meal missing nothing
10 meal duration_sec 3.9
10 meal dc_offset 42
10 meal min_samp -3342
10 meal max_samp 3718
10 meal min_power10 17.4
10 meal max_power90 56.4
10 story-bt comments BN SS  
10 story-bt missing nothing
10 story-bt duration_sec 49.0
10 story-bt dc_offset 42
10 story-bt min_samp -4134
10 story-bt max_samp 5454
10 story-bt min_power10 19.5
10 story-bt max_power90 55.8
10 gender female
10 age adult
10 connection average
10 intelligibility ok
