12 labeler yeshwant
12 label_date Sat Jul 27 14:09:47 PDT 1991
12 nlang comments CE ES  
12 nlang missing language
12 nlang duration_sec 1.9
12 nlang dc_offset 42
12 nlang min_samp -2486
12 nlang max_samp 3870
12 nlang min_power10 15.8
12 nlang max_power90 59.1
12 clang comments CE ES SNL  
12 clang missing CS
12 clang duration_sec 2.6
12 clang dc_offset 42
12 clang min_samp -2842
12 clang max_samp 4182
12 clang min_power10 18.3
12 clang max_power90 60.1
12 dowk missing nothing
12 dowk duration_sec 4.8
12 dowk dc_offset 42
12 dowk min_samp -2514
12 dowk max_samp 3150
12 dowk min_power10 20.2
12 dowk max_power90 55.3
12 nums missing nothing
12 nums duration_sec 5.8
12 nums dc_offset 42
12 nums min_samp -3842
12 nums max_samp 4326
12 nums min_power10 17.6
12 nums max_power90 60.0
12 htl comments CE  
12 htl missing CS
12 htl duration_sec 7.7
12 htl dc_offset 42
12 htl min_samp -3114
12 htl max_samp 3678
12 htl min_power10 26.6
12 htl max_power90 56.2
12 htc comments CE  
12 htc missing CS
12 htc duration_sec 8.8
12 htc dc_offset 42
12 htc min_samp -3322
12 htc max_samp 3746
12 htc min_power10 20.8
12 htc max_power90 58.1
12 room comments CE  
12 room missing CS
12 room duration_sec 10.9
12 room dc_offset 42
12 room min_samp -3146
12 room max_samp 4370
12 room min_power10 28.7
12 room max_power90 59.5
12 meal comments CB CE ES SNL  
12 meal missing CS
12 meal duration_sec 8.8
12 meal dc_offset 42
12 meal min_samp -2966
12 meal max_samp 3758
12 meal min_power10 21.2
12 meal max_power90 57.4
12 story-bt missing nothing
12 story-bt duration_sec 44.8
12 story-bt dc_offset 42
12 story-bt min_samp -2822
12 story-bt max_samp 3530
12 story-bt min_power10 20.6
12 story-bt max_power90 53.8
12 story-at comments BN CE  
12 story-at missing CS
12 story-at duration_sec 9.4
12 story-at dc_offset 42
12 story-at min_samp -1754
12 story-at max_samp 2238
12 story-at min_power10 19.1
12 story-at max_power90 51.9
12 gender male
12 age adult
12 connection average
12 intelligibility ok
