17 labeler yeshwant
17 label_date Sat Jul 27 15:56:53 PDT 1991
17 nlang missing nothing
17 nlang duration_sec 1.0
17 nlang dc_offset 42
17 nlang min_samp -2758
17 nlang max_samp 3154
17 nlang min_power10 17.6
17 nlang max_power90 52.3
17 clang comments BN EN  
17 clang missing nothing
17 clang duration_sec 1.7
17 clang dc_offset 42
17 clang min_samp -1374
17 clang max_samp 1522
17 clang min_power10 17.5
17 clang max_power90 51.0
17 dowk comments CB  
17 dowk missing part of first day
17 dowk duration_sec 5.6
17 dowk dc_offset 42
17 dowk min_samp -6842
17 dowk max_samp 5958
17 dowk min_power10 26.9
17 dowk max_power90 56.9
17 nums comments EN NI  
17 nums missing 0
17 nums duration_sec 5.7
17 nums dc_offset 42
17 nums min_samp -5434
17 nums max_samp 4706
17 nums min_power10 23.7
17 nums max_power90 57.6
17 htl comments EN CE 
17 htl missing CS
17 htl duration_sec 8.4
17 htl dc_offset 42
17 htl min_samp -4390
17 htl max_samp 4070
17 htl min_power10 21.2
17 htl max_power90 56.0
17 htc comments EN  
17 htc missing nothing
17 htc duration_sec 6.2
17 htc dc_offset 42
17 htc min_samp -7442
17 htc max_samp 7262
17 htc min_power10 20.9
17 htc max_power90 57.1
17 room comments CE EN ES  
17 room missing CS
17 room duration_sec 7.6
17 room dc_offset 42
17 room min_samp -5914
17 room max_samp 3958
17 room min_power10 24.0
17 room max_power90 58.7
17 story-bt comments CE EN SNL  
17 story-bt missing CS
17 story-bt duration_sec 22.0
17 story-bt dc_offset 42
17 story-bt min_samp -1478
17 story-bt max_samp 1230
17 story-bt min_power10 18.8
17 story-bt max_power90 45.7
17 gender male
17 age adult
17 connection average
17 intelligibility ok
