20 labeler khoward
20 label_date Mon Jul 29 16:20:07 PDT 1991
20 nlang missing nothing
20 nlang duration_sec 1.2
20 nlang dc_offset 42
20 nlang min_samp -1282
20 nlang max_samp 2042
20 nlang min_power10 14.7
20 nlang max_power90 53.7
20 clang missing nothing
20 clang duration_sec 1.4
20 clang dc_offset 42
20 clang min_samp -1066
20 clang max_samp 1222
20 clang min_power10 14.6
20 clang max_power90 49.2
20 dowk comments CE  
20 dowk missing Sunday?
20 dowk duration_sec 6.4
20 dowk dc_offset 42
20 dowk min_samp -1462
20 dowk max_samp 2534
20 dowk min_power10 14.9
20 dowk max_power90 52.5
20 nums comments BN CE  
20 nums missing 0 9 10?
20 nums duration_sec 8.9
20 nums dc_offset 42
20 nums min_samp -1838
20 nums max_samp 1982
20 nums min_power10 14.0
20 nums max_power90 52.7
20 htl missing nothing
20 htl duration_sec 8.5
20 htl dc_offset 42
20 htl min_samp -1610
20 htl max_samp 2334
20 htl min_power10 16.0
20 htl max_power90 52.2
20 htc comments CE  
20 htc missing CS
20 htc duration_sec 7.5
20 htc dc_offset 42
20 htc min_samp -1502
20 htc max_samp 2694
20 htc min_power10 14.0
20 htc max_power90 53.0
20 room missing nothing
20 room duration_sec 10.5
20 room dc_offset 42
20 room min_samp -1202
20 room max_samp 1478
20 room min_power10 15.7
20 room max_power90 50.0
20 meal missing nothing
20 meal duration_sec 5.9
20 meal dc_offset 42
20 meal min_samp -1302
20 meal max_samp 1570
20 meal min_power10 14.0
20 meal max_power90 47.8
20 story-bt comments SS SNL  
20 story-bt missing nothing
20 story-bt duration_sec 44.6
20 story-bt dc_offset 42
20 story-bt min_samp -2662
20 story-bt max_samp 4046
20 story-bt min_power10 14.3
20 story-bt max_power90 52.8
20 gender female
20 age adult
20 connection average
20 intelligibility ok
