22 labeler yeshwant
22 label_date Tue Jul 30 19:33:41 PDT 1991
22 nlang missing nothing
22 nlang duration_sec 0.9
22 nlang dc_offset 42
22 nlang min_samp -2490
22 nlang max_samp 3810
22 nlang min_power10 19.2
22 nlang max_power90 56.6
22 clang comments EN  
22 clang missing nothing
22 clang duration_sec 1.1
22 clang dc_offset 42
22 clang min_samp -1430
22 clang max_samp 1302
22 clang min_power10 19.4
22 clang max_power90 53.6
22 dowk comments EN  
22 dowk missing nothing
22 dowk duration_sec 7.0
22 dowk dc_offset 42
22 dowk min_samp -1614
22 dowk max_samp 2006
22 dowk min_power10 19.0
22 dowk max_power90 50.4
22 nums comments BN EN  
22 nums missing nothing
22 nums duration_sec 9.2
22 nums dc_offset 42
22 nums min_samp -1658
22 nums max_samp 2030
22 nums min_power10 17.1
22 nums max_power90 49.9
22 htl comments CE EN ES  
22 htl missing CS
22 htl duration_sec 5.2
22 htl dc_offset 42
22 htl min_samp -1386
22 htl max_samp 2258
22 htl min_power10 18.0
22 htl max_power90 50.9
22 htc comments EN  
22 htc missing nothing
22 htc duration_sec 1.6
22 htc dc_offset 42
22 htc min_samp -990
22 htc max_samp 1062
22 htc min_power10 17.6
22 htc max_power90 49.9
22 room comments BN CE EN SNL  
22 room missing CS
22 room duration_sec 11.4
22 room dc_offset 42
22 room min_samp -1290
22 room max_samp 2350
22 room min_power10 19.2
22 room max_power90 51.9
22 meal comments BN EN  
22 meal missing nothing
22 meal duration_sec 1.1
22 meal dc_offset 42
22 meal min_samp -1398
22 meal max_samp 1806
22 meal min_power10 20.7
22 meal max_power90 53.6
22 story-at comments BN EN SS  
22 story-at missing nothing
22 story-at duration_sec 7.3
22 story-at dc_offset 42
22 story-at min_samp -1374
22 story-at max_samp 1674
22 story-at min_power10 21.4
22 story-at max_power90 49.9
22 gender female
22 age adult
22 connection poor
22 intelligibility ok
