24 labeler khoward
24 label_date Wed Jul 31 13:48:35 PDT 1991
24 nlang missing nothing
24 nlang duration_sec 1.2
24 nlang dc_offset 42
24 nlang min_samp -1942
24 nlang max_samp 2310
24 nlang min_power10 11.7
24 nlang max_power90 50.0
24 clang comments BN EN  
24 clang missing nothing
24 clang duration_sec 1.4
24 clang dc_offset 42
24 clang min_samp -554
24 clang max_samp 526
24 clang min_power10 11.8
24 clang max_power90 43.6
24 dowk missing nothing
24 dowk duration_sec 7.0
24 dowk dc_offset 42
24 dowk min_samp -1030
24 dowk max_samp 1558
24 dowk min_power10 11.4
24 dowk max_power90 42.3
24 nums missing nothing
24 nums duration_sec 7.4
24 nums dc_offset 42
24 nums min_samp -890
24 nums max_samp 1030
24 nums min_power10 11.5
24 nums max_power90 44.1
24 htl missing CS CE
24 htl duration_sec 6.7
24 htl dc_offset 42
24 htl min_samp -914
24 htl max_samp 1286
24 htl min_power10 12.4
24 htl max_power90 44.6
24 htc missing nothing
24 htc duration_sec 8.3
24 htc dc_offset 42
24 htc min_samp -1006
24 htc max_samp 1434
24 htc min_power10 11.8
24 htc max_power90 43.8
24 room comments BN CE  
24 room missing CS
24 room duration_sec 9.3
24 room dc_offset 42
24 room min_samp -2034
24 room max_samp 1830
24 room min_power10 11.9
24 room max_power90 45.6
24 meal comments BN  
24 meal missing nothing
24 meal duration_sec 8.3
24 meal dc_offset 42
24 meal min_samp -942
24 meal max_samp 782
24 meal min_power10 12.0
24 meal max_power90 41.0
24 story-bt comments BN SS  
24 story-bt missing nothing
24 story-bt duration_sec 48.5
24 story-bt dc_offset 42
24 story-bt min_samp -3190
24 story-bt max_samp 2662
24 story-bt min_power10 12.1
24 story-bt max_power90 45.5
24 story-at comments CB CE SS  
24 story-at missing CS
24 story-at duration_sec 7.7
24 story-at dc_offset 42
24 story-at min_samp -1078
24 story-at max_samp 1430
24 story-at min_power10 12.3
24 story-at max_power90 42.0
24 gender female
24 age adult
24 connection average
24 intelligibility ok
