29 labeler yeshwant
29 label_date Sun Aug  4 15:31:45 PDT 1991
29 nlang comments EN  
29 nlang missing nothing
29 nlang duration_sec 1.0
29 nlang dc_offset 42
29 nlang min_samp -2038
29 nlang max_samp 2182
29 nlang min_power10 10.4
29 nlang max_power90 48.4
29 clang comments EN  
29 clang missing nothing
29 clang duration_sec 1.0
29 clang dc_offset 42
29 clang min_samp -1338
29 clang max_samp 1082
29 clang min_power10 21.3
29 clang max_power90 47.8
29 dowk comments ES  
29 dowk missing nothing
29 dowk duration_sec 5.7
29 dowk dc_offset 42
29 dowk min_samp -2494
29 dowk max_samp 2626
29 dowk min_power10 18.1
29 dowk max_power90 47.1
29 nums comments BN CB EN  
29 nums missing 0 1 2
29 nums duration_sec 5.0
29 nums dc_offset 42
29 nums min_samp -1342
29 nums max_samp 1638
29 nums min_power10 11.0
29 nums max_power90 44.1
29 htl comments CE ES  
29 htl missing cs
29 htl duration_sec 8.8
29 htl dc_offset 42
29 htl min_samp -1854
29 htl max_samp 2602
29 htl min_power10 18.4
29 htl max_power90 48.7
29 htc comments BN CE EN ES  
29 htc missing cs
29 htc duration_sec 8.7
29 htc dc_offset 42
29 htc min_samp -1814
29 htc max_samp 2158
29 htc min_power10 20.8
29 htc max_power90 51.4
29 room comments BN CE EN ES SNL  
29 room missing cs
29 room duration_sec 11.4
29 room dc_offset 42
29 room min_samp -1926
29 room max_samp 2450
29 room min_power10 16.7
29 room max_power90 47.7
29 meal comments BN CB EN ES  
29 meal missing cs
29 meal duration_sec 8.0
29 meal dc_offset 42
29 meal min_samp -994
29 meal max_samp 1362
29 meal min_power10 12.2
29 meal max_power90 44.8
29 story-bt comments BN CE EN SS ES  
29 story-bt missing cs
29 story-bt duration_sec 48.6
29 story-bt dc_offset 42
29 story-bt min_samp -1450
29 story-bt max_samp 1938
29 story-bt min_power10 13.0
29 story-bt max_power90 40.3
29 story-at comments BN CB CE EN SS ES  
29 story-at missing cs
29 story-at duration_sec 9.4
29 story-at dc_offset 42
29 story-at min_samp -974
29 story-at max_samp 1446
29 story-at min_power10 15.4
29 story-at max_power90 40.9
29 gender male
29 age adult
29 connection average
29 intelligibility poor
