31 labeler khoward
31 label_date Mon Aug  5 13:55:11 PDT 1991
31 nlang missing nothing
31 nlang duration_sec 1.1
31 nlang dc_offset 42
31 nlang min_samp -3718
31 nlang max_samp 2530
31 nlang min_power10 15.2
31 nlang max_power90 51.4
31 clang comments EN  
31 clang missing nothing
31 clang duration_sec 1.5
31 clang dc_offset 42
31 clang min_samp -462
31 clang max_samp 530
31 clang min_power10 14.9
31 clang max_power90 41.6
31 dowk comments BN  
31 dowk missing nothing
31 dowk duration_sec 6.4
31 dowk dc_offset 42
31 dowk min_samp -1770
31 dowk max_samp 1938
31 dowk min_power10 16.9
31 dowk max_power90 49.9
31 nums comments BN  
31 nums missing 0?
31 nums duration_sec 6.6
31 nums dc_offset 42
31 nums min_samp -2270
31 nums max_samp 3838
31 nums min_power10 14.8
31 nums max_power90 52.3
31 htl comments BN CE  
31 htl missing CS
31 htl duration_sec 9.4
31 htl dc_offset 42
31 htl min_samp -2158
31 htl max_samp 2194
31 htl min_power10 18.7
31 htl max_power90 50.1
31 htc comments BN  
31 htc missing nothing
31 htc duration_sec 3.9
31 htc dc_offset 42
31 htc min_samp -1534
31 htc max_samp 2114
31 htc min_power10 18.2
31 htc max_power90 48.4
31 room comments BN CE  
31 room missing CS
31 room duration_sec 11.5
31 room dc_offset 42
31 room min_samp -1522
31 room max_samp 1582
31 room min_power10 14.1
31 room max_power90 47.3
31 meal comments SNL  
31 meal missing nothing
31 meal duration_sec 3.5
31 meal dc_offset 42
31 meal min_samp -3494
31 meal max_samp 2970
31 meal min_power10 15.0
31 meal max_power90 47.2
31 story-bt comments BN CE SS SNL  
31 story-bt missing CS
31 story-bt duration_sec 47.0
31 story-bt dc_offset 42
31 story-bt min_samp -1494
31 story-bt max_samp 1794
31 story-bt min_power10 13.4
31 story-bt max_power90 44.5
31 gender male
31 age adult
31 connection average
31 intelligibility ok
