30 labeler khoward
30 label_date Mon Aug  5 13:40:32 PDT 1991
30 nlang comments EN  
30 nlang missing nothing
30 nlang duration_sec 1.0
30 nlang dc_offset 42
30 nlang min_samp -4310
30 nlang max_samp 3574
30 nlang min_power10 22.5
30 nlang max_power90 58.1
30 clang missing nothing
30 clang duration_sec 1.2
30 clang dc_offset 42
30 clang min_samp -2770
30 clang max_samp 3374
30 clang min_power10 14.2
30 clang max_power90 59.0
30 dowk comments CB EN  
30 dowk missing Monday
30 dowk duration_sec 5.9
30 dowk dc_offset 42
30 dowk min_samp -3410
30 dowk max_samp 2722
30 dowk min_power10 18.2
30 dowk max_power90 57.0
30 nums missing nothing
30 nums duration_sec 6.6
30 nums dc_offset 43
30 nums min_samp -4719
30 nums max_samp 3857
30 nums min_power10 17.2
30 nums max_power90 59.0
30 htl comments CE SNL  
30 htl missing CS
30 htl duration_sec 7.5
30 htl dc_offset 42
30 htl min_samp -3702
30 htl max_samp 3474
30 htl min_power10 18.8
30 htl max_power90 56.6
30 htc missing nothing
30 htc duration_sec 3.3
30 htc dc_offset 43
30 htc min_samp -3915
30 htc max_samp 3821
30 htc min_power10 19.7
30 htc max_power90 59.4
30 room comments BN  
30 room missing nothing
30 room duration_sec 8.8
30 room dc_offset 42
30 room min_samp -3510
30 room max_samp 3334
30 room min_power10 16.1
30 room max_power90 57.6
30 meal comments SNL  
30 meal missing nothing
30 meal duration_sec 1.0
30 meal dc_offset 42
30 meal min_samp -3294
30 meal max_samp 3214
30 meal min_power10 13.7
30 meal max_power90 51.0
30 story-bt comments SNL CE SS  
30 story-bt missing CS
30 story-bt duration_sec 48.1
30 story-bt dc_offset 43
30 story-bt min_samp -4171
30 story-bt max_samp 3709
30 story-bt min_power10 15.4
30 story-bt max_power90 57.9
30 gender male
30 age adult
30 connection average
30 intelligibility ok
