44 labeler khoward
44 label_date Thu Aug  8 13:25:22 PDT 1991
44 nlang missing nothing
44 nlang duration_sec 1.0
44 nlang dc_offset 43
44 nlang min_samp -10751
44 nlang max_samp 6785
44 nlang min_power10 25.2
44 nlang max_power90 52.5
44 clang missing nothing
44 clang duration_sec 0.9
44 clang dc_offset 43
44 clang min_samp -6315
44 clang max_samp 3585
44 clang min_power10 24.0
44 clang max_power90 52.6
44 dowk missing sang
44 dowk duration_sec 6.4
44 dowk dc_offset 43
44 dowk min_samp -6191
44 dowk max_samp 5957
44 dowk min_power10 31.2
44 dowk max_power90 62.5
44 nums missing nothing
44 nums duration_sec 8.0
44 nums dc_offset 43
44 nums min_samp -5739
44 nums max_samp 4165
44 nums min_power10 24.8
44 nums max_power90 58.9
44 htl missing nothing
44 htl duration_sec 7.6
44 htl dc_offset 43
44 htl min_samp -6647
44 htl max_samp 5837
44 htl min_power10 27.3
44 htl max_power90 57.3
44 htc missing nothing
44 htc duration_sec 8.0
44 htc dc_offset 43
44 htc min_samp -8287
44 htc max_samp 4949
44 htc min_power10 28.2
44 htc max_power90 58.9
44 room comments CE  
44 room missing CS
44 room duration_sec 11.1
44 room dc_offset 43
44 room min_samp -6551
44 room max_samp 4381
44 room min_power10 26.4
44 room max_power90 57.2
44 meal missing nothing
44 meal duration_sec 4.6
44 meal dc_offset 43
44 meal min_samp -8815
44 meal max_samp 5301
44 meal min_power10 27.6
44 meal max_power90 59.9
44 story-bt comments CE SS SNL  
44 story-bt missing CS
44 story-bt duration_sec 50.0
44 story-bt dc_offset 43
44 story-bt min_samp -9855
44 story-bt max_samp 10233
44 story-bt min_power10 27.0
44 story-bt max_power90 58.3
44 story-at missing nothing
44 story-at duration_sec 2.8
44 story-at dc_offset 43
44 story-at min_samp -3027
44 story-at max_samp 2785
44 story-at min_power10 25.6
44 story-at max_power90 52.4
44 gender male
44 age adult
44 connection average
44 intelligibility ok
