40 labeler khoward
40 label_date Tue Aug  6 16:17:59 PDT 1991
40 nlang comments EN  
40 nlang missing nothing
40 nlang duration_sec 1.0
40 nlang dc_offset 42
40 nlang min_samp -5346
40 nlang max_samp 5918
40 nlang min_power10 25.9
40 nlang max_power90 61.7
40 clang missing nothing
40 clang duration_sec 1.3
40 clang dc_offset 42
40 clang min_samp -3042
40 clang max_samp 4006
40 clang min_power10 25.9
40 clang max_power90 56.7
40 dowk comments CE  
40 dowk missing Sunday?
40 dowk duration_sec 7.3
40 dowk dc_offset 42
40 dowk min_samp -4558
40 dowk max_samp 6886
40 dowk min_power10 26.1
40 dowk max_power90 61.4
40 nums missing nothing
40 nums duration_sec 8.4
40 nums dc_offset 42
40 nums min_samp -6582
40 nums max_samp 9442
40 nums min_power10 25.5
40 nums max_power90 62.8
40 htl missing nothing
40 htl duration_sec 9.2
40 htl dc_offset 42
40 htl min_samp -6294
40 htl max_samp 8578
40 htl min_power10 29.2
40 htl max_power90 60.6
40 htc missing nothing
40 htc duration_sec 6.6
40 htc dc_offset 42
40 htc min_samp -5766
40 htc max_samp 8014
40 htc min_power10 27.9
40 htc max_power90 61.2
40 room comments CE  
40 room missing CS
40 room duration_sec 11.3
40 room dc_offset 42
40 room min_samp -5958
40 room max_samp 8726
40 room min_power10 26.9
40 room max_power90 59.8
40 meal missing nothing
40 meal duration_sec 4.2
40 meal dc_offset 42
40 meal min_samp -5014
40 meal max_samp 5862
40 meal min_power10 26.8
40 meal max_power90 60.2
40 story-bt comments CE SS  
40 story-bt missing CS
40 story-bt duration_sec 48.7
40 story-bt dc_offset 42
40 story-bt min_samp -6618
40 story-bt max_samp 7538
40 story-bt min_power10 28.1
40 story-bt max_power90 58.0
40 story-at comments SS  
40 story-at missing nothing
40 story-at duration_sec 8.0
40 story-at dc_offset 42
40 story-at min_samp -3930
40 story-at max_samp 4926
40 story-at min_power10 27.3
40 story-at max_power90 56.2
40 gender male
40 age adult
40 connection average
40 intelligibility ok
