42 labeler khoward
42 label_date Wed Aug  7 16:53:45 PDT 1991
42 nlang missing nothing
42 nlang duration_sec 1.1
42 nlang dc_offset 42
42 nlang min_samp -4878
42 nlang max_samp 3438
42 nlang min_power10 21.1
42 nlang max_power90 59.7
42 clang missing nothing
42 clang duration_sec 1.5
42 clang dc_offset 42
42 clang min_samp -2398
42 clang max_samp 3146
42 clang min_power10 22.1
42 clang max_power90 50.7
42 dowk missing nothing
42 dowk duration_sec 6.5
42 dowk dc_offset 42
42 dowk min_samp -2026
42 dowk max_samp 2574
42 dowk min_power10 22.5
42 dowk max_power90 53.5
42 nums comments BN EN  
42 nums missing nothing
42 nums duration_sec 8.0
42 nums dc_offset 42
42 nums min_samp -2966
42 nums max_samp 3518
42 nums min_power10 22.7
42 nums max_power90 55.4
42 htl comments EN
42 htl missing nothing
42 htl duration_sec 6.8
42 htl dc_offset 42
42 htl min_samp -3542
42 htl max_samp 4014
42 htl min_power10 23.2
42 htl max_power90 56.4
42 htc missing nothing
42 htc duration_sec 1.5
42 htc dc_offset 42
42 htc min_samp -3118
42 htc max_samp 3154
42 htc min_power10 22.3
42 htc max_power90 56.0
42 room comments BN EN  
42 room missing nothing
42 room duration_sec 4.1
42 room dc_offset 42
42 room min_samp -2902
42 room max_samp 3450
42 room min_power10 23.4
42 room max_power90 57.1
42 meal comments BN EN  
42 meal missing nothing
42 meal duration_sec 4.1
42 meal dc_offset 42
42 meal min_samp -4218
42 meal max_samp 3690
42 meal min_power10 22.7
42 meal max_power90 55.5
42 story-bt comments BN EN CE SS  
42 story-bt missing CS
42 story-bt duration_sec 48.4
42 story-bt dc_offset 42
42 story-bt min_samp -6874
42 story-bt max_samp 5866
42 story-bt min_power10 23.5
42 story-bt max_power90 57.6
42 story-at comments EN SS  
42 story-at missing nothing
42 story-at duration_sec 2.3
42 story-at dc_offset 42
42 story-at min_samp -5846
42 story-at max_samp 4462
42 story-at min_power10 23.9
42 story-at max_power90 57.9
42 gender male
42 age adult
42 connection average
42 intelligibility ok
