51 labeler khoward
51 label_date Mon Aug 26 14:27:36 PDT 1991
51 nlang comments ES  
51 nlang missing nothing
51 nlang duration_sec 2.2
51 nlang dc_offset 42
51 nlang min_samp -6966
51 nlang max_samp 5218
51 nlang min_power10 21.6
51 nlang max_power90 64.7
51 clang comments CE ES  
51 clang missing CS
51 clang duration_sec 2.2
51 clang dc_offset 42
51 clang min_samp -6950
51 clang max_samp 4934
51 clang min_power10 18.2
51 clang max_power90 66.4
51 dowk missing nothing
51 dowk duration_sec 4.8
51 dowk dc_offset 42
51 dowk min_samp -7258
51 dowk max_samp 5190
51 dowk min_power10 21.2
51 dowk max_power90 63.5
51 nums missing nothing
51 nums duration_sec 7.1
51 nums dc_offset 42
51 nums min_samp -5558
51 nums max_samp 4462
51 nums min_power10 18.4
51 nums max_power90 62.6
51 htl comments CE  
51 htl missing CS
51 htl duration_sec 8.7
51 htl dc_offset 42
51 htl min_samp -5342
51 htl max_samp 4654
51 htl min_power10 18.7
51 htl max_power90 61.6
51 htc missing nothing
51 htc duration_sec 9.6
51 htc dc_offset 42
51 htc min_samp -6358
51 htc max_samp 5682
51 htc min_power10 19.5
51 htc max_power90 63.8
51 room missing nothing
51 room duration_sec 11.6
51 room dc_offset 42
51 room min_samp -8086
51 room max_samp 5630
51 room min_power10 21.2
51 room max_power90 65.9
51 meal comments SNL  
51 meal missing nothing
51 meal duration_sec 5.0
51 meal dc_offset 42
51 meal min_samp -9014
51 meal max_samp 5910
51 meal min_power10 24.6
51 meal max_power90 61.9
51 story-bt comments BN SS SNL  
51 story-bt missing nothing
51 story-bt duration_sec 45.9
51 story-bt dc_offset 42
51 story-bt min_samp -5422
51 story-bt max_samp 4422
51 story-bt min_power10 19.3
51 story-bt max_power90 58.6
51 story-at comments CE SS  
51 story-at missing nothing
51 story-at duration_sec 4.9
51 story-at dc_offset 42
51 story-at min_samp -2902
51 story-at max_samp 4078
51 story-at min_power10 18.3
51 story-at max_power90 55.5
51 gender male
51 age adult
51 connection average
51 intelligibility ok
