53 labeler khoward
53 label_date Tue Aug 27 10:01:46 PDT 1991
53 nlang missing nothing
53 nlang duration_sec 1.2
53 nlang dc_offset 42
53 nlang min_samp -3670
53 nlang max_samp 4514
53 nlang min_power10 20.7
53 nlang max_power90 53.7
53 clang missing nothing
53 clang duration_sec 1.2
53 clang dc_offset 42
53 clang min_samp -1422
53 clang max_samp 1566
53 clang min_power10 19.6
53 clang max_power90 50.6
53 dowk comments BN CE  
53 dowk missing Saturday Sunday?
53 dowk duration_sec 6.6
53 dowk dc_offset 42
53 dowk min_samp -1970
53 dowk max_samp 3974
53 dowk min_power10 18.8
53 dowk max_power90 48.9
53 nums comments CE  
53 nums missing 9 10
53 nums duration_sec 9.6
53 nums dc_offset 42
53 nums min_samp -2066
53 nums max_samp 2418
53 nums min_power10 18.5
53 nums max_power90 48.8
53 htl comments CE BN  
53 htl missing CS
53 htl duration_sec 8.8
53 htl dc_offset 42
53 htl min_samp -3334
53 htl max_samp 3146
53 htl min_power10 21.3
53 htl max_power90 52.2
53 htc comments BN  
53 htc missing nothing
53 htc duration_sec 1.4
53 htc dc_offset 42
53 htc min_samp -2514
53 htc max_samp 2542
53 htc min_power10 19.3
53 htc max_power90 53.5
53 room comments BN SNL  
53 room missing nothing
53 room duration_sec 11.1
53 room dc_offset 42
53 room min_samp -2214
53 room max_samp 3262
53 room min_power10 20.4
53 room max_power90 52.3
53 meal missing nothing
53 meal duration_sec 1.8
53 meal dc_offset 42
53 meal min_samp -1870
53 meal max_samp 1878
53 meal min_power10 19.9
53 meal max_power90 51.6
53 story-bt comments SS SNL 
53 story-bt missing nothing
53 story-bt duration_sec 49.1
53 story-bt dc_offset 42
53 story-bt min_samp -3214
53 story-bt max_samp 5474
53 story-bt min_power10 20.1
53 story-bt max_power90 49.8
53 story-at comments CB SS  
53 story-at missing CS
53 story-at duration_sec 4.7
53 story-at dc_offset 42
53 story-at min_samp -1642
53 story-at max_samp 2402
53 story-at min_power10 19.3
53 story-at max_power90 49.4
53 gender male
53 age adult
53 connection average
53 intelligibility ok
