56 labeler khoward
56 label_date Sun Nov 17 14:39:15 PST 1991
56 nlang missing nothing
56 nlang duration_sec 1.1
56 nlang dc_offset 43
56 nlang min_samp -5563
56 nlang max_samp 8989
56 nlang min_power10 21.5
56 nlang max_power90 62.4
56 clang missing nothing
56 clang duration_sec 1.3
56 clang dc_offset 43
56 clang min_samp -5039
56 clang max_samp 4857
56 clang min_power10 21.4
56 clang max_power90 57.2
56 dowk comments CE  
56 dowk missing Saturday?
56 dowk duration_sec 6.7
56 dowk dc_offset 43
56 dowk min_samp -4015
56 dowk max_samp 8773
56 dowk min_power10 22.7
56 dowk max_power90 57.9
56 nums missing nothing
56 nums duration_sec 9.5
56 nums dc_offset 43
56 nums min_samp -4411
56 nums max_samp 5013
56 nums min_power10 21.8
56 nums max_power90 57.6
56 htl comments CE  
56 htl missing CS
56 htl duration_sec 8.9
56 htl dc_offset 43
56 htl min_samp -3995
56 htl max_samp 7513
56 htl min_power10 22.8
56 htl max_power90 56.9
56 htc missing nothing
56 htc duration_sec 7.6
56 htc dc_offset 43
56 htc min_samp -4075
56 htc max_samp 4757
56 htc min_power10 22.2
56 htc max_power90 56.1
56 room comments CE  
56 room missing CS
56 room duration_sec 11.0
56 room dc_offset 43
56 room min_samp -3947
56 room max_samp 5537
56 room min_power10 22.7
56 room max_power90 57.1
56 meal comments SNL  
56 meal missing nothing
56 meal duration_sec 8.1
56 meal dc_offset 43
56 meal min_samp -3827
56 meal max_samp 4653
56 meal min_power10 21.5
56 meal max_power90 54.1
56 story-bt comments SNL CE SS  
56 story-bt missing CS
56 story-bt duration_sec 48.7
56 story-bt dc_offset 43
56 story-bt min_samp -4183
56 story-bt max_samp 6289
56 story-bt min_power10 23.2
56 story-bt max_power90 55.9
56 story-at comments SS  
56 story-at missing nothing
56 story-at duration_sec 4.9
56 story-at dc_offset 43
56 story-at min_samp -3127
56 story-at max_samp 3469
56 story-at min_power10 22.2
56 story-at max_power90 52.2
56 gender male
56 age adult
56 connection average
56 intelligibility ok
