67 labeler khoward
67 label_date Thu Nov 21 21:18:35 PST 1991
67 nlang missing nothing
67 nlang duration_sec 1.1
67 nlang dc_offset 42
67 nlang min_samp -3582
67 nlang max_samp 4230
67 nlang min_power10 26.0
67 nlang max_power90 61.8
67 clang missing nothing
67 clang duration_sec 1.3
67 clang dc_offset 42
67 clang min_samp -2434
67 clang max_samp 2866
67 clang min_power10 24.8
67 clang max_power90 54.2
67 dowk comments CE  
67 dowk missing Friday Saturday?
67 dowk duration_sec 2.9
67 dowk dc_offset 42
67 dowk min_samp -3246
67 dowk max_samp 3022
67 dowk min_power10 37.7
67 dowk max_power90 58.6
67 nums missing nothing
67 nums duration_sec 3.9
67 nums dc_offset 42
67 nums min_samp -6074
67 nums max_samp 5382
67 nums min_power10 27.0
67 nums max_power90 60.8
67 htl comments CE  
67 htl missing CS
67 htl duration_sec 5.6
67 htl dc_offset 42
67 htl min_samp -4006
67 htl max_samp 4458
67 htl min_power10 27.2
67 htl max_power90 59.6
67 htc missing nothing
67 htc duration_sec 4.6
67 htc dc_offset 42
67 htc min_samp -5734
67 htc max_samp 6246
67 htc min_power10 27.8
67 htc max_power90 62.1
67 room comments SNL  
67 room missing nothing
67 room duration_sec 11.1
67 room dc_offset 42
67 room min_samp -4186
67 room max_samp 5062
67 room min_power10 25.8
67 room max_power90 59.0
67 meal missing laughter
67 meal duration_sec 1.4
67 meal dc_offset 42
67 meal min_samp -6766
67 meal max_samp 6586
67 meal min_power10 26.3
67 meal max_power90 66.6
67 story-bt comments EN SS SNL  
67 story-bt missing nothing
67 story-bt duration_sec 44.8
67 story-bt dc_offset 42
67 story-bt min_samp -4278
67 story-bt max_samp 3862
67 story-bt min_power10 24.7
67 story-bt max_power90 55.5
67 gender male
67 age adult
67 connection average
67 intelligibility ok
