66 labeler khoward
66 label_date Thu Nov 21 21:06:11 PST 1991
66 nlang missing nothing
66 nlang duration_sec 1.0
66 nlang dc_offset 42
66 nlang min_samp -5062
66 nlang max_samp 3402
66 nlang min_power10 23.6
66 nlang max_power90 62.2
66 clang missing nothing
66 clang duration_sec 0.9
66 clang dc_offset 42
66 clang min_samp -4426
66 clang max_samp 3218
66 clang min_power10 24.5
66 clang max_power90 60.0
66 dowk missing nothing
66 dowk duration_sec 5.6
66 dowk dc_offset 42
66 dowk min_samp -3510
66 dowk max_samp 2510
66 dowk min_power10 24.3
66 dowk max_power90 56.8
66 nums missing nothing
66 nums duration_sec 6.5
66 nums dc_offset 42
66 nums min_samp -5622
66 nums max_samp 5246
66 nums min_power10 22.7
66 nums max_power90 59.6
66 htl comments CE  
66 htl missing CS
66 htl duration_sec 8.6
66 htl dc_offset 42
66 htl min_samp -4170
66 htl max_samp 3206
66 htl min_power10 24.5
66 htl max_power90 57.7
66 htc comments BN  
66 htc missing nothing
66 htc duration_sec 6.8
66 htc dc_offset 42
66 htc min_samp -3694
66 htc max_samp 3330
66 htc min_power10 24.4
66 htc max_power90 58.8
66 room comments CE SNL  
66 room missing CS
66 room duration_sec 10.7
66 room dc_offset 42
66 room min_samp -4370
66 room max_samp 3642
66 room min_power10 24.1
66 room max_power90 55.5
66 meal missing nothing
66 meal duration_sec 0.9
66 meal dc_offset 42
66 meal min_samp -2826
66 meal max_samp 2894
66 meal min_power10 23.0
66 meal max_power90 55.9
66 story-bt comments BN SNL CE SS  
66 story-bt missing CS
66 story-bt duration_sec 43.8
66 story-bt dc_offset 42
66 story-bt min_samp -4326
66 story-bt max_samp 3718
66 story-bt min_power10 23.7
66 story-bt max_power90 54.8
66 story-at comments BN SS  
66 story-at missing nothing
66 story-at duration_sec 3.6
66 story-at dc_offset 42
66 story-at min_samp -1798
66 story-at max_samp 1486
66 story-at min_power10 23.2
66 story-at max_power90 51.8
66 gender male
66 age adult
66 connection average
66 intelligibility ok
