77 labeler khoward
77 label_date Sat Dec 14 10:00:53 PST 1991
77 nlang missing nothing
77 nlang duration_sec 1.0
77 nlang dc_offset 42
77 nlang min_samp -2054
77 nlang max_samp 1702
77 nlang min_power10 19.7
77 nlang max_power90 50.9
77 clang comments CE  
77 clang missing CS
77 clang duration_sec 1.2
77 clang dc_offset 42
77 clang min_samp -2530
77 clang max_samp 2026
77 clang min_power10 18.5
77 clang max_power90 56.8
77 dowk missing nothing
77 dowk duration_sec 7.0
77 dowk dc_offset 42
77 dowk min_samp -2678
77 dowk max_samp 1866
77 dowk min_power10 20.7
77 dowk max_power90 51.3
77 nums missing nothing
77 nums duration_sec 8.5
77 nums dc_offset 42
77 nums min_samp -3626
77 nums max_samp 2398
77 nums min_power10 17.8
77 nums max_power90 54.0
77 htl comments BN  
77 htl missing nothing
77 htl duration_sec 7.8
77 htl dc_offset 42
77 htl min_samp -6694
77 htl max_samp 3526
77 htl min_power10 26.3
77 htl max_power90 55.0
77 htc comments BN CE  
77 htc missing CS
77 htc duration_sec 7.4
77 htc dc_offset 42
77 htc min_samp -3574
77 htc max_samp 2458
77 htc min_power10 22.1
77 htc max_power90 57.0
77 room comments BN CE SNL  
77 room missing CS
77 room duration_sec 11.0
77 room dc_offset 42
77 room min_samp -5490
77 room max_samp 3798
77 room min_power10 21.0
77 room max_power90 60.6
77 story-bt comments BN CE SS  
77 story-bt missing CS
77 story-bt duration_sec 48.3
77 story-bt dc_offset 42
77 story-bt min_samp -5486
77 story-bt max_samp 2854
77 story-bt min_power10 25.0
77 story-bt max_power90 54.9
77 story-at comments BN CB CE SS  
77 story-at missing CS
77 story-at duration_sec 8.5
77 story-at dc_offset 42
77 story-at min_samp -3286
77 story-at max_samp 2290
77 story-at min_power10 28.4
77 story-at max_power90 55.6
77 gender male
77 age adult
77 connection average
77 intelligibility ok
