88 labeler khoward
88 label_date Thu Dec 26 13:55:54 PST 1991
88 nlang missing nothing
88 nlang duration_sec 1.1
88 nlang dc_offset 42
88 nlang min_samp -4922
88 nlang max_samp 3522
88 nlang min_power10 20.2
88 nlang max_power90 53.1
88 clang missing nothing
88 clang duration_sec 1.1
88 clang dc_offset 42
88 clang min_samp -3430
88 clang max_samp 2986
88 clang min_power10 20.3
88 clang max_power90 47.1
88 dowk missing nothing
88 dowk duration_sec 4.8
88 dowk dc_offset 42
88 dowk min_samp -2374
88 dowk max_samp 2874
88 dowk min_power10 22.3
88 dowk max_power90 51.5
88 nums missing nothing
88 nums duration_sec 4.9
88 nums dc_offset 42
88 nums min_samp -1970
88 nums max_samp 2458
88 nums min_power10 21.0
88 nums max_power90 52.0
88 htl comments CE  
88 htl missing CS
88 htl duration_sec 5.6
88 htl dc_offset 42
88 htl min_samp -1922
88 htl max_samp 2494
88 htl min_power10 22.2
88 htl max_power90 51.7
88 htc missing nothing
88 htc duration_sec 1.8
88 htc dc_offset 43
88 htc min_samp -2335
88 htc max_samp 2933
88 htc min_power10 20.6
88 htc max_power90 56.6
88 room comments SNL CE  
88 room missing CS
88 room duration_sec 7.6
88 room dc_offset 43
88 room min_samp -2147
88 room max_samp 2729
88 room min_power10 23.0
88 room max_power90 52.8
88 meal missing nothing
88 meal duration_sec 4.0
88 meal dc_offset 42
88 meal min_samp -1838
88 meal max_samp 1954
88 meal min_power10 21.8
88 meal max_power90 51.7
88 story-bt comments SNL SS  
88 story-bt missing nothing
88 story-bt duration_sec 47.1
88 story-bt dc_offset 42
88 story-bt min_samp -2958
88 story-bt max_samp 2786
88 story-bt min_power10 21.7
88 story-bt max_power90 51.4
88 story-at comments SS  
88 story-at missing nothing
88 story-at duration_sec 3.0
88 story-at dc_offset 42
88 story-at min_samp -2218
88 story-at max_samp 2522
88 story-at min_power10 21.0
88 story-at max_power90 49.2
88 gender male
88 age adult
88 connection average
88 intelligibility ok
