83 labeler khoward
83 label_date Sat Dec 14 11:48:21 PST 1991
83 nlang missing nothing
83 nlang duration_sec 1.1
83 nlang dc_offset 42
83 nlang min_samp -2618
83 nlang max_samp 3446
83 nlang min_power10 15.5
83 nlang max_power90 54.6
83 clang missing nothing
83 clang duration_sec 1.1
83 clang dc_offset 42
83 clang min_samp -2622
83 clang max_samp 3142
83 clang min_power10 15.6
83 clang max_power90 51.8
83 dowk missing nothing
83 dowk duration_sec 6.0
83 dowk dc_offset 42
83 dowk min_samp -2130
83 dowk max_samp 1414
83 dowk min_power10 17.0
83 dowk max_power90 46.1
83 nums missing nothing
83 nums duration_sec 4.1
83 nums dc_offset 42
83 nums min_samp -870
83 nums max_samp 854
83 nums min_power10 17.5
83 nums max_power90 46.4
83 htl comments CE  
83 htl missing CS
83 htl duration_sec 8.5
83 htl dc_offset 42
83 htl min_samp -1730
83 htl max_samp 1326
83 htl min_power10 18.1
83 htl max_power90 46.6
83 htc missing nothing
83 htc duration_sec 7.2
83 htc dc_offset 42
83 htc min_samp -1890
83 htc max_samp 2006
83 htc min_power10 17.9
83 htc max_power90 47.4
83 room comments CE  
83 room missing CS
83 room duration_sec 11.2
83 room dc_offset 42
83 room min_samp -1394
83 room max_samp 1138
83 room min_power10 15.6
83 room max_power90 46.6
83 meal missing nothing
83 meal duration_sec 1.7
83 meal dc_offset 42
83 meal min_samp -1194
83 meal max_samp 986
83 meal min_power10 18.1
83 meal max_power90 49.8
83 story-bt comments CE EN SS  
83 story-bt missing CS
83 story-bt duration_sec 46.6
83 story-bt dc_offset 42
83 story-bt min_samp -1102
83 story-bt max_samp 994
83 story-bt min_power10 15.6
83 story-bt max_power90 41.9
83 gender female
83 age adult
83 connection average
83 intelligibility ok
