94 labeler khoward
94 label_date Thu Dec 26 16:00:24 PST 1991
94 nlang missing nothing
94 nlang duration_sec 1.2
94 nlang dc_offset 42
94 nlang min_samp -4594
94 nlang max_samp 5590
94 nlang min_power10 12.6
94 nlang max_power90 59.0
94 clang comments BN ES  
94 clang missing nothing
94 clang duration_sec 2.9
94 clang dc_offset 42
94 clang min_samp -3498
94 clang max_samp 3826
94 clang min_power10 14.2
94 clang max_power90 58.1
94 dowk missing nothing
94 dowk duration_sec 6.9
94 dowk dc_offset 42
94 dowk min_samp -1862
94 dowk max_samp 1398
94 dowk min_power10 14.9
94 dowk max_power90 51.5
94 nums missing nothing
94 nums duration_sec 7.1
94 nums dc_offset 42
94 nums min_samp -5518
94 nums max_samp 4126
94 nums min_power10 13.9
94 nums max_power90 59.7
94 htl comments CE  
94 htl missing CS
94 htl duration_sec 8.1
94 htl dc_offset 42
94 htl min_samp -2690
94 htl max_samp 2786
94 htl min_power10 17.1
94 htl max_power90 56.0
94 htc missing nothing
94 htc duration_sec 2.9
94 htc dc_offset 42
94 htc min_samp -2790
94 htc max_samp 2486
94 htc min_power10 12.7
94 htc max_power90 56.7
94 room comments CE SNL  
94 room missing CS
94 room duration_sec 10.5
94 room dc_offset 42
94 room min_samp -3010
94 room max_samp 2462
94 room min_power10 14.2
94 room max_power90 54.6
94 meal missing nothing
94 meal duration_sec 2.4
94 meal dc_offset 42
94 meal min_samp -2262
94 meal max_samp 2034
94 meal min_power10 13.4
94 meal max_power90 56.1
94 story-bt comments CE SS SNL  
94 story-bt missing CS
94 story-bt duration_sec 48.3
94 story-bt dc_offset 42
94 story-bt min_samp -4190
94 story-bt max_samp 4698
94 story-bt min_power10 14.0
94 story-bt max_power90 51.9
94 story-at comments CE SS  
94 story-at missing CS
94 story-at duration_sec 7.9
94 story-at dc_offset 42
94 story-at min_samp -2162
94 story-at max_samp 2154
94 story-at min_power10 13.6
94 story-at max_power90 50.6
94 gender male
94 age adult
94 connection average
94 intelligibility ok
