96 labeler khoward
96 label_date Fri Dec 27 09:27:01 PST 1991
96 nlang comments ES  
96 nlang missing nothing
96 nlang comments ES  
96 nlang missing nothing
96 nlang duration_sec 1.6
96 nlang dc_offset 42
96 nlang min_samp -946
96 nlang max_samp 1126
96 nlang min_power10 12.2
96 nlang max_power90 42.9
96 clang missing nothing
96 clang duration_sec 1.1
96 clang dc_offset 42
96 clang min_samp -662
96 clang max_samp 634
96 clang min_power10 12.2
96 clang max_power90 43.3
96 dowk comments CE  
96 dowk missing Saturday?
96 dowk duration_sec 7.1
96 dowk dc_offset 42
96 dowk min_samp -750
96 dowk max_samp 834
96 dowk min_power10 14.9
96 dowk max_power90 42.0
96 nums comments BN CE  
96 nums missing 10
96 nums duration_sec 9.1
96 nums dc_offset 42
96 nums min_samp -594
96 nums max_samp 810
96 nums min_power10 13.8
96 nums max_power90 41.8
96 htl comments CE  
96 htl missing CS
96 htl duration_sec 7.0
96 htl dc_offset 42
96 htl min_samp -1426
96 htl max_samp 1174
96 htl min_power10 14.2
96 htl max_power90 43.9
96 htc comments CE  
96 htc missing CS
96 htc duration_sec 8.2
96 htc dc_offset 42
96 htc min_samp -998
96 htc max_samp 1006
96 htc min_power10 15.3
96 htc max_power90 45.0
96 room comments CE  
96 room missing CS
96 room duration_sec 9.8
96 room dc_offset 42
96 room min_samp -718
96 room max_samp 922
96 room min_power10 15.6
96 room max_power90 43.3
96 meal missing nothing
96 meal duration_sec 5.6
96 meal dc_offset 42
96 meal min_samp -942
96 meal max_samp 994
96 meal min_power10 13.9
96 meal max_power90 42.8
96 story-bt comments SNL CE SS  
96 story-bt missing CS
96 story-bt duration_sec 47.9
96 story-bt dc_offset 42
96 story-bt min_samp -1014
96 story-bt max_samp 1190
96 story-bt min_power10 15.6
96 story-bt max_power90 44.0
96 gender male
96 age adult
96 connection average
96 intelligibility ok
