99 labeler khoward
99 label_date Fri Dec 27 13:10:06 PST 1991
99 nlang comments BN  
99 nlang missing nothing
99 nlang duration_sec 1.2
99 nlang dc_offset 42
99 nlang min_samp -2150
99 nlang max_samp 1622
99 nlang min_power10 16.7
99 nlang max_power90 49.9
99 clang missing nothing
99 clang duration_sec 1.3
99 clang dc_offset 42
99 clang min_samp -474
99 clang max_samp 490
99 clang min_power10 16.0
99 clang max_power90 42.7
99 dowk comments CE  
99 dowk missing Saturday?
99 dowk duration_sec 6.8
99 dowk dc_offset 42
99 dowk min_samp -1510
99 dowk max_samp 1598
99 dowk min_power10 17.9
99 dowk max_power90 45.5
99 nums comments CE  
99 nums missing 9 10
99 nums duration_sec 8.9
99 nums dc_offset 42
99 nums min_samp -1706
99 nums max_samp 1590
99 nums min_power10 16.9
99 nums max_power90 47.2
99 htl comments CE  
99 htl missing CS
99 htl duration_sec 7.2
99 htl dc_offset 42
99 htl min_samp -2442
99 htl max_samp 2478
99 htl min_power10 19.0
99 htl max_power90 53.5
99 htc comments CB  
99 htc missing CS
99 htc duration_sec 5.2
99 htc dc_offset 42
99 htc min_samp -2726
99 htc max_samp 2210
99 htc min_power10 17.6
99 htc max_power90 51.9
99 room missing nothing
99 room duration_sec 10.8
99 room dc_offset 42
99 room min_samp -1702
99 room max_samp 1710
99 room min_power10 19.4
99 room max_power90 49.6
99 meal missing nothing
99 meal duration_sec 4.5
99 meal dc_offset 42
99 meal min_samp -1106
99 meal max_samp 906
99 meal min_power10 18.8
99 meal max_power90 47.3
99 story-bt comments EN SS  
99 story-bt missing nothing
99 story-bt duration_sec 48.6
99 story-bt dc_offset 42
99 story-bt min_samp -3258
99 story-bt max_samp 3094
99 story-bt min_power10 17.4
99 story-bt max_power90 50.1
99 story-at comments SS  
99 story-at missing nothing
99 story-at duration_sec 1.9
99 story-at dc_offset 42
99 story-at min_samp -986
99 story-at max_samp 782
99 story-at min_power10 16.8
99 story-at max_power90 40.7
99 gender male
99 age adult
99 connection average
99 intelligibility ok
