93 labeler khoward
93 label_date Thu Dec 26 15:49:47 PST 1991
93 nlang missing nothing
93 nlang duration_sec 1.0
93 nlang dc_offset 42
93 nlang min_samp -7002
93 nlang max_samp 6862
93 nlang min_power10 16.0
93 nlang max_power90 63.0
93 clang comments BN  
93 clang missing nothing
93 clang duration_sec 1.3
93 clang dc_offset 42
93 clang min_samp -818
93 clang max_samp 794
93 clang min_power10 15.1
93 clang max_power90 45.5
93 dowk comments CE  
93 dowk missing Saturday?
93 dowk duration_sec 7.2
93 dowk dc_offset 42
93 dowk min_samp -1366
93 dowk max_samp 1494
93 dowk min_power10 16.9
93 dowk max_power90 48.3
93 nums comments CE  
93 nums missing 10
93 nums duration_sec 9.7
93 nums dc_offset 42
93 nums min_samp -1446
93 nums max_samp 1486
93 nums min_power10 16.4
93 nums max_power90 48.7
93 htl comments CE  
93 htl missing CS
93 htl duration_sec 7.1
93 htl dc_offset 42
93 htl min_samp -2310
93 htl max_samp 1862
93 htl min_power10 17.7
93 htl max_power90 50.6
93 htc missing nothing
93 htc duration_sec 1.9
93 htc dc_offset 42
93 htc min_samp -2050
93 htc max_samp 1994
93 htc min_power10 18.3
93 htc max_power90 50.4
93 room comments CE  
93 room missing CS
93 room duration_sec 8.7
93 room dc_offset 42
93 room min_samp -1822
93 room max_samp 2010
93 room min_power10 17.3
93 room max_power90 49.7
93 meal comments BN  
93 meal missing nothing
93 meal duration_sec 1.4
93 meal dc_offset 42
93 meal min_samp -1702
93 meal max_samp 1966
93 meal min_power10 16.8
93 meal max_power90 51.6
93 story-bt comments CE SS SNL  
93 story-bt missing CS
93 story-bt duration_sec 36.3
93 story-bt dc_offset 42
93 story-bt min_samp -2106
93 story-bt max_samp 2094
93 story-bt min_power10 17.1
93 story-bt max_power90 47.7
93 story-at comments SS  
93 story-at missing nothing
93 story-at duration_sec 7.8
93 story-at dc_offset 42
93 story-at min_samp -1522
93 story-at max_samp 1562
93 story-at min_power10 17.3
93 story-at max_power90 47.6
93 gender female
93 age adult
93 connection average
93 intelligibility ok
