101 labeler khoward
101 label_date Fri Dec 27 16:22:24 PST 1991
101 nlang missing nothing
101 nlang duration_sec 1.2
101 nlang dc_offset 42
101 nlang min_samp -7090
101 nlang max_samp 6670
101 nlang min_power10 22.7
101 nlang max_power90 59.1
101 clang comments BN  
101 clang missing nothing
101 clang duration_sec 1.3
101 clang dc_offset 42
101 clang min_samp -3262
101 clang max_samp 3430
101 clang min_power10 19.7
101 clang max_power90 59.4
101 dowk comments CE  
101 dowk missing Friday Saturday?
101 dowk duration_sec 6.5
101 dowk dc_offset 42
101 dowk min_samp -6170
101 dowk max_samp 7074
101 dowk min_power10 22.1
101 dowk max_power90 60.1
101 nums missing nothing
101 nums duration_sec 9.4
101 nums dc_offset 42
101 nums min_samp -6602
101 nums max_samp 7694
101 nums min_power10 22.6
101 nums max_power90 61.8
101 htl missing nothing
101 htl duration_sec 7.6
101 htl dc_offset 42
101 htl min_samp -9174
101 htl max_samp 6174
101 htl min_power10 23.7
101 htl max_power90 58.6
101 htc missing nothing
101 htc duration_sec 5.8
101 htc dc_offset 42
101 htc min_samp -5970
101 htc max_samp 7278
101 htc min_power10 23.5
101 htc max_power90 61.1
101 room comments SNL  
101 room missing nothing
101 room duration_sec 11.4
101 room dc_offset 42
101 room min_samp -7802
101 room max_samp 5862
101 room min_power10 23.0
101 room max_power90 61.2
101 meal missing nothing
101 meal duration_sec 5.1
101 meal dc_offset 43
101 meal min_samp -6583
101 meal max_samp 6697
101 meal min_power10 25.6
101 meal max_power90 62.8
101 story-bt comments SS  
101 story-bt missing nothing
101 story-bt duration_sec 47.4
101 story-bt dc_offset 43
101 story-bt min_samp -6095
101 story-bt max_samp 6941
101 story-bt min_power10 22.8
101 story-bt max_power90 59.5
101 story-at comments SS  
101 story-at missing nothing
101 story-at duration_sec 4.5
101 story-at dc_offset 42
101 story-at min_samp -3430
101 story-at max_samp 3906
101 story-at min_power10 22.8
101 story-at max_power90 54.9
101 gender male
101 age adult
101 connection good
101 intelligibility ok
