103 labeler ames
103 label_date Sat Dec 28 15:20:19 PST 1991
103 nlang missing nothing
103 nlang duration_sec 0.9
103 nlang dc_offset 43
103 nlang min_samp -16391
103 nlang max_samp 17989
103 nlang min_power10 18.4
103 nlang max_power90 71.6
103 clang missing cs??
103 clang duration_sec 2.1
103 clang dc_offset 43
103 clang min_samp -18063
103 clang max_samp 11933
103 clang min_power10 20.5
103 clang max_power90 67.8
103 dowk missing nothing
103 dowk duration_sec 5.4
103 dowk dc_offset 43
103 dowk min_samp -16519
103 dowk max_samp 13829
103 dowk min_power10 29.0
103 dowk max_power90 63.5
103 nums missing nothing
103 nums duration_sec 9.0
103 nums dc_offset 43
103 nums min_samp -16935
103 nums max_samp 11485
103 nums min_power10 17.3
103 nums max_power90 63.7
103 htl comments CE SNL
103 htl missing cs
103 htl duration_sec 8.0
103 htl dc_offset 43
103 htl min_samp -9471
103 htl max_samp 8401
103 htl min_power10 17.5
103 htl max_power90 60.4
103 htc comments CE  
103 htc missing cs
103 htc duration_sec 7.9
103 htc dc_offset 43
103 htc min_samp -14375
103 htc max_samp 9545
103 htc min_power10 17.6
103 htc max_power90 62.1
103 room comments SNL  
103 room missing nothing
103 room duration_sec 7.0
103 room dc_offset 43
103 room min_samp -16455
103 room max_samp 11005
103 room min_power10 17.4
103 room max_power90 62.0
103 meal comments EN SNL  
103 meal missing nothing
103 meal duration_sec 4.9
103 meal dc_offset 43
103 meal min_samp -8215
103 meal max_samp 8129
103 meal min_power10 18.7
103 meal max_power90 60.2
103 story-bt comments CE ES  
103 story-bt missing cs
103 story-bt duration_sec 47.6
103 story-bt dc_offset 43
103 story-bt min_samp -14311
103 story-bt max_samp 13485
103 story-bt min_power10 17.3
103 story-bt max_power90 59.6
103 story-at comments CE SNL  
103 story-at missing cs
103 story-at duration_sec 7.5
103 story-at dc_offset 43
103 story-at min_samp -7191
103 story-at max_samp 4993
103 story-at min_power10 21.0
103 story-at max_power90 60.7
103 gender male
103 age adult
103 connection good
103 intelligibility ok
