102 labeler khoward
102 label_date Fri Dec 27 16:40:58 PST 1991
102 nlang missing nothing
102 nlang duration_sec 1.1
102 nlang dc_offset 43
102 nlang min_samp -1659
102 nlang max_samp 1609
102 nlang min_power10 16.0
102 nlang max_power90 45.9
102 clang missing nothing
102 clang duration_sec 1.3
102 clang dc_offset 43
102 clang min_samp -1195
102 clang max_samp 1065
102 clang min_power10 15.3
102 clang max_power90 48.0
102 dowk missing nothing
102 dowk duration_sec 4.8
102 dowk dc_offset 43
102 dowk min_samp -2851
102 dowk max_samp 1649
102 dowk min_power10 20.0
102 dowk max_power90 49.4
102 nums missing nothing
102 nums duration_sec 7.5
102 nums dc_offset 43
102 nums min_samp -3631
102 nums max_samp 2369
102 nums min_power10 15.8
102 nums max_power90 49.0
102 htl comments CE  
102 htl missing CS
102 htl duration_sec 8.4
102 htl dc_offset 43
102 htl min_samp -3611
102 htl max_samp 2069
102 htl min_power10 16.3
102 htl max_power90 48.2
102 htc missing nothing
102 htc duration_sec 5.1
102 htc dc_offset 43
102 htc min_samp -4307
102 htc max_samp 2501
102 htc min_power10 15.7
102 htc max_power90 48.5
102 room comments CE  
102 room missing CS
102 room duration_sec 11.1
102 room dc_offset 43
102 room min_samp -2247
102 room max_samp 1457
102 room min_power10 15.8
102 room max_power90 45.1
102 meal missing nothing
102 meal duration_sec 3.2
102 meal dc_offset 43
102 meal min_samp -1731
102 meal max_samp 1493
102 meal min_power10 15.9
102 meal max_power90 48.8
102 story-bt comments CE SS  
102 story-bt missing CS
102 story-bt duration_sec 48.6
102 story-bt dc_offset 43
102 story-bt min_samp -2399
102 story-bt max_samp 1929
102 story-bt min_power10 16.1
102 story-bt max_power90 47.5
102 story-at comments SS  
102 story-at missing nothing
102 story-at duration_sec 7.1
102 story-at dc_offset 43
102 story-at min_samp -2095
102 story-at max_samp 1421
102 story-at min_power10 15.8
102 story-at max_power90 48.9
102 gender male
102 age adult
102 connection average
102 intelligibility ok
