107 labeler ames
107 label_date Sat Dec 28 18:11:38 PST 1991
107 nlang comments BN EN  
107 nlang missing nothing
107 nlang duration_sec 1.0
107 nlang dc_offset 42
107 nlang min_samp -4710
107 nlang max_samp 2958
107 nlang min_power10 12.6
107 nlang max_power90 53.7
107 clang comments CE EN  
107 clang missing cs
107 clang duration_sec 1.8
107 clang dc_offset 42
107 clang min_samp -2318
107 clang max_samp 1650
107 clang min_power10 25.5
107 clang max_power90 51.7
107 dowk comments BN CE EN SS ES  
107 dowk missing 4th 5th 6th 7th days
107 dowk duration_sec 4.8
107 dowk dc_offset 42
107 dowk min_samp -2538
107 dowk max_samp 4758
107 dowk min_power10 14.3
107 dowk max_power90 53.3
107 nums comments BN CE EN  
107 nums missing 9 10
107 nums duration_sec 9.5
107 nums dc_offset 42
107 nums min_samp -3314
107 nums max_samp 3518
107 nums min_power10 11.2
107 nums max_power90 52.3
107 htl comments BN CE EN  
107 htl missing cs
107 htl duration_sec 7.6
107 htl dc_offset 42
107 htl min_samp -3826
107 htl max_samp 3494
107 htl min_power10 15.1
107 htl max_power90 52.7
107 htc comments BN EN  
107 htc missing nothing
107 htc duration_sec 5.0
107 htc dc_offset 42
107 htc min_samp -2382
107 htc max_samp 1930
107 htc min_power10 13.7
107 htc max_power90 49.5
107 room comments BN CE ES SNL  
107 room missing cs
107 room duration_sec 10.7
107 room dc_offset 42
107 room min_samp -2262
107 room max_samp 2506
107 room min_power10 13.8
107 room max_power90 52.6
107 meal comments BN  
107 meal missing nothing
107 meal duration_sec 6.3
107 meal dc_offset 42
107 meal min_samp -2962
107 meal max_samp 2294
107 meal min_power10 13.8
107 meal max_power90 52.8
107 story-bt comments BN CE RS  
107 story-bt missing cs; recited?
107 story-bt duration_sec 46.7
107 story-bt dc_offset 42
107 story-bt min_samp -2990
107 story-bt max_samp 2842
107 story-bt min_power10 12.6
107 story-bt max_power90 50.6
107 story-at comments BN CB CE EN RS  
107 story-at missing cs
107 story-at duration_sec 9.8
107 story-at dc_offset 42
107 story-at min_samp -2710
107 story-at max_samp 3214
107 story-at min_power10 15.6
107 story-at max_power90 52.2
107 gender male
107 age adult
107 connection average
107 intelligibility ok
