104 labeler ames
104 label_date Sat Dec 28 16:50:49 PST 1991
104 nlang comments EN  
104 nlang missing nothing
104 nlang duration_sec 0.8
104 nlang dc_offset 42
104 nlang min_samp -3642
104 nlang max_samp 4446
104 nlang min_power10 16.7
104 nlang max_power90 53.4
104 clang comments EN  
104 clang missing nothing
104 clang duration_sec 1.8
104 clang dc_offset 42
104 clang min_samp -3958
104 clang max_samp 4214
104 clang min_power10 19.4
104 clang max_power90 54.5
104 dowk comments CB EN  
104 dowk missing 1st day
104 dowk duration_sec 4.6
104 dowk dc_offset 42
104 dowk min_samp -2530
104 dowk max_samp 2118
104 dowk min_power10 16.5
104 dowk max_power90 47.1
104 nums comments EN  
104 nums missing nothing
104 nums duration_sec 6.4
104 nums dc_offset 42
104 nums min_samp -2882
104 nums max_samp 2606
104 nums min_power10 21.6
104 nums max_power90 46.3
104 htl comments CE EN ES  
104 htl missing cs
104 htl duration_sec 9.0
104 htl dc_offset 42
104 htl min_samp -3210
104 htl max_samp 2674
104 htl min_power10 21.8
104 htl max_power90 50.8
104 htc comments CE EN ES  
104 htc missing cs
104 htc duration_sec 9.2
104 htc dc_offset 42
104 htc min_samp -2558
104 htc max_samp 2114
104 htc min_power10 15.9
104 htc max_power90 48.1
104 room comments CE EN ES SNL  
104 room missing cs
104 room duration_sec 11.4
104 room dc_offset 42
104 room min_samp -2470
104 room max_samp 2206
104 room min_power10 16.1
104 room max_power90 46.0
104 meal comments EN  
104 meal missing nothing
104 meal duration_sec 6.4
104 meal dc_offset 42
104 meal min_samp -1754
104 meal max_samp 1154
104 meal min_power10 14.7
104 meal max_power90 33.1
104 story-bt comments CE EN SS ES SNL  
104 story-bt missing cs
104 story-bt duration_sec 48.6
104 story-bt dc_offset 42
104 story-bt min_samp -3234
104 story-bt max_samp 2442
104 story-bt min_power10 16.9
104 story-bt max_power90 46.0
104 gender male
104 age adult
104 connection average
104 intelligibility ok
