113 labeler ames
113 label_date Mon Mar  2 11:23:54 PST 1992
113 nlang comments EN  
113 nlang missing nothing
113 nlang duration_sec 1.1
113 nlang dc_offset 42
113 nlang min_samp -3946
113 nlang max_samp 4718
113 nlang min_power10 20.7
113 nlang max_power90 59.2
113 clang comments BN EN  
113 clang missing nothing
113 clang duration_sec 1.3
113 clang dc_offset 42
113 clang min_samp -4834
113 clang max_samp 5734
113 clang min_power10 24.2
113 clang max_power90 60.2
113 dowk comments EN  
113 dowk missing nothing
113 dowk duration_sec 6.6
113 dowk dc_offset 42
113 dowk min_samp -3498
113 dowk max_samp 4486
113 dowk min_power10 29.2
113 dowk max_power90 57.2
113 nums comments EN  
113 nums missing nothing
113 nums duration_sec 7.3
113 nums dc_offset 42
113 nums min_samp -4738
113 nums max_samp 5010
113 nums min_power10 26.6
113 nums max_power90 59.6
113 htl comments CE EN  
113 htl missing cs
113 htl duration_sec 9.0
113 htl dc_offset 42
113 htl min_samp -4646
113 htl max_samp 5670
113 htl min_power10 26.0
113 htl max_power90 58.8
113 htc comments BN CE EN ES  
113 htc missing cs
113 htc duration_sec 9.1
113 htc dc_offset 42
113 htc min_samp -4182
113 htc max_samp 5378
113 htc min_power10 28.2
113 htc max_power90 57.5
113 room comments CE EN ES SNL  
113 room missing cs
113 room duration_sec 11.5
113 room dc_offset 42
113 room min_samp -3638
113 room max_samp 6782
113 room min_power10 27.7
113 room max_power90 56.4
113 meal comments BN EN ES SNL  
113 meal missing nothing
113 meal duration_sec 7.6
113 meal dc_offset 42
113 meal min_samp -4174
113 meal max_samp 6390
113 meal min_power10 30.3
113 meal max_power90 57.8
113 story-bt comments CE EN SS ES SNL  
113 story-bt missing cs
113 story-bt duration_sec 48.3
113 story-bt dc_offset 42
113 story-bt min_samp -6442
113 story-bt max_samp 6734
113 story-bt min_power10 24.4
113 story-bt max_power90 56.0
113 story-at comments CE EN SS ES  
113 story-at missing cs
113 story-at duration_sec 7.8
113 story-at dc_offset 42
113 story-at min_samp -3430
113 story-at max_samp 6054
113 story-at min_power10 26.0
113 story-at max_power90 54.0
113 gender male
113 age adult
113 connection average
113 intelligibility ok
