117 labeler ames
117 label_date Mon Mar  2 12:03:39 PST 1992
117 nlang comments EN  
117 nlang missing nothing
117 nlang duration_sec 1.0
117 nlang dc_offset 42
117 nlang min_samp -2638
117 nlang max_samp 3486
117 nlang min_power10 25.3
117 nlang max_power90 59.4
117 clang comments EN ES  
117 clang missing nothing
117 clang duration_sec 1.3
117 clang dc_offset 42
117 clang min_samp -2306
117 clang max_samp 1854
117 clang min_power10 23.6
117 clang max_power90 53.4
117 dowk comments EN ES  
117 dowk missing nothing
117 dowk duration_sec 7.1
117 dowk dc_offset 42
117 dowk min_samp -3046
117 dowk max_samp 3142
117 dowk min_power10 23.7
117 dowk max_power90 52.4
117 nums comments EN  
117 nums missing cs
117 nums duration_sec 8.1
117 nums dc_offset 42
117 nums min_samp -2902
117 nums max_samp 2798
117 nums min_power10 21.0
117 nums max_power90 50.2
117 htl comments CE EN ES SNL  
117 htl missing cs
117 htl duration_sec 8.2
117 htl dc_offset 42
117 htl min_samp -2198
117 htl max_samp 2766
117 htl min_power10 20.8
117 htl max_power90 50.9
117 htc comments EN  
117 htc missing nothing
117 htc duration_sec 7.1
117 htc dc_offset 42
117 htc min_samp -2934
117 htc max_samp 4050
117 htc min_power10 20.8
117 htc max_power90 53.0
117 room comments CE EN ES SNL  
117 room missing cs
117 room duration_sec 10.4
117 room dc_offset 42
117 room min_samp -2306
117 room max_samp 2430
117 room min_power10 22.2
117 room max_power90 51.6
117 meal comments EN ES SNL  
117 meal missing nothing
117 meal duration_sec 2.8
117 meal dc_offset 42
117 meal min_samp -1374
117 meal max_samp 1554
117 meal min_power10 22.4
117 meal max_power90 46.5
117 story-bt comments CE EN SS ES  
117 story-bt missing cs
117 story-bt duration_sec 49.1
117 story-bt dc_offset 42
117 story-bt min_samp -2242
117 story-bt max_samp 2170
117 story-bt min_power10 21.6
117 story-bt max_power90 46.7
117 story-at missing nothing
gender male
age adult
connection average
intelligibility ok
