118 labeler ames
118 label_date Wed Mar  4 09:50:18 PST 1992
118 nlang comments EN  
118 nlang missing nothing
118 nlang duration_sec 0.8
118 nlang dc_offset 42
118 nlang min_samp -1938
118 nlang max_samp 2186
118 nlang min_power10 14.8
118 nlang max_power90 55.2
118 clang comments EN ES  
118 clang missing nothing
118 clang duration_sec 1.0
118 clang dc_offset 42
118 clang min_samp -1266
118 clang max_samp 2102
118 clang min_power10 18.5
118 clang max_power90 52.6
118 dowk comments EN  
118 dowk missing nothing
118 dowk duration_sec 5.7
118 dowk dc_offset 42
118 dowk min_samp -1206
118 dowk max_samp 1350
118 dowk min_power10 25.1
118 dowk max_power90 43.6
118 nums comments EN ES  
118 nums missing nothing
118 nums duration_sec 6.4
118 nums dc_offset 42
118 nums min_samp -1018
118 nums max_samp 1114
118 nums min_power10 22.3
118 nums max_power90 43.8
118 htl comments CE EN ES  
118 htl missing cs
118 htl duration_sec 8.7
118 htl dc_offset 42
118 htl min_samp -1702
118 htl max_samp 2230
118 htl min_power10 21.9
118 htl max_power90 46.2
118 htc comments EN  
118 htc missing nothing
118 htc duration_sec 4.5
118 htc dc_offset 42
118 htc min_samp -1806
118 htc max_samp 1758
118 htc min_power10 20.6
118 htc max_power90 47.2
118 room comments EN ES  
118 room missing nothing
118 room duration_sec 11.1
118 room dc_offset 42
118 room min_samp -890
118 room max_samp 1814
118 room min_power10 20.0
118 room max_power90 44.3
118 meal comments EN ES  
118 meal missing nothing
118 meal duration_sec 4.5
118 meal dc_offset 42
118 meal min_samp -894
118 meal max_samp 1150
118 meal min_power10 15.1
118 meal max_power90 46.5
118 story-bt comments CE EN SS ES  
118 story-bt missing cs
118 story-bt duration_sec 48.2
118 story-bt dc_offset 42
118 story-bt min_samp -2102
118 story-bt max_samp 2146
118 story-bt min_power10 17.3
118 story-bt max_power90 46.1
118 story-at comments EN ES  
118 story-at missing nothing
118 story-at duration_sec 4.7
118 story-at dc_offset 42
118 story-at min_samp -1306
118 story-at max_samp 1590
118 story-at min_power10 17.9
118 story-at max_power90 42.4
118 gender female
118 age adult
118 connection poor
118 intelligibility ok
