116 labeler ames
116 label_date Mon Mar  2 11:53:20 PST 1992
116 nlang comments EN  
116 nlang missing nothing; extreme noise
116 nlang duration_sec 0.9
116 nlang dc_offset 42
116 nlang min_samp -1242
116 nlang max_samp 1330
116 nlang min_power10 22.6
116 nlang max_power90 50.3
116 clang comments EN  
116 clang missing nothing
116 clang duration_sec 1.0
116 clang dc_offset 42
116 clang min_samp -2370
116 clang max_samp 2494
116 clang min_power10 22.8
116 clang max_power90 50.4
116 dowk comments EN  
116 dowk missing nothing
116 dowk duration_sec 6.1
116 dowk dc_offset 42
116 dowk min_samp -3454
116 dowk max_samp 4938
116 dowk min_power10 23.9
116 dowk max_power90 49.2
116 nums comments EN  
116 nums missing nothing
116 nums duration_sec 5.9
116 nums dc_offset 42
116 nums min_samp -2314
116 nums max_samp 3322
116 nums min_power10 22.9
116 nums max_power90 51.8
116 htl comments EN  
116 htl missing nothing
116 htl duration_sec 3.7
116 htl dc_offset 42
116 htl min_samp -2006
116 htl max_samp 2570
116 htl min_power10 23.0
116 htl max_power90 51.2
116 htc comments EN  
116 htc missing nothing
116 htc duration_sec 1.2
116 htc dc_offset 42
116 htc min_samp -2062
116 htc max_samp 1842
116 htc min_power10 22.2
116 htc max_power90 54.5
116 room comments CE EN SNL  
116 room missing cs
116 room duration_sec 10.5
116 room dc_offset 42
116 room min_samp -3618
116 room max_samp 4478
116 room min_power10 22.7
116 room max_power90 52.0
116 meal comments EN ES  
116 meal missing nothing
116 meal duration_sec 1.4
116 meal dc_offset 42
116 meal min_samp -2630
116 meal max_samp 2798
116 meal min_power10 22.8
116 meal max_power90 54.3
116 story-bt comments EN SS ES SNL  
116 story-bt missing cs
116 story-bt duration_sec 30.2
116 story-bt dc_offset 42
116 story-bt min_samp -2390
116 story-bt max_samp 2882
116 story-bt min_power10 23.6
116 story-bt max_power90 50.8
116 gender male
116 age adult
116 connection poor
116 intelligibility ok
