127 labeler ames
127 label_date Sat Mar  7 17:03:13 PST 1992
127 nlang comments EN  
127 nlang missing nothing
127 nlang duration_sec 0.8
127 nlang dc_offset 42
127 nlang min_samp -3810
127 nlang max_samp 5234
127 nlang min_power10 19.6
127 nlang max_power90 61.9
127 clang comments EN  
127 clang missing nothing
127 clang duration_sec 0.9
127 clang dc_offset 42
127 clang min_samp -4350
127 clang max_samp 3950
127 clang min_power10 17.6
127 clang max_power90 61.4
127 dowk comments EN  
127 dowk missing nothing
127 dowk duration_sec 5.0
127 dowk dc_offset 42
127 dowk min_samp -5530
127 dowk max_samp 5698
127 dowk min_power10 23.5
127 dowk max_power90 60.8
127 nums comments EN  
127 nums missing nothing
127 nums duration_sec 7.6
127 nums dc_offset 42
127 nums min_samp -6246
127 nums max_samp 9826
127 nums min_power10 18.9
127 nums max_power90 62.3
127 htl comments EN  
127 htl missing nothing
127 htl duration_sec 8.5
127 htl dc_offset 42
127 htl min_samp -5654
127 htl max_samp 6546
127 htl min_power10 21.5
127 htl max_power90 60.6
127 htc comments EN  
127 htc missing nothing
127 htc duration_sec 4.9
127 htc dc_offset 42
127 htc min_samp -5902
127 htc max_samp 8062
127 htc min_power10 18.3
127 htc max_power90 63.7
127 room comments CE EN ES SNL  
127 room missing cs
127 room duration_sec 10.7
127 room dc_offset 42
127 room min_samp -6234
127 room max_samp 7594
127 room min_power10 18.7
127 room max_power90 61.4
127 meal comments EN  
127 meal missing nothing
127 meal duration_sec 0.8
127 meal dc_offset 42
127 meal min_samp -5182
127 meal max_samp 6022
127 meal min_power10 17.7
127 meal max_power90 61.9
127 story-bt comments EN  
127 story-bt missing nothing
127 story-bt duration_sec 5.6
127 story-bt dc_offset 42
127 story-bt min_samp -5866
127 story-bt max_samp 8030
127 story-bt min_power10 18.0
127 story-bt max_power90 62.6
127 gender male
127 age adult
127 connection average
127 intelligibility ok
