129 labeler ames
129 label_date Sat Mar  7 17:18:57 PST 1992
129 nlang comments EN  
129 nlang missing nothing
129 nlang duration_sec 0.9
129 nlang dc_offset 42
129 nlang min_samp -7558
129 nlang max_samp 7702
129 nlang min_power10 17.1
129 nlang max_power90 66.8
129 clang comments EN  
129 clang missing nothing
129 clang duration_sec 0.9
129 clang dc_offset 42
129 clang min_samp -12814
129 clang max_samp 11262
129 clang min_power10 17.9
129 clang max_power90 72.8
129 dowk comments EN  
129 dowk missing nothing
129 dowk duration_sec 6.6
129 dowk dc_offset 42
129 dowk min_samp -6030
129 dowk max_samp 6206
129 dowk min_power10 25.2
129 dowk max_power90 60.1
129 nums comments EN  
129 nums missing nothing
129 nums duration_sec 8.9
129 nums dc_offset 42
129 nums min_samp -5982
129 nums max_samp 7094
129 nums min_power10 16.3
129 nums max_power90 61.3
129 htl comments BN CE EN ES  
129 htl missing cs
129 htl duration_sec 8.5
129 htl dc_offset 42
129 htl min_samp -6570
129 htl max_samp 6018
129 htl min_power10 21.1
129 htl max_power90 61.6
129 htc comments EN ES  
129 htc missing nothing
129 htc duration_sec 4.2
129 htc dc_offset 42
129 htc min_samp -4198
129 htc max_samp 4494
129 htc min_power10 15.3
129 htc max_power90 56.7
129 room comments EN SNL  
129 room missing nothing
129 room duration_sec 7.8
129 room dc_offset 42
129 room min_samp -4150
129 room max_samp 4078
129 room min_power10 18.0
129 room max_power90 55.9
129 meal comments EN  
129 meal missing nothing
129 meal duration_sec 3.7
129 meal dc_offset 42
129 meal min_samp -2874
129 meal max_samp 3222
129 meal min_power10 18.9
129 meal max_power90 53.9
129 story-bt comments CE EN SS ES SNL  
129 story-bt missing cs
129 story-bt duration_sec 45.8
129 story-bt dc_offset 42
129 story-bt min_samp -4830
129 story-bt max_samp 7798
129 story-bt min_power10 17.8
129 story-bt max_power90 56.1
129 story-at comments CB EN SS  
129 story-at missing cs
129 story-at duration_sec 1.1
129 story-at dc_offset 42
129 story-at min_samp -1674
129 story-at max_samp 1502
129 story-at min_power10 15.6
129 story-at max_power90 50.6
129 gender male
129 age adult
129 connection average
