138 labeler ames
138 label_date Mon May 11 09:44:44 PDT 1992
138 nlang comments EN  
138 nlang missing nothing
138 nlang duration_sec 1.1
138 nlang dc_offset 42
138 nlang min_samp -1146
138 nlang max_samp 1614
138 nlang min_power10 16.1
138 nlang max_power90 43.7
138 clang comments EN  
138 clang missing nothing
138 clang duration_sec 1.2
138 clang dc_offset 42
138 clang min_samp -758
138 clang max_samp 1118
138 clang min_power10 15.9
138 clang max_power90 38.6
138 dowk comments EN  
138 dowk missing nothing
138 dowk duration_sec 5.3
138 dowk dc_offset 42
138 dowk min_samp -462
138 dowk max_samp 894
138 dowk min_power10 17.3
138 dowk max_power90 41.4
138 nums comments EN  
138 nums missing nothing
138 nums duration_sec 4.9
138 nums dc_offset 42
138 nums min_samp -558
138 nums max_samp 1114
138 nums min_power10 16.2
138 nums max_power90 43.0
138 htl comments CE EN ES  
138 htl missing cs
138 htl duration_sec 9.3
138 htl dc_offset 42
138 htl min_samp -998
138 htl max_samp 1622
138 htl min_power10 17.0
138 htl max_power90 47.1
138 htc comments EN ES  
138 htc missing nothing
138 htc duration_sec 5.2
138 htc dc_offset 42
138 htc min_samp -1138
138 htc max_samp 1634
138 htc min_power10 16.2
138 htc max_power90 46.4
138 room comments CE EN ES SNL  
138 room missing cs
138 room duration_sec 11.2
138 room dc_offset 42
138 room min_samp -690
138 room max_samp 886
138 room min_power10 16.5
138 room max_power90 42.5
138 meal comments EN  
138 meal missing nothing
138 meal duration_sec 2.0
138 meal dc_offset 42
138 meal min_samp -1058
138 meal max_samp 1294
138 meal min_power10 16.5
138 meal max_power90 40.4
138 story-bt comments EN SS ES  
138 story-bt missing nothing
138 story-bt duration_sec 43.7
138 story-bt dc_offset 42
138 story-bt min_samp -1258
138 story-bt max_samp 1678
138 story-bt min_power10 15.8
138 story-bt max_power90 41.8
138 gender female
138 age adult
138 connection poor
138 intelligibility ok
