136 labeler ames
136 label_date Mon May 11 09:31:36 PDT 1992
136 nlang comments EN  
136 nlang missing nothing
136 nlang duration_sec 0.7
136 nlang dc_offset 42
136 nlang min_samp -8614
136 nlang max_samp 6930
136 nlang min_power10 18.4
136 nlang max_power90 61.6
136 clang comments EN  
136 clang missing nothing
136 clang duration_sec 0.8
136 clang dc_offset 42
136 clang min_samp -7402
136 clang max_samp 6234
136 clang min_power10 19.2
136 clang max_power90 61.0
136 dowk comments EN  
136 dowk missing nothing
136 dowk duration_sec 6.8
136 dowk dc_offset 42
136 dowk min_samp -5050
136 dowk max_samp 4590
136 dowk min_power10 21.1
136 dowk max_power90 57.4
136 nums comments EN  
136 nums missing nothing
136 nums duration_sec 9.5
136 nums dc_offset 42
136 nums min_samp -5066
136 nums max_samp 4470
136 nums min_power10 19.5
136 nums max_power90 57.1
136 htl comments CE EN SNL  
136 htl missing cs
136 htl duration_sec 9.4
136 htl dc_offset 42
136 htl min_samp -5622
136 htl max_samp 5802
136 htl min_power10 26.2
136 htl max_power90 60.7
136 htc comments CE EN  
136 htc missing cs
136 htc duration_sec 10.0
136 htc dc_offset 42
136 htc min_samp -9550
136 htc max_samp 10626
136 htc min_power10 24.5
136 htc max_power90 62.5
136 room comments CE EN SNL  
136 room missing cs
136 room duration_sec 11.7
136 room dc_offset 42
136 room min_samp -6406
136 room max_samp 7878
136 room min_power10 21.7
136 room max_power90 60.2
136 meal comments EN  
136 meal missing nothing
136 meal duration_sec 1.3
136 meal dc_offset 42
136 meal min_samp -5338
136 meal max_samp 9118
136 meal min_power10 20.7
136 meal max_power90 62.3
136 story-bt comments CE EN SS ES  
136 story-bt missing cs
136 story-bt duration_sec 46.4
136 story-bt dc_offset 42
136 story-bt min_samp -5726
136 story-bt max_samp 6098
136 story-bt min_power10 21.8
136 story-bt max_power90 56.6
136 story-at comments CE EN SS ES  
136 story-at missing cs
136 story-at duration_sec 9.4
136 story-at dc_offset 42
136 story-at min_samp -3766
136 story-at max_samp 3958
136 story-at min_power10 21.5
136 story-at max_power90 58.6
136 gender male
136 age adult
136 connection average
136 intelligibility ok
