139 labeler ames
139 label_date Thu May 14 10:30:15 PDT 1992
139 nlang comments EN  
139 nlang missing nothing
139 nlang duration_sec 1.0
139 nlang dc_offset 42
139 nlang min_samp -6746
139 nlang max_samp 7234
139 nlang min_power10 25.4
139 nlang max_power90 62.3
139 clang comments EN  
139 clang missing nothing
139 clang duration_sec 1.2
139 clang dc_offset 42
139 clang min_samp -4358
139 clang max_samp 4654
139 clang min_power10 24.9
139 clang max_power90 59.6
139 dowk comments EN  
139 dowk missing nothing
139 dowk duration_sec 6.8
139 dowk dc_offset 42
139 dowk min_samp -3638
139 dowk max_samp 4178
139 dowk min_power10 26.6
139 dowk max_power90 58.4
139 nums comments EN  
139 nums missing nothing
139 nums duration_sec 8.8
139 nums dc_offset 42
139 nums min_samp -6130
139 nums max_samp 4014
139 nums min_power10 25.8
139 nums max_power90 60.5
139 htl comments CE EN ES  
139 htl missing cs
139 htl duration_sec 8.4
139 htl dc_offset 42
139 htl min_samp -4482
139 htl max_samp 4538
139 htl min_power10 25.2
139 htl max_power90 58.1
139 htc comments EN  
139 htc missing nothing
139 htc duration_sec 5.6
139 htc dc_offset 42
139 htc min_samp -4254
139 htc max_samp 3134
139 htc min_power10 25.6
139 htc max_power90 58.4
139 room comments EN ES SNL  
139 room missing nothing
139 room duration_sec 10.5
139 room dc_offset 42
139 room min_samp -3810
139 room max_samp 3554
139 room min_power10 27.1
139 room max_power90 56.7
139 meal comments EN ES  
139 meal missing nothing
139 meal duration_sec 6.5
139 meal dc_offset 42
139 meal min_samp -2506
139 meal max_samp 2686
139 meal min_power10 26.8
139 meal max_power90 57.4
139 story-bt comments CE EN SS ES SNL  
139 story-bt missing cs
139 story-bt duration_sec 48.7
139 story-bt dc_offset 42
139 story-bt min_samp -6442
139 story-bt max_samp 5110
139 story-bt min_power10 27.2
139 story-bt max_power90 59.5
139 gender male
139 age adult
139 connection average
139 intelligibility ok
