9 labeler khoward
9 label_date Tue Jul  9 16:06:51 PDT 1991
9 nlang missing nothing
9 nlang duration_sec 1.5
9 nlang dc_offset 42
9 nlang min_samp -1502
9 nlang max_samp 2614
9 nlang min_power10 13.6
9 nlang max_power90 51.4
9 clang comments CE  
9 clang missing CS
9 clang duration_sec 2.5
9 clang dc_offset 42
9 clang min_samp -2250
9 clang max_samp 3410
9 clang min_power10 15.8
9 clang max_power90 55.5
9 dowk comments CE  
9 dowk missing Saturday?
9 dowk duration_sec 7.4
9 dowk dc_offset 42
9 dowk min_samp -3094
9 dowk max_samp 4446
9 dowk min_power10 13.7
9 dowk max_power90 55.2
9 nums missing nothing
9 nums duration_sec 9.6
9 nums dc_offset 42
9 nums min_samp -4182
9 nums max_samp 5086
9 nums min_power10 13.0
9 nums max_power90 54.9
9 htl missing nothing
9 htl duration_sec 7.2
9 htl dc_offset 42
9 htl min_samp -3262
9 htl max_samp 3790
9 htl min_power10 12.9
9 htl max_power90 53.5
9 htc missing nothing
9 htc duration_sec 5.7
9 htc dc_offset 42
9 htc min_samp -2854
9 htc max_samp 3702
9 htc min_power10 13.0
9 htc max_power90 55.9
9 room missing nothing
9 room duration_sec 9.7
9 room dc_offset 42
9 room min_samp -3230
9 room max_samp 4566
9 room min_power10 13.5
9 room max_power90 53.0
9 meal missing nothing
9 meal duration_sec 6.0
9 meal dc_offset 42
9 meal min_samp -3122
9 meal max_samp 4078
9 meal min_power10 13.5
9 meal max_power90 56.2
9 story-bt comments SS  
9 story-bt missing nothing
9 story-bt duration_sec 47.4
9 story-bt dc_offset 42
9 story-bt min_samp -3534
9 story-bt max_samp 4582
9 story-bt min_power10 13.0
9 story-bt max_power90 50.3
9 gender male
9 age adult
9 connection good
9 intelligibility ok
