7 labeler khoward
7 label_date Tue Jul  9 15:20:36 PDT 1991
7 nlang missing nothing
7 nlang duration_sec 1.7
7 nlang dc_offset 42
7 nlang min_samp -1722
7 nlang max_samp 1334
7 nlang min_power10 16.1
7 nlang max_power90 50.5
7 clang comments CB CE  
7 clang missing CS
7 clang duration_sec 3.0
7 clang dc_offset 42
7 clang min_samp -1690
7 clang max_samp 1246
7 clang min_power10 23.3
7 clang max_power90 52.9
7 dowk comments ES  
7 dowk missing nothing
7 dowk duration_sec 3.8
7 dowk dc_offset 42
7 dowk min_samp -2254
7 dowk max_samp 1366
7 dowk min_power10 16.2
7 dowk max_power90 53.0
7 nums comments BN  
7 nums missing nothing
7 nums duration_sec 6.3
7 nums dc_offset 42
7 nums min_samp -2830
7 nums max_samp 1674
7 nums min_power10 15.6
7 nums max_power90 53.4
7 htl comments BN  
7 htl missing nothing
7 htl duration_sec 7.7
7 htl dc_offset 42
7 htl min_samp -3222
7 htl max_samp 1946
7 htl min_power10 17.8
7 htl max_power90 51.9
7 htc comments BN  
7 htc missing nothing
7 htc duration_sec 4.8
7 htc dc_offset 42
7 htc min_samp -2690
7 htc max_samp 1530
7 htc min_power10 16.7
7 htc max_power90 52.3
7 room comments BN CE SNL
7 room missing CS
7 room duration_sec 9.9
7 room dc_offset 42
7 room min_samp -3610
7 room max_samp 3302
7 room min_power10 18.4
7 room max_power90 52.4
7 meal comments BN SNL  
7 meal missing nothing
7 meal duration_sec 3.2
7 meal dc_offset 42
7 meal min_samp -1694
7 meal max_samp 1698
7 meal min_power10 16.7
7 meal max_power90 51.2
7 story-bt comments BN SS  
7 story-bt missing nothing
7 story-bt duration_sec 32.1
7 story-bt dc_offset 42
7 story-bt min_samp -2650
7 story-bt max_samp 2614
7 story-bt min_power10 17.1
7 story-bt max_power90 53.8
7 gender female
7 age adult
7 connection average
7 intelligibility ok
