17 labeler yeshwant
17 label_date Sun Jul 28 15:13:11 PDT 1991
17 nlang missing nothing
17 nlang duration_sec 1.1
17 nlang dc_offset 42
17 nlang min_samp -2610
17 nlang max_samp 4230
17 nlang min_power10 12.2
17 nlang max_power90 52.7
17 clang missing nothing
17 clang duration_sec 1.1
17 clang dc_offset 42
17 clang min_samp -1662
17 clang max_samp 2402
17 clang min_power10 11.5
17 clang max_power90 48.9
17 dowk comments CE  
17 dowk missing sunday
17 dowk duration_sec 7.4
17 dowk dc_offset 42
17 dowk min_samp -2906
17 dowk max_samp 4274
17 dowk min_power10 12.1
17 dowk max_power90 56.4
17 nums comments BN  
17 nums missing nothing
17 nums duration_sec 7.7
17 nums dc_offset 42
17 nums min_samp -2342
17 nums max_samp 3382
17 nums min_power10 11.4
17 nums max_power90 53.8
17 htl comments BN CE  ES  
17 htl missing cs
17 htl duration_sec 7.0
17 htl dc_offset 42
17 htl min_samp -5538
17 htl max_samp 3330
17 htl min_power10 12.9
17 htl max_power90 56.5
17 htc comments BN CE ES  
17 htc missing cs
17 htc duration_sec 7.7
17 htc dc_offset 42
17 htc min_samp -1838
17 htc max_samp 2802
17 htc min_power10 12.4
17 htc max_power90 52.0
17 room comments CE ES SNL  
17 room missing cs
17 room duration_sec 9.7
17 room dc_offset 42
17 room min_samp -2194
17 room max_samp 3110
17 room min_power10 15.2
17 room max_power90 51.9
17 meal comments CE ES SNL  
17 meal missing cs
17 meal duration_sec 9.4
17 meal dc_offset 42
17 meal min_samp -1758
17 meal max_samp 2614
17 meal min_power10 11.3
17 meal max_power90 49.5
17 story-bt comments CE SS ES SNL  
17 story-bt missing cs
17 story-bt duration_sec 43.1
17 story-bt dc_offset 42
17 story-bt min_samp -2090
17 story-bt max_samp 3566
17 story-bt min_power10 12.9
17 story-bt max_power90 46.7
17 story-at comments CE EN SS  
17 story-at missing cs
17 story-at duration_sec 2.7
17 story-at dc_offset 42
17 story-at min_samp -1302
17 story-at max_samp 1790
17 story-at min_power10 12.0
17 story-at max_power90 48.4
17 gender male
17 age adult
17 connection good
17 intelligibility ok
