15 labeler yeshwant
15 label_date Sat Jul 27 20:53:01 PDT 1991
15 nlang comments EN  
15 nlang missing nothing
15 nlang duration_sec 1.5
15 nlang dc_offset 42
15 nlang min_samp -1878
15 nlang max_samp 2282
15 nlang min_power10 24.3
15 nlang max_power90 55.1
15 clang comments EN NI  
15 clang missing nothing
15 clang duration_sec 2.0
15 clang dc_offset 42
15 clang min_samp -2282
15 clang max_samp 2742
15 clang min_power10 24.7
15 clang max_power90 56.1
15 dowk comments EN  
15 dowk missing nothing
15 dowk duration_sec 7.1
15 dowk dc_offset 42
15 dowk min_samp -2426
15 dowk max_samp 2802
15 dowk min_power10 24.6
15 dowk max_power90 57.7
15 nums comments BN EN NI  
15 nums missing 0
15 nums duration_sec 6.3
15 nums dc_offset 42
15 nums min_samp -2282
15 nums max_samp 1854
15 nums min_power10 24.7
15 nums max_power90 54.8
15 htl comments BN EN  
15 htl missing nothing
15 htl duration_sec 6.9
15 htl dc_offset 42
15 htl min_samp -2770
15 htl max_samp 2518
15 htl min_power10 24.8
15 htl max_power90 56.5
15 htc comments BN EN  
15 htc missing nothing
15 htc duration_sec 4.8
15 htc dc_offset 42
15 htc min_samp -3174
15 htc max_samp 3314
15 htc min_power10 24.4
15 htc max_power90 57.2
15 room comments BN EN SNL  
15 room missing nothing
15 room duration_sec 8.7
15 room dc_offset 42
15 room min_samp -3258
15 room max_samp 3426
15 room min_power10 25.3
15 room max_power90 56.6
15 meal comments BN EN  
15 meal missing nothing
15 meal duration_sec 5.5
15 meal dc_offset 42
15 meal min_samp -1902
15 meal max_samp 2162
15 meal min_power10 24.4
15 meal max_power90 47.2
15 story-bt comments BN CE EN SS SNL  
15 story-bt missing CS
15 story-bt duration_sec 46.4
15 story-bt dc_offset 42
15 story-bt min_samp -2458
15 story-bt max_samp 2750
15 story-bt min_power10 25.1
15 story-bt max_power90 55.0
15 story-at comments BN EN SS  
15 story-at missing nothing
15 story-at duration_sec 3.6
15 story-at dc_offset 42
15 story-at min_samp -2086
15 story-at max_samp 2130
15 story-at min_power10 25.5
15 story-at max_power90 54.6
15 gender male
15 age adult
15 connection poor
15 intelligibility ok
