19 labeler khoward
19 label_date Wed Jul 31 11:33:54 PDT 1991
19 nlang missing nothing
19 nlang duration_sec 1.5
19 nlang dc_offset 43
19 nlang min_samp -9615
19 nlang max_samp 5345
19 nlang min_power10 17.0
19 nlang max_power90 54.4
19 clang missing nothing
19 clang duration_sec 1.3
19 clang dc_offset 43
19 clang min_samp -4043
19 clang max_samp 3105
19 clang min_power10 16.3
19 clang max_power90 53.9
19 dowk comments CE  
19 dowk missing Sunday?
19 dowk duration_sec 7.3
19 dowk dc_offset 43
19 dowk min_samp -3215
19 dowk max_samp 2589
19 dowk min_power10 15.9
19 dowk max_power90 55.2
19 nums missing nothing
19 nums duration_sec 6.6
19 nums dc_offset 43
19 nums min_samp -2567
19 nums max_samp 2781
19 nums min_power10 15.8
19 nums max_power90 54.6
19 htl comments BN  
19 htl missing nothing
19 htl duration_sec 3.9
19 htl dc_offset 43
19 htl min_samp -2619
19 htl max_samp 2761
19 htl min_power10 16.2
19 htl max_power90 56.2
19 htc comments CE  
19 htc missing CS
19 htc duration_sec 6.4
19 htc dc_offset 43
19 htc min_samp -2611
19 htc max_samp 2329
19 htc min_power10 15.5
19 htc max_power90 51.3
19 room comments SNL  
19 room missing nothing
19 room duration_sec 8.3
19 room dc_offset 43
19 room min_samp -3119
19 room max_samp 3789
19 room min_power10 16.1
19 room max_power90 52.5
19 meal comments CB  
19 meal missing CS
19 meal duration_sec 4.9
19 meal dc_offset 43
19 meal min_samp -1179
19 meal max_samp 941
19 meal min_power10 16.2
19 meal max_power90 41.9
19 story-bt comments BN SS  
19 story-bt missing nothing
19 story-bt duration_sec 27.7
19 story-bt dc_offset 43
19 story-bt min_samp -3543
19 story-bt max_samp 2661
19 story-bt min_power10 16.1
19 story-bt max_power90 47.2
19 story-at comments SS  
19 story-at missing nothing
19 story-at duration_sec 1.3
19 story-at dc_offset 43
19 story-at min_samp -1307
19 story-at max_samp 1153
19 story-at min_power10 15.5
19 story-at max_power90 50.5
19 gender female
19 age adult
19 connection average
19 intelligibility ok
