18 labeler yeshwant
18 label_date Sun Jul 28 15:44:47 PDT 1991
18 nlang comments EN  
18 nlang missing nothing
18 nlang duration_sec 1.3
18 nlang dc_offset 43
18 nlang min_samp -1539
18 nlang max_samp 2069
18 nlang min_power10 14.2
18 nlang max_power90 47.5
18 clang comments EN  
18 clang missing nothing
18 clang duration_sec 0.8
18 clang dc_offset 43
18 clang min_samp -1711
18 clang max_samp 2025
18 clang min_power10 13.4
18 clang max_power90 51.2
18 dowk comments EN  
18 dowk missing nothing
18 dowk duration_sec 7.0
18 dowk dc_offset 43
18 dowk min_samp -1343
18 dowk max_samp 1509
18 dowk min_power10 13.3
18 dowk max_power90 47.0
18 nums comments CE EN ES  
18 nums missing 9 10
18 nums duration_sec 7.7
18 nums dc_offset 43
18 nums min_samp -955
18 nums max_samp 1061
18 nums min_power10 13.2
18 nums max_power90 45.0
18 htl comments CE EN ES  
18 htl missing cs
18 htl duration_sec 8.3
18 htl dc_offset 43
18 htl min_samp -1839
18 htl max_samp 1693
18 htl min_power10 14.1
18 htl max_power90 47.3
18 htc comments CE ES  
18 htc missing cs
18 htc duration_sec 9.5
18 htc dc_offset 43
18 htc min_samp -999
18 htc max_samp 1049
18 htc min_power10 13.8
18 htc max_power90 45.9
18 room comments CE EN ES SNL  
18 room missing cs
18 room duration_sec 10.2
18 room dc_offset 43
18 room min_samp -1295
18 room max_samp 1357
18 room min_power10 14.1
18 room max_power90 44.6
18 meal comments EN  
18 meal missing nothing
18 meal duration_sec 3.3
18 meal dc_offset 43
18 meal min_samp -1195
18 meal max_samp 1265
18 meal min_power10 13.9
18 meal max_power90 47.2
18 story-bt comments CE EN SS ES SNL  
18 story-bt missing cs
18 story-bt duration_sec 46.4
18 story-bt dc_offset 43
18 story-bt min_samp -1211
18 story-bt max_samp 1169
18 story-bt min_power10 14.0
18 story-bt max_power90 44.9
18 story-at comments CB EN SS ES SNL  
18 story-at missing cs
18 story-at duration_sec 5.0
18 story-at dc_offset 43
18 story-at min_samp -1611
18 story-at max_samp 1689
18 story-at min_power10 13.8
18 story-at max_power90 43.3
18 gender male
18 age adult
18 connection average
18 intelligibility ok
