20 labeler khoward
20 label_date Wed Jul 31 11:42:46 PDT 1991
20 nlang missing nothing
20 nlang duration_sec 1.4
20 nlang dc_offset 42
20 nlang min_samp -5482
20 nlang max_samp 4518
20 nlang min_power10 17.8
20 nlang max_power90 56.0
20 clang missing nothing
20 clang duration_sec 1.4
20 clang dc_offset 42
20 clang min_samp -3366
20 clang max_samp 2802
20 clang min_power10 17.6
20 clang max_power90 53.9
20 dowk missing nothing
20 dowk duration_sec 5.4
20 dowk dc_offset 42
20 dowk min_samp -3318
20 dowk max_samp 3226
20 dowk min_power10 17.6
20 dowk max_power90 57.8
20 nums missing nothing
20 nums duration_sec 6.0
20 nums dc_offset 42
20 nums min_samp -4450
20 nums max_samp 3178
20 nums min_power10 18.4
20 nums max_power90 58.2
20 htl missing nothing
20 htl duration_sec 7.0
20 htl dc_offset 42
20 htl min_samp -4766
20 htl max_samp 4826
20 htl min_power10 17.4
20 htl max_power90 55.1
20 htc comments CE  
20 htc missing CS
20 htc duration_sec 6.8
20 htc dc_offset 42
20 htc min_samp -5526
20 htc max_samp 4454
20 htc min_power10 17.6
20 htc max_power90 53.7
20 room missing nothing
20 room duration_sec 9.7
20 room dc_offset 42
20 room min_samp -3038
20 room max_samp 2862
20 room min_power10 18.8
20 room max_power90 57.1
20 meal missing nothing
20 meal duration_sec 6.8
20 meal dc_offset 42
20 meal min_samp -3830
20 meal max_samp 3622
20 meal min_power10 18.9
20 meal max_power90 57.2
20 gender male
20 age adult
20 connection good
20 intelligibility ok
