22 labeler khoward
22 label_date Wed Jul 31 12:01:58 PDT 1991
22 nlang missing nothing
22 nlang duration_sec 1.7
22 nlang dc_offset 42
22 nlang min_samp -6234
22 nlang max_samp 6334
22 nlang min_power10 24.3
22 nlang max_power90 61.5
22 clang missing nothing
22 clang duration_sec 1.9
22 clang dc_offset 42
22 clang min_samp -4534
22 clang max_samp 3170
22 clang min_power10 22.4
22 clang max_power90 60.3
22 dowk comments CB CE  
22 dowk missing Sunday?
22 dowk duration_sec 7.2
22 dowk dc_offset 42
22 dowk min_samp -9338
22 dowk max_samp 8610
22 dowk min_power10 23.9
22 dowk max_power90 64.0
22 nums comments CE  
22 nums missing 8 9 10?
22 nums duration_sec 8.6
22 nums dc_offset 42
22 nums min_samp -5370
22 nums max_samp 6970
22 nums min_power10 24.5
22 nums max_power90 62.3
22 htl comments CE  
22 htl missing CS
22 htl duration_sec 8.9
22 htl dc_offset 42
22 htl min_samp -9254
22 htl max_samp 9538
22 htl min_power10 24.6
22 htl max_power90 60.6
22 htc missing nothing
22 htc duration_sec 9.2
22 htc dc_offset 42
22 htc min_samp -6874
22 htc max_samp 5502
22 htc min_power10 25.2
22 htc max_power90 60.4
22 room comments CE  
22 room missing CS
22 room duration_sec 10.8
22 room dc_offset 42
22 room min_samp -8054
22 room max_samp 6554
22 room min_power10 30.5
22 room max_power90 61.9
22 meal comments BN  
22 meal missing nothing
22 meal duration_sec 7.4
22 meal dc_offset 42
22 meal min_samp -4934
22 meal max_samp 5230
22 meal min_power10 24.6
22 meal max_power90 59.3
22 story-bt comments CE SS  
22 story-bt missing CS
22 story-bt duration_sec 47.6
22 story-bt dc_offset 42
22 story-bt min_samp -7166
22 story-bt max_samp 7198
22 story-bt min_power10 26.0
22 story-bt max_power90 57.3
22 story-at comments CB CE SS  
22 story-at missing CS
22 story-at duration_sec 8.4
22 story-at dc_offset 42
22 story-at min_samp -4078
22 story-at max_samp 5062
22 story-at min_power10 26.6
22 story-at max_power90 57.9
22 gender female
22 age adult
22 connection average
22 intelligibility ok
