25 labeler khoward
25 label_date Mon Aug 12 09:28:28 PDT 1991
25 nlang comments EN  
25 nlang missing nothing
25 nlang duration_sec 1.2
25 nlang dc_offset 42
25 nlang min_samp -514
25 nlang max_samp 806
25 nlang min_power10 16.9
25 nlang max_power90 37.4
25 clang comments EN  
25 clang missing nothing
25 clang duration_sec 1.2
25 clang dc_offset 42
25 clang min_samp -774
25 clang max_samp 830
25 clang min_power10 17.2
25 clang max_power90 37.1
25 dowk comments CE  
25 dowk missing Sunday?
25 dowk duration_sec 6.7
25 dowk dc_offset 42
25 dowk min_samp -2482
25 dowk max_samp 1986
25 dowk min_power10 16.6
25 dowk max_power90 48.8
25 nums comments CB CE  
25 nums missing 0 9 10?
25 nums duration_sec 8.6
25 nums dc_offset 42
25 nums min_samp -2306
25 nums max_samp 2726
25 nums min_power10 16.6
25 nums max_power90 46.2
25 htl missing nothing
25 htl duration_sec 8.8
25 htl dc_offset 42
25 htl min_samp -2782
25 htl max_samp 2698
25 htl min_power10 16.9
25 htl max_power90 45.3
25 htc missing nothing
25 htc duration_sec 6.8
25 htc dc_offset 42
25 htc min_samp -1890
25 htc max_samp 2006
25 htc min_power10 17.2
25 htc max_power90 49.2
25 room missing nothing
25 room duration_sec 10.1
25 room dc_offset 42
25 room min_samp -3658
25 room max_samp 3842
25 room min_power10 16.7
25 room max_power90 45.7
25 meal comments CE
25 meal missing CS
25 meal duration_sec 8.4
25 meal dc_offset 42
25 meal min_samp -2802
25 meal max_samp 3418
25 meal min_power10 17.0
25 meal max_power90 42.0
25 story-bt comments SS  
25 story-bt missing nothing
25 story-bt duration_sec 43.6
25 story-bt dc_offset 42
25 story-bt min_samp -3182
25 story-bt max_samp 2462
25 story-bt min_power10 17.3
25 story-bt max_power90 44.3
25 gender male
25 age adult
25 connection poor
25 intelligibility ok
