36 labeler ames
36 label_date Thu Sep  5 14:21:50 PDT 1991
36 nlang comments EN  
36 nlang missing nothing
36 nlang duration_sec 1.1
36 nlang dc_offset 42
36 nlang min_samp -3906
36 nlang max_samp 4078
36 nlang min_power10 23.0
36 nlang max_power90 61.8
36 clang comments BN EN  
36 clang missing nothing
36 clang duration_sec 1.4
36 clang dc_offset 42
36 clang min_samp -5298
36 clang max_samp 5166
36 clang min_power10 25.1
36 clang max_power90 60.8
36 dowk missing nothing
36 dowk duration_sec 3.4
36 dowk dc_offset 42
36 dowk min_samp -5302
36 dowk max_samp 5394
36 dowk min_power10 20.3
36 dowk max_power90 62.3
36 nums comments BN  
36 nums missing nothing
36 nums duration_sec 5.5
36 nums dc_offset 42
36 nums min_samp -4354
36 nums max_samp 5670
36 nums min_power10 21.7
36 nums max_power90 59.1
36 htl comments CE EN  
36 htl missing cs 
36 htl duration_sec 8.4
36 htl dc_offset 42
36 htl min_samp -4350
36 htl max_samp 4514
36 htl min_power10 22.4
36 htl max_power90 59.0
36 htc comments CB NI ES  
36 htc missing cs
36 htc duration_sec 4.2
36 htc dc_offset 42
36 htc min_samp -3482
36 htc max_samp 3678
36 htc min_power10 22.4
36 htc max_power90 55.6
36 room comments CE EN ES 
36 room missing cs
36 room duration_sec 10.8
36 room dc_offset 42
36 room min_samp -4402
36 room max_samp 5694
36 room min_power10 26.6
36 room max_power90 58.2
36 meal comments BN  
36 meal missing nothing
36 meal duration_sec 7.2
36 meal dc_offset 42
36 meal min_samp -3710
36 meal max_samp 3674
36 meal min_power10 22.8
36 meal max_power90 56.5
36 story-bt comments BN CE SS ES SNL  
36 story-bt missing cs
36 story-bt duration_sec 49.2
36 story-bt dc_offset 42
36 story-bt min_samp -4558
36 story-bt max_samp 5438
36 story-bt min_power10 25.2
36 story-bt max_power90 57.1
36 gender male
36 age adult
36 connection good
36 intelligibility ok
