38 labeler ames
38 label_date Thu Sep  5 15:11:01 PDT 1991
38 nlang comments EN  
38 nlang missing nothing
38 nlang duration_sec 1.7
38 nlang dc_offset 42
38 nlang min_samp -2918
38 nlang max_samp 3830
38 nlang min_power10 17.3
38 nlang max_power90 53.8
38 clang comments CE EN  
38 clang missing cs
38 clang duration_sec 1.0
38 clang dc_offset 42
38 clang min_samp -2974
38 clang max_samp 3742
38 clang min_power10 17.7
38 clang max_power90 60.9
38 dowk comments EN  
38 dowk missing sunday
38 dowk duration_sec 4.2
38 dowk dc_offset 42
38 dowk min_samp -3918
38 dowk max_samp 3690
38 dowk min_power10 16.8
38 dowk max_power90 57.5
38 nums comments CB EN  
38 nums missing zero, one
38 nums duration_sec 6.9
38 nums dc_offset 42
38 nums min_samp -2950
38 nums max_samp 2082
38 nums min_power10 17.3
38 nums max_power90 55.2
38 htc comments BN EN  
38 htc missing nothing
38 htc duration_sec 10.0
38 htc dc_offset 42
38 htc min_samp -2950
38 htc max_samp 2950
38 htc min_power10 16.6
38 htc max_power90 49.9
38 room comments BN CE EN SNL  
38 room missing cs
38 room duration_sec 10.6
38 room dc_offset 42
38 room min_samp -2470
38 room max_samp 2590
38 room min_power10 16.7
38 room max_power90 51.5
38 meal comments BN CB EN  
38 meal missing cs
38 meal duration_sec 6.1
38 meal dc_offset 42
38 meal min_samp -2562
38 meal max_samp 2226
38 meal min_power10 17.7
38 meal max_power90 52.5
38 story-bt comments EN SS ES SNL  
38 story-bt missing nothing
38 story-bt duration_sec 42.5
38 story-bt dc_offset 42
38 story-bt min_samp -2786
38 story-bt max_samp 2334
38 story-bt min_power10 16.6
38 story-bt max_power90 50.9
38 gender male
38 age adult
38 connection average
38 intelligibility ok
