35 labeler ames
35 label_date Wed Sep  4 11:35:46 PDT 1991
35 nlang missing nothing
35 nlang duration_sec 1.6
35 nlang dc_offset 42
35 nlang min_samp -3474
35 nlang max_samp 4590
35 nlang min_power10 24.3
35 nlang max_power90 55.3
35 clang comments EN  
35 clang missing nothing
35 clang duration_sec 1.2
35 clang dc_offset 42
35 clang min_samp -1914
35 clang max_samp 3310
35 clang min_power10 18.7
35 clang max_power90 52.7
35 dowk comments EN  
35 dowk missing nothing
35 dowk duration_sec 3.0
35 dowk dc_offset 42
35 dowk min_samp -2170
35 dowk max_samp 2978
35 dowk min_power10 19.1
35 dowk max_power90 56.4
35 nums comments EN  
35 nums missing zero
35 nums duration_sec 4.3
35 nums dc_offset 42
35 nums min_samp -1758
35 nums max_samp 2242
35 nums min_power10 20.2
35 nums max_power90 53.0
35 htl comments BN EN  
35 htl missing nothing
35 htl duration_sec 3.0
35 htl dc_offset 42
35 htl min_samp -742
35 htl max_samp 1334
35 htl min_power10 22.0
35 htl max_power90 47.9
35 htc comments BN EN ES  
35 htc missing nothing
35 htc duration_sec 2.6
35 htc dc_offset 42
35 htc min_samp -1622
35 htc max_samp 1798
35 htc min_power10 23.0
35 htc max_power90 50.9
35 room comments CE EN  
35 room missing cs
35 room duration_sec 4.4
35 room dc_offset 42
35 room min_samp -1382
35 room max_samp 1966
35 room min_power10 19.6
35 room max_power90 50.0
35 meal comments EN  
35 meal missing nothing
35 meal duration_sec 3.3
35 meal dc_offset 42
35 meal min_samp -2194
35 meal max_samp 3038
35 meal min_power10 17.3
35 meal max_power90 51.5
35 gender male
35 age adult
35 connection poor
35 intelligibility poor
