48 labeler khoward
48 label_date Fri Dec 13 20:58:44 PST 1991
48 nlang comments EN  
48 nlang missing nothing
48 nlang duration_sec 1.5
48 nlang dc_offset 43
48 nlang min_samp -2959
48 nlang max_samp 3553
48 nlang min_power10 27.2
48 nlang max_power90 58.6
48 clang comments ES  
48 clang missing nothing
48 clang duration_sec 1.9
48 clang dc_offset 43
48 clang min_samp -2427
48 clang max_samp 2789
48 clang min_power10 16.7
48 clang max_power90 57.0
48 dowk comments CE  
48 dowk missing Sunday?
48 dowk duration_sec 6.9
48 dowk dc_offset 43
48 dowk min_samp -2555
48 dowk max_samp 2885
48 dowk min_power10 15.3
48 dowk max_power90 60.4
48 nums comments BN  
48 nums missing nothing
48 nums duration_sec 5.8
48 nums dc_offset 43
48 nums min_samp -3059
48 nums max_samp 3533
48 nums min_power10 18.4
48 nums max_power90 60.3
48 htl comments CE  
48 htl missing CS
48 htl duration_sec 7.6
48 htl dc_offset 43
48 htl min_samp -4763
48 htl max_samp 7293
48 htl min_power10 24.3
48 htl max_power90 60.8
48 htc missing nothing
48 htc duration_sec 9.2
48 htc dc_offset 43
48 htc min_samp -4983
48 htc max_samp 6013
48 htc min_power10 18.6
48 htc max_power90 58.3
48 room missing nothing
48 room duration_sec 11.3
48 room dc_offset 43
48 room min_samp -3079
48 room max_samp 2745
48 room min_power10 18.0
48 room max_power90 56.3
48 meal comments BN  
48 meal missing nothing
48 meal duration_sec 5.7
48 meal dc_offset 43
48 meal min_samp -3283
48 meal max_samp 3249
48 meal min_power10 22.6
48 meal max_power90 58.1
48 story-bt comments BN CE SS SNL  
48 story-bt missing CS
48 story-bt duration_sec 46.7
48 story-bt dc_offset 43
48 story-bt min_samp -6975
48 story-bt max_samp 7685
48 story-bt min_power10 23.5
48 story-bt max_power90 60.2
48 gender female
48 age adult
48 connection average
48 intelligibility ok
