43 labeler ames
43 label_date Thu Nov 21 14:25:33 PST 1991
43 clang comments CE EN  
43 clang missing cs
43 clang duration_sec 1.3
43 clang dc_offset 42
43 clang min_samp -7758
43 clang max_samp 4434
43 clang min_power10 33.1
43 clang max_power90 61.6
43 dowk comments EN  
43 dowk missing nothing
43 dowk duration_sec 8.0
43 dowk dc_offset 42
43 dowk min_samp -7750
43 dowk max_samp 4734
43 dowk min_power10 32.5
43 dowk max_power90 60.9
43 nums comments CE EN  
43 nums missing 8 9 10
43 nums duration_sec 8.9
43 nums dc_offset 42
43 nums min_samp -8658
43 nums max_samp 4786
43 nums min_power10 32.1
43 nums max_power90 56.8
43 htl comments CE EN  
43 htl missing cs
43 htl duration_sec 8.5
43 htl dc_offset 42
43 htl min_samp -5494
43 htl max_samp 3682
43 htl min_power10 32.3
43 htl max_power90 56.8
43 htc comments EN  
43 htc missing nothing
43 htc duration_sec 0.9
43 htc dc_offset 42
43 htc min_samp -2722
43 htc max_samp 2578
43 htc min_power10 32.7
43 htc max_power90 57.0
43 room comments CE EN  
43 room missing cs
43 room duration_sec 7.8
43 room dc_offset 42
43 room min_samp -3102
43 room max_samp 3590
43 room min_power10 32.5
43 room max_power90 54.1
43 meal comments EN  
43 meal missing nothing
43 meal duration_sec 8.1
43 meal dc_offset 42
43 meal min_samp -3810
43 meal max_samp 3226
43 meal min_power10 32.5
43 meal max_power90 50.4
43 gender male
43 age adult
43 connection poor
43 intelligibility ok
