55 labeler khoward
55 label_date Fri Oct 18 19:47:02 PDT 1991
55 nlang missing nothing
55 nlang duration_sec 1.6
55 nlang dc_offset 43
55 nlang min_samp -2555
55 nlang max_samp 2349
55 nlang min_power10 16.7
55 nlang max_power90 53.7
55 clang comments ES  
55 clang missing nothing
55 clang duration_sec 2.5
55 clang dc_offset 43
55 clang min_samp -991
55 clang max_samp 1113
55 clang min_power10 18.3
55 clang max_power90 46.7
55 dowk missing nothing
55 dowk duration_sec 3.4
55 dowk dc_offset 43
55 dowk min_samp -1831
55 dowk max_samp 1377
55 dowk min_power10 17.5
55 dowk max_power90 49.7
55 nums missing nothing
55 nums duration_sec 7.5
55 nums dc_offset 43
55 nums min_samp -1531
55 nums max_samp 1057
55 nums min_power10 17.2
55 nums max_power90 44.6
55 htl comments SNL  
55 htl missing nothing
55 htl duration_sec 7.6
55 htl dc_offset 43
55 htl min_samp -1527
55 htl max_samp 1201
55 htl min_power10 18.4
55 htl max_power90 43.9
55 htc comments ES  
55 htc missing nothing
55 htc duration_sec 8.3
55 htc dc_offset 43
55 htc min_samp -883
55 htc max_samp 697
55 htc min_power10 18.0
55 htc max_power90 39.9
55 room comments SNL  
55 room missing nothing
55 room duration_sec 10.2
55 room dc_offset 43
55 room min_samp -783
55 room max_samp 841
55 room min_power10 17.4
55 room max_power90 39.2
55 meal missing nothing
55 meal duration_sec 5.6
55 meal dc_offset 43
55 meal min_samp -615
55 meal max_samp 489
55 meal min_power10 16.9
55 meal max_power90 38.0
55 story-bt comments CE EN SS  
55 story-bt missing CS
55 story-bt duration_sec 45.7
55 story-bt dc_offset 43
55 story-bt min_samp -767
55 story-bt max_samp 597
55 story-bt min_power10 17.2
55 story-bt max_power90 34.2
55 gender male
55 age adult
55 connection poor
55 intelligibility ok
