56 labeler khoward
56 label_date Sun Nov 17 13:54:01 PST 1991
56 nlang missing nothing
56 nlang duration_sec 1.3
56 nlang dc_offset 43
56 nlang min_samp -1543
56 nlang max_samp 2333
56 nlang min_power10 25.4
56 nlang max_power90 49.7
56 clang comments CE ES  
56 clang missing CS
56 clang duration_sec 0.6
56 clang dc_offset 43
56 clang min_samp -715
56 clang max_samp 981
56 clang min_power10 24.7
56 clang max_power90 46.2
56 dowk comments BN  
56 dowk missing nothing
56 dowk duration_sec 3.9
56 dowk dc_offset 43
56 dowk min_samp -2043
56 dowk max_samp 2449
56 dowk min_power10 24.8
56 dowk max_power90 54.6
56 nums missing nothing
56 nums duration_sec 7.8
56 nums dc_offset 43
56 nums min_samp -1979
56 nums max_samp 2469
56 nums min_power10 25.3
56 nums max_power90 50.3
56 htl missing nothing
56 htl duration_sec 6.0
56 htl dc_offset 43
56 htl min_samp -1535
56 htl max_samp 1469
56 htl min_power10 25.4
56 htl max_power90 47.0
56 htc comments CE  
56 htc missing CS
56 htc duration_sec 8.5
56 htc dc_offset 43
56 htc min_samp -1899
56 htc max_samp 2641
56 htc min_power10 24.9
56 htc max_power90 49.4
56 room comments CB CE  
56 room missing CS
56 room duration_sec 9.3
56 room dc_offset 43
56 room min_samp -2287
56 room max_samp 2105
56 room min_power10 25.5
56 room max_power90 49.4
56 meal missing nothing
56 meal duration_sec 5.9
56 meal dc_offset 43
56 meal min_samp -2235
56 meal max_samp 2249
56 meal min_power10 24.9
56 meal max_power90 53.3
56 story-bt comments EN SS  
56 story-bt missing nothing
56 story-bt duration_sec 48.0
56 story-bt dc_offset 43
56 story-bt min_samp -1979
56 story-bt max_samp 2237
56 story-bt min_power10 25.2
56 story-bt max_power90 46.0
56 gender male
56 age adult
56 connection poor
56 intelligibility ok
