58 labeler khoward
58 label_date Sun Nov 17 14:04:29 PST 1991
58 nlang missing nothing
58 nlang duration_sec 1.7
58 nlang dc_offset 43
58 nlang min_samp -3731
58 nlang max_samp 5229
58 nlang min_power10 23.5
58 nlang max_power90 57.0
58 clang comments CE ES  
58 clang missing CS
58 clang duration_sec 2.3
58 clang dc_offset 43
58 clang min_samp -3795
58 clang max_samp 4929
58 clang min_power10 22.8
58 clang max_power90 55.5
58 dowk comments BN  
58 dowk missing nothing
58 dowk duration_sec 3.3
58 dowk dc_offset 43
58 dowk min_samp -4351
58 dowk max_samp 4449
58 dowk min_power10 22.4
58 dowk max_power90 55.5
58 nums missing nothing
58 nums duration_sec 8.9
58 nums dc_offset 43
58 nums min_samp -3131
58 nums max_samp 3073
58 nums min_power10 21.3
58 nums max_power90 53.6
58 htl comments CE  
58 htl missing CS
58 htl duration_sec 8.5
58 htl dc_offset 43
58 htl min_samp -4127
58 htl max_samp 4773
58 htl min_power10 22.0
58 htl max_power90 55.1
58 htc comments BN  
58 htc missing nothing
58 htc duration_sec 7.0
58 htc dc_offset 43
58 htc min_samp -5275
58 htc max_samp 5441
58 htc min_power10 21.3
58 htc max_power90 52.8
58 room comments BN CE  
58 room missing CS
58 room duration_sec 10.7
58 room dc_offset 43
58 room min_samp -4395
58 room max_samp 6853
58 room min_power10 23.0
58 room max_power90 55.7
58 meal comments SNL  
58 meal missing nothing
58 meal duration_sec 6.3
58 meal dc_offset 43
58 meal min_samp -4271
58 meal max_samp 4209
58 meal min_power10 22.4
58 meal max_power90 53.8
58 story-bt comments CE SNL SS  
58 story-bt missing CS
58 story-bt duration_sec 44.2
58 story-bt dc_offset 43
58 story-bt min_samp -3499
58 story-bt max_samp 4341
58 story-bt min_power10 22.2
58 story-bt max_power90 49.1
58 gender male
58 age adult
58 connection average
58 intelligibility ok
