54 labeler khoward
54 label_date Fri Oct 18 19:31:53 PDT 1991
54 nlang missing nothing
54 nlang duration_sec 1.1
54 nlang dc_offset 43
54 nlang min_samp -1715
54 nlang max_samp 1229
54 nlang min_power10 14.2
54 nlang max_power90 48.6
54 clang comments ES  
54 clang missing nothing
54 clang duration_sec 2.3
54 clang dc_offset 43
54 clang min_samp -2687
54 clang max_samp 2293
54 clang min_power10 15.9
54 clang max_power90 50.4
54 dowk missing nothing
54 dowk duration_sec 6.6
54 dowk dc_offset 43
54 dowk min_samp -2995
54 dowk max_samp 2497
54 dowk min_power10 13.5
54 dowk max_power90 55.5
54 nums missing nothing
54 nums duration_sec 7.2
54 nums dc_offset 43
54 nums min_samp -6735
54 nums max_samp 5665
54 nums min_power10 13.4
54 nums max_power90 52.4
54 htl comments BN  
54 htl missing nothing
54 htl duration_sec 8.3
54 htl dc_offset 43
54 htl min_samp -3291
54 htl max_samp 3009
54 htl min_power10 14.1
54 htl max_power90 56.1
54 htc missing nothing
54 htc duration_sec 8.8
54 htc dc_offset 43
54 htc min_samp -4847
54 htc max_samp 3189
54 htc min_power10 14.2
54 htc max_power90 55.0
54 room comments CE  
54 room missing CS
54 room duration_sec 8.9
54 room dc_offset 43
54 room min_samp -7303
54 room max_samp 6605
54 room min_power10 15.5
54 room max_power90 59.0
54 meal missing nothing
54 meal duration_sec 9.0
54 meal dc_offset 43
54 meal min_samp -7931
54 meal max_samp 5181
54 meal min_power10 14.8
54 meal max_power90 56.6
54 story-bt comments BN CE SS  
54 story-bt missing CS
54 story-bt duration_sec 37.9
54 story-bt dc_offset 43
54 story-bt min_samp -6659
54 story-bt max_samp 5377
54 story-bt min_power10 14.8
54 story-bt max_power90 55.6
54 story-at comments BN  
54 story-at missing nothing
54 story-at duration_sec 7.4
54 story-at dc_offset 43
54 story-at min_samp -5147
54 story-at max_samp 4269
54 story-at min_power10 15.2
54 story-at max_power90 53.2
54 gender male
54 age adult
54 connection average
54 intelligibility ok
