60 labeler ames
60 label_date Sun Nov 24 15:20:31 PST 1991
60 nlang missing nothing
60 nlang duration_sec 1.1
60 nlang dc_offset 43
60 nlang min_samp -6479
60 nlang max_samp 5997
60 nlang min_power10 19.7
60 nlang max_power90 60.7
60 clang comments CE  
60 clang missing cs
60 clang duration_sec 1.1
60 clang dc_offset 43
60 clang min_samp -4663
60 clang max_samp 4785
60 clang min_power10 30.6
60 clang max_power90 63.9
60 dowk comments EN  
60 dowk missing nothing
60 dowk duration_sec 4.8
60 dowk dc_offset 43
60 dowk min_samp -2663
60 dowk max_samp 2689
60 dowk min_power10 27.4
60 dowk max_power90 52.5
60 nums comments BN EN  
60 nums missing nothing
60 nums duration_sec 6.0
60 nums dc_offset 43
60 nums min_samp -2547
60 nums max_samp 3913
60 nums min_power10 15.8
60 nums max_power90 53.8
60 htl comments BN CE EN ES  
60 htl missing cs
60 htl duration_sec 7.9
60 htl dc_offset 43
60 htl min_samp -4859
60 htl max_samp 4853
60 htl min_power10 18.3
60 htl max_power90 54.6
60 htc comments BN ES  
60 htc missing nothing
60 htc duration_sec 7.9
60 htc dc_offset 43
60 htc min_samp -5847
60 htc max_samp 5421
60 htc min_power10 18.6
60 htc max_power90 57.2
60 room comments BN CE ES SNL  
60 room missing cs
60 room duration_sec 11.1
60 room dc_offset 43
60 room min_samp -3855
60 room max_samp 4805
60 room min_power10 17.0
60 room max_power90 55.4
60 meal comments BN CE EN ES SNL  
60 meal missing cs
60 meal duration_sec 9.0
60 meal dc_offset 43
60 meal min_samp -3103
60 meal max_samp 3529
60 meal min_power10 18.9
60 meal max_power90 50.9
60 story-bt comments BN CE EN SS ES SNL  
60 story-bt missing cs
60 story-bt duration_sec 48.9
60 story-bt dc_offset 43
60 story-bt min_samp -3499
60 story-bt max_samp 4821
60 story-bt min_power10 18.9
60 story-bt max_power90 52.7
60 gender male
60 age adult
60 connection average
60 intelligibility ok
