68 labeler khoward
68 label_date Fri Nov 29 09:47:47 PST 1991
68 nlang missing nothing
68 nlang duration_sec 1.4
68 nlang dc_offset 43
68 nlang min_samp -3727
68 nlang max_samp 4637
68 nlang min_power10 23.0
68 nlang max_power90 58.4
68 clang comments CE ES  
68 clang missing CS
68 clang duration_sec 1.7
68 clang dc_offset 43
68 clang min_samp -2539
68 clang max_samp 3477
68 clang min_power10 30.8
68 clang max_power90 56.0
68 dowk missing nothing
68 dowk duration_sec 7.0
68 dowk dc_offset 43
68 dowk min_samp -6583
68 dowk max_samp 4957
68 dowk min_power10 22.8
68 dowk max_power90 56.6
68 nums missing nothing
68 nums duration_sec 9.0
68 nums dc_offset 43
68 nums min_samp -3931
68 nums max_samp 4061
68 nums min_power10 22.5
68 nums max_power90 54.7
68 htl comments CE  
68 htl missing CS
68 htl duration_sec 7.4
68 htl dc_offset 43
68 htl min_samp -2683
68 htl max_samp 2501
68 htl min_power10 24.4
68 htl max_power90 52.3
68 htc comments CE  
68 htc missing CS
68 htc duration_sec 7.9
68 htc dc_offset 43
68 htc min_samp -1727
68 htc max_samp 2005
68 htc min_power10 23.7
68 htc max_power90 51.1
68 room comments CE  
68 room missing CS
68 room duration_sec 10.4
68 room dc_offset 43
68 room min_samp -2971
68 room max_samp 3613
68 room min_power10 24.2
68 room max_power90 51.8
68 meal comments CE  
68 meal missing CS
68 meal duration_sec 8.7
68 meal dc_offset 43
68 meal min_samp -1971
68 meal max_samp 2669
68 meal min_power10 23.8
68 meal max_power90 51.2
68 story-bt comments CE SS  
68 story-bt missing CS
68 story-bt duration_sec 47.7
68 story-bt dc_offset 43
68 story-bt min_samp -3891
68 story-bt max_samp 4765
68 story-bt min_power10 25.7
68 story-bt max_power90 52.3
68 story-at comments CE SS  
68 story-at missing CS
68 story-at duration_sec 5.2
68 story-at dc_offset 43
68 story-at min_samp -1603
68 story-at max_samp 1541
68 story-at min_power10 24.1
68 story-at max_power90 49.0
68 gender male
68 age adult
68 connection average
68 intelligibility ok
