65 labeler khoward
65 label_date Wed Nov 27 18:54:20 PST 1991
65 nlang comments CE  
65 nlang missing Cs
65 nlang duration_sec 0.9
65 nlang dc_offset 42
65 nlang min_samp -2666
65 nlang max_samp 3290
65 nlang min_power10 17.0
65 nlang max_power90 55.5
65 clang comments CE ES  
65 clang missing CS
65 clang duration_sec 1.5
65 clang dc_offset 42
65 clang min_samp -2078
65 clang max_samp 1822
65 clang min_power10 19.1
65 clang max_power90 52.9
65 dowk missing nothing
65 dowk duration_sec 7.0
65 dowk dc_offset 42
65 dowk min_samp -1486
65 dowk max_samp 1306
65 dowk min_power10 17.4
65 dowk max_power90 49.5
65 nums missing nothing
65 nums duration_sec 7.7
65 nums dc_offset 42
65 nums min_samp -2358
65 nums max_samp 1742
65 nums min_power10 17.1
65 nums max_power90 47.8
65 htl comments CE  
65 htl missing CS
65 htl duration_sec 2.9
65 htl dc_offset 42
65 htl min_samp -1058
65 htl max_samp 982
65 htl min_power10 16.7
65 htl max_power90 43.8
65 htc missing nothing
65 htc duration_sec 5.6
65 htc dc_offset 42
65 htc min_samp -1086
65 htc max_samp 1010
65 htc min_power10 17.4
65 htc max_power90 47.9
65 room comments SNL  
65 room missing nothing
65 room duration_sec 6.8
65 room dc_offset 42
65 room min_samp -2022
65 room max_samp 1838
65 room min_power10 18.3
65 room max_power90 49.6
65 meal comments CE  
65 meal missing CS
65 meal duration_sec 3.0
65 meal dc_offset 42
65 meal min_samp -1110
65 meal max_samp 866
65 meal min_power10 16.8
65 meal max_power90 46.7
65 story-bt missing nothing
