69 labeler khoward
69 label_date Fri Nov 29 10:00:01 PST 1991
69 nlang missing nothing
69 nlang duration_sec 1.1
69 nlang dc_offset 42
69 nlang min_samp -2118
69 nlang max_samp 1502
69 nlang min_power10 17.3
69 nlang max_power90 47.6
69 clang comments BN  
69 clang missing nothing
69 clang duration_sec 1.3
69 clang dc_offset 42
69 clang min_samp -1546
69 clang max_samp 1790
69 clang min_power10 15.6
69 clang max_power90 51.6
69 dowk missing nothing
69 dowk duration_sec 4.0
69 dowk dc_offset 42
69 dowk min_samp -1754
69 dowk max_samp 2646
69 dowk min_power10 19.6
69 dowk max_power90 53.9
69 nums missing nothing
69 nums duration_sec 6.3
69 nums dc_offset 42
69 nums min_samp -3310
69 nums max_samp 3526
69 nums min_power10 19.0
69 nums max_power90 53.8
69 htl missing nothing
69 htl duration_sec 6.9
69 htl dc_offset 42
69 htl min_samp -1742
69 htl max_samp 2630
69 htl min_power10 18.3
69 htl max_power90 49.2
69 htc missing nothing
69 htc duration_sec 6.8
69 htc dc_offset 42
69 htc min_samp -2354
69 htc max_samp 3690
69 htc min_power10 18.8
69 htc max_power90 50.7
69 room comments CE  
69 room missing CS
69 room duration_sec 9.9
69 room dc_offset 42
69 room min_samp -2434
69 room max_samp 3838
69 room min_power10 17.7
69 room max_power90 52.0
69 meal comments CE  
69 meal missing CS
69 meal duration_sec 5.2
69 meal dc_offset 42
69 meal min_samp -2294
69 meal max_samp 3438
69 meal min_power10 16.9
69 meal max_power90 54.0
69 story-bt comments CE SS SNL EN BN  
69 story-bt missing CS
69 story-bt duration_sec 47.0
69 story-bt dc_offset 42
69 story-bt min_samp -5478
69 story-bt max_samp 7182
69 story-bt min_power10 18.1
69 story-bt max_power90 52.9
69 story-at comments SS  
69 story-at missing nothing
69 story-at duration_sec 5.6
69 story-at dc_offset 42
69 story-at min_samp -3730
69 story-at max_samp 4550
69 story-at min_power10 17.4
69 story-at max_power90 54.7
69 gender female
69 age adult
69 connection average
69 intelligibility ok
