70 labeler khoward
70 label_date Fri Nov 29 10:09:39 PST 1991
70 nlang missing nothing
70 nlang duration_sec 1.8
70 nlang dc_offset 42
70 nlang min_samp -12858
70 nlang max_samp 12782
70 nlang min_power10 15.4
70 nlang max_power90 66.1
70 clang comments ES  
70 clang missing nothing
70 clang duration_sec 2.6
70 clang dc_offset 42
70 clang min_samp -8486
70 clang max_samp 6766
70 clang min_power10 16.0
70 clang max_power90 64.1
70 dowk missing nothing
70 dowk duration_sec 2.6
70 dowk dc_offset 42
70 dowk min_samp -13266
70 dowk max_samp 12142
70 dowk min_power10 15.7
70 dowk max_power90 65.2
70 nums missing nothing
70 nums duration_sec 6.3
70 nums dc_offset 42
70 nums min_samp -9710
70 nums max_samp 8654
70 nums min_power10 15.8
70 nums max_power90 62.4
70 htl comments CE  
70 htl missing CS
70 htl duration_sec 7.5
70 htl dc_offset 42
70 htl min_samp -5458
70 htl max_samp 4946
70 htl min_power10 15.7
70 htl max_power90 59.7
70 htc comments CE  
70 htc missing CS
70 htc duration_sec 7.8
70 htc dc_offset 42
70 htc min_samp -4502
70 htc max_samp 3794
70 htc min_power10 15.7
70 htc max_power90 56.3
70 room comments CE  
70 room missing CS
70 room duration_sec 11.1
70 room dc_offset 42
70 room min_samp -7786
70 room max_samp 5662
70 room min_power10 16.7
70 room max_power90 60.5
70 meal comments CE  
70 meal missing CS
70 meal duration_sec 6.4
70 meal dc_offset 42
70 meal min_samp -4986
70 meal max_samp 3782
70 meal min_power10 15.7
70 meal max_power90 59.1
70 story-bt comments SS  
70 story-bt missing nothing
70 story-bt duration_sec 31.0
70 story-bt dc_offset 42
70 story-bt min_samp -6030
70 story-bt max_samp 4798
70 story-bt min_power10 15.2
70 story-bt max_power90 55.5
70 story-at comments CB CE SS  
70 story-at missing CS
70 story-at duration_sec 5.2
70 story-at dc_offset 42
70 story-at min_samp -6278
70 story-at max_samp 3946
70 story-at min_power10 16.7
70 story-at max_power90 57.7
70 gender male
70 age adult
70 connection good
70 intelligibility ok
