75 labeler khoward
75 label_date Fri Nov 29 14:22:38 PST 1991
75 nlang comments EN  
75 nlang missing nothing
75 nlang duration_sec 1.6
75 nlang dc_offset 43
75 nlang min_samp -3827
75 nlang max_samp 2781
75 nlang min_power10 15.5
75 nlang max_power90 51.8
75 clang comments ES  
75 clang missing nothing
75 clang duration_sec 2.7
75 clang dc_offset 42
75 clang min_samp -2030
75 clang max_samp 1138
75 clang min_power10 16.5
75 clang max_power90 45.7
75 dowk comments BN  
75 dowk missing nothing
75 dowk duration_sec 5.4
75 dowk dc_offset 43
75 dowk min_samp -2991
75 dowk max_samp 1973
75 dowk min_power10 16.0
75 dowk max_power90 51.6
75 nums comments BN  
75 nums missing nothing
75 nums duration_sec 5.9
75 nums dc_offset 43
75 nums min_samp -2407
75 nums max_samp 2177
75 nums min_power10 14.3
75 nums max_power90 50.0
75 htl missing nothing
75 htl duration_sec 7.6
75 htl dc_offset 43
75 htl min_samp -1751
75 htl max_samp 1061
75 htl min_power10 14.6
75 htl max_power90 48.6
75 htc comments CE  
75 htc missing CS
75 htc duration_sec 7.7
75 htc dc_offset 43
75 htc min_samp -2703
75 htc max_samp 2653
75 htc min_power10 14.5
75 htc max_power90 50.1
75 room comments CE  
75 room missing CS
75 room duration_sec 11.1
75 room dc_offset 43
75 room min_samp -2331
75 room max_samp 1861
75 room min_power10 15.4
75 room max_power90 49.1
75 meal missing nothing
75 meal duration_sec 2.7
75 meal dc_offset 43
75 meal min_samp -2175
75 meal max_samp 1417
75 meal min_power10 15.6
75 meal max_power90 52.6
75 story-bt comments SS  
75 story-bt missing nothing
75 story-bt duration_sec 15.0
75 story-bt dc_offset 42
75 story-bt min_samp -2190
75 story-bt max_samp 1406
75 story-bt min_power10 15.3
75 story-bt max_power90 44.3
75 gender male
75 age adult
75 connection average
75 intelligibility ok
