81 labeler khoward
81 label_date Fri Nov 29 16:29:08 PST 1991
81 nlang comments EN  
81 nlang missing nothing
81 nlang duration_sec 1.4
81 nlang dc_offset 43
81 nlang min_samp -3587
81 nlang max_samp 5117
81 nlang min_power10 23.4
81 nlang max_power90 61.2
81 clang comments ES  
81 clang missing nothing
81 clang duration_sec 2.3
81 clang dc_offset 43
81 clang min_samp -3239
81 clang max_samp 4249
81 clang min_power10 22.2
81 clang max_power90 61.0
81 dowk missing nothing
81 dowk duration_sec 6.0
81 dowk dc_offset 43
81 dowk min_samp -3431
81 dowk max_samp 3933
81 dowk min_power10 22.3
81 dowk max_power90 60.8
81 nums missing nothing
81 nums duration_sec 5.4
81 nums dc_offset 43
81 nums min_samp -3831
81 nums max_samp 5205
81 nums min_power10 22.7
81 nums max_power90 60.2
81 htl comments CE  
81 htl missing nothing
81 htl duration_sec 7.1
81 htl dc_offset 43
81 htl min_samp -3839
81 htl max_samp 4981
81 htl min_power10 23.8
81 htl max_power90 62.2
81 htc missing nothing
81 htc duration_sec 2.9
81 htc dc_offset 43
81 htc min_samp -3591
81 htc max_samp 5357
81 htc min_power10 23.5
81 htc max_power90 61.9
81 room comments SNL CE  
81 room missing CS
81 room duration_sec 10.8
81 room dc_offset 43
81 room min_samp -4599
81 room max_samp 6845
81 room min_power10 23.0
81 room max_power90 60.7
81 story-bt comments CE SS  
81 story-bt missing CS
81 story-bt duration_sec 46.1
81 story-bt dc_offset 43
81 story-bt min_samp -4863
81 story-bt max_samp 6749
81 story-bt min_power10 22.4
81 story-bt max_power90 61.1
81 gender male
81 age adult
81 connection average
81 intelligibility ok
