103 labeler ames
103 label_date Mon Dec 30 11:37:53 PST 1991
103 nlang comments EN  
103 nlang missing nothing
103 nlang duration_sec 1.1
103 nlang dc_offset 42
103 nlang min_samp -350
103 nlang max_samp 418
103 nlang min_power10 15.5
103 nlang max_power90 41.3
103 clang comments EN  
103 clang missing nothing
103 clang duration_sec 0.8
103 clang dc_offset 42
103 clang min_samp -378
103 clang max_samp 634
103 clang min_power10 18.1
103 clang max_power90 45.7
103 dowk comments EN  
103 dowk missing nothing
103 dowk duration_sec 7.1
103 dowk dc_offset 42
103 dowk min_samp -842
103 dowk max_samp 938
103 dowk min_power10 16.8
103 dowk max_power90 47.0
103 nums comments EN  
103 nums missing nothing
103 nums duration_sec 6.6
103 nums dc_offset 42
103 nums min_samp -450
103 nums max_samp 802
103 nums min_power10 15.5
103 nums max_power90 42.9
103 htl comments CE EN ES  
103 htl missing cs; radio? in background
103 htl duration_sec 5.2
103 htl dc_offset 42
103 htl min_samp -590
103 htl max_samp 942
103 htl min_power10 16.9
103 htl max_power90 45.0
103 htc comments EN ES  
103 htc missing nothing
103 htc duration_sec 6.9
103 htc dc_offset 42
103 htc min_samp -650
103 htc max_samp 814
103 htc min_power10 19.1
103 htc max_power90 42.8
103 room comments CE EN ES SNL  
103 room missing cs
103 room duration_sec 10.3
103 room dc_offset 42
103 room min_samp -494
103 room max_samp 658
103 room min_power10 16.4
103 room max_power90 41.9
103 meal comments CE EN ES SNL  
103 meal missing cs
103 meal duration_sec 7.9
103 meal dc_offset 42
103 meal min_samp -1862
103 meal max_samp 2086
103 meal min_power10 18.1
103 meal max_power90 44.9
103 story-bt comments CE EN SS ES SNL  
103 story-bt missing cs
103 story-bt duration_sec 48.5
103 story-bt dc_offset 42
103 story-bt min_samp -826
103 story-bt max_samp 1030
103 story-bt min_power10 16.0
103 story-bt max_power90 41.6
103 gender female
103 age adult
103 connection poor
103 intelligibility ok
