101 labeler ames
101 label_date Sun Dec 29 16:18:06 PST 1991
101 nlang comments EN  
101 nlang missing nothing
101 nlang duration_sec 0.8
101 nlang dc_offset 43
101 nlang min_samp -2331
101 nlang max_samp 3317
101 nlang min_power10 19.5
101 nlang max_power90 55.6
101 clang comments EN  
101 clang missing nothing
101 clang duration_sec 0.8
101 clang dc_offset 43
101 clang min_samp -1527
101 clang max_samp 1725
101 clang min_power10 16.2
101 clang max_power90 51.4
101 dowk comments EN  
101 dowk missing nothing
101 dowk duration_sec 5.6
101 dowk dc_offset 43
101 dowk min_samp -1779
101 dowk max_samp 1777
101 dowk min_power10 16.5
101 dowk max_power90 53.2
101 nums comments EN  
101 nums missing nothing
101 nums duration_sec 6.3
101 nums dc_offset 43
101 nums min_samp -1687
101 nums max_samp 2001
101 nums min_power10 16.4
101 nums max_power90 49.0
101 htl comments CE EN ES  
101 htl missing cs
101 htl duration_sec 7.8
101 htl dc_offset 43
101 htl min_samp -1571
101 htl max_samp 1745
101 htl min_power10 16.4
101 htl max_power90 50.9
101 htc comments CE EN ES  
101 htc missing cs
101 htc duration_sec 7.9
101 htc dc_offset 43
101 htc min_samp -3295
101 htc max_samp 3109
101 htc min_power10 17.0
101 htc max_power90 52.6
101 room comments CE EN SNL  
101 room missing cs
101 room duration_sec 7.2
101 room dc_offset 43
101 room min_samp -2083
101 room max_samp 2793
101 room min_power10 18.2
101 room max_power90 52.1
101 meal comments CE EN ES  
101 meal missing cs
101 meal duration_sec 7.9
101 meal dc_offset 43
101 meal min_samp -1843
101 meal max_samp 1845
101 meal min_power10 15.9
101 meal max_power90 50.2
101 story-bt comments CE EN ES SNL  
101 story-bt missing cs
101 story-bt duration_sec 45.2
101 story-bt dc_offset 43
101 story-bt min_samp -2419
101 story-bt max_samp 2289
101 story-bt min_power10 17.2
101 story-bt max_power90 49.7
101 gender male
101 age adult
101 connection average
101 intelligibility ok
