118 labeler ames
118 label_date Wed Mar  4 10:55:46 PST 1992
118 nlang comments EN  
118 nlang missing nothing
118 nlang duration_sec 1.3
118 nlang dc_offset 42
118 nlang min_samp -3818
118 nlang max_samp 2814
118 nlang min_power10 28.2
118 nlang max_power90 57.4
118 clang comments EN  
118 clang missing nothing
118 clang duration_sec 1.3
118 clang dc_offset 42
118 clang min_samp -3078
118 clang max_samp 2430
118 clang min_power10 28.1
118 clang max_power90 55.2
118 dowk comments EN  
118 dowk missing nothing
118 dowk duration_sec 5.8
118 dowk dc_offset 42
118 dowk min_samp -4098
118 dowk max_samp 3282
118 dowk min_power10 24.8
118 dowk max_power90 58.2
118 nums comments CE EN  
118 nums missing 10
118 nums duration_sec 8.9
118 nums dc_offset 42
118 nums min_samp -3858
118 nums max_samp 4098
118 nums min_power10 16.0
118 nums max_power90 56.3
118 htl comments CE EN  
118 htl missing cs
118 htl duration_sec 6.9
118 htl dc_offset 42
118 htl min_samp -3026
118 htl max_samp 3514
118 htl min_power10 17.5
118 htl max_power90 54.7
118 htc comments EN  
118 htc missing nothing
118 htc duration_sec 1.9
118 htc dc_offset 42
118 htc min_samp -3982
118 htc max_samp 3626
118 htc min_power10 28.4
118 htc max_power90 56.2
118 room comments CE EN SNL  
118 room missing cs
118 room duration_sec 8.6
118 room dc_offset 42
118 room min_samp -4170
118 room max_samp 3922
118 room min_power10 19.7
118 room max_power90 55.3
118 meal comments CE EN  
118 meal missing cs
118 meal duration_sec 6.9
118 meal dc_offset 42
118 meal min_samp -2654
118 meal max_samp 2678
118 meal min_power10 22.8
118 meal max_power90 52.6
118 story-bt comments EN SS ES SNL  
118 story-bt missing nothing
118 story-bt duration_sec 40.4
118 story-bt dc_offset 42
118 story-bt min_samp -2894
118 story-bt max_samp 2470
118 story-bt min_power10 21.4
118 story-bt max_power90 50.8
118 story-at comments EN  
118 story-at missing nothing
118 story-at duration_sec 6.7
118 story-at dc_offset 42
118 story-at min_samp -2466
118 story-at max_samp 1638
118 story-at min_power10 23.6
118 story-at max_power90 51.3
118 gender male
118 age adult
118 connection poor
118 intelligibility ok
