113 labeler ames
113 label_date Mon Mar  2 10:15:42 PST 1992
113 nlang comments EN  
113 nlang missing nothing
113 nlang duration_sec 1.2
113 nlang dc_offset 42
113 nlang min_samp -2818
113 nlang max_samp 5262
113 nlang min_power10 18.8
113 nlang max_power90 54.2
113 clang comments EN  
113 clang missing nothing
113 clang duration_sec 1.2
113 clang dc_offset 42
113 clang min_samp -1942
113 clang max_samp 3618
113 clang min_power10 18.5
113 clang max_power90 53.4
113 dowk comments EN  
113 dowk missing nothing
113 dowk duration_sec 3.5
113 dowk dc_offset 42
113 dowk min_samp -2414
113 dowk max_samp 3390
113 dowk min_power10 17.9
113 dowk max_power90 56.2
113 nums comments EN  
113 nums missing nothing
113 nums duration_sec 5.5
113 nums dc_offset 42
113 nums min_samp -2782
113 nums max_samp 3738
113 nums min_power10 17.5
113 nums max_power90 55.0
113 htl comments CE EN  
113 htl missing nothing
113 htl duration_sec 8.4
113 htl dc_offset 42
113 htl min_samp -3134
113 htl max_samp 3894
113 htl min_power10 20.8
113 htl max_power90 55.1
113 htc comments EN ES SNL  
113 htc missing nothing
113 htc duration_sec 8.0
113 htc dc_offset 42
113 htc min_samp -3602
113 htc max_samp 2654
113 htc min_power10 19.3
113 htc max_power90 57.2
113 room comments CE EN SNL  
113 room missing cs
113 room duration_sec 11.4
113 room dc_offset 42
113 room min_samp -3606
113 room max_samp 5846
113 room min_power10 20.6
113 room max_power90 57.1
113 meal comments EN  
113 meal missing nothing
113 meal duration_sec 9.1
113 meal dc_offset 42
113 meal min_samp -3306
113 meal max_samp 3850
113 meal min_power10 21.9
113 meal max_power90 56.0
113 story-bt comments CE EN SS ES  
113 story-bt missing cs
113 story-bt duration_sec 48.1
113 story-bt dc_offset 42
113 story-bt min_samp -3754
113 story-bt max_samp 4482
113 story-bt min_power10 20.2
113 story-bt max_power90 53.4
113 story-at comments CB EN SS  
113 story-at missing cs
113 story-at duration_sec 5.0
113 story-at dc_offset 42
113 story-at min_samp -3030
113 story-at max_samp 2670
113 story-at min_power10 19.3
113 story-at max_power90 51.3
113 gender male
113 age adult
113 connection average
113 intelligibility ok
