114 labeler ames
114 label_date Mon Mar  2 10:24:22 PST 1992
114 nlang comments EN  
114 nlang missing nothing
114 nlang duration_sec 0.9
114 nlang dc_offset 42
114 nlang min_samp -6994
114 nlang max_samp 3494
114 nlang min_power10 21.0
114 nlang max_power90 60.2
114 clang comments BN EN  
114 clang missing nothing
114 clang duration_sec 2.1
114 clang dc_offset 42
114 clang min_samp -6622
114 clang max_samp 4166
114 clang min_power10 22.1
114 clang max_power90 57.6
114 dowk comments EN  
114 dowk missing nothing
114 dowk duration_sec 5.7
114 dowk dc_offset 42
114 dowk min_samp -8122
114 dowk max_samp 4454
114 dowk min_power10 21.3
114 dowk max_power90 57.0
114 nums comments EN  
114 nums missing 0
114 nums duration_sec 7.9
114 nums dc_offset 42
114 nums min_samp -6422
114 nums max_samp 3382
114 nums min_power10 21.0
114 nums max_power90 56.2
114 htl comments BN CE EN  
114 htl missing cs
114 htl duration_sec 8.1
114 htl dc_offset 42
114 htl min_samp -5414
114 htl max_samp 2822
114 htl min_power10 21.4
114 htl max_power90 53.8
114 htc comments EN  
114 htc missing nothing
114 htc duration_sec 8.3
114 htc dc_offset 42
114 htc min_samp -5562
114 htc max_samp 3926
114 htc min_power10 21.2
114 htc max_power90 56.3
114 room comments EN SNL  
114 room missing nothing
114 room duration_sec 10.5
114 room dc_offset 42
114 room min_samp -5786
114 room max_samp 3630
114 room min_power10 22.1
114 room max_power90 55.4
114 meal comments EN  
114 meal missing nothing
114 meal duration_sec 9.2
114 meal dc_offset 42
114 meal min_samp -7198
114 meal max_samp 3190
114 meal min_power10 21.4
114 meal max_power90 54.9
114 story-bt comments BN EN SS  
114 story-bt missing nothing
114 story-bt duration_sec 47.8
114 story-bt dc_offset 42
114 story-bt min_samp -8150
114 story-bt max_samp 3710
114 story-bt min_power10 21.0
114 story-bt max_power90 55.1
114 gender male
114 age adult
114 connection average
114 intelligibility ok
