129 labeler ames
129 label_date Wed May  6 19:48:49 PDT 1992
129 nlang comments EN  
129 nlang missing nothing
129 nlang duration_sec 1.5
129 nlang dc_offset 42
129 nlang min_samp -3806
129 nlang max_samp 3758
129 nlang min_power10 24.1
129 nlang max_power90 58.3
129 clang comments CE EN  
129 clang missing nothing
129 clang duration_sec 2.4
129 clang dc_offset 42
129 clang min_samp -2586
129 clang max_samp 3278
129 clang min_power10 25.2
129 clang max_power90 57.3
129 dowk comments EN  
129 dowk missing nothing
129 dowk duration_sec 4.4
129 dowk dc_offset 42
129 dowk min_samp -4470
129 dowk max_samp 4634
129 dowk min_power10 26.1
129 dowk max_power90 58.4
129 nums comments EN  
129 nums missing nothing
129 nums duration_sec 8.1
129 nums dc_offset 42
129 nums min_samp -8694
129 nums max_samp 6670
129 nums min_power10 25.5
129 nums max_power90 59.1
129 htl comments CE EN  
129 htl missing cs
129 htl duration_sec 7.9
129 htl dc_offset 42
129 htl min_samp -5418
129 htl max_samp 5678
129 htl min_power10 25.4
129 htl max_power90 59.8
129 htc comments CE EN ES  
129 htc missing cs
129 htc duration_sec 8.4
129 htc dc_offset 42
129 htc min_samp -4214
129 htc max_samp 3790
129 htc min_power10 25.2
129 htc max_power90 56.8
129 room comments CE EN SNL  
129 room missing cs
129 room duration_sec 10.7
129 room dc_offset 42
129 room min_samp -5350
129 room max_samp 4334
129 room min_power10 25.7
129 room max_power90 56.2
129 meal comments CE EN ES  
129 meal missing cs
129 meal duration_sec 8.6
129 meal dc_offset 42
129 meal min_samp -4102
129 meal max_samp 3622
129 meal min_power10 25.0
129 meal max_power90 54.1
129 story-bt comments CE EN SS ES SNL  
129 story-bt missing cs
129 story-bt duration_sec 43.5
129 story-bt dc_offset 42
129 story-bt min_samp -5742
129 story-bt max_samp 5494
129 story-bt min_power10 24.9
129 story-bt max_power90 54.4
129 story-at comments CB EN SS ES  
129 story-at missing cs
129 story-at duration_sec 8.3
129 story-at dc_offset 42
129 story-at min_samp -3086
129 story-at max_samp 4058
129 story-at min_power10 24.8
129 story-at max_power90 50.9
129 gender male
129 age adult
129 connection average
129 intelligibility ok
