137 labeler ames
137 label_date Mon May 11 08:42:14 PDT 1992
137 nlang comments EN  
137 nlang missing nothing
137 nlang duration_sec 1.3
137 nlang dc_offset 42
137 nlang min_samp -8166
137 nlang max_samp 7558
137 nlang min_power10 28.3
137 nlang max_power90 65.4
137 clang comments EN  
137 clang missing nothing
137 clang duration_sec 1.2
137 clang dc_offset 42
137 clang min_samp -7562
137 clang max_samp 8798
137 clang min_power10 28.4
137 clang max_power90 65.6
137 dowk comments EN  
137 dowk missing tuesday wednesday thursday friday saturday sunday
137 dowk duration_sec 1.4
137 dowk dc_offset 42
137 dowk min_samp -7638
137 dowk max_samp 6758
137 dowk min_power10 26.3
137 dowk max_power90 67.8
137 nums comments CE EN  
137 nums missing 10
137 nums duration_sec 8.5
137 nums dc_offset 42
137 nums min_samp -9442
137 nums max_samp 10774
137 nums min_power10 26.4
137 nums max_power90 64.5
137 htl comments CE EN  
137 htl missing cs
137 htl duration_sec 8.8
137 htl dc_offset 42
137 htl min_samp -9478
137 htl max_samp 12382
137 htl min_power10 32.1
137 htl max_power90 68.8
137 htc comments EN  
137 htc missing nothing
137 htc duration_sec 9.2
137 htc dc_offset 42
137 htc min_samp -10766
137 htc max_samp 14774
137 htc min_power10 30.0
137 htc max_power90 68.5
137 room comments CE EN  
137 room missing cs
137 room duration_sec 10.2
137 room dc_offset 42
137 room min_samp -11118
137 room max_samp 11054
137 room min_power10 27.4
137 room max_power90 64.0
137 meal comments CE EN  
137 meal missing cs
137 meal duration_sec 9.7
137 meal dc_offset 42
137 meal min_samp -6222
137 meal max_samp 7302
137 meal min_power10 34.5
137 meal max_power90 62.5
137 story-bt comments EN SS  
137 story-bt missing nothing
137 story-bt duration_sec 48.3
137 story-bt dc_offset 42
137 story-bt min_samp -8870
137 story-bt max_samp 10990
137 story-bt min_power10 26.4
137 story-bt max_power90 60.5
137 gender male
137 age adult
137 connection average
137 intelligibility ok
